<?xml version="1.0" encoding="UTF-8"?>
<testsuite xmlns:xsi="http://www.w3.org/2001/XMLSchema-instance" xsi:noNamespaceSchemaLocation="https://maven.apache.org/surefire/maven-surefire-plugin/xsd/surefire-test-report-3.0.xsd" version="3.0" name="de.hsos.swa.mocktail.ECB.boundry.IngredientResourceTest" time="10.742" tests="6" errors="0" skipped="0" failures="0">
  <properties>
    <property name="java.specification.version" value="19"/>
    <property name="sun.jnu.encoding" value="UTF-8"/>
    <property name="test.url" value="http://localhost:8081"/>
    <property name="java.class.path" value="/Users/m.termzee/Desktop/Code/Java/SWA-Praktikum-3/target/test-classes:/Users/m.termzee/Desktop/Code/Java/SWA-Praktikum-3/target/classes:/Users/m.termzee/.m2/repository/io/quarkus/quarkus-resteasy-jsonb/2.13.3.Final/quarkus-resteasy-jsonb-2.13.3.Final.jar:/Users/m.termzee/.m2/repository/io/quarkus/quarkus-jsonb/2.13.3.Final/quarkus-jsonb-2.13.3.Final.jar:/Users/m.termzee/.m2/repository/org/eclipse/yasson/1.0.11/yasson-1.0.11.jar:/Users/m.termzee/.m2/repository/org/jboss/resteasy/resteasy-json-binding-provider/4.7.7.Final/resteasy-json-binding-provider-4.7.7.Final.jar:/Users/m.termzee/.m2/repository/jakarta/json/bind/jakarta.json.bind-api/1.0.2/jakarta.json.bind-api-1.0.2.jar:/Users/m.termzee/.m2/repository/org/jboss/logging/jboss-logging/3.5.0.Final/jboss-logging-3.5.0.Final.jar:/Users/m.termzee/.m2/repository/org/jboss/resteasy/resteasy-json-p-provider/4.7.7.Final/resteasy-json-p-provider-4.7.7.Final.jar:/Users/m.termzee/.m2/repository/commons-io/commons-io/2.11.0/commons-io-2.11.0.jar:/Users/m.termzee/.m2/repository/io/quarkus/quarkus-resteasy/2.13.3.Final/quarkus-resteasy-2.13.3.Final.jar:/Users/m.termzee/.m2/repository/io/quarkus/quarkus-vertx-http/2.13.3.Final/quarkus-vertx-http-2.13.3.Final.jar:/Users/m.termzee/.m2/repository/io/quarkus/quarkus-security-runtime-spi/2.13.3.Final/quarkus-security-runtime-spi-2.13.3.Final.jar:/Users/m.termzee/.m2/repository/io/quarkus/quarkus-credentials/2.13.3.Final/quarkus-credentials-2.13.3.Final.jar:/Users/m.termzee/.m2/repository/io/smallrye/common/smallrye-common-vertx-context/1.13.1/smallrye-common-vertx-context-1.13.1.jar:/Users/m.termzee/.m2/repository/io/vertx/vertx-core/4.3.4/vertx-core-4.3.4.jar:/Users/m.termzee/.m2/repository/io/netty/netty-common/4.1.82.Final/netty-common-4.1.82.Final.jar:/Users/m.termzee/.m2/repository/io/netty/netty-buffer/4.1.82.Final/netty-buffer-4.1.82.Final.jar:/Users/m.termzee/.m2/repository/io/netty/netty-transport/4.1.82.Final/netty-transport-4.1.82.Final.jar:/Users/m.termzee/.m2/repository/io/netty/netty-handler/4.1.82.Final/netty-handler-4.1.82.Final.jar:/Users/m.termzee/.m2/repository/io/netty/netty-transport-native-unix-common/4.1.82.Final/netty-transport-native-unix-common-4.1.82.Final.jar:/Users/m.termzee/.m2/repository/io/netty/netty-handler-proxy/4.1.82.Final/netty-handler-proxy-4.1.82.Final.jar:/Users/m.termzee/.m2/repository/io/netty/netty-codec-socks/4.1.82.Final/netty-codec-socks-4.1.82.Final.jar:/Users/m.termzee/.m2/repository/io/netty/netty-codec-http/4.1.82.Final/netty-codec-http-4.1.82.Final.jar:/Users/m.termzee/.m2/repository/io/netty/netty-codec-http2/4.1.82.Final/netty-codec-http2-4.1.82.Final.jar:/Users/m.termzee/.m2/repository/io/netty/netty-resolver/4.1.82.Final/netty-resolver-4.1.82.Final.jar:/Users/m.termzee/.m2/repository/io/netty/netty-resolver-dns/4.1.82.Final/netty-resolver-dns-4.1.82.Final.jar:/Users/m.termzee/.m2/repository/io/netty/netty-codec-dns/4.1.82.Final/netty-codec-dns-4.1.82.Final.jar:/Users/m.termzee/.m2/repository/io/smallrye/common/smallrye-common-constraint/1.13.1/smallrye-common-constraint-1.13.1.jar:/Users/m.termzee/.m2/repository/io/quarkus/quarkus-vertx-http-dev-console-runtime-spi/2.13.3.Final/quarkus-vertx-http-dev-console-runtime-spi-2.13.3.Final.jar:/Users/m.termzee/.m2/repository/io/quarkus/security/quarkus-security/1.1.4.Final/quarkus-security-1.1.4.Final.jar:/Users/m.termzee/.m2/repository/io/quarkus/quarkus-vertx/2.13.3.Final/quarkus-vertx-2.13.3.Final.jar:/Users/m.termzee/.m2/repository/io/quarkus/quarkus-netty/2.13.3.Final/quarkus-netty-2.13.3.Final.jar:/Users/m.termzee/.m2/repository/io/netty/netty-codec/4.1.82.Final/netty-codec-4.1.82.Final.jar:/Users/m.termzee/.m2/repository/com/aayushatharva/brotli4j/brotli4j/1.8.0/brotli4j-1.8.0.jar:/Users/m.termzee/.m2/repository/com/aayushatharva/brotli4j/native-osx-x86_64/1.8.0/native-osx-x86_64-1.8.0.jar:/Users/m.termzee/.m2/repository/io/netty/netty-codec-haproxy/4.1.82.Final/netty-codec-haproxy-4.1.82.Final.jar:/Users/m.termzee/.m2/repository/io/smallrye/common/smallrye-common-annotation/1.13.1/smallrye-common-annotation-1.13.1.jar:/Users/m.termzee/.m2/repository/io/quarkus/quarkus-vertx-latebound-mdc-provider/2.13.3.Final/quarkus-vertx-latebound-mdc-provider-2.13.3.Final.jar:/Users/m.termzee/.m2/repository/io/smallrye/reactive/smallrye-mutiny-vertx-core/2.27.0/smallrye-mutiny-vertx-core-2.27.0.jar:/Users/m.termzee/.m2/repository/io/smallrye/reactive/smallrye-mutiny-vertx-runtime/2.27.0/smallrye-mutiny-vertx-runtime-2.27.0.jar:/Users/m.termzee/.m2/repository/io/smallrye/reactive/vertx-mutiny-generator/2.27.0/vertx-mutiny-generator-2.27.0.jar:/Users/m.termzee/.m2/repository/io/vertx/vertx-codegen/4.3.4/vertx-codegen-4.3.4.jar:/Users/m.termzee/.m2/repository/io/smallrye/smallrye-fault-tolerance-vertx/5.5.0/smallrye-fault-tolerance-vertx-5.5.0.jar:/Users/m.termzee/.m2/repository/io/smallrye/reactive/smallrye-mutiny-vertx-web/2.27.0/smallrye-mutiny-vertx-web-2.27.0.jar:/Users/m.termzee/.m2/repository/io/smallrye/reactive/smallrye-mutiny-vertx-web-common/2.27.0/smallrye-mutiny-vertx-web-common-2.27.0.jar:/Users/m.termzee/.m2/repository/io/smallrye/reactive/smallrye-mutiny-vertx-auth-common/2.27.0/smallrye-mutiny-vertx-auth-common-2.27.0.jar:/Users/m.termzee/.m2/repository/io/smallrye/reactive/smallrye-mutiny-vertx-bridge-common/2.27.0/smallrye-mutiny-vertx-bridge-common-2.27.0.jar:/Users/m.termzee/.m2/repository/io/smallrye/reactive/smallrye-mutiny-vertx-uri-template/2.27.0/smallrye-mutiny-vertx-uri-template-2.27.0.jar:/Users/m.termzee/.m2/repository/io/vertx/vertx-uri-template/4.3.4/vertx-uri-template-4.3.4.jar:/Users/m.termzee/.m2/repository/io/vertx/vertx-web/4.3.4/vertx-web-4.3.4.jar:/Users/m.termzee/.m2/repository/io/vertx/vertx-web-common/4.3.4/vertx-web-common-4.3.4.jar:/Users/m.termzee/.m2/repository/io/vertx/vertx-auth-common/4.3.4/vertx-auth-common-4.3.4.jar:/Users/m.termzee/.m2/repository/io/vertx/vertx-bridge-common/4.3.4/vertx-bridge-common-4.3.4.jar:/Users/m.termzee/.m2/repository/io/github/crac/org-crac/0.1.1/org-crac-0.1.1.jar:/Users/m.termzee/.m2/repository/io/quarkus/quarkus-resteasy-server-common/2.13.3.Final/quarkus-resteasy-server-common-2.13.3.Final.jar:/Users/m.termzee/.m2/repository/jakarta/validation/jakarta.validation-api/2.0.2/jakarta.validation-api-2.0.2.jar:/Users/m.termzee/.m2/repository/io/quarkus/quarkus-arc/2.13.3.Final/quarkus-arc-2.13.3.Final.jar:/Users/m.termzee/.m2/repository/io/quarkus/arc/arc/2.13.3.Final/arc-2.13.3.Final.jar:/Users/m.termzee/.m2/repository/jakarta/transaction/jakarta.transaction-api/1.3.3/jakarta.transaction-api-1.3.3.jar:/Users/m.termzee/.m2/repository/io/smallrye/reactive/mutiny/1.7.0/mutiny-1.7.0.jar:/Users/m.termzee/.m2/repository/org/reactivestreams/reactive-streams/1.0.3/reactive-streams-1.0.3.jar:/Users/m.termzee/.m2/repository/io/quarkus/quarkus-core/2.13.3.Final/quarkus-core-2.13.3.Final.jar:/Users/m.termzee/.m2/repository/jakarta/inject/jakarta.inject-api/1.0/jakarta.inject-api-1.0.jar:/Users/m.termzee/.m2/repository/io/quarkus/quarkus-ide-launcher/2.13.3.Final/quarkus-ide-launcher-2.13.3.Final.jar:/Users/m.termzee/.m2/repository/io/quarkus/quarkus-development-mode-spi/2.13.3.Final/quarkus-development-mode-spi-2.13.3.Final.jar:/Users/m.termzee/.m2/repository/io/smallrye/config/smallrye-config/2.12.0/smallrye-config-2.12.0.jar:/Users/m.termzee/.m2/repository/io/smallrye/config/smallrye-config-core/2.12.0/smallrye-config-core-2.12.0.jar:/Users/m.termzee/.m2/repository/io/smallrye/common/smallrye-common-expression/1.13.1/smallrye-common-expression-1.13.1.jar:/Users/m.termzee/.m2/repository/io/smallrye/common/smallrye-common-function/1.13.1/smallrye-common-function-1.13.1.jar:/Users/m.termzee/.m2/repository/io/smallrye/common/smallrye-common-classloader/1.13.1/smallrye-common-classloader-1.13.1.jar:/Users/m.termzee/.m2/repository/io/smallrye/config/smallrye-config-common/2.12.0/smallrye-config-common-2.12.0.jar:/Users/m.termzee/.m2/repository/org/jboss/logmanager/jboss-logmanager-embedded/1.0.10/jboss-logmanager-embedded-1.0.10.jar:/Users/m.termzee/.m2/repository/org/jboss/logging/jboss-logging-annotations/2.2.1.Final/jboss-logging-annotations-2.2.1.Final.jar:/Users/m.termzee/.m2/repository/org/jboss/threads/jboss-threads/3.4.3.Final/jboss-threads-3.4.3.Final.jar:/Users/m.termzee/.m2/repository/org/slf4j/slf4j-api/1.7.36/slf4j-api-1.7.36.jar:/Users/m.termzee/.m2/repository/org/jboss/slf4j/slf4j-jboss-logmanager/1.2.0.Final/slf4j-jboss-logmanager-1.2.0.Final.jar:/Users/m.termzee/.m2/repository/org/graalvm/sdk/graal-sdk/22.2.0/graal-sdk-22.2.0.jar:/Users/m.termzee/.m2/repository/org/wildfly/common/wildfly-common/1.5.4.Final-format-001/wildfly-common-1.5.4.Final-format-001.jar:/Users/m.termzee/.m2/repository/io/quarkus/quarkus-bootstrap-runner/2.13.3.Final/quarkus-bootstrap-runner-2.13.3.Final.jar:/Users/m.termzee/.m2/repository/io/quarkus/quarkus-fs-util/0.0.9/quarkus-fs-util-0.0.9.jar:/Users/m.termzee/.m2/repository/org/eclipse/microprofile/context-propagation/microprofile-context-propagation-api/1.2/microprofile-context-propagation-api-1.2.jar:/Users/m.termzee/.m2/repository/io/quarkus/quarkus-smallrye-openapi/2.13.3.Final/quarkus-smallrye-openapi-2.13.3.Final.jar:/Users/m.termzee/.m2/repository/io/smallrye/smallrye-open-api-core/2.2.1/smallrye-open-api-core-2.2.1.jar:/Users/m.termzee/.m2/repository/org/eclipse/microprofile/openapi/microprofile-openapi-api/2.0.1/microprofile-openapi-api-2.0.1.jar:/Users/m.termzee/.m2/repository/org/eclipse/microprofile/config/microprofile-config-api/2.0.1/microprofile-config-api-2.0.1.jar:/Users/m.termzee/.m2/repository/com/fasterxml/jackson/core/jackson-core/2.13.4/jackson-core-2.13.4.jar:/Users/m.termzee/.m2/repository/com/fasterxml/jackson/core/jackson-databind/2.13.4.2/jackson-databind-2.13.4.2.jar:/Users/m.termzee/.m2/repository/com/fasterxml/jackson/dataformat/jackson-dataformat-yaml/2.13.4/jackson-dataformat-yaml-2.13.4.jar:/Users/m.termzee/.m2/repository/org/yaml/snakeyaml/1.33/snakeyaml-1.33.jar:/Users/m.termzee/.m2/repository/org/jboss/jandex/2.4.3.Final/jandex-2.4.3.Final.jar:/Users/m.termzee/.m2/repository/io/quarkus/quarkus-swagger-ui/2.13.3.Final/quarkus-swagger-ui-2.13.3.Final.jar:/Users/m.termzee/.m2/repository/io/quarkus/quarkus-rest-client/2.13.3.Final/quarkus-rest-client-2.13.3.Final.jar:/Users/m.termzee/.m2/repository/io/quarkus/quarkus-resteasy-common/2.13.3.Final/quarkus-resteasy-common-2.13.3.Final.jar:/Users/m.termzee/.m2/repository/org/jboss/resteasy/resteasy-core/4.7.7.Final/resteasy-core-4.7.7.Final.jar:/Users/m.termzee/.m2/repository/org/jboss/spec/javax/ws/rs/jboss-jaxrs-api_2.1_spec/2.0.1.Final/jboss-jaxrs-api_2.1_spec-2.0.1.Final.jar:/Users/m.termzee/.m2/repository/org/jboss/resteasy/resteasy-core-spi/4.7.7.Final/resteasy-core-spi-4.7.7.Final.jar:/Users/m.termzee/.m2/repository/com/ibm/async/asyncutil/0.1.0/asyncutil-0.1.0.jar:/Users/m.termzee/.m2/repository/com/sun/activation/jakarta.activation/1.2.1/jakarta.activation-1.2.1.jar:/Users/m.termzee/.m2/repository/io/quarkus/quarkus-apache-httpclient/2.13.3.Final/quarkus-apache-httpclient-2.13.3.Final.jar:/Users/m.termzee/.m2/repository/io/quarkus/quarkus-rest-client-config/2.13.3.Final/quarkus-rest-client-config-2.13.3.Final.jar:/Users/m.termzee/.m2/repository/org/eclipse/microprofile/rest/client/microprofile-rest-client-api/2.0/microprofile-rest-client-api-2.0.jar:/Users/m.termzee/.m2/repository/org/jboss/resteasy/resteasy-client-microprofile/4.7.7.Final/resteasy-client-microprofile-4.7.7.Final.jar:/Users/m.termzee/.m2/repository/org/jboss/resteasy/resteasy-client-microprofile-base/4.7.7.Final/resteasy-client-microprofile-base-4.7.7.Final.jar:/Users/m.termzee/.m2/repository/org/jboss/resteasy/resteasy-client/4.7.7.Final/resteasy-client-4.7.7.Final.jar:/Users/m.termzee/.m2/repository/org/jboss/resteasy/resteasy-client-api/4.7.7.Final/resteasy-client-api-4.7.7.Final.jar:/Users/m.termzee/.m2/repository/org/jboss/resteasy/resteasy-cdi/4.7.7.Final/resteasy-cdi-4.7.7.Final.jar:/Users/m.termzee/.m2/repository/jakarta/interceptor/jakarta.interceptor-api/1.2.5/jakarta.interceptor-api-1.2.5.jar:/Users/m.termzee/.m2/repository/org/apache/httpcomponents/httpasyncclient/4.1.5/httpasyncclient-4.1.5.jar:/Users/m.termzee/.m2/repository/org/apache/httpcomponents/httpcore/4.4.15/httpcore-4.4.15.jar:/Users/m.termzee/.m2/repository/org/apache/httpcomponents/httpcore-nio/4.4.15/httpcore-nio-4.4.15.jar:/Users/m.termzee/.m2/repository/org/jboss/logging/commons-logging-jboss-logging/1.0.0.Final/commons-logging-jboss-logging-1.0.0.Final.jar:/Users/m.termzee/.m2/repository/io/quarkus/quarkus-rest-client-jackson/2.13.3.Final/quarkus-rest-client-jackson-2.13.3.Final.jar:/Users/m.termzee/.m2/repository/io/quarkus/quarkus-jackson/2.13.3.Final/quarkus-jackson-2.13.3.Final.jar:/Users/m.termzee/.m2/repository/com/fasterxml/jackson/datatype/jackson-datatype-jsr310/2.13.4/jackson-datatype-jsr310-2.13.4.jar:/Users/m.termzee/.m2/repository/com/fasterxml/jackson/datatype/jackson-datatype-jdk8/2.13.4/jackson-datatype-jdk8-2.13.4.jar:/Users/m.termzee/.m2/repository/com/fasterxml/jackson/module/jackson-module-parameter-names/2.13.4/jackson-module-parameter-names-2.13.4.jar:/Users/m.termzee/.m2/repository/org/jboss/resteasy/resteasy-jackson2-provider/4.7.7.Final/resteasy-jackson2-provider-4.7.7.Final.jar:/Users/m.termzee/.m2/repository/com/fasterxml/jackson/core/jackson-annotations/2.13.4/jackson-annotations-2.13.4.jar:/Users/m.termzee/.m2/repository/com/fasterxml/jackson/jaxrs/jackson-jaxrs-json-provider/2.13.4/jackson-jaxrs-json-provider-2.13.4.jar:/Users/m.termzee/.m2/repository/com/fasterxml/jackson/jaxrs/jackson-jaxrs-base/2.13.4/jackson-jaxrs-base-2.13.4.jar:/Users/m.termzee/.m2/repository/com/fasterxml/jackson/module/jackson-module-jaxb-annotations/2.13.4/jackson-module-jaxb-annotations-2.13.4.jar:/Users/m.termzee/.m2/repository/com/github/java-json-tools/json-patch/1.13/json-patch-1.13.jar:/Users/m.termzee/.m2/repository/com/github/java-json-tools/msg-simple/1.2/msg-simple-1.2.jar:/Users/m.termzee/.m2/repository/com/github/java-json-tools/btf/1.3/btf-1.3.jar:/Users/m.termzee/.m2/repository/com/github/java-json-tools/jackson-coreutils/2.0/jackson-coreutils-2.0.jar:/Users/m.termzee/.m2/repository/org/jboss/spec/javax/xml/bind/jboss-jaxb-api_2.3_spec/2.0.0.Final/jboss-jaxb-api_2.3_spec-2.0.0.Final.jar:/Users/m.termzee/.m2/repository/io/quarkus/quarkus-logging-gelf/2.13.3.Final/quarkus-logging-gelf-2.13.3.Final.jar:/Users/m.termzee/.m2/repository/biz/paluch/logging/logstash-gelf/1.15.0/logstash-gelf-1.15.0.jar:/Users/m.termzee/.m2/repository/io/quarkus/quarkus-smallrye-metrics/2.13.3.Final/quarkus-smallrye-metrics-2.13.3.Final.jar:/Users/m.termzee/.m2/repository/io/smallrye/smallrye-metrics/3.0.5/smallrye-metrics-3.0.5.jar:/Users/m.termzee/.m2/repository/io/quarkus/quarkus-jsonp/2.13.3.Final/quarkus-jsonp-2.13.3.Final.jar:/Users/m.termzee/.m2/repository/org/glassfish/jakarta.json/1.1.6/jakarta.json-1.1.6.jar:/Users/m.termzee/.m2/repository/org/eclipse/microprofile/metrics/microprofile-metrics-api/3.0.1/microprofile-metrics-api-3.0.1.jar:/Users/m.termzee/.m2/repository/io/quarkus/quarkus-smallrye-fault-tolerance/2.13.3.Final/quarkus-smallrye-fault-tolerance-2.13.3.Final.jar:/Users/m.termzee/.m2/repository/io/quarkus/quarkus-mutiny/2.13.3.Final/quarkus-mutiny-2.13.3.Final.jar:/Users/m.termzee/.m2/repository/io/smallrye/reactive/mutiny-smallrye-context-propagation/1.7.0/mutiny-smallrye-context-propagation-1.7.0.jar:/Users/m.termzee/.m2/repository/io/smallrye/smallrye-fault-tolerance/5.5.0/smallrye-fault-tolerance-5.5.0.jar:/Users/m.termzee/.m2/repository/org/eclipse/microprofile/fault-tolerance/microprofile-fault-tolerance-api/3.0/microprofile-fault-tolerance-api-3.0.jar:/Users/m.termzee/.m2/repository/io/smallrye/smallrye-fault-tolerance-api/5.5.0/smallrye-fault-tolerance-api-5.5.0.jar:/Users/m.termzee/.m2/repository/io/smallrye/smallrye-fault-tolerance-core/5.5.0/smallrye-fault-tolerance-core-5.5.0.jar:/Users/m.termzee/.m2/repository/io/smallrye/smallrye-fault-tolerance-autoconfig-core/5.5.0/smallrye-fault-tolerance-autoconfig-core-5.5.0.jar:/Users/m.termzee/.m2/repository/jakarta/enterprise/jakarta.enterprise.cdi-api/2.0.2/jakarta.enterprise.cdi-api-2.0.2.jar:/Users/m.termzee/.m2/repository/jakarta/el/jakarta.el-api/3.0.3/jakarta.el-api-3.0.3.jar:/Users/m.termzee/.m2/repository/jakarta/annotation/jakarta.annotation-api/1.3.5/jakarta.annotation-api-1.3.5.jar:/Users/m.termzee/.m2/repository/io/quarkus/quarkus-smallrye-context-propagation/2.13.3.Final/quarkus-smallrye-context-propagation-2.13.3.Final.jar:/Users/m.termzee/.m2/repository/io/smallrye/smallrye-context-propagation/1.2.2/smallrye-context-propagation-1.2.2.jar:/Users/m.termzee/.m2/repository/io/smallrye/smallrye-context-propagation-api/1.2.2/smallrye-context-propagation-api-1.2.2.jar:/Users/m.termzee/.m2/repository/io/smallrye/smallrye-context-propagation-storage/1.2.2/smallrye-context-propagation-storage-1.2.2.jar:/Users/m.termzee/.m2/repository/io/smallrye/smallrye-fault-tolerance-context-propagation/5.5.0/smallrye-fault-tolerance-context-propagation-5.5.0.jar:/Users/m.termzee/.m2/repository/io/smallrye/smallrye-fault-tolerance-mutiny/5.5.0/smallrye-fault-tolerance-mutiny-5.5.0.jar:/Users/m.termzee/.m2/repository/io/quarkus/quarkus-junit5/2.13.3.Final/quarkus-junit5-2.13.3.Final.jar:/Users/m.termzee/.m2/repository/io/quarkus/quarkus-bootstrap-core/2.13.3.Final/quarkus-bootstrap-core-2.13.3.Final.jar:/Users/m.termzee/.m2/repository/io/quarkus/quarkus-bootstrap-app-model/2.13.3.Final/quarkus-bootstrap-app-model-2.13.3.Final.jar:/Users/m.termzee/.m2/repository/io/smallrye/common/smallrye-common-io/1.13.1/smallrye-common-io-1.13.1.jar:/Users/m.termzee/.m2/repository/org/eclipse/sisu/org.eclipse.sisu.inject/0.3.5/org.eclipse.sisu.inject-0.3.5.jar:/Users/m.termzee/.m2/repository/io/quarkus/quarkus-test-common/2.13.3.Final/quarkus-test-common-2.13.3.Final.jar:/Users/m.termzee/.m2/repository/io/quarkus/quarkus-core-deployment/2.13.3.Final/quarkus-core-deployment-2.13.3.Final.jar:/Users/m.termzee/.m2/repository/org/aesh/readline/2.2/readline-2.2.jar:/Users/m.termzee/.m2/repository/org/fusesource/jansi/jansi/1.18/jansi-1.18.jar:/Users/m.termzee/.m2/repository/org/aesh/aesh/2.6/aesh-2.6.jar:/Users/m.termzee/.m2/repository/io/quarkus/gizmo/gizmo/1.1.1.Final/gizmo-1.1.1.Final.jar:/Users/m.termzee/.m2/repository/org/ow2/asm/asm-util/9.3/asm-util-9.3.jar:/Users/m.termzee/.m2/repository/org/ow2/asm/asm/9.3/asm-9.3.jar:/Users/m.termzee/.m2/repository/org/ow2/asm/asm-commons/9.3/asm-commons-9.3.jar:/Users/m.termzee/.m2/repository/org/ow2/asm/asm-tree/9.3/asm-tree-9.3.jar:/Users/m.termzee/.m2/repository/org/ow2/asm/asm-analysis/9.3/asm-analysis-9.3.jar:/Users/m.termzee/.m2/repository/io/quarkus/quarkus-class-change-agent/2.13.3.Final/quarkus-class-change-agent-2.13.3.Final.jar:/Users/m.termzee/.m2/repository/io/quarkus/quarkus-devtools-utilities/2.13.3.Final/quarkus-devtools-utilities-2.13.3.Final.jar:/Users/m.termzee/.m2/repository/io/quarkus/quarkus-builder/2.13.3.Final/quarkus-builder-2.13.3.Final.jar:/Users/m.termzee/.m2/repository/org/junit/platform/junit-platform-launcher/1.9.1/junit-platform-launcher-1.9.1.jar:/Users/m.termzee/.m2/repository/io/quarkus/quarkus-bootstrap-maven-resolver/2.13.3.Final/quarkus-bootstrap-maven-resolver-2.13.3.Final.jar:/Users/m.termzee/.m2/repository/org/apache/maven/maven-embedder/3.8.6/maven-embedder-3.8.6.jar:/Users/m.termzee/.m2/repository/org/apache/maven/maven-settings/3.8.6/maven-settings-3.8.6.jar:/Users/m.termzee/.m2/repository/org/apache/maven/maven-core/3.8.6/maven-core-3.8.6.jar:/Users/m.termzee/.m2/repository/org/apache/maven/maven-artifact/3.8.6/maven-artifact-3.8.6.jar:/Users/m.termzee/.m2/repository/org/codehaus/plexus/plexus-component-annotations/2.1.0/plexus-component-annotations-2.1.0.jar:/Users/m.termzee/.m2/repository/org/apache/maven/maven-plugin-api/3.8.6/maven-plugin-api-3.8.6.jar:/Users/m.termzee/.m2/repository/org/apache/maven/maven-model/3.8.6/maven-model-3.8.6.jar:/Users/m.termzee/.m2/repository/org/apache/maven/maven-model-builder/3.8.6/maven-model-builder-3.8.6.jar:/Users/m.termzee/.m2/repository/org/apache/maven/maven-builder-support/3.8.6/maven-builder-support-3.8.6.jar:/Users/m.termzee/.m2/repository/org/apache/maven/resolver/maven-resolver-api/1.6.3/maven-resolver-api-1.6.3.jar:/Users/m.termzee/.m2/repository/org/apache/maven/resolver/maven-resolver-util/1.6.3/maven-resolver-util-1.6.3.jar:/Users/m.termzee/.m2/repository/org/apache/maven/shared/maven-shared-utils/3.3.4/maven-shared-utils-3.3.4.jar:/Users/m.termzee/.m2/repository/com/google/inject/guice/4.2.2/guice-4.2.2-no_aop.jar:/Users/m.termzee/.m2/repository/com/google/guava/guava/31.1-jre/guava-31.1-jre.jar:/Users/m.termzee/.m2/repository/com/google/guava/failureaccess/1.0.1/failureaccess-1.0.1.jar:/Users/m.termzee/.m2/repository/org/codehaus/plexus/plexus-classworlds/2.6.0/plexus-classworlds-2.6.0.jar:/Users/m.termzee/.m2/repository/org/codehaus/plexus/plexus-sec-dispatcher/2.0/plexus-sec-dispatcher-2.0.jar:/Users/m.termzee/.m2/repository/org/codehaus/plexus/plexus-cipher/2.0/plexus-cipher-2.0.jar:/Users/m.termzee/.m2/repository/commons-cli/commons-cli/1.4/commons-cli-1.4.jar:/Users/m.termzee/.m2/repository/org/eclipse/sisu/org.eclipse.sisu.plexus/0.3.5/org.eclipse.sisu.plexus-0.3.5.jar:/Users/m.termzee/.m2/repository/org/apache/maven/maven-settings-builder/3.8.6/maven-settings-builder-3.8.6.jar:/Users/m.termzee/.m2/repository/org/codehaus/plexus/plexus-interpolation/1.26/plexus-interpolation-1.26.jar:/Users/m.termzee/.m2/repository/org/apache/maven/maven-resolver-provider/3.8.6/maven-resolver-provider-3.8.6.jar:/Users/m.termzee/.m2/repository/org/apache/maven/maven-repository-metadata/3.8.6/maven-repository-metadata-3.8.6.jar:/Users/m.termzee/.m2/repository/org/apache/maven/resolver/maven-resolver-spi/1.6.3/maven-resolver-spi-1.6.3.jar:/Users/m.termzee/.m2/repository/org/apache/maven/resolver/maven-resolver-impl/1.6.3/maven-resolver-impl-1.6.3.jar:/Users/m.termzee/.m2/repository/org/codehaus/plexus/plexus-utils/3.3.0/plexus-utils-3.3.0.jar:/Users/m.termzee/.m2/repository/org/apache/maven/resolver/maven-resolver-connector-basic/1.6.3/maven-resolver-connector-basic-1.6.3.jar:/Users/m.termzee/.m2/repository/org/apache/maven/resolver/maven-resolver-transport-wagon/1.6.3/maven-resolver-transport-wagon-1.6.3.jar:/Users/m.termzee/.m2/repository/org/apache/maven/wagon/wagon-http/3.5.1/wagon-http-3.5.1.jar:/Users/m.termzee/.m2/repository/org/apache/maven/wagon/wagon-http-shared/3.5.1/wagon-http-shared-3.5.1.jar:/Users/m.termzee/.m2/repository/org/apache/maven/wagon/wagon-provider-api/3.5.1/wagon-provider-api-3.5.1.jar:/Users/m.termzee/.m2/repository/org/apache/maven/wagon/wagon-file/3.5.1/wagon-file-3.5.1.jar:/Users/m.termzee/.m2/repository/io/quarkus/quarkus-bootstrap-gradle-resolver/2.13.3.Final/quarkus-bootstrap-gradle-resolver-2.13.3.Final.jar:/Users/m.termzee/.m2/repository/io/quarkus/quarkus-junit5-properties/2.13.3.Final/quarkus-junit5-properties-2.13.3.Final.jar:/Users/m.termzee/.m2/repository/org/junit/jupiter/junit-jupiter/5.9.1/junit-jupiter-5.9.1.jar:/Users/m.termzee/.m2/repository/org/junit/jupiter/junit-jupiter-api/5.9.1/junit-jupiter-api-5.9.1.jar:/Users/m.termzee/.m2/repository/org/opentest4j/opentest4j/1.2.0/opentest4j-1.2.0.jar:/Users/m.termzee/.m2/repository/org/junit/platform/junit-platform-commons/1.9.1/junit-platform-commons-1.9.1.jar:/Users/m.termzee/.m2/repository/org/apiguardian/apiguardian-api/1.1.2/apiguardian-api-1.1.2.jar:/Users/m.termzee/.m2/repository/org/junit/jupiter/junit-jupiter-params/5.9.1/junit-jupiter-params-5.9.1.jar:/Users/m.termzee/.m2/repository/org/junit/jupiter/junit-jupiter-engine/5.9.1/junit-jupiter-engine-5.9.1.jar:/Users/m.termzee/.m2/repository/org/junit/platform/junit-platform-engine/1.9.1/junit-platform-engine-1.9.1.jar:/Users/m.termzee/.m2/repository/com/thoughtworks/xstream/xstream/1.4.19/xstream-1.4.19.jar:/Users/m.termzee/.m2/repository/io/github/x-stream/mxparser/1.2.2/mxparser-1.2.2.jar:/Users/m.termzee/.m2/repository/xmlpull/xmlpull/1.1.3.1/xmlpull-1.1.3.1.jar:/Users/m.termzee/.m2/repository/io/rest-assured/rest-assured/4.5.1/rest-assured-4.5.1.jar:/Users/m.termzee/.m2/repository/org/codehaus/groovy/groovy/3.0.9/groovy-3.0.9.jar:/Users/m.termzee/.m2/repository/org/codehaus/groovy/groovy-xml/3.0.9/groovy-xml-3.0.9.jar:/Users/m.termzee/.m2/repository/org/apache/httpcomponents/httpclient/4.5.13/httpclient-4.5.13.jar:/Users/m.termzee/.m2/repository/commons-codec/commons-codec/1.15/commons-codec-1.15.jar:/Users/m.termzee/.m2/repository/org/apache/httpcomponents/httpmime/4.5.13/httpmime-4.5.13.jar:/Users/m.termzee/.m2/repository/org/hamcrest/hamcrest/2.1/hamcrest-2.1.jar:/Users/m.termzee/.m2/repository/org/ccil/cowan/tagsoup/tagsoup/1.2.1/tagsoup-1.2.1.jar:/Users/m.termzee/.m2/repository/io/rest-assured/json-path/4.5.1/json-path-4.5.1.jar:/Users/m.termzee/.m2/repository/org/codehaus/groovy/groovy-json/3.0.9/groovy-json-3.0.9.jar:/Users/m.termzee/.m2/repository/io/rest-assured/rest-assured-common/4.5.1/rest-assured-common-4.5.1.jar:/Users/m.termzee/.m2/repository/io/rest-assured/xml-path/4.5.1/xml-path-4.5.1.jar:/Users/m.termzee/.m2/repository/org/apache/commons/commons-lang3/3.12.0/commons-lang3-3.12.0.jar:"/>
    <property name="java.vm.vendor" value="Homebrew"/>
    <property name="sun.arch.data.model" value="64"/>
    <property name="java.vendor.url" value="https://github.com/Homebrew/homebrew-core/issues"/>
    <property name="user.timezone" value="Europe/Berlin"/>
    <property name="logging.initial-configurator.min-level" value="500"/>
    <property name="os.name" value="Mac OS X"/>
    <property name="java.vm.specification.version" value="19"/>
    <property name="sun.java.launcher" value="SUN_STANDARD"/>
    <property name="user.country" value="DE"/>
    <property name="mp.openapi.extensions.smallrye.defaultProduces" value="application/json"/>
    <property name="sun.boot.library.path" value="/usr/local/Cellar/openjdk/19/libexec/openjdk.jdk/Contents/Home/lib"/>
    <property name="sun.java.command" value="/Users/m.termzee/Desktop/Code/Java/SWA-Praktikum-3/target/surefire/surefirebooter-20221124095855878_3.jar /Users/m.termzee/Desktop/Code/Java/SWA-Praktikum-3/target/surefire 2022-11-24T09-58-55_565-jvmRun1 surefire-20221124095855878_1tmp surefire_0-20221124095855878_2tmp"/>
    <property name="http.nonProxyHosts" value="local|*.local|169.254/16|*.169.254/16"/>
    <property name="jdk.debug" value="release"/>
    <property name="maven.home" value="/usr/local/Cellar/maven/3.8.6/libexec"/>
    <property name="surefire.test.class.path" value="/Users/m.termzee/Desktop/Code/Java/SWA-Praktikum-3/target/test-classes:/Users/m.termzee/Desktop/Code/Java/SWA-Praktikum-3/target/classes:/Users/m.termzee/.m2/repository/io/quarkus/quarkus-resteasy-jsonb/2.13.3.Final/quarkus-resteasy-jsonb-2.13.3.Final.jar:/Users/m.termzee/.m2/repository/io/quarkus/quarkus-jsonb/2.13.3.Final/quarkus-jsonb-2.13.3.Final.jar:/Users/m.termzee/.m2/repository/org/eclipse/yasson/1.0.11/yasson-1.0.11.jar:/Users/m.termzee/.m2/repository/org/jboss/resteasy/resteasy-json-binding-provider/4.7.7.Final/resteasy-json-binding-provider-4.7.7.Final.jar:/Users/m.termzee/.m2/repository/jakarta/json/bind/jakarta.json.bind-api/1.0.2/jakarta.json.bind-api-1.0.2.jar:/Users/m.termzee/.m2/repository/org/jboss/logging/jboss-logging/3.5.0.Final/jboss-logging-3.5.0.Final.jar:/Users/m.termzee/.m2/repository/org/jboss/resteasy/resteasy-json-p-provider/4.7.7.Final/resteasy-json-p-provider-4.7.7.Final.jar:/Users/m.termzee/.m2/repository/commons-io/commons-io/2.11.0/commons-io-2.11.0.jar:/Users/m.termzee/.m2/repository/io/quarkus/quarkus-resteasy/2.13.3.Final/quarkus-resteasy-2.13.3.Final.jar:/Users/m.termzee/.m2/repository/io/quarkus/quarkus-vertx-http/2.13.3.Final/quarkus-vertx-http-2.13.3.Final.jar:/Users/m.termzee/.m2/repository/io/quarkus/quarkus-security-runtime-spi/2.13.3.Final/quarkus-security-runtime-spi-2.13.3.Final.jar:/Users/m.termzee/.m2/repository/io/quarkus/quarkus-credentials/2.13.3.Final/quarkus-credentials-2.13.3.Final.jar:/Users/m.termzee/.m2/repository/io/smallrye/common/smallrye-common-vertx-context/1.13.1/smallrye-common-vertx-context-1.13.1.jar:/Users/m.termzee/.m2/repository/io/vertx/vertx-core/4.3.4/vertx-core-4.3.4.jar:/Users/m.termzee/.m2/repository/io/netty/netty-common/4.1.82.Final/netty-common-4.1.82.Final.jar:/Users/m.termzee/.m2/repository/io/netty/netty-buffer/4.1.82.Final/netty-buffer-4.1.82.Final.jar:/Users/m.termzee/.m2/repository/io/netty/netty-transport/4.1.82.Final/netty-transport-4.1.82.Final.jar:/Users/m.termzee/.m2/repository/io/netty/netty-handler/4.1.82.Final/netty-handler-4.1.82.Final.jar:/Users/m.termzee/.m2/repository/io/netty/netty-transport-native-unix-common/4.1.82.Final/netty-transport-native-unix-common-4.1.82.Final.jar:/Users/m.termzee/.m2/repository/io/netty/netty-handler-proxy/4.1.82.Final/netty-handler-proxy-4.1.82.Final.jar:/Users/m.termzee/.m2/repository/io/netty/netty-codec-socks/4.1.82.Final/netty-codec-socks-4.1.82.Final.jar:/Users/m.termzee/.m2/repository/io/netty/netty-codec-http/4.1.82.Final/netty-codec-http-4.1.82.Final.jar:/Users/m.termzee/.m2/repository/io/netty/netty-codec-http2/4.1.82.Final/netty-codec-http2-4.1.82.Final.jar:/Users/m.termzee/.m2/repository/io/netty/netty-resolver/4.1.82.Final/netty-resolver-4.1.82.Final.jar:/Users/m.termzee/.m2/repository/io/netty/netty-resolver-dns/4.1.82.Final/netty-resolver-dns-4.1.82.Final.jar:/Users/m.termzee/.m2/repository/io/netty/netty-codec-dns/4.1.82.Final/netty-codec-dns-4.1.82.Final.jar:/Users/m.termzee/.m2/repository/io/smallrye/common/smallrye-common-constraint/1.13.1/smallrye-common-constraint-1.13.1.jar:/Users/m.termzee/.m2/repository/io/quarkus/quarkus-vertx-http-dev-console-runtime-spi/2.13.3.Final/quarkus-vertx-http-dev-console-runtime-spi-2.13.3.Final.jar:/Users/m.termzee/.m2/repository/io/quarkus/security/quarkus-security/1.1.4.Final/quarkus-security-1.1.4.Final.jar:/Users/m.termzee/.m2/repository/io/quarkus/quarkus-vertx/2.13.3.Final/quarkus-vertx-2.13.3.Final.jar:/Users/m.termzee/.m2/repository/io/quarkus/quarkus-netty/2.13.3.Final/quarkus-netty-2.13.3.Final.jar:/Users/m.termzee/.m2/repository/io/netty/netty-codec/4.1.82.Final/netty-codec-4.1.82.Final.jar:/Users/m.termzee/.m2/repository/com/aayushatharva/brotli4j/brotli4j/1.8.0/brotli4j-1.8.0.jar:/Users/m.termzee/.m2/repository/com/aayushatharva/brotli4j/native-osx-x86_64/1.8.0/native-osx-x86_64-1.8.0.jar:/Users/m.termzee/.m2/repository/io/netty/netty-codec-haproxy/4.1.82.Final/netty-codec-haproxy-4.1.82.Final.jar:/Users/m.termzee/.m2/repository/io/smallrye/common/smallrye-common-annotation/1.13.1/smallrye-common-annotation-1.13.1.jar:/Users/m.termzee/.m2/repository/io/quarkus/quarkus-vertx-latebound-mdc-provider/2.13.3.Final/quarkus-vertx-latebound-mdc-provider-2.13.3.Final.jar:/Users/m.termzee/.m2/repository/io/smallrye/reactive/smallrye-mutiny-vertx-core/2.27.0/smallrye-mutiny-vertx-core-2.27.0.jar:/Users/m.termzee/.m2/repository/io/smallrye/reactive/smallrye-mutiny-vertx-runtime/2.27.0/smallrye-mutiny-vertx-runtime-2.27.0.jar:/Users/m.termzee/.m2/repository/io/smallrye/reactive/vertx-mutiny-generator/2.27.0/vertx-mutiny-generator-2.27.0.jar:/Users/m.termzee/.m2/repository/io/vertx/vertx-codegen/4.3.4/vertx-codegen-4.3.4.jar:/Users/m.termzee/.m2/repository/io/smallrye/smallrye-fault-tolerance-vertx/5.5.0/smallrye-fault-tolerance-vertx-5.5.0.jar:/Users/m.termzee/.m2/repository/io/smallrye/reactive/smallrye-mutiny-vertx-web/2.27.0/smallrye-mutiny-vertx-web-2.27.0.jar:/Users/m.termzee/.m2/repository/io/smallrye/reactive/smallrye-mutiny-vertx-web-common/2.27.0/smallrye-mutiny-vertx-web-common-2.27.0.jar:/Users/m.termzee/.m2/repository/io/smallrye/reactive/smallrye-mutiny-vertx-auth-common/2.27.0/smallrye-mutiny-vertx-auth-common-2.27.0.jar:/Users/m.termzee/.m2/repository/io/smallrye/reactive/smallrye-mutiny-vertx-bridge-common/2.27.0/smallrye-mutiny-vertx-bridge-common-2.27.0.jar:/Users/m.termzee/.m2/repository/io/smallrye/reactive/smallrye-mutiny-vertx-uri-template/2.27.0/smallrye-mutiny-vertx-uri-template-2.27.0.jar:/Users/m.termzee/.m2/repository/io/vertx/vertx-uri-template/4.3.4/vertx-uri-template-4.3.4.jar:/Users/m.termzee/.m2/repository/io/vertx/vertx-web/4.3.4/vertx-web-4.3.4.jar:/Users/m.termzee/.m2/repository/io/vertx/vertx-web-common/4.3.4/vertx-web-common-4.3.4.jar:/Users/m.termzee/.m2/repository/io/vertx/vertx-auth-common/4.3.4/vertx-auth-common-4.3.4.jar:/Users/m.termzee/.m2/repository/io/vertx/vertx-bridge-common/4.3.4/vertx-bridge-common-4.3.4.jar:/Users/m.termzee/.m2/repository/io/github/crac/org-crac/0.1.1/org-crac-0.1.1.jar:/Users/m.termzee/.m2/repository/io/quarkus/quarkus-resteasy-server-common/2.13.3.Final/quarkus-resteasy-server-common-2.13.3.Final.jar:/Users/m.termzee/.m2/repository/jakarta/validation/jakarta.validation-api/2.0.2/jakarta.validation-api-2.0.2.jar:/Users/m.termzee/.m2/repository/io/quarkus/quarkus-arc/2.13.3.Final/quarkus-arc-2.13.3.Final.jar:/Users/m.termzee/.m2/repository/io/quarkus/arc/arc/2.13.3.Final/arc-2.13.3.Final.jar:/Users/m.termzee/.m2/repository/jakarta/transaction/jakarta.transaction-api/1.3.3/jakarta.transaction-api-1.3.3.jar:/Users/m.termzee/.m2/repository/io/smallrye/reactive/mutiny/1.7.0/mutiny-1.7.0.jar:/Users/m.termzee/.m2/repository/org/reactivestreams/reactive-streams/1.0.3/reactive-streams-1.0.3.jar:/Users/m.termzee/.m2/repository/io/quarkus/quarkus-core/2.13.3.Final/quarkus-core-2.13.3.Final.jar:/Users/m.termzee/.m2/repository/jakarta/inject/jakarta.inject-api/1.0/jakarta.inject-api-1.0.jar:/Users/m.termzee/.m2/repository/io/quarkus/quarkus-ide-launcher/2.13.3.Final/quarkus-ide-launcher-2.13.3.Final.jar:/Users/m.termzee/.m2/repository/io/quarkus/quarkus-development-mode-spi/2.13.3.Final/quarkus-development-mode-spi-2.13.3.Final.jar:/Users/m.termzee/.m2/repository/io/smallrye/config/smallrye-config/2.12.0/smallrye-config-2.12.0.jar:/Users/m.termzee/.m2/repository/io/smallrye/config/smallrye-config-core/2.12.0/smallrye-config-core-2.12.0.jar:/Users/m.termzee/.m2/repository/io/smallrye/common/smallrye-common-expression/1.13.1/smallrye-common-expression-1.13.1.jar:/Users/m.termzee/.m2/repository/io/smallrye/common/smallrye-common-function/1.13.1/smallrye-common-function-1.13.1.jar:/Users/m.termzee/.m2/repository/io/smallrye/common/smallrye-common-classloader/1.13.1/smallrye-common-classloader-1.13.1.jar:/Users/m.termzee/.m2/repository/io/smallrye/config/smallrye-config-common/2.12.0/smallrye-config-common-2.12.0.jar:/Users/m.termzee/.m2/repository/org/jboss/logmanager/jboss-logmanager-embedded/1.0.10/jboss-logmanager-embedded-1.0.10.jar:/Users/m.termzee/.m2/repository/org/jboss/logging/jboss-logging-annotations/2.2.1.Final/jboss-logging-annotations-2.2.1.Final.jar:/Users/m.termzee/.m2/repository/org/jboss/threads/jboss-threads/3.4.3.Final/jboss-threads-3.4.3.Final.jar:/Users/m.termzee/.m2/repository/org/slf4j/slf4j-api/1.7.36/slf4j-api-1.7.36.jar:/Users/m.termzee/.m2/repository/org/jboss/slf4j/slf4j-jboss-logmanager/1.2.0.Final/slf4j-jboss-logmanager-1.2.0.Final.jar:/Users/m.termzee/.m2/repository/org/graalvm/sdk/graal-sdk/22.2.0/graal-sdk-22.2.0.jar:/Users/m.termzee/.m2/repository/org/wildfly/common/wildfly-common/1.5.4.Final-format-001/wildfly-common-1.5.4.Final-format-001.jar:/Users/m.termzee/.m2/repository/io/quarkus/quarkus-bootstrap-runner/2.13.3.Final/quarkus-bootstrap-runner-2.13.3.Final.jar:/Users/m.termzee/.m2/repository/io/quarkus/quarkus-fs-util/0.0.9/quarkus-fs-util-0.0.9.jar:/Users/m.termzee/.m2/repository/org/eclipse/microprofile/context-propagation/microprofile-context-propagation-api/1.2/microprofile-context-propagation-api-1.2.jar:/Users/m.termzee/.m2/repository/io/quarkus/quarkus-smallrye-openapi/2.13.3.Final/quarkus-smallrye-openapi-2.13.3.Final.jar:/Users/m.termzee/.m2/repository/io/smallrye/smallrye-open-api-core/2.2.1/smallrye-open-api-core-2.2.1.jar:/Users/m.termzee/.m2/repository/org/eclipse/microprofile/openapi/microprofile-openapi-api/2.0.1/microprofile-openapi-api-2.0.1.jar:/Users/m.termzee/.m2/repository/org/eclipse/microprofile/config/microprofile-config-api/2.0.1/microprofile-config-api-2.0.1.jar:/Users/m.termzee/.m2/repository/com/fasterxml/jackson/core/jackson-core/2.13.4/jackson-core-2.13.4.jar:/Users/m.termzee/.m2/repository/com/fasterxml/jackson/core/jackson-databind/2.13.4.2/jackson-databind-2.13.4.2.jar:/Users/m.termzee/.m2/repository/com/fasterxml/jackson/dataformat/jackson-dataformat-yaml/2.13.4/jackson-dataformat-yaml-2.13.4.jar:/Users/m.termzee/.m2/repository/org/yaml/snakeyaml/1.33/snakeyaml-1.33.jar:/Users/m.termzee/.m2/repository/org/jboss/jandex/2.4.3.Final/jandex-2.4.3.Final.jar:/Users/m.termzee/.m2/repository/io/quarkus/quarkus-swagger-ui/2.13.3.Final/quarkus-swagger-ui-2.13.3.Final.jar:/Users/m.termzee/.m2/repository/io/quarkus/quarkus-rest-client/2.13.3.Final/quarkus-rest-client-2.13.3.Final.jar:/Users/m.termzee/.m2/repository/io/quarkus/quarkus-resteasy-common/2.13.3.Final/quarkus-resteasy-common-2.13.3.Final.jar:/Users/m.termzee/.m2/repository/org/jboss/resteasy/resteasy-core/4.7.7.Final/resteasy-core-4.7.7.Final.jar:/Users/m.termzee/.m2/repository/org/jboss/spec/javax/ws/rs/jboss-jaxrs-api_2.1_spec/2.0.1.Final/jboss-jaxrs-api_2.1_spec-2.0.1.Final.jar:/Users/m.termzee/.m2/repository/org/jboss/resteasy/resteasy-core-spi/4.7.7.Final/resteasy-core-spi-4.7.7.Final.jar:/Users/m.termzee/.m2/repository/com/ibm/async/asyncutil/0.1.0/asyncutil-0.1.0.jar:/Users/m.termzee/.m2/repository/com/sun/activation/jakarta.activation/1.2.1/jakarta.activation-1.2.1.jar:/Users/m.termzee/.m2/repository/io/quarkus/quarkus-apache-httpclient/2.13.3.Final/quarkus-apache-httpclient-2.13.3.Final.jar:/Users/m.termzee/.m2/repository/io/quarkus/quarkus-rest-client-config/2.13.3.Final/quarkus-rest-client-config-2.13.3.Final.jar:/Users/m.termzee/.m2/repository/org/eclipse/microprofile/rest/client/microprofile-rest-client-api/2.0/microprofile-rest-client-api-2.0.jar:/Users/m.termzee/.m2/repository/org/jboss/resteasy/resteasy-client-microprofile/4.7.7.Final/resteasy-client-microprofile-4.7.7.Final.jar:/Users/m.termzee/.m2/repository/org/jboss/resteasy/resteasy-client-microprofile-base/4.7.7.Final/resteasy-client-microprofile-base-4.7.7.Final.jar:/Users/m.termzee/.m2/repository/org/jboss/resteasy/resteasy-client/4.7.7.Final/resteasy-client-4.7.7.Final.jar:/Users/m.termzee/.m2/repository/org/jboss/resteasy/resteasy-client-api/4.7.7.Final/resteasy-client-api-4.7.7.Final.jar:/Users/m.termzee/.m2/repository/org/jboss/resteasy/resteasy-cdi/4.7.7.Final/resteasy-cdi-4.7.7.Final.jar:/Users/m.termzee/.m2/repository/jakarta/interceptor/jakarta.interceptor-api/1.2.5/jakarta.interceptor-api-1.2.5.jar:/Users/m.termzee/.m2/repository/org/apache/httpcomponents/httpasyncclient/4.1.5/httpasyncclient-4.1.5.jar:/Users/m.termzee/.m2/repository/org/apache/httpcomponents/httpcore/4.4.15/httpcore-4.4.15.jar:/Users/m.termzee/.m2/repository/org/apache/httpcomponents/httpcore-nio/4.4.15/httpcore-nio-4.4.15.jar:/Users/m.termzee/.m2/repository/org/jboss/logging/commons-logging-jboss-logging/1.0.0.Final/commons-logging-jboss-logging-1.0.0.Final.jar:/Users/m.termzee/.m2/repository/io/quarkus/quarkus-rest-client-jackson/2.13.3.Final/quarkus-rest-client-jackson-2.13.3.Final.jar:/Users/m.termzee/.m2/repository/io/quarkus/quarkus-jackson/2.13.3.Final/quarkus-jackson-2.13.3.Final.jar:/Users/m.termzee/.m2/repository/com/fasterxml/jackson/datatype/jackson-datatype-jsr310/2.13.4/jackson-datatype-jsr310-2.13.4.jar:/Users/m.termzee/.m2/repository/com/fasterxml/jackson/datatype/jackson-datatype-jdk8/2.13.4/jackson-datatype-jdk8-2.13.4.jar:/Users/m.termzee/.m2/repository/com/fasterxml/jackson/module/jackson-module-parameter-names/2.13.4/jackson-module-parameter-names-2.13.4.jar:/Users/m.termzee/.m2/repository/org/jboss/resteasy/resteasy-jackson2-provider/4.7.7.Final/resteasy-jackson2-provider-4.7.7.Final.jar:/Users/m.termzee/.m2/repository/com/fasterxml/jackson/core/jackson-annotations/2.13.4/jackson-annotations-2.13.4.jar:/Users/m.termzee/.m2/repository/com/fasterxml/jackson/jaxrs/jackson-jaxrs-json-provider/2.13.4/jackson-jaxrs-json-provider-2.13.4.jar:/Users/m.termzee/.m2/repository/com/fasterxml/jackson/jaxrs/jackson-jaxrs-base/2.13.4/jackson-jaxrs-base-2.13.4.jar:/Users/m.termzee/.m2/repository/com/fasterxml/jackson/module/jackson-module-jaxb-annotations/2.13.4/jackson-module-jaxb-annotations-2.13.4.jar:/Users/m.termzee/.m2/repository/com/github/java-json-tools/json-patch/1.13/json-patch-1.13.jar:/Users/m.termzee/.m2/repository/com/github/java-json-tools/msg-simple/1.2/msg-simple-1.2.jar:/Users/m.termzee/.m2/repository/com/github/java-json-tools/btf/1.3/btf-1.3.jar:/Users/m.termzee/.m2/repository/com/github/java-json-tools/jackson-coreutils/2.0/jackson-coreutils-2.0.jar:/Users/m.termzee/.m2/repository/org/jboss/spec/javax/xml/bind/jboss-jaxb-api_2.3_spec/2.0.0.Final/jboss-jaxb-api_2.3_spec-2.0.0.Final.jar:/Users/m.termzee/.m2/repository/io/quarkus/quarkus-logging-gelf/2.13.3.Final/quarkus-logging-gelf-2.13.3.Final.jar:/Users/m.termzee/.m2/repository/biz/paluch/logging/logstash-gelf/1.15.0/logstash-gelf-1.15.0.jar:/Users/m.termzee/.m2/repository/io/quarkus/quarkus-smallrye-metrics/2.13.3.Final/quarkus-smallrye-metrics-2.13.3.Final.jar:/Users/m.termzee/.m2/repository/io/smallrye/smallrye-metrics/3.0.5/smallrye-metrics-3.0.5.jar:/Users/m.termzee/.m2/repository/io/quarkus/quarkus-jsonp/2.13.3.Final/quarkus-jsonp-2.13.3.Final.jar:/Users/m.termzee/.m2/repository/org/glassfish/jakarta.json/1.1.6/jakarta.json-1.1.6.jar:/Users/m.termzee/.m2/repository/org/eclipse/microprofile/metrics/microprofile-metrics-api/3.0.1/microprofile-metrics-api-3.0.1.jar:/Users/m.termzee/.m2/repository/io/quarkus/quarkus-smallrye-fault-tolerance/2.13.3.Final/quarkus-smallrye-fault-tolerance-2.13.3.Final.jar:/Users/m.termzee/.m2/repository/io/quarkus/quarkus-mutiny/2.13.3.Final/quarkus-mutiny-2.13.3.Final.jar:/Users/m.termzee/.m2/repository/io/smallrye/reactive/mutiny-smallrye-context-propagation/1.7.0/mutiny-smallrye-context-propagation-1.7.0.jar:/Users/m.termzee/.m2/repository/io/smallrye/smallrye-fault-tolerance/5.5.0/smallrye-fault-tolerance-5.5.0.jar:/Users/m.termzee/.m2/repository/org/eclipse/microprofile/fault-tolerance/microprofile-fault-tolerance-api/3.0/microprofile-fault-tolerance-api-3.0.jar:/Users/m.termzee/.m2/repository/io/smallrye/smallrye-fault-tolerance-api/5.5.0/smallrye-fault-tolerance-api-5.5.0.jar:/Users/m.termzee/.m2/repository/io/smallrye/smallrye-fault-tolerance-core/5.5.0/smallrye-fault-tolerance-core-5.5.0.jar:/Users/m.termzee/.m2/repository/io/smallrye/smallrye-fault-tolerance-autoconfig-core/5.5.0/smallrye-fault-tolerance-autoconfig-core-5.5.0.jar:/Users/m.termzee/.m2/repository/jakarta/enterprise/jakarta.enterprise.cdi-api/2.0.2/jakarta.enterprise.cdi-api-2.0.2.jar:/Users/m.termzee/.m2/repository/jakarta/el/jakarta.el-api/3.0.3/jakarta.el-api-3.0.3.jar:/Users/m.termzee/.m2/repository/jakarta/annotation/jakarta.annotation-api/1.3.5/jakarta.annotation-api-1.3.5.jar:/Users/m.termzee/.m2/repository/io/quarkus/quarkus-smallrye-context-propagation/2.13.3.Final/quarkus-smallrye-context-propagation-2.13.3.Final.jar:/Users/m.termzee/.m2/repository/io/smallrye/smallrye-context-propagation/1.2.2/smallrye-context-propagation-1.2.2.jar:/Users/m.termzee/.m2/repository/io/smallrye/smallrye-context-propagation-api/1.2.2/smallrye-context-propagation-api-1.2.2.jar:/Users/m.termzee/.m2/repository/io/smallrye/smallrye-context-propagation-storage/1.2.2/smallrye-context-propagation-storage-1.2.2.jar:/Users/m.termzee/.m2/repository/io/smallrye/smallrye-fault-tolerance-context-propagation/5.5.0/smallrye-fault-tolerance-context-propagation-5.5.0.jar:/Users/m.termzee/.m2/repository/io/smallrye/smallrye-fault-tolerance-mutiny/5.5.0/smallrye-fault-tolerance-mutiny-5.5.0.jar:/Users/m.termzee/.m2/repository/io/quarkus/quarkus-junit5/2.13.3.Final/quarkus-junit5-2.13.3.Final.jar:/Users/m.termzee/.m2/repository/io/quarkus/quarkus-bootstrap-core/2.13.3.Final/quarkus-bootstrap-core-2.13.3.Final.jar:/Users/m.termzee/.m2/repository/io/quarkus/quarkus-bootstrap-app-model/2.13.3.Final/quarkus-bootstrap-app-model-2.13.3.Final.jar:/Users/m.termzee/.m2/repository/io/smallrye/common/smallrye-common-io/1.13.1/smallrye-common-io-1.13.1.jar:/Users/m.termzee/.m2/repository/org/eclipse/sisu/org.eclipse.sisu.inject/0.3.5/org.eclipse.sisu.inject-0.3.5.jar:/Users/m.termzee/.m2/repository/io/quarkus/quarkus-test-common/2.13.3.Final/quarkus-test-common-2.13.3.Final.jar:/Users/m.termzee/.m2/repository/io/quarkus/quarkus-core-deployment/2.13.3.Final/quarkus-core-deployment-2.13.3.Final.jar:/Users/m.termzee/.m2/repository/org/aesh/readline/2.2/readline-2.2.jar:/Users/m.termzee/.m2/repository/org/fusesource/jansi/jansi/1.18/jansi-1.18.jar:/Users/m.termzee/.m2/repository/org/aesh/aesh/2.6/aesh-2.6.jar:/Users/m.termzee/.m2/repository/io/quarkus/gizmo/gizmo/1.1.1.Final/gizmo-1.1.1.Final.jar:/Users/m.termzee/.m2/repository/org/ow2/asm/asm-util/9.3/asm-util-9.3.jar:/Users/m.termzee/.m2/repository/org/ow2/asm/asm/9.3/asm-9.3.jar:/Users/m.termzee/.m2/repository/org/ow2/asm/asm-commons/9.3/asm-commons-9.3.jar:/Users/m.termzee/.m2/repository/org/ow2/asm/asm-tree/9.3/asm-tree-9.3.jar:/Users/m.termzee/.m2/repository/org/ow2/asm/asm-analysis/9.3/asm-analysis-9.3.jar:/Users/m.termzee/.m2/repository/io/quarkus/quarkus-class-change-agent/2.13.3.Final/quarkus-class-change-agent-2.13.3.Final.jar:/Users/m.termzee/.m2/repository/io/quarkus/quarkus-devtools-utilities/2.13.3.Final/quarkus-devtools-utilities-2.13.3.Final.jar:/Users/m.termzee/.m2/repository/io/quarkus/quarkus-builder/2.13.3.Final/quarkus-builder-2.13.3.Final.jar:/Users/m.termzee/.m2/repository/org/junit/platform/junit-platform-launcher/1.9.1/junit-platform-launcher-1.9.1.jar:/Users/m.termzee/.m2/repository/io/quarkus/quarkus-bootstrap-maven-resolver/2.13.3.Final/quarkus-bootstrap-maven-resolver-2.13.3.Final.jar:/Users/m.termzee/.m2/repository/org/apache/maven/maven-embedder/3.8.6/maven-embedder-3.8.6.jar:/Users/m.termzee/.m2/repository/org/apache/maven/maven-settings/3.8.6/maven-settings-3.8.6.jar:/Users/m.termzee/.m2/repository/org/apache/maven/maven-core/3.8.6/maven-core-3.8.6.jar:/Users/m.termzee/.m2/repository/org/apache/maven/maven-artifact/3.8.6/maven-artifact-3.8.6.jar:/Users/m.termzee/.m2/repository/org/codehaus/plexus/plexus-component-annotations/2.1.0/plexus-component-annotations-2.1.0.jar:/Users/m.termzee/.m2/repository/org/apache/maven/maven-plugin-api/3.8.6/maven-plugin-api-3.8.6.jar:/Users/m.termzee/.m2/repository/org/apache/maven/maven-model/3.8.6/maven-model-3.8.6.jar:/Users/m.termzee/.m2/repository/org/apache/maven/maven-model-builder/3.8.6/maven-model-builder-3.8.6.jar:/Users/m.termzee/.m2/repository/org/apache/maven/maven-builder-support/3.8.6/maven-builder-support-3.8.6.jar:/Users/m.termzee/.m2/repository/org/apache/maven/resolver/maven-resolver-api/1.6.3/maven-resolver-api-1.6.3.jar:/Users/m.termzee/.m2/repository/org/apache/maven/resolver/maven-resolver-util/1.6.3/maven-resolver-util-1.6.3.jar:/Users/m.termzee/.m2/repository/org/apache/maven/shared/maven-shared-utils/3.3.4/maven-shared-utils-3.3.4.jar:/Users/m.termzee/.m2/repository/com/google/inject/guice/4.2.2/guice-4.2.2-no_aop.jar:/Users/m.termzee/.m2/repository/com/google/guava/guava/31.1-jre/guava-31.1-jre.jar:/Users/m.termzee/.m2/repository/com/google/guava/failureaccess/1.0.1/failureaccess-1.0.1.jar:/Users/m.termzee/.m2/repository/org/codehaus/plexus/plexus-classworlds/2.6.0/plexus-classworlds-2.6.0.jar:/Users/m.termzee/.m2/repository/org/codehaus/plexus/plexus-sec-dispatcher/2.0/plexus-sec-dispatcher-2.0.jar:/Users/m.termzee/.m2/repository/org/codehaus/plexus/plexus-cipher/2.0/plexus-cipher-2.0.jar:/Users/m.termzee/.m2/repository/commons-cli/commons-cli/1.4/commons-cli-1.4.jar:/Users/m.termzee/.m2/repository/org/eclipse/sisu/org.eclipse.sisu.plexus/0.3.5/org.eclipse.sisu.plexus-0.3.5.jar:/Users/m.termzee/.m2/repository/org/apache/maven/maven-settings-builder/3.8.6/maven-settings-builder-3.8.6.jar:/Users/m.termzee/.m2/repository/org/codehaus/plexus/plexus-interpolation/1.26/plexus-interpolation-1.26.jar:/Users/m.termzee/.m2/repository/org/apache/maven/maven-resolver-provider/3.8.6/maven-resolver-provider-3.8.6.jar:/Users/m.termzee/.m2/repository/org/apache/maven/maven-repository-metadata/3.8.6/maven-repository-metadata-3.8.6.jar:/Users/m.termzee/.m2/repository/org/apache/maven/resolver/maven-resolver-spi/1.6.3/maven-resolver-spi-1.6.3.jar:/Users/m.termzee/.m2/repository/org/apache/maven/resolver/maven-resolver-impl/1.6.3/maven-resolver-impl-1.6.3.jar:/Users/m.termzee/.m2/repository/org/codehaus/plexus/plexus-utils/3.3.0/plexus-utils-3.3.0.jar:/Users/m.termzee/.m2/repository/org/apache/maven/resolver/maven-resolver-connector-basic/1.6.3/maven-resolver-connector-basic-1.6.3.jar:/Users/m.termzee/.m2/repository/org/apache/maven/resolver/maven-resolver-transport-wagon/1.6.3/maven-resolver-transport-wagon-1.6.3.jar:/Users/m.termzee/.m2/repository/org/apache/maven/wagon/wagon-http/3.5.1/wagon-http-3.5.1.jar:/Users/m.termzee/.m2/repository/org/apache/maven/wagon/wagon-http-shared/3.5.1/wagon-http-shared-3.5.1.jar:/Users/m.termzee/.m2/repository/org/apache/maven/wagon/wagon-provider-api/3.5.1/wagon-provider-api-3.5.1.jar:/Users/m.termzee/.m2/repository/org/apache/maven/wagon/wagon-file/3.5.1/wagon-file-3.5.1.jar:/Users/m.termzee/.m2/repository/io/quarkus/quarkus-bootstrap-gradle-resolver/2.13.3.Final/quarkus-bootstrap-gradle-resolver-2.13.3.Final.jar:/Users/m.termzee/.m2/repository/io/quarkus/quarkus-junit5-properties/2.13.3.Final/quarkus-junit5-properties-2.13.3.Final.jar:/Users/m.termzee/.m2/repository/org/junit/jupiter/junit-jupiter/5.9.1/junit-jupiter-5.9.1.jar:/Users/m.termzee/.m2/repository/org/junit/jupiter/junit-jupiter-api/5.9.1/junit-jupiter-api-5.9.1.jar:/Users/m.termzee/.m2/repository/org/opentest4j/opentest4j/1.2.0/opentest4j-1.2.0.jar:/Users/m.termzee/.m2/repository/org/junit/platform/junit-platform-commons/1.9.1/junit-platform-commons-1.9.1.jar:/Users/m.termzee/.m2/repository/org/apiguardian/apiguardian-api/1.1.2/apiguardian-api-1.1.2.jar:/Users/m.termzee/.m2/repository/org/junit/jupiter/junit-jupiter-params/5.9.1/junit-jupiter-params-5.9.1.jar:/Users/m.termzee/.m2/repository/org/junit/jupiter/junit-jupiter-engine/5.9.1/junit-jupiter-engine-5.9.1.jar:/Users/m.termzee/.m2/repository/org/junit/platform/junit-platform-engine/1.9.1/junit-platform-engine-1.9.1.jar:/Users/m.termzee/.m2/repository/com/thoughtworks/xstream/xstream/1.4.19/xstream-1.4.19.jar:/Users/m.termzee/.m2/repository/io/github/x-stream/mxparser/1.2.2/mxparser-1.2.2.jar:/Users/m.termzee/.m2/repository/xmlpull/xmlpull/1.1.3.1/xmlpull-1.1.3.1.jar:/Users/m.termzee/.m2/repository/io/rest-assured/rest-assured/4.5.1/rest-assured-4.5.1.jar:/Users/m.termzee/.m2/repository/org/codehaus/groovy/groovy/3.0.9/groovy-3.0.9.jar:/Users/m.termzee/.m2/repository/org/codehaus/groovy/groovy-xml/3.0.9/groovy-xml-3.0.9.jar:/Users/m.termzee/.m2/repository/org/apache/httpcomponents/httpclient/4.5.13/httpclient-4.5.13.jar:/Users/m.termzee/.m2/repository/commons-codec/commons-codec/1.15/commons-codec-1.15.jar:/Users/m.termzee/.m2/repository/org/apache/httpcomponents/httpmime/4.5.13/httpmime-4.5.13.jar:/Users/m.termzee/.m2/repository/org/hamcrest/hamcrest/2.1/hamcrest-2.1.jar:/Users/m.termzee/.m2/repository/org/ccil/cowan/tagsoup/tagsoup/1.2.1/tagsoup-1.2.1.jar:/Users/m.termzee/.m2/repository/io/rest-assured/json-path/4.5.1/json-path-4.5.1.jar:/Users/m.termzee/.m2/repository/org/codehaus/groovy/groovy-json/3.0.9/groovy-json-3.0.9.jar:/Users/m.termzee/.m2/repository/io/rest-assured/rest-assured-common/4.5.1/rest-assured-common-4.5.1.jar:/Users/m.termzee/.m2/repository/io/rest-assured/xml-path/4.5.1/xml-path-4.5.1.jar:/Users/m.termzee/.m2/repository/org/apache/commons/commons-lang3/3.12.0/commons-lang3-3.12.0.jar:"/>
    <property name="sun.cpu.endian" value="little"/>
    <property name="user.home" value="/Users/m.termzee"/>
    <property name="user.language" value="de"/>
    <property name="jboss.log-version" value="false"/>
    <property name="java.specification.vendor" value="Oracle Corporation"/>
    <property name="io.netty.allocator.maxOrder" value="3"/>
    <property name="java.version.date" value="2022-09-20"/>
    <property name="java.home" value="/usr/local/Cellar/openjdk/19/libexec/openjdk.jdk/Contents/Home"/>
    <property name="file.separator" value="/"/>
    <property name="basedir" value="/Users/m.termzee/Desktop/Code/Java/SWA-Praktikum-3"/>
    <property name="java.vm.compressedOopsMode" value="Zero based"/>
    <property name="line.separator" value="&#10;"/>
    <property name="java.vm.specification.vendor" value="Oracle Corporation"/>
    <property name="java.specification.name" value="Java Platform API Specification"/>
    <property name="apple.awt.application.name" value="ForkedBooter"/>
    <property name="surefire.real.class.path" value="/Users/m.termzee/Desktop/Code/Java/SWA-Praktikum-3/target/surefire/surefirebooter-20221124095855878_3.jar"/>
    <property name="sun.management.compiler" value="HotSpot 64-Bit Tiered Compilers"/>
    <property name="ftp.nonProxyHosts" value="local|*.local|169.254/16|*.169.254/16"/>
    <property name="java.runtime.version" value="19"/>
    <property name="user.name" value="m.termzee"/>
    <property name="stdout.encoding" value="UTF-8"/>
    <property name="path.separator" value=":"/>
    <property name="os.version" value="13.0.1"/>
    <property name="java.runtime.name" value="OpenJDK Runtime Environment"/>
    <property name="file.encoding" value="UTF-8"/>
    <property name="java.vm.name" value="OpenJDK 64-Bit Server VM"/>
    <property name="java.vendor.version" value="Homebrew"/>
    <property name="localRepository" value="/Users/m.termzee/.m2/repository"/>
    <property name="java.vendor.url.bug" value="https://github.com/Homebrew/homebrew-core/issues"/>
    <property name="java.io.tmpdir" value="/var/folders/5s/f819bl553jl95h6b_lw3nnh80000gn/T/"/>
    <property name="quarkus.log.file.path" value="target/quarkus.log"/>
    <property name="logstash-gelf.resolutionOrder" value="localhost,network"/>
    <property name="java.version" value="19"/>
    <property name="java.util.concurrent.ForkJoinPool.common.threadFactory" value="io.quarkus.bootstrap.forkjoin.QuarkusForkJoinWorkerThreadFactory"/>
    <property name="user.dir" value="/Users/m.termzee/Desktop/Code/Java/SWA-Praktikum-3"/>
    <property name="os.arch" value="x86_64"/>
    <property name="java.vm.specification.name" value="Java Virtual Machine Specification"/>
    <property name="vertx.disableDnsResolver" value="true"/>
    <property name="native.encoding" value="UTF-8"/>
    <property name="java.util.logging.manager" value="org.jboss.logmanager.LogManager"/>
    <property name="java.library.path" value="/Users/m.termzee/Library/Java/Extensions:/Library/Java/Extensions:/Network/Library/Java/Extensions:/System/Library/Java/Extensions:/usr/lib/java:."/>
    <property name="java.vm.info" value="mixed mode, sharing"/>
    <property name="stderr.encoding" value="UTF-8"/>
    <property name="java.vendor" value="Homebrew"/>
    <property name="vertx.disableTCCL" value="true"/>
    <property name="java.vm.version" value="19"/>
    <property name="sun.io.unicode.encoding" value="UnicodeBig"/>
    <property name="io.netty.machineId" value="7d:93:52:db:bf:61:a0:22"/>
    <property name="socksNonProxyHosts" value="local|*.local|169.254/16|*.169.254/16"/>
    <property name="java.class.version" value="63.0"/>
    <property name="mp.openapi.extensions.smallrye.defaultConsumes" value="application/json"/>
  </properties>
  <testcase name="testAddIngredientToMocktail" classname="de.hsos.swa.mocktail.ECB.boundry.IngredientResourceTest" time="0.617">
    <system-out><![CDATA[2022-11-24 09:58:57,169 DEBUG [org.jbo.logging] (main) Logging Provider: org.jboss.logging.JBossLogManagerProvider
2022-11-24 09:58:57,747 DEBUG [org.ecl.aet.int.imp.DefaultLocalRepositoryProvider] (main) Using manager EnhancedLocalRepositoryManager with priority 10.0 for /Users/m.termzee/.m2/repository
2022-11-24 09:58:58,678 DEBUG [org.ecl.aet.int.imp.DefaultRemoteRepositoryManager] (main) Using mirror maven-default-http-blocker (http://0.0.0.0/) for apache.snapshots (http://repository.apache.org/snapshots).
2022-11-24 09:58:58,918 DEBUG [org.ecl.aet.int.imp.DefaultRemoteRepositoryManager] (main) Using mirror maven-default-http-blocker (http://0.0.0.0/) for ow2-snapshot (http://repository.ow2.org/nexus/content/repositories/snapshots).
2022-11-24 09:58:59,148 DEBUG [org.ecl.aet.int.imp.col.DefaultDependencyCollector] (main) Dependency collection stats {ConflictMarker.analyzeTime=3665282, ConflictMarker.markTime=4966440, ConflictMarker.nodeCount=1608, ConflictIdSorter.graphTime=5009699, ConflictIdSorter.topsortTime=1992369, ConflictIdSorter.conflictIdCount=233, ConflictIdSorter.conflictIdCycleCount=0, ConflictResolver.totalTime=41930408, ConflictResolver.conflictItemCount=585, DefaultDependencyCollector.collectTime=1163212689, DefaultDependencyCollector.transformTime=70756594}
2022-11-24 09:58:59,253 DEBUG [io.qua.boo.mod.ApplicationModelBuilder] (main) Extension io.quarkus:quarkus-jsonb:jar:2.13.3.Final is excluding javax.json.bind:javax.json.bind-api
2022-11-24 09:58:59,385 DEBUG [io.qua.boo.mod.ApplicationModelBuilder] (main) Extension io.quarkus:quarkus-core:jar:2.13.3.Final is excluding io.smallrye:smallrye-config
2022-11-24 09:58:59,386 DEBUG [io.qua.boo.mod.ApplicationModelBuilder] (main) Extension io.quarkus:quarkus-core:jar:2.13.3.Final is excluding javax.enterprise:cdi-api
2022-11-24 09:58:59,386 DEBUG [io.qua.boo.mod.ApplicationModelBuilder] (main) Extension io.quarkus:quarkus-core:jar:2.13.3.Final is excluding org.jboss.spec.javax.annotation:jboss-annotations-api_1.2_spec
2022-11-24 09:58:59,386 DEBUG [io.qua.boo.mod.ApplicationModelBuilder] (main) Extension io.quarkus:quarkus-core:jar:2.13.3.Final is excluding org.jboss.spec.javax.annotation:jboss-annotations-api_1.3_spec
2022-11-24 09:58:59,386 DEBUG [io.qua.boo.mod.ApplicationModelBuilder] (main) Extension io.quarkus:quarkus-core:jar:2.13.3.Final is excluding javax.inject:javax.inject
2022-11-24 09:58:59,386 DEBUG [io.qua.boo.mod.ApplicationModelBuilder] (main) Extension io.quarkus:quarkus-core:jar:2.13.3.Final is excluding org.jboss.spec.javax.interceptor:jboss-interceptors-api_1.2_spec
2022-11-24 09:58:59,386 DEBUG [io.qua.boo.mod.ApplicationModelBuilder] (main) Extension io.quarkus:quarkus-core:jar:2.13.3.Final is excluding org.glassfish:javax.el
2022-11-24 09:58:59,386 DEBUG [io.qua.boo.mod.ApplicationModelBuilder] (main) Extension io.quarkus:quarkus-core:jar:2.13.3.Final is excluding javax.annotation:javax.annotation-api
2022-11-24 09:58:59,387 DEBUG [io.qua.boo.mod.ApplicationModelBuilder] (main) Extension io.quarkus:quarkus-core:jar:2.13.3.Final is making io.quarkus:quarkus-junit4-mock a lesser priority artifact
2022-11-24 09:58:59,473 DEBUG [io.qua.boo.mod.ApplicationModelBuilder] (main) Extension io.quarkus:quarkus-resteasy-common:jar:2.13.3.Final is excluding javax.ws.rs:javax.ws.rs-api
2022-11-24 09:58:59,473 DEBUG [io.qua.boo.mod.ApplicationModelBuilder] (main) Extension io.quarkus:quarkus-resteasy-common:jar:2.13.3.Final is excluding javax.activation:javax.activation-api
2022-11-24 09:58:59,473 DEBUG [io.qua.boo.mod.ApplicationModelBuilder] (main) Extension io.quarkus:quarkus-resteasy-common:jar:2.13.3.Final is excluding javax.activation:activation
2022-11-24 09:58:59,473 DEBUG [io.qua.boo.mod.ApplicationModelBuilder] (main) Extension io.quarkus:quarkus-resteasy-common:jar:2.13.3.Final is excluding jakarta.ws.rs:jakarta.ws.rs-api
2022-11-24 09:58:59,476 DEBUG [io.qua.boo.mod.ApplicationModelBuilder] (main) Extension io.quarkus:quarkus-resteasy-common:jar:2.13.3.Final is excluding org.jboss.resteasy:resteasy-context-propagation
2022-11-24 09:58:59,513 DEBUG [io.qua.boo.mod.ApplicationModelBuilder] (main) Extension io.quarkus:quarkus-jsonp:jar:2.13.3.Final is excluding javax.json:javax.json-api
2022-11-24 09:58:59,514 DEBUG [io.qua.boo.mod.ApplicationModelBuilder] (main) Extension io.quarkus:quarkus-jsonp:jar:2.13.3.Final is excluding org.glassfish:javax.json
2022-11-24 09:58:59,645 DEBUG [io.qua.boo.res.mav.ApplicationDependencyTreeResolver] (main) Injecting deployment dependency io.quarkus:quarkus-resteasy-jsonb-deployment:jar:2.13.3.Final
2022-11-24 09:58:59,753 DEBUG [org.ecl.aet.int.imp.DefaultRemoteRepositoryManager] (main) Using mirror maven-default-http-blocker (http://0.0.0.0/) for jboss-public-repository-group (http://repository.jboss.org/nexus/content/groups/public/).
2022-11-24 09:58:59,890 DEBUG [org.ecl.aet.int.imp.col.DefaultDependencyCollector] (main) Dependency collection stats {ConflictMarker.analyzeTime=599064, ConflictMarker.markTime=197515, ConflictMarker.nodeCount=820, ConflictIdSorter.graphTime=374982, ConflictIdSorter.topsortTime=103097, ConflictIdSorter.conflictIdCount=162, ConflictIdSorter.conflictIdCycleCount=0, ConflictResolver.totalTime=13501015, ConflictResolver.conflictItemCount=390, DefaultDependencyCollector.collectTime=215346007, DefaultDependencyCollector.transformTime=14817204}
2022-11-24 09:58:59,890 DEBUG [io.qua.boo.res.mav.ApplicationDependencyTreeResolver] (main) Injecting deployment dependency io.quarkus:quarkus-resteasy-deployment:jar:2.13.3.Final
2022-11-24 09:58:59,920 DEBUG [org.ecl.aet.int.imp.col.DefaultDependencyCollector] (main) Dependency collection stats {ConflictMarker.analyzeTime=493215, ConflictMarker.markTime=195709, ConflictMarker.nodeCount=793, ConflictIdSorter.graphTime=273658, ConflictIdSorter.topsortTime=105456, ConflictIdSorter.conflictIdCount=149, ConflictIdSorter.conflictIdCycleCount=0, ConflictResolver.totalTime=4196637, ConflictResolver.conflictItemCount=363, DefaultDependencyCollector.collectTime=18939414, DefaultDependencyCollector.transformTime=5310057}
2022-11-24 09:58:59,920 DEBUG [io.qua.boo.res.mav.ApplicationDependencyTreeResolver] (main) Injecting deployment dependency io.quarkus:quarkus-arc-deployment:jar:2.13.3.Final
2022-11-24 09:58:59,934 DEBUG [org.ecl.aet.int.imp.col.DefaultDependencyCollector] (main) Dependency collection stats {ConflictMarker.analyzeTime=143854, ConflictMarker.markTime=65681, ConflictMarker.nodeCount=197, ConflictIdSorter.graphTime=78411, ConflictIdSorter.topsortTime=47200, ConflictIdSorter.conflictIdCount=86, ConflictIdSorter.conflictIdCycleCount=0, ConflictResolver.totalTime=1779646, ConflictResolver.conflictItemCount=196, DefaultDependencyCollector.collectTime=6841524, DefaultDependencyCollector.transformTime=2155475}
2022-11-24 09:58:59,934 DEBUG [io.qua.boo.res.mav.ApplicationDependencyTreeResolver] (main) Injecting deployment dependency io.quarkus:quarkus-smallrye-openapi-deployment:jar:2.13.3.Final
2022-11-24 09:59:00,019 DEBUG [org.ecl.aet.int.imp.col.DefaultDependencyCollector] (main) Dependency collection stats {ConflictMarker.analyzeTime=377991, ConflictMarker.markTime=171433, ConflictMarker.nodeCount=657, ConflictIdSorter.graphTime=239678, ConflictIdSorter.topsortTime=94921, ConflictIdSorter.conflictIdCount=141, ConflictIdSorter.conflictIdCycleCount=0, ConflictResolver.totalTime=3265080, ConflictResolver.conflictItemCount=354, DefaultDependencyCollector.collectTime=76004036, DefaultDependencyCollector.transformTime=4172059}
2022-11-24 09:59:00,020 DEBUG [io.qua.boo.res.mav.ApplicationDependencyTreeResolver] (main) Injecting deployment dependency io.quarkus:quarkus-rest-client-deployment:jar:2.13.3.Final
2022-11-24 09:59:00,096 DEBUG [org.ecl.aet.int.imp.col.DefaultDependencyCollector] (main) Dependency collection stats {ConflictMarker.analyzeTime=172839, ConflictMarker.markTime=86057, ConflictMarker.nodeCount=320, ConflictIdSorter.graphTime=99393, ConflictIdSorter.topsortTime=46641, ConflictIdSorter.conflictIdCount=115, ConflictIdSorter.conflictIdCycleCount=0, ConflictResolver.totalTime=4783072, ConflictResolver.conflictItemCount=272, DefaultDependencyCollector.collectTime=61987144, DefaultDependencyCollector.transformTime=5211689}
2022-11-24 09:59:00,096 DEBUG [io.qua.boo.res.mav.ApplicationDependencyTreeResolver] (main) Injecting deployment dependency io.quarkus:quarkus-rest-client-jackson-deployment:jar:2.13.3.Final
2022-11-24 09:59:00,159 DEBUG [org.ecl.aet.int.imp.col.DefaultDependencyCollector] (main) Dependency collection stats {ConflictMarker.analyzeTime=187683, ConflictMarker.markTime=93600, ConflictMarker.nodeCount=369, ConflictIdSorter.graphTime=105603, ConflictIdSorter.topsortTime=53429, ConflictIdSorter.conflictIdCount=133, ConflictIdSorter.conflictIdCycleCount=0, ConflictResolver.totalTime=1739460, ConflictResolver.conflictItemCount=317, DefaultDependencyCollector.collectTime=49632616, DefaultDependencyCollector.transformTime=2199583}
2022-11-24 09:59:00,222 DEBUG [io.qua.boo.res.mav.ApplicationDependencyTreeResolver] (main) Injecting deployment dependency io.quarkus:quarkus-logging-gelf-deployment:jar:2.13.3.Final
2022-11-24 09:59:00,235 DEBUG [org.ecl.aet.int.imp.col.DefaultDependencyCollector] (main) Dependency collection stats {ConflictMarker.analyzeTime=85852, ConflictMarker.markTime=38815, ConflictMarker.nodeCount=105, ConflictIdSorter.graphTime=32090, ConflictIdSorter.topsortTime=27955, ConflictIdSorter.conflictIdCount=59, ConflictIdSorter.conflictIdCycleCount=0, ConflictResolver.totalTime=381299, ConflictResolver.conflictItemCount=104, DefaultDependencyCollector.collectTime=4026336, DefaultDependencyCollector.transformTime=582666}
2022-11-24 09:59:00,235 DEBUG [io.qua.boo.res.mav.ApplicationDependencyTreeResolver] (main) Injecting deployment dependency io.quarkus:quarkus-smallrye-metrics-deployment:jar:2.13.3.Final
2022-11-24 09:59:00,273 DEBUG [org.ecl.aet.int.imp.col.DefaultDependencyCollector] (main) Dependency collection stats {ConflictMarker.analyzeTime=305298, ConflictMarker.markTime=165588, ConflictMarker.nodeCount=669, ConflictIdSorter.graphTime=214957, ConflictIdSorter.topsortTime=57775, ConflictIdSorter.conflictIdCount=143, ConflictIdSorter.conflictIdCycleCount=0, ConflictResolver.totalTime=1814326, ConflictResolver.conflictItemCount=345, DefaultDependencyCollector.collectTime=18951114, DefaultDependencyCollector.transformTime=2580106}
2022-11-24 09:59:00,273 DEBUG [io.qua.boo.res.mav.ApplicationDependencyTreeResolver] (main) Injecting deployment dependency io.quarkus:quarkus-smallrye-fault-tolerance-deployment:jar:2.13.3.Final
2022-11-24 09:59:00,287 DEBUG [org.ecl.aet.int.imp.col.DefaultDependencyCollector] (main) Dependency collection stats {ConflictMarker.analyzeTime=126995, ConflictMarker.markTime=74963, ConflictMarker.nodeCount=301, ConflictIdSorter.graphTime=92434, ConflictIdSorter.topsortTime=40644, ConflictIdSorter.conflictIdCount=103, ConflictIdSorter.conflictIdCycleCount=0, ConflictResolver.totalTime=947302, ConflictResolver.conflictItemCount=257, DefaultDependencyCollector.collectTime=2838637, DefaultDependencyCollector.transformTime=1298056}
2022-11-24 09:59:00,480 DEBUG [io.qua.boo.cla.QuarkusClassLoader] (main) Adding elements io.quarkus.bootstrap.classloading.PathTreeClassPathElement@5ec9eefa to QuarkusClassLoader Quarkus Base Runtime ClassLoader: TEST
2022-11-24 09:59:00,480 DEBUG [io.qua.boo.cla.QuarkusClassLoader] (main) Adding elements io.quarkus.bootstrap.classloading.PathTreeClassPathElement@28b8f98a to QuarkusClassLoader Quarkus Base Runtime ClassLoader: TEST
2022-11-24 09:59:00,481 DEBUG [io.qua.boo.cla.QuarkusClassLoader] (main) Adding elements io.quarkus.bootstrap.classloading.PathTreeClassPathElement@3b4ef59f to QuarkusClassLoader Quarkus Base Runtime ClassLoader: TEST
2022-11-24 09:59:00,489 DEBUG [io.qua.boo.cla.QuarkusClassLoader] (main) Adding elements io.quarkus.bootstrap.classloading.PathTreeClassPathElement@22cb3d59 to QuarkusClassLoader Quarkus Base Runtime ClassLoader: TEST
2022-11-24 09:59:00,489 DEBUG [io.qua.boo.cla.QuarkusClassLoader] (main) Adding elements io.quarkus.bootstrap.classloading.PathTreeClassPathElement@33e4b9c4 to QuarkusClassLoader Quarkus Base Runtime ClassLoader: TEST
2022-11-24 09:59:00,490 DEBUG [io.qua.boo.cla.QuarkusClassLoader] (main) Adding parent first element io.quarkus.bootstrap.classloading.PathTreeClassPathElement@5cff729b to QuarkusClassLoader Quarkus Base Runtime ClassLoader: TEST
2022-11-24 09:59:00,490 DEBUG [io.qua.boo.cla.QuarkusClassLoader] (main) Adding elements io.quarkus.bootstrap.classloading.PathTreeClassPathElement@5cff729b to QuarkusClassLoader Quarkus Base Runtime ClassLoader: TEST
2022-11-24 09:59:00,490 DEBUG [io.qua.boo.cla.QuarkusClassLoader] (main) Adding elements io.quarkus.bootstrap.classloading.PathTreeClassPathElement@10d18696 to QuarkusClassLoader Quarkus Base Runtime ClassLoader: TEST
2022-11-24 09:59:00,490 DEBUG [io.qua.boo.cla.QuarkusClassLoader] (main) Adding elements io.quarkus.bootstrap.classloading.PathTreeClassPathElement@6b8b5020 to QuarkusClassLoader Quarkus Base Runtime ClassLoader: TEST
2022-11-24 09:59:00,491 DEBUG [io.qua.boo.cla.QuarkusClassLoader] (main) Adding elements io.quarkus.bootstrap.classloading.PathTreeClassPathElement@7d37ee0c to QuarkusClassLoader Quarkus Base Runtime ClassLoader: TEST
2022-11-24 09:59:00,491 DEBUG [io.qua.boo.cla.QuarkusClassLoader] (main) Adding elements io.quarkus.bootstrap.classloading.PathTreeClassPathElement@5a7b309b to QuarkusClassLoader Quarkus Base Runtime ClassLoader: TEST
2022-11-24 09:59:00,493 DEBUG [io.qua.boo.cla.QuarkusClassLoader] (main) Adding elements io.quarkus.bootstrap.classloading.PathTreeClassPathElement@4602f874 to QuarkusClassLoader Quarkus Base Runtime ClassLoader: TEST
2022-11-24 09:59:00,493 DEBUG [io.qua.boo.cla.QuarkusClassLoader] (main) Adding elements io.quarkus.bootstrap.classloading.PathTreeClassPathElement@7739aac4 to QuarkusClassLoader Quarkus Base Runtime ClassLoader: TEST
2022-11-24 09:59:00,494 DEBUG [io.qua.boo.cla.QuarkusClassLoader] (main) Adding elements io.quarkus.bootstrap.classloading.PathTreeClassPathElement@353c6da1 to QuarkusClassLoader Quarkus Base Runtime ClassLoader: TEST
2022-11-24 09:59:00,503 DEBUG [io.qua.boo.cla.QuarkusClassLoader] (main) Adding elements io.quarkus.bootstrap.classloading.PathTreeClassPathElement@36c07c75 to QuarkusClassLoader Quarkus Base Runtime ClassLoader: TEST
2022-11-24 09:59:00,505 DEBUG [io.qua.boo.cla.QuarkusClassLoader] (main) Adding elements io.quarkus.bootstrap.classloading.PathTreeClassPathElement@6750e381 to QuarkusClassLoader Quarkus Base Runtime ClassLoader: TEST
2022-11-24 09:59:00,505 DEBUG [io.qua.boo.cla.QuarkusClassLoader] (main) Adding elements io.quarkus.bootstrap.classloading.PathTreeClassPathElement@5d850a25 to QuarkusClassLoader Quarkus Base Runtime ClassLoader: TEST
2022-11-24 09:59:00,506 DEBUG [io.qua.boo.cla.QuarkusClassLoader] (main) Adding elements io.quarkus.bootstrap.classloading.PathTreeClassPathElement@b022551 to QuarkusClassLoader Quarkus Base Runtime ClassLoader: TEST
2022-11-24 09:59:00,506 DEBUG [io.qua.boo.cla.QuarkusClassLoader] (main) Adding elements io.quarkus.bootstrap.classloading.PathTreeClassPathElement@3e14d390 to QuarkusClassLoader Quarkus Base Runtime ClassLoader: TEST
2022-11-24 09:59:00,506 DEBUG [io.qua.boo.cla.QuarkusClassLoader] (main) Adding elements io.quarkus.bootstrap.classloading.PathTreeClassPathElement@5eb87338 to QuarkusClassLoader Quarkus Base Runtime ClassLoader: TEST
2022-11-24 09:59:00,506 DEBUG [io.qua.boo.cla.QuarkusClassLoader] (main) Adding elements io.quarkus.bootstrap.classloading.PathTreeClassPathElement@2b999ee8 to QuarkusClassLoader Quarkus Base Runtime ClassLoader: TEST
2022-11-24 09:59:00,507 DEBUG [io.qua.boo.cla.QuarkusClassLoader] (main) Adding elements io.quarkus.bootstrap.classloading.PathTreeClassPathElement@31ab1e67 to QuarkusClassLoader Quarkus Base Runtime ClassLoader: TEST
2022-11-24 09:59:00,510 DEBUG [io.qua.boo.cla.QuarkusClassLoader] (main) Adding elements io.quarkus.bootstrap.classloading.PathTreeClassPathElement@29bbc391 to QuarkusClassLoader Quarkus Base Runtime ClassLoader: TEST
2022-11-24 09:59:00,510 DEBUG [io.qua.boo.cla.QuarkusClassLoader] (main) Adding elements io.quarkus.bootstrap.classloading.PathTreeClassPathElement@3487442d to QuarkusClassLoader Quarkus Base Runtime ClassLoader: TEST
2022-11-24 09:59:00,511 DEBUG [io.qua.boo.cla.QuarkusClassLoader] (main) Adding elements io.quarkus.bootstrap.classloading.PathTreeClassPathElement@530ee28b to QuarkusClassLoader Quarkus Base Runtime ClassLoader: TEST
2022-11-24 09:59:00,511 DEBUG [io.qua.boo.cla.QuarkusClassLoader] (main) Adding elements io.quarkus.bootstrap.classloading.PathTreeClassPathElement@3a3f96ab to QuarkusClassLoader Quarkus Base Runtime ClassLoader: TEST
2022-11-24 09:59:00,514 DEBUG [io.qua.boo.cla.QuarkusClassLoader] (main) Adding elements io.quarkus.bootstrap.classloading.PathTreeClassPathElement@4def7d36 to QuarkusClassLoader Quarkus Base Runtime ClassLoader: TEST
2022-11-24 09:59:00,517 DEBUG [io.qua.boo.cla.QuarkusClassLoader] (main) Adding elements io.quarkus.bootstrap.classloading.PathTreeClassPathElement@43c7fe8a to QuarkusClassLoader Quarkus Base Runtime ClassLoader: TEST
2022-11-24 09:59:00,517 DEBUG [io.qua.boo.cla.QuarkusClassLoader] (main) Adding elements io.quarkus.bootstrap.classloading.PathTreeClassPathElement@67f946c3 to QuarkusClassLoader Quarkus Base Runtime ClassLoader: TEST
2022-11-24 09:59:00,518 DEBUG [io.qua.boo.cla.QuarkusClassLoader] (main) Adding elements io.quarkus.bootstrap.classloading.PathTreeClassPathElement@21b51e59 to QuarkusClassLoader Quarkus Base Runtime ClassLoader: TEST
2022-11-24 09:59:00,518 DEBUG [io.qua.boo.cla.QuarkusClassLoader] (main) Adding elements io.quarkus.bootstrap.classloading.PathTreeClassPathElement@1785d194 to QuarkusClassLoader Quarkus Base Runtime ClassLoader: TEST
2022-11-24 09:59:00,518 DEBUG [io.qua.boo.cla.QuarkusClassLoader] (main) Adding elements io.quarkus.bootstrap.classloading.PathTreeClassPathElement@6b4a4e40 to QuarkusClassLoader Quarkus Base Runtime ClassLoader: TEST
2022-11-24 09:59:00,519 DEBUG [io.qua.boo.cla.QuarkusClassLoader] (main) Adding elements io.quarkus.bootstrap.classloading.PathTreeClassPathElement@46a8c2b4 to QuarkusClassLoader Quarkus Base Runtime ClassLoader: TEST
2022-11-24 09:59:00,519 DEBUG [io.qua.boo.cla.QuarkusClassLoader] (main) Adding elements io.quarkus.bootstrap.classloading.PathTreeClassPathElement@4f664bee to QuarkusClassLoader Quarkus Base Runtime ClassLoader: TEST
2022-11-24 09:59:00,520 DEBUG [io.qua.boo.cla.QuarkusClassLoader] (main) Adding elements io.quarkus.bootstrap.classloading.PathTreeClassPathElement@76563ae7 to QuarkusClassLoader Quarkus Base Runtime ClassLoader: TEST
2022-11-24 09:59:00,520 DEBUG [io.qua.boo.cla.QuarkusClassLoader] (main) Adding elements io.quarkus.bootstrap.classloading.PathTreeClassPathElement@4fd74223 to QuarkusClassLoader Quarkus Base Runtime ClassLoader: TEST
2022-11-24 09:59:00,521 DEBUG [io.qua.boo.cla.QuarkusClassLoader] (main) Adding elements io.quarkus.bootstrap.classloading.PathTreeClassPathElement@4fea840f to QuarkusClassLoader Quarkus Base Runtime ClassLoader: TEST
2022-11-24 09:59:00,521 DEBUG [io.qua.boo.cla.QuarkusClassLoader] (main) Adding parent first element io.quarkus.bootstrap.classloading.PathTreeClassPathElement@32ae8f27 to QuarkusClassLoader Quarkus Base Runtime ClassLoader: TEST
2022-11-24 09:59:00,521 DEBUG [io.qua.boo.cla.QuarkusClassLoader] (main) Adding elements io.quarkus.bootstrap.classloading.PathTreeClassPathElement@32ae8f27 to QuarkusClassLoader Quarkus Base Runtime ClassLoader: TEST
2022-11-24 09:59:00,521 DEBUG [io.qua.boo.cla.QuarkusClassLoader] (main) Adding elements io.quarkus.bootstrap.classloading.PathTreeClassPathElement@75e80a97 to QuarkusClassLoader Quarkus Base Runtime ClassLoader: TEST
2022-11-24 09:59:00,521 DEBUG [io.qua.boo.cla.QuarkusClassLoader] (main) Adding elements io.quarkus.bootstrap.classloading.PathTreeClassPathElement@5b8853 to QuarkusClassLoader Quarkus Base Runtime ClassLoader: TEST
2022-11-24 09:59:00,522 DEBUG [io.qua.boo.cla.QuarkusClassLoader] (main) Adding elements io.quarkus.bootstrap.classloading.PathTreeClassPathElement@1b8aaeab to QuarkusClassLoader Quarkus Base Runtime ClassLoader: TEST
2022-11-24 09:59:00,522 DEBUG [io.qua.boo.cla.QuarkusClassLoader] (main) Adding elements io.quarkus.bootstrap.classloading.PathTreeClassPathElement@5d1bdd4a to QuarkusClassLoader Quarkus Base Runtime ClassLoader: TEST
2022-11-24 09:59:00,522 DEBUG [io.qua.boo.cla.QuarkusClassLoader] (main) Adding elements io.quarkus.bootstrap.classloading.PathTreeClassPathElement@6812c8cc to QuarkusClassLoader Quarkus Base Runtime ClassLoader: TEST
2022-11-24 09:59:00,523 DEBUG [io.qua.boo.cla.QuarkusClassLoader] (main) Adding elements io.quarkus.bootstrap.classloading.PathTreeClassPathElement@3457cc8d to QuarkusClassLoader Quarkus Base Runtime ClassLoader: TEST
2022-11-24 09:59:00,523 DEBUG [io.qua.boo.cla.QuarkusClassLoader] (main) Adding elements io.quarkus.bootstrap.classloading.PathTreeClassPathElement@7a66c35a to QuarkusClassLoader Quarkus Base Runtime ClassLoader: TEST
2022-11-24 09:59:00,523 DEBUG [io.qua.boo.cla.QuarkusClassLoader] (main) Adding elements io.quarkus.bootstrap.classloading.PathTreeClassPathElement@7994a0d1 to QuarkusClassLoader Quarkus Base Runtime ClassLoader: TEST
2022-11-24 09:59:00,523 DEBUG [io.qua.boo.cla.QuarkusClassLoader] (main) Adding elements io.quarkus.bootstrap.classloading.PathTreeClassPathElement@73e4387 to QuarkusClassLoader Quarkus Base Runtime ClassLoader: TEST
2022-11-24 09:59:00,523 DEBUG [io.qua.boo.cla.QuarkusClassLoader] (main) Adding elements io.quarkus.bootstrap.classloading.PathTreeClassPathElement@d87d449 to QuarkusClassLoader Quarkus Base Runtime ClassLoader: TEST
2022-11-24 09:59:00,524 DEBUG [io.qua.boo.cla.QuarkusClassLoader] (main) Adding elements io.quarkus.bootstrap.classloading.PathTreeClassPathElement@4137aab0 to QuarkusClassLoader Quarkus Base Runtime ClassLoader: TEST
2022-11-24 09:59:00,524 DEBUG [io.qua.boo.cla.QuarkusClassLoader] (main) Adding elements io.quarkus.bootstrap.classloading.PathTreeClassPathElement@1df9186f to QuarkusClassLoader Quarkus Base Runtime ClassLoader: TEST
2022-11-24 09:59:00,524 DEBUG [io.qua.boo.cla.QuarkusClassLoader] (main) Adding elements io.quarkus.bootstrap.classloading.PathTreeClassPathElement@682e422c to QuarkusClassLoader Quarkus Base Runtime ClassLoader: TEST
2022-11-24 09:59:00,527 DEBUG [io.qua.boo.cla.QuarkusClassLoader] (main) Adding elements io.quarkus.bootstrap.classloading.PathTreeClassPathElement@5bb8e6fc to QuarkusClassLoader Quarkus Base Runtime ClassLoader: TEST
2022-11-24 09:59:00,527 DEBUG [io.qua.boo.cla.QuarkusClassLoader] (main) Adding elements io.quarkus.bootstrap.classloading.PathTreeClassPathElement@2726a511 to QuarkusClassLoader Quarkus Base Runtime ClassLoader: TEST
2022-11-24 09:59:00,528 DEBUG [io.qua.boo.cla.QuarkusClassLoader] (main) Adding elements io.quarkus.bootstrap.classloading.PathTreeClassPathElement@72c9ebfa to QuarkusClassLoader Quarkus Base Runtime ClassLoader: TEST
2022-11-24 09:59:00,529 DEBUG [io.qua.boo.cla.QuarkusClassLoader] (main) Adding elements io.quarkus.bootstrap.classloading.PathTreeClassPathElement@686cf8ad to QuarkusClassLoader Quarkus Base Runtime ClassLoader: TEST
2022-11-24 09:59:00,535 DEBUG [io.qua.boo.cla.QuarkusClassLoader] (main) Adding elements io.quarkus.bootstrap.classloading.PathTreeClassPathElement@747f6c5a to QuarkusClassLoader Quarkus Base Runtime ClassLoader: TEST
2022-11-24 09:59:00,535 DEBUG [io.qua.boo.cla.QuarkusClassLoader] (main) Adding elements io.quarkus.bootstrap.classloading.PathTreeClassPathElement@66e341e9 to QuarkusClassLoader Quarkus Base Runtime ClassLoader: TEST
2022-11-24 09:59:00,536 DEBUG [io.qua.boo.cla.QuarkusClassLoader] (main) Adding elements io.quarkus.bootstrap.classloading.PathTreeClassPathElement@5b48f0f4 to QuarkusClassLoader Quarkus Base Runtime ClassLoader: TEST
2022-11-24 09:59:00,536 DEBUG [io.qua.boo.cla.QuarkusClassLoader] (main) Adding elements io.quarkus.bootstrap.classloading.PathTreeClassPathElement@546ed2a0 to QuarkusClassLoader Quarkus Base Runtime ClassLoader: TEST
2022-11-24 09:59:00,537 DEBUG [io.qua.boo.cla.QuarkusClassLoader] (main) Adding elements io.quarkus.bootstrap.classloading.PathTreeClassPathElement@5bfc79cb to QuarkusClassLoader Quarkus Base Runtime ClassLoader: TEST
2022-11-24 09:59:00,537 DEBUG [io.qua.boo.cla.QuarkusClassLoader] (main) Adding elements io.quarkus.bootstrap.classloading.PathTreeClassPathElement@27ec8754 to QuarkusClassLoader Quarkus Base Runtime ClassLoader: TEST
2022-11-24 09:59:00,538 DEBUG [io.qua.boo.cla.QuarkusClassLoader] (main) Adding elements io.quarkus.bootstrap.classloading.PathTreeClassPathElement@3bbf1c0d to QuarkusClassLoader Quarkus Base Runtime ClassLoader: TEST
2022-11-24 09:59:00,538 DEBUG [io.qua.boo.cla.QuarkusClassLoader] (main) Adding elements io.quarkus.bootstrap.classloading.PathTreeClassPathElement@19662208 to QuarkusClassLoader Quarkus Base Runtime ClassLoader: TEST
2022-11-24 09:59:00,538 DEBUG [io.qua.boo.cla.QuarkusClassLoader] (main) Adding parent first element io.quarkus.bootstrap.classloading.PathTreeClassPathElement@216c22ce to QuarkusClassLoader Quarkus Base Runtime ClassLoader: TEST
2022-11-24 09:59:00,538 DEBUG [io.qua.boo.cla.QuarkusClassLoader] (main) Adding elements io.quarkus.bootstrap.classloading.PathTreeClassPathElement@216c22ce to QuarkusClassLoader Quarkus Base Runtime ClassLoader: TEST
2022-11-24 09:59:00,538 DEBUG [io.qua.boo.cla.QuarkusClassLoader] (main) Adding elements io.quarkus.bootstrap.classloading.PathTreeClassPathElement@62f9c790 to QuarkusClassLoader Quarkus Base Runtime ClassLoader: TEST
2022-11-24 09:59:00,539 DEBUG [io.qua.boo.cla.QuarkusClassLoader] (main) Adding elements io.quarkus.bootstrap.classloading.PathTreeClassPathElement@21e5f0b6 to QuarkusClassLoader Quarkus Base Runtime ClassLoader: TEST
2022-11-24 09:59:00,539 DEBUG [io.qua.boo.cla.QuarkusClassLoader] (main) Adding elements io.quarkus.bootstrap.classloading.PathTreeClassPathElement@93bf0e0 to QuarkusClassLoader Quarkus Base Runtime ClassLoader: TEST
2022-11-24 09:59:00,539 DEBUG [io.qua.boo.cla.QuarkusClassLoader] (main) Adding elements io.quarkus.bootstrap.classloading.PathTreeClassPathElement@4981d95b to QuarkusClassLoader Quarkus Base Runtime ClassLoader: TEST
2022-11-24 09:59:00,539 DEBUG [io.qua.boo.cla.QuarkusClassLoader] (main) Adding elements io.quarkus.bootstrap.classloading.PathTreeClassPathElement@656842bc to QuarkusClassLoader Quarkus Base Runtime ClassLoader: TEST
2022-11-24 09:59:00,540 DEBUG [io.qua.boo.cla.QuarkusClassLoader] (main) Adding elements io.quarkus.bootstrap.classloading.PathTreeClassPathElement@6b867ee7 to QuarkusClassLoader Quarkus Base Runtime ClassLoader: TEST
2022-11-24 09:59:00,540 DEBUG [io.qua.boo.cla.QuarkusClassLoader] (main) Adding parent first element io.quarkus.bootstrap.classloading.PathTreeClassPathElement@3dec3f87 to QuarkusClassLoader Quarkus Base Runtime ClassLoader: TEST
2022-11-24 09:59:00,540 DEBUG [io.qua.boo.cla.QuarkusClassLoader] (main) Adding elements io.quarkus.bootstrap.classloading.PathTreeClassPathElement@3dec3f87 to QuarkusClassLoader Quarkus Base Runtime ClassLoader: TEST
2022-11-24 09:59:00,544 DEBUG [io.qua.boo.cla.QuarkusClassLoader] (main) Adding elements io.quarkus.bootstrap.classloading.PathTreeClassPathElement@7a606260 to QuarkusClassLoader Quarkus Base Runtime ClassLoader: TEST
2022-11-24 09:59:00,545 DEBUG [io.qua.boo.cla.QuarkusClassLoader] (main) Adding elements io.quarkus.bootstrap.classloading.PathTreeClassPathElement@5dbab232 to QuarkusClassLoader Quarkus Base Runtime ClassLoader: TEST
2022-11-24 09:59:00,546 DEBUG [io.qua.boo.cla.QuarkusClassLoader] (main) Adding parent first element io.quarkus.bootstrap.classloading.PathTreeClassPathElement@5939e24 to QuarkusClassLoader Quarkus Base Runtime ClassLoader: TEST
2022-11-24 09:59:00,546 DEBUG [io.qua.boo.cla.QuarkusClassLoader] (main) Adding elements io.quarkus.bootstrap.classloading.PathTreeClassPathElement@5939e24 to QuarkusClassLoader Quarkus Base Runtime ClassLoader: TEST
2022-11-24 09:59:00,546 DEBUG [io.qua.boo.cla.QuarkusClassLoader] (main) Adding parent first element io.quarkus.bootstrap.classloading.PathTreeClassPathElement@595f9916 to QuarkusClassLoader Quarkus Base Runtime ClassLoader: TEST
2022-11-24 09:59:00,546 DEBUG [io.qua.boo.cla.QuarkusClassLoader] (main) Adding elements io.quarkus.bootstrap.classloading.PathTreeClassPathElement@595f9916 to QuarkusClassLoader Quarkus Base Runtime ClassLoader: TEST
2022-11-24 09:59:00,546 DEBUG [io.qua.boo.cla.QuarkusClassLoader] (main) Adding parent first element io.quarkus.bootstrap.classloading.PathTreeClassPathElement@2055833f to QuarkusClassLoader Quarkus Base Runtime ClassLoader: TEST
2022-11-24 09:59:00,547 DEBUG [io.qua.boo.cla.QuarkusClassLoader] (main) Adding elements io.quarkus.bootstrap.classloading.PathTreeClassPathElement@2055833f to QuarkusClassLoader Quarkus Base Runtime ClassLoader: TEST
2022-11-24 09:59:00,548 DEBUG [io.qua.boo.cla.QuarkusClassLoader] (main) Adding parent first element io.quarkus.bootstrap.classloading.PathTreeClassPathElement@28768e25 to QuarkusClassLoader Quarkus Base Runtime ClassLoader: TEST
2022-11-24 09:59:00,548 DEBUG [io.qua.boo.cla.QuarkusClassLoader] (main) Adding elements io.quarkus.bootstrap.classloading.PathTreeClassPathElement@28768e25 to QuarkusClassLoader Quarkus Base Runtime ClassLoader: TEST
2022-11-24 09:59:00,548 DEBUG [io.qua.boo.cla.QuarkusClassLoader] (main) Adding parent first element io.quarkus.bootstrap.classloading.PathTreeClassPathElement@310d57b1 to QuarkusClassLoader Quarkus Base Runtime ClassLoader: TEST
2022-11-24 09:59:00,551 DEBUG [io.qua.boo.cla.QuarkusClassLoader] (main) Adding elements io.quarkus.bootstrap.classloading.PathTreeClassPathElement@310d57b1 to QuarkusClassLoader Quarkus Base Runtime ClassLoader: TEST
2022-11-24 09:59:00,551 DEBUG [io.qua.boo.cla.QuarkusClassLoader] (main) Adding elements io.quarkus.bootstrap.classloading.PathTreeClassPathElement@143fefaf to QuarkusClassLoader Quarkus Base Runtime ClassLoader: TEST
2022-11-24 09:59:00,551 DEBUG [io.qua.boo.cla.QuarkusClassLoader] (main) Adding elements io.quarkus.bootstrap.classloading.PathTreeClassPathElement@18ffca6c to QuarkusClassLoader Quarkus Base Runtime ClassLoader: TEST
2022-11-24 09:59:00,552 DEBUG [io.qua.boo.cla.QuarkusClassLoader] (main) Adding elements io.quarkus.bootstrap.classloading.PathTreeClassPathElement@46468f0 to QuarkusClassLoader Quarkus Base Runtime ClassLoader: TEST
2022-11-24 09:59:00,552 DEBUG [io.qua.boo.cla.QuarkusClassLoader] (main) Adding elements io.quarkus.bootstrap.classloading.PathTreeClassPathElement@5f8f1712 to QuarkusClassLoader Quarkus Base Runtime ClassLoader: TEST
2022-11-24 09:59:00,552 DEBUG [io.qua.boo.cla.QuarkusClassLoader] (main) Adding elements io.quarkus.bootstrap.classloading.PathTreeClassPathElement@34a6d9db to QuarkusClassLoader Quarkus Base Runtime ClassLoader: TEST
2022-11-24 09:59:00,553 DEBUG [io.qua.boo.cla.QuarkusClassLoader] (main) Adding elements io.quarkus.bootstrap.classloading.PathTreeClassPathElement@52ecc989 to QuarkusClassLoader Quarkus Base Runtime ClassLoader: TEST
2022-11-24 09:59:00,553 DEBUG [io.qua.boo.cla.QuarkusClassLoader] (main) Adding elements io.quarkus.bootstrap.classloading.PathTreeClassPathElement@756808cc to QuarkusClassLoader Quarkus Base Runtime ClassLoader: TEST
2022-11-24 09:59:00,553 DEBUG [io.qua.boo.cla.QuarkusClassLoader] (main) Adding elements io.quarkus.bootstrap.classloading.PathTreeClassPathElement@52f8a6f4 to QuarkusClassLoader Quarkus Base Runtime ClassLoader: TEST
2022-11-24 09:59:00,554 DEBUG [io.qua.boo.cla.QuarkusClassLoader] (main) Adding elements io.quarkus.bootstrap.classloading.PathTreeClassPathElement@5012c571 to QuarkusClassLoader Quarkus Base Runtime ClassLoader: TEST
2022-11-24 09:59:00,554 DEBUG [io.qua.boo.cla.QuarkusClassLoader] (main) Adding elements io.quarkus.bootstrap.classloading.PathTreeClassPathElement@6486fe7b to QuarkusClassLoader Quarkus Base Runtime ClassLoader: TEST
2022-11-24 09:59:00,554 DEBUG [io.qua.boo.cla.QuarkusClassLoader] (main) Adding elements io.quarkus.bootstrap.classloading.PathTreeClassPathElement@511da44f to QuarkusClassLoader Quarkus Base Runtime ClassLoader: TEST
2022-11-24 09:59:00,554 DEBUG [io.qua.boo.cla.QuarkusClassLoader] (main) Adding elements io.quarkus.bootstrap.classloading.PathTreeClassPathElement@4645679e to QuarkusClassLoader Quarkus Base Runtime ClassLoader: TEST
2022-11-24 09:59:00,555 DEBUG [io.qua.boo.cla.QuarkusClassLoader] (main) Adding elements io.quarkus.bootstrap.classloading.PathTreeClassPathElement@3a0b6a to QuarkusClassLoader Quarkus Base Runtime ClassLoader: TEST
2022-11-24 09:59:00,555 DEBUG [io.qua.boo.cla.QuarkusClassLoader] (main) Adding elements io.quarkus.bootstrap.classloading.PathTreeClassPathElement@539c4830 to QuarkusClassLoader Quarkus Base Runtime ClassLoader: TEST
2022-11-24 09:59:00,555 DEBUG [io.qua.boo.cla.QuarkusClassLoader] (main) Adding elements io.quarkus.bootstrap.classloading.PathTreeClassPathElement@6f1fa1d0 to QuarkusClassLoader Quarkus Base Runtime ClassLoader: TEST
2022-11-24 09:59:00,556 DEBUG [io.qua.boo.cla.QuarkusClassLoader] (main) Adding elements io.quarkus.bootstrap.classloading.PathTreeClassPathElement@28b523a to QuarkusClassLoader Quarkus Base Runtime ClassLoader: TEST
2022-11-24 09:59:00,556 DEBUG [io.qua.boo.cla.QuarkusClassLoader] (main) Adding elements io.quarkus.bootstrap.classloading.PathTreeClassPathElement@52ba685a to QuarkusClassLoader Quarkus Base Runtime ClassLoader: TEST
2022-11-24 09:59:00,557 DEBUG [io.qua.boo.cla.QuarkusClassLoader] (main) Adding elements io.quarkus.bootstrap.classloading.PathTreeClassPathElement@63d677f5 to QuarkusClassLoader Quarkus Base Runtime ClassLoader: TEST
2022-11-24 09:59:00,557 DEBUG [io.qua.boo.cla.QuarkusClassLoader] (main) Adding elements io.quarkus.bootstrap.classloading.PathTreeClassPathElement@71d55b7e to QuarkusClassLoader Quarkus Base Runtime ClassLoader: TEST
2022-11-24 09:59:00,557 DEBUG [io.qua.boo.cla.QuarkusClassLoader] (main) Adding elements io.quarkus.bootstrap.classloading.PathTreeClassPathElement@2997ddfc to QuarkusClassLoader Quarkus Base Runtime ClassLoader: TEST
2022-11-24 09:59:00,557 DEBUG [io.qua.boo.cla.QuarkusClassLoader] (main) Adding elements io.quarkus.bootstrap.classloading.PathTreeClassPathElement@28ee882c to QuarkusClassLoader Quarkus Base Runtime ClassLoader: TEST
2022-11-24 09:59:00,558 DEBUG [io.qua.boo.cla.QuarkusClassLoader] (main) Adding elements io.quarkus.bootstrap.classloading.PathTreeClassPathElement@78d73b1b to QuarkusClassLoader Quarkus Base Runtime ClassLoader: TEST
2022-11-24 09:59:00,558 DEBUG [io.qua.boo.cla.QuarkusClassLoader] (main) Adding elements io.quarkus.bootstrap.classloading.PathTreeClassPathElement@238291d4 to QuarkusClassLoader Quarkus Base Runtime ClassLoader: TEST
2022-11-24 09:59:00,564 DEBUG [io.qua.boo.cla.QuarkusClassLoader] (main) Adding elements io.quarkus.bootstrap.classloading.PathTreeClassPathElement@34edd065 to QuarkusClassLoader Quarkus Base Runtime ClassLoader: TEST
2022-11-24 09:59:00,564 DEBUG [io.qua.boo.cla.QuarkusClassLoader] (main) Adding elements io.quarkus.bootstrap.classloading.PathTreeClassPathElement@681e913c to QuarkusClassLoader Quarkus Base Runtime ClassLoader: TEST
2022-11-24 09:59:00,565 DEBUG [io.qua.boo.cla.QuarkusClassLoader] (main) Adding elements io.quarkus.bootstrap.classloading.PathTreeClassPathElement@29d070c7 to QuarkusClassLoader Quarkus Base Runtime ClassLoader: TEST
2022-11-24 09:59:00,568 DEBUG [io.qua.boo.cla.QuarkusClassLoader] (main) Adding elements io.quarkus.bootstrap.classloading.PathTreeClassPathElement@1eeb5818 to QuarkusClassLoader Quarkus Base Runtime ClassLoader: TEST
2022-11-24 09:59:00,569 DEBUG [io.qua.boo.cla.QuarkusClassLoader] (main) Adding elements io.quarkus.bootstrap.classloading.PathTreeClassPathElement@44dfdd58 to QuarkusClassLoader Quarkus Base Runtime ClassLoader: TEST
2022-11-24 09:59:00,569 DEBUG [io.qua.boo.cla.QuarkusClassLoader] (main) Adding elements io.quarkus.bootstrap.classloading.PathTreeClassPathElement@58d4238e to QuarkusClassLoader Quarkus Base Runtime ClassLoader: TEST
2022-11-24 09:59:00,569 DEBUG [io.qua.boo.cla.QuarkusClassLoader] (main) Adding elements io.quarkus.bootstrap.classloading.PathTreeClassPathElement@72a8361b to QuarkusClassLoader Quarkus Base Runtime ClassLoader: TEST
2022-11-24 09:59:00,570 DEBUG [io.qua.boo.cla.QuarkusClassLoader] (main) Adding elements io.quarkus.bootstrap.classloading.PathTreeClassPathElement@36478bce to QuarkusClassLoader Quarkus Base Runtime ClassLoader: TEST
2022-11-24 09:59:00,570 DEBUG [io.qua.boo.cla.QuarkusClassLoader] (main) Adding elements io.quarkus.bootstrap.classloading.PathTreeClassPathElement@c48b543 to QuarkusClassLoader Quarkus Base Runtime ClassLoader: TEST
2022-11-24 09:59:00,570 DEBUG [io.qua.boo.cla.QuarkusClassLoader] (main) Adding elements io.quarkus.bootstrap.classloading.PathTreeClassPathElement@75793f17 to QuarkusClassLoader Quarkus Base Runtime ClassLoader: TEST
2022-11-24 09:59:00,570 DEBUG [io.qua.boo.cla.QuarkusClassLoader] (main) Adding elements io.quarkus.bootstrap.classloading.PathTreeClassPathElement@4652c74d to QuarkusClassLoader Quarkus Base Runtime ClassLoader: TEST
2022-11-24 09:59:00,570 DEBUG [io.qua.boo.cla.QuarkusClassLoader] (main) Adding elements io.quarkus.bootstrap.classloading.PathTreeClassPathElement@4cc12db2 to QuarkusClassLoader Quarkus Base Runtime ClassLoader: TEST
2022-11-24 09:59:00,571 DEBUG [io.qua.boo.cla.QuarkusClassLoader] (main) Adding elements io.quarkus.bootstrap.classloading.PathTreeClassPathElement@5ea7bc4 to QuarkusClassLoader Quarkus Base Runtime ClassLoader: TEST
2022-11-24 09:59:00,571 DEBUG [io.qua.boo.cla.QuarkusClassLoader] (main) Adding elements io.quarkus.bootstrap.classloading.PathTreeClassPathElement@39d77de9 to QuarkusClassLoader Quarkus Base Runtime ClassLoader: TEST
2022-11-24 09:59:00,571 DEBUG [io.qua.boo.cla.QuarkusClassLoader] (main) Adding elements io.quarkus.bootstrap.classloading.PathTreeClassPathElement@696fad31 to QuarkusClassLoader Quarkus Base Runtime ClassLoader: TEST
2022-11-24 09:59:00,571 DEBUG [io.qua.boo.cla.QuarkusClassLoader] (main) Adding elements io.quarkus.bootstrap.classloading.PathTreeClassPathElement@2c06b113 to QuarkusClassLoader Quarkus Base Runtime ClassLoader: TEST
2022-11-24 09:59:00,571 DEBUG [io.qua.boo.cla.QuarkusClassLoader] (main) Adding elements io.quarkus.bootstrap.classloading.PathTreeClassPathElement@7a64cb0c to QuarkusClassLoader Quarkus Base Runtime ClassLoader: TEST
2022-11-24 09:59:00,572 DEBUG [io.qua.boo.cla.QuarkusClassLoader] (main) Adding elements io.quarkus.bootstrap.classloading.PathTreeClassPathElement@785ed99c to QuarkusClassLoader Quarkus Base Runtime ClassLoader: TEST
2022-11-24 09:59:00,572 DEBUG [io.qua.boo.cla.QuarkusClassLoader] (main) Adding elements io.quarkus.bootstrap.classloading.PathTreeClassPathElement@6c4ce583 to QuarkusClassLoader Quarkus Base Runtime ClassLoader: TEST
2022-11-24 09:59:00,572 DEBUG [io.qua.boo.cla.QuarkusClassLoader] (main) Adding elements io.quarkus.bootstrap.classloading.PathTreeClassPathElement@755b5f30 to QuarkusClassLoader Quarkus Base Runtime ClassLoader: TEST
2022-11-24 09:59:00,572 DEBUG [io.qua.boo.cla.QuarkusClassLoader] (main) Adding elements io.quarkus.bootstrap.classloading.PathTreeClassPathElement@29bbc63c to QuarkusClassLoader Quarkus Base Runtime ClassLoader: TEST
2022-11-24 09:59:00,572 DEBUG [io.qua.boo.cla.QuarkusClassLoader] (main) Adding elements io.quarkus.bootstrap.classloading.PathTreeClassPathElement@272778ae to QuarkusClassLoader Quarkus Base Runtime ClassLoader: TEST
2022-11-24 09:59:00,573 DEBUG [io.qua.boo.cla.QuarkusClassLoader] (main) Adding elements io.quarkus.bootstrap.classloading.PathTreeClassPathElement@2cccf134 to QuarkusClassLoader Quarkus Base Runtime ClassLoader: TEST
2022-11-24 09:59:00,573 DEBUG [io.qua.boo.cla.QuarkusClassLoader] (main) Adding elements io.quarkus.bootstrap.classloading.PathTreeClassPathElement@3c18942 to QuarkusClassLoader Quarkus Base Runtime ClassLoader: TEST
2022-11-24 09:59:00,573 DEBUG [io.qua.boo.cla.QuarkusClassLoader] (main) Adding elements io.quarkus.bootstrap.classloading.PathTreeClassPathElement@743c3520 to QuarkusClassLoader Quarkus Base Runtime ClassLoader: TEST
2022-11-24 09:59:00,573 DEBUG [io.qua.boo.cla.QuarkusClassLoader] (main) Adding elements io.quarkus.bootstrap.classloading.PathTreeClassPathElement@6842c101 to QuarkusClassLoader Quarkus Base Runtime ClassLoader: TEST
2022-11-24 09:59:00,573 DEBUG [io.qua.boo.cla.QuarkusClassLoader] (main) Adding elements io.quarkus.bootstrap.classloading.PathTreeClassPathElement@234cd86c to QuarkusClassLoader Quarkus Base Runtime ClassLoader: TEST
2022-11-24 09:59:00,574 DEBUG [io.qua.boo.cla.QuarkusClassLoader] (main) Adding elements io.quarkus.bootstrap.classloading.PathTreeClassPathElement@2c48cede to QuarkusClassLoader Quarkus Base Runtime ClassLoader: TEST
2022-11-24 09:59:00,574 DEBUG [io.qua.boo.cla.QuarkusClassLoader] (main) Adding elements io.quarkus.bootstrap.classloading.PathTreeClassPathElement@39c87b42 to QuarkusClassLoader Quarkus Base Runtime ClassLoader: TEST
2022-11-24 09:59:00,574 DEBUG [io.qua.boo.cla.QuarkusClassLoader] (main) Adding parent first element io.quarkus.bootstrap.classloading.PathTreeClassPathElement@47fcefb3 to QuarkusClassLoader Quarkus Base Runtime ClassLoader: TEST
2022-11-24 09:59:00,574 DEBUG [io.qua.boo.cla.QuarkusClassLoader] (main) Adding elements io.quarkus.bootstrap.classloading.PathTreeClassPathElement@47fcefb3 to QuarkusClassLoader Quarkus Base Runtime ClassLoader: TEST
2022-11-24 09:59:00,574 DEBUG [io.qua.boo.cla.QuarkusClassLoader] (main) Adding elements io.quarkus.bootstrap.classloading.PathTreeClassPathElement@236c098 to QuarkusClassLoader Quarkus Base Runtime ClassLoader: TEST
2022-11-24 09:59:00,575 DEBUG [io.qua.boo.cla.QuarkusClassLoader] (main) Adding elements io.quarkus.bootstrap.classloading.PathTreeClassPathElement@68e2d03e to QuarkusClassLoader Quarkus Base Runtime ClassLoader: TEST
2022-11-24 09:59:00,575 DEBUG [io.qua.boo.cla.QuarkusClassLoader] (main) Adding elements io.quarkus.bootstrap.classloading.PathTreeClassPathElement@120aa40b to QuarkusClassLoader Quarkus Base Runtime ClassLoader: TEST
2022-11-24 09:59:00,575 DEBUG [io.qua.boo.cla.QuarkusClassLoader] (main) Adding elements io.quarkus.bootstrap.classloading.PathTreeClassPathElement@32ab408e to QuarkusClassLoader Quarkus Base Runtime ClassLoader: TEST
2022-11-24 09:59:00,575 DEBUG [io.qua.boo.cla.QuarkusClassLoader] (main) Adding elements io.quarkus.bootstrap.classloading.PathTreeClassPathElement@6ad6443 to QuarkusClassLoader Quarkus Base Runtime ClassLoader: TEST
2022-11-24 09:59:00,575 DEBUG [io.qua.boo.cla.QuarkusClassLoader] (main) Adding elements io.quarkus.bootstrap.classloading.PathTreeClassPathElement@78b03788 to QuarkusClassLoader Quarkus Base Runtime ClassLoader: TEST
2022-11-24 09:59:00,576 DEBUG [io.qua.boo.cla.QuarkusClassLoader] (main) Adding elements io.quarkus.bootstrap.classloading.PathTreeClassPathElement@3f5dfe69 to QuarkusClassLoader Quarkus Base Runtime ClassLoader: TEST
2022-11-24 09:59:00,576 DEBUG [io.qua.boo.cla.QuarkusClassLoader] (main) Adding elements io.quarkus.bootstrap.classloading.PathTreeClassPathElement@571a663c to QuarkusClassLoader Quarkus Base Runtime ClassLoader: TEST
2022-11-24 09:59:00,577 DEBUG [io.qua.boo.cla.QuarkusClassLoader] (main) Adding elements io.quarkus.bootstrap.classloading.PathTreeClassPathElement@3a788fe0 to QuarkusClassLoader Quarkus Base Runtime ClassLoader: TEST
2022-11-24 09:59:00,577 DEBUG [io.qua.boo.cla.QuarkusClassLoader] (main) Adding elements io.quarkus.bootstrap.classloading.PathTreeClassPathElement@430df350 to QuarkusClassLoader Quarkus Base Runtime ClassLoader: TEST
2022-11-24 09:59:00,577 DEBUG [io.qua.boo.cla.QuarkusClassLoader] (main) Adding elements io.quarkus.bootstrap.classloading.PathTreeClassPathElement@1373e3ee to QuarkusClassLoader Quarkus Base Runtime ClassLoader: TEST
2022-11-24 09:59:00,577 DEBUG [io.qua.boo.cla.QuarkusClassLoader] (main) Adding elements io.quarkus.bootstrap.classloading.PathTreeClassPathElement@175c5c3a to QuarkusClassLoader Quarkus Base Runtime ClassLoader: TEST
2022-11-24 09:59:00,577 DEBUG [io.qua.boo.cla.QuarkusClassLoader] (main) Adding elements io.quarkus.bootstrap.classloading.PathTreeClassPathElement@69a5c6be to QuarkusClassLoader Quarkus Base Runtime ClassLoader: TEST
2022-11-24 09:59:00,578 DEBUG [io.qua.boo.cla.QuarkusClassLoader] (main) Adding elements io.quarkus.bootstrap.classloading.PathTreeClassPathElement@451e2fa9 to QuarkusClassLoader Quarkus Base Runtime ClassLoader: TEST
2022-11-24 09:59:00,578 DEBUG [io.qua.boo.cla.QuarkusClassLoader] (main) Adding elements io.quarkus.bootstrap.classloading.PathTreeClassPathElement@497ed877 to QuarkusClassLoader Quarkus Base Runtime ClassLoader: TEST
2022-11-24 09:59:00,578 DEBUG [io.qua.boo.cla.QuarkusClassLoader] (main) Adding elements io.quarkus.bootstrap.classloading.PathTreeClassPathElement@3cb6e0ee to QuarkusClassLoader Quarkus Base Runtime ClassLoader: TEST
2022-11-24 09:59:00,578 DEBUG [io.qua.boo.cla.QuarkusClassLoader] (main) Adding elements io.quarkus.bootstrap.classloading.PathTreeClassPathElement@7b6141f0 to QuarkusClassLoader Quarkus Base Runtime ClassLoader: TEST
2022-11-24 09:59:00,578 DEBUG [io.qua.boo.cla.QuarkusClassLoader] (main) Adding elements io.quarkus.bootstrap.classloading.PathTreeClassPathElement@4fb64a52 to QuarkusClassLoader Quarkus Base Runtime ClassLoader: TEST
2022-11-24 09:59:00,579 DEBUG [io.qua.boo.cla.QuarkusClassLoader] (main) Adding elements io.quarkus.bootstrap.classloading.PathTreeClassPathElement@70b48eb3 to QuarkusClassLoader Quarkus Base Runtime ClassLoader: TEST
2022-11-24 09:59:00,579 DEBUG [io.qua.boo.cla.QuarkusClassLoader] (main) Adding parent first element io.quarkus.bootstrap.classloading.PathTreeClassPathElement@7b8ea1db to QuarkusClassLoader Quarkus Base Runtime ClassLoader: TEST
2022-11-24 09:59:00,579 DEBUG [io.qua.boo.cla.QuarkusClassLoader] (main) Adding elements io.quarkus.bootstrap.classloading.PathTreeClassPathElement@7b8ea1db to QuarkusClassLoader Quarkus Base Runtime ClassLoader: TEST
2022-11-24 09:59:00,579 DEBUG [io.qua.boo.cla.QuarkusClassLoader] (main) Adding parent first element io.quarkus.bootstrap.classloading.PathTreeClassPathElement@a91119b to QuarkusClassLoader Quarkus Base Runtime ClassLoader: TEST
2022-11-24 09:59:00,579 DEBUG [io.qua.boo.cla.QuarkusClassLoader] (main) Adding elements io.quarkus.bootstrap.classloading.PathTreeClassPathElement@a91119b to QuarkusClassLoader Quarkus Base Runtime ClassLoader: TEST
2022-11-24 09:59:00,580 DEBUG [io.qua.boo.cla.QuarkusClassLoader] (main) Adding parent first element io.quarkus.bootstrap.classloading.PathTreeClassPathElement@77083e41 to QuarkusClassLoader Quarkus Base Runtime ClassLoader: TEST
2022-11-24 09:59:00,580 DEBUG [io.qua.boo.cla.QuarkusClassLoader] (main) Adding elements io.quarkus.bootstrap.classloading.PathTreeClassPathElement@77083e41 to QuarkusClassLoader Quarkus Base Runtime ClassLoader: TEST
2022-11-24 09:59:00,580 DEBUG [io.qua.boo.cla.QuarkusClassLoader] (main) Adding elements io.quarkus.bootstrap.classloading.PathTreeClassPathElement@231df705 to QuarkusClassLoader Quarkus Base Runtime ClassLoader: TEST
2022-11-24 09:59:00,580 DEBUG [io.qua.boo.cla.QuarkusClassLoader] (main) Adding elements io.quarkus.bootstrap.classloading.PathTreeClassPathElement@2d130ac4 to QuarkusClassLoader Quarkus Base Runtime ClassLoader: TEST
2022-11-24 09:59:00,581 DEBUG [io.qua.boo.cla.QuarkusClassLoader] (main) Adding elements io.quarkus.bootstrap.classloading.PathTreeClassPathElement@2f0ccb34 to QuarkusClassLoader Quarkus Base Runtime ClassLoader: TEST
2022-11-24 09:59:00,581 DEBUG [io.qua.boo.cla.QuarkusClassLoader] (main) Adding elements io.quarkus.bootstrap.classloading.PathTreeClassPathElement@194012a2 to QuarkusClassLoader Quarkus Base Runtime ClassLoader: TEST
2022-11-24 09:59:00,581 DEBUG [io.qua.boo.cla.QuarkusClassLoader] (main) Adding elements io.quarkus.bootstrap.classloading.PathTreeClassPathElement@55296b50 to QuarkusClassLoader Quarkus Base Runtime ClassLoader: TEST
2022-11-24 09:59:00,582 DEBUG [io.qua.boo.cla.QuarkusClassLoader] (main) Adding elements io.quarkus.bootstrap.classloading.PathTreeClassPathElement@60591e1b to QuarkusClassLoader Quarkus Base Runtime ClassLoader: TEST
2022-11-24 09:59:00,582 DEBUG [io.qua.boo.cla.QuarkusClassLoader] (main) Adding elements io.quarkus.bootstrap.classloading.PathTreeClassPathElement@29c53c4f to QuarkusClassLoader Quarkus Base Runtime ClassLoader: TEST
2022-11-24 09:59:00,590 DEBUG [io.qua.boo.cla.QuarkusClassLoader] (main) Adding elements io.quarkus.bootstrap.classloading.PathTreeClassPathElement@3009eed7 to QuarkusClassLoader Quarkus Base Runtime ClassLoader: TEST
2022-11-24 09:59:00,590 DEBUG [io.qua.boo.cla.QuarkusClassLoader] (main) Adding elements io.quarkus.bootstrap.classloading.PathTreeClassPathElement@2ee4706d to QuarkusClassLoader Quarkus Base Runtime ClassLoader: TEST
2022-11-24 09:59:00,593 DEBUG [io.qua.boo.cla.QuarkusClassLoader] (main) Adding elements io.quarkus.bootstrap.classloading.PathTreeClassPathElement@6650a6c to QuarkusClassLoader Quarkus Base Runtime ClassLoader: TEST
2022-11-24 09:59:00,593 DEBUG [io.qua.boo.cla.QuarkusClassLoader] (main) Adding elements io.quarkus.bootstrap.classloading.PathTreeClassPathElement@64279ab to QuarkusClassLoader Quarkus Base Runtime ClassLoader: TEST
2022-11-24 09:59:00,593 DEBUG [io.qua.boo.cla.QuarkusClassLoader] (main) Adding elements io.quarkus.bootstrap.classloading.PathTreeClassPathElement@794240e2 to QuarkusClassLoader Quarkus Base Runtime ClassLoader: TEST
2022-11-24 09:59:00,594 DEBUG [io.qua.boo.cla.QuarkusClassLoader] (main) Adding parent first element io.quarkus.bootstrap.classloading.PathTreeClassPathElement@74a820bf to QuarkusClassLoader Quarkus Base Runtime ClassLoader: TEST
2022-11-24 09:59:00,594 DEBUG [io.qua.boo.cla.QuarkusClassLoader] (main) Adding elements io.quarkus.bootstrap.classloading.PathTreeClassPathElement@74a820bf to QuarkusClassLoader Quarkus Base Runtime ClassLoader: TEST
2022-11-24 09:59:00,594 DEBUG [io.qua.boo.cla.QuarkusClassLoader] (main) Adding elements io.quarkus.bootstrap.classloading.PathTreeClassPathElement@5a30722c to QuarkusClassLoader Quarkus Base Runtime ClassLoader: TEST
2022-11-24 09:59:00,594 DEBUG [io.qua.boo.cla.QuarkusClassLoader] (main) Adding elements io.quarkus.bootstrap.classloading.PathTreeClassPathElement@4f2ac7e0 to QuarkusClassLoader Quarkus Base Runtime ClassLoader: TEST
2022-11-24 09:59:00,594 DEBUG [io.qua.boo.cla.QuarkusClassLoader] (main) Adding parent first element io.quarkus.bootstrap.classloading.PathTreeClassPathElement@2484dbb7 to QuarkusClassLoader Quarkus Base Runtime ClassLoader: TEST
2022-11-24 09:59:00,594 DEBUG [io.qua.boo.cla.QuarkusClassLoader] (main) Adding elements io.quarkus.bootstrap.classloading.PathTreeClassPathElement@2484dbb7 to QuarkusClassLoader Quarkus Base Runtime ClassLoader: TEST
2022-11-24 09:59:00,595 DEBUG [io.qua.boo.cla.QuarkusClassLoader] (main) Adding parent first element io.quarkus.bootstrap.classloading.PathTreeClassPathElement@111cba40 to QuarkusClassLoader Quarkus Base Runtime ClassLoader: TEST
2022-11-24 09:59:00,595 DEBUG [io.qua.boo.cla.QuarkusClassLoader] (main) Adding elements io.quarkus.bootstrap.classloading.PathTreeClassPathElement@111cba40 to QuarkusClassLoader Quarkus Base Runtime ClassLoader: TEST
2022-11-24 09:59:00,595 DEBUG [io.qua.boo.cla.QuarkusClassLoader] (main) Adding elements io.quarkus.bootstrap.classloading.PathTreeClassPathElement@48e41b5d to QuarkusClassLoader Quarkus Base Runtime ClassLoader: TEST
2022-11-24 09:59:00,595 DEBUG [io.qua.boo.cla.QuarkusClassLoader] (main) Adding elements io.quarkus.bootstrap.classloading.PathTreeClassPathElement@51e8d066 to QuarkusClassLoader Quarkus Base Runtime ClassLoader: TEST
2022-11-24 09:59:00,595 DEBUG [io.qua.boo.cla.QuarkusClassLoader] (main) Adding elements io.quarkus.bootstrap.classloading.PathTreeClassPathElement@5333f08f to QuarkusClassLoader Quarkus Base Runtime ClassLoader: TEST
2022-11-24 09:59:00,596 DEBUG [io.qua.boo.cla.QuarkusClassLoader] (main) Adding elements io.quarkus.bootstrap.classloading.PathTreeClassPathElement@27898e13 to QuarkusClassLoader Quarkus Base Runtime ClassLoader: TEST
2022-11-24 09:59:00,596 DEBUG [io.qua.boo.cla.QuarkusClassLoader] (main) Adding elements io.quarkus.bootstrap.classloading.PathTreeClassPathElement@4f5f474c to QuarkusClassLoader Quarkus Base Runtime ClassLoader: TEST
2022-11-24 09:59:00,596 DEBUG [io.qua.boo.cla.QuarkusClassLoader] (main) Adding elements io.quarkus.bootstrap.classloading.PathTreeClassPathElement@58a3d521 to QuarkusClassLoader Quarkus Base Runtime ClassLoader: TEST
2022-11-24 09:59:00,596 DEBUG [io.qua.boo.cla.QuarkusClassLoader] (main) Adding parent first element io.quarkus.bootstrap.classloading.PathTreeClassPathElement@14d8e132 to QuarkusClassLoader Quarkus Base Runtime ClassLoader: TEST
2022-11-24 09:59:00,596 DEBUG [io.qua.boo.cla.QuarkusClassLoader] (main) Adding elements io.quarkus.bootstrap.classloading.PathTreeClassPathElement@14d8e132 to QuarkusClassLoader Quarkus Base Runtime ClassLoader: TEST
2022-11-24 09:59:00,597 DEBUG [io.qua.boo.cla.QuarkusClassLoader] (main) Adding elements io.quarkus.bootstrap.classloading.PathTreeClassPathElement@7f4a1cac to QuarkusClassLoader Quarkus Base Runtime ClassLoader: TEST
2022-11-24 09:59:00,597 DEBUG [io.qua.boo.cla.QuarkusClassLoader] (main) Adding elements io.quarkus.bootstrap.classloading.PathTreeClassPathElement@4a1a412e to QuarkusClassLoader Quarkus Base Runtime ClassLoader: TEST
2022-11-24 09:59:00,597 DEBUG [io.qua.boo.cla.QuarkusClassLoader] (main) Adding parent first element io.quarkus.bootstrap.classloading.PathTreeClassPathElement@c568f91 to QuarkusClassLoader Quarkus Base Runtime ClassLoader: TEST
2022-11-24 09:59:00,597 DEBUG [io.qua.boo.cla.QuarkusClassLoader] (main) Adding elements io.quarkus.bootstrap.classloading.PathTreeClassPathElement@c568f91 to QuarkusClassLoader Quarkus Base Runtime ClassLoader: TEST
2022-11-24 09:59:00,597 DEBUG [io.qua.boo.cla.QuarkusClassLoader] (main) Adding elements io.quarkus.bootstrap.classloading.PathTreeClassPathElement@5fd43e58 to QuarkusClassLoader Quarkus Base Runtime ClassLoader: TEST
2022-11-24 09:59:00,597 DEBUG [io.qua.boo.cla.QuarkusClassLoader] (main) Adding elements io.quarkus.bootstrap.classloading.PathTreeClassPathElement@70d4f672 to QuarkusClassLoader Quarkus Base Runtime ClassLoader: TEST
2022-11-24 09:59:00,598 DEBUG [io.qua.boo.cla.QuarkusClassLoader] (main) Adding elements io.quarkus.bootstrap.classloading.PathTreeClassPathElement@68dfda77 to QuarkusClassLoader Quarkus Base Runtime ClassLoader: TEST
2022-11-24 09:59:00,602 DEBUG [io.qua.boo.cla.QuarkusClassLoader] (main) Adding elements io.quarkus.bootstrap.classloading.PathTreeClassPathElement@50cdfafa to QuarkusClassLoader Quarkus Base Runtime ClassLoader: TEST
2022-11-24 09:59:00,602 DEBUG [io.qua.boo.cla.QuarkusClassLoader] (main) Adding elements io.quarkus.bootstrap.classloading.PathTreeClassPathElement@2e952845 to QuarkusClassLoader Quarkus Base Runtime ClassLoader: TEST
2022-11-24 09:59:00,603 DEBUG [io.qua.boo.cla.QuarkusClassLoader] (main) Adding elements io.quarkus.bootstrap.classloading.PathTreeClassPathElement@79252c83 to QuarkusClassLoader Quarkus Base Runtime ClassLoader: TEST
2022-11-24 09:59:00,603 DEBUG [io.qua.boo.cla.QuarkusClassLoader] (main) Adding elements io.quarkus.bootstrap.classloading.PathTreeClassPathElement@6fbf5db2 to QuarkusClassLoader Quarkus Base Runtime ClassLoader: TEST
2022-11-24 09:59:00,603 DEBUG [io.qua.boo.cla.QuarkusClassLoader] (main) Adding elements io.quarkus.bootstrap.classloading.PathTreeClassPathElement@509a6095 to QuarkusClassLoader Quarkus Base Runtime ClassLoader: TEST
2022-11-24 09:59:00,603 DEBUG [io.qua.boo.cla.QuarkusClassLoader] (main) Adding elements io.quarkus.bootstrap.classloading.PathTreeClassPathElement@57cabdc3 to QuarkusClassLoader Quarkus Base Runtime ClassLoader: TEST
2022-11-24 09:59:00,604 DEBUG [io.qua.boo.cla.QuarkusClassLoader] (main) Adding elements io.quarkus.bootstrap.classloading.PathTreeClassPathElement@75bd28d to QuarkusClassLoader Quarkus Base Runtime ClassLoader: TEST
2022-11-24 09:59:00,604 DEBUG [io.qua.boo.cla.QuarkusClassLoader] (main) Adding elements io.quarkus.bootstrap.classloading.PathTreeClassPathElement@129c4d19 to QuarkusClassLoader Quarkus Base Runtime ClassLoader: TEST
2022-11-24 09:59:00,604 DEBUG [io.qua.boo.cla.QuarkusClassLoader] (main) Adding elements io.quarkus.bootstrap.classloading.PathTreeClassPathElement@11810917 to QuarkusClassLoader Quarkus Base Runtime ClassLoader: TEST
2022-11-24 09:59:00,604 DEBUG [io.qua.boo.cla.QuarkusClassLoader] (main) Adding elements io.quarkus.bootstrap.classloading.PathTreeClassPathElement@13278a41 to QuarkusClassLoader Quarkus Base Runtime ClassLoader: TEST
2022-11-24 09:59:00,605 DEBUG [io.qua.boo.cla.QuarkusClassLoader] (main) Adding elements io.quarkus.bootstrap.classloading.PathTreeClassPathElement@4a31ed12 to QuarkusClassLoader Quarkus Base Runtime ClassLoader: TEST
2022-11-24 09:59:00,605 DEBUG [io.qua.boo.cla.QuarkusClassLoader] (main) Adding elements io.quarkus.bootstrap.classloading.PathTreeClassPathElement@3ab595c8 to QuarkusClassLoader Quarkus Base Runtime ClassLoader: TEST
2022-11-24 09:59:00,605 DEBUG [io.qua.boo.cla.QuarkusClassLoader] (main) Adding parent first element io.quarkus.bootstrap.classloading.PathTreeClassPathElement@2365ea38 to QuarkusClassLoader Quarkus Base Runtime ClassLoader: TEST
2022-11-24 09:59:00,605 DEBUG [io.qua.boo.cla.QuarkusClassLoader] (main) Adding elements io.quarkus.bootstrap.classloading.PathTreeClassPathElement@2365ea38 to QuarkusClassLoader Quarkus Base Runtime ClassLoader: TEST
2022-11-24 09:59:00,605 DEBUG [io.qua.boo.cla.QuarkusClassLoader] (main) Adding parent first element io.quarkus.bootstrap.classloading.PathTreeClassPathElement@cbf1997 to QuarkusClassLoader Quarkus Base Runtime ClassLoader: TEST
2022-11-24 09:59:00,606 DEBUG [io.qua.boo.cla.QuarkusClassLoader] (main) Adding elements io.quarkus.bootstrap.classloading.PathTreeClassPathElement@cbf1997 to QuarkusClassLoader Quarkus Base Runtime ClassLoader: TEST
2022-11-24 09:59:00,606 DEBUG [io.qua.boo.cla.QuarkusClassLoader] (main) Adding elements io.quarkus.bootstrap.classloading.PathTreeClassPathElement@49232c6f to QuarkusClassLoader Quarkus Base Runtime ClassLoader: TEST
2022-11-24 09:59:00,606 DEBUG [io.qua.boo.cla.QuarkusClassLoader] (main) Adding elements io.quarkus.bootstrap.classloading.PathTreeClassPathElement@5faeeb56 to QuarkusClassLoader Quarkus Base Runtime ClassLoader: TEST
2022-11-24 09:59:00,606 DEBUG [io.qua.boo.cla.QuarkusClassLoader] (main) Adding elements io.quarkus.bootstrap.classloading.PathTreeClassPathElement@5396eeb1 to QuarkusClassLoader Quarkus Base Runtime ClassLoader: TEST
2022-11-24 09:59:00,606 DEBUG [io.qua.boo.cla.QuarkusClassLoader] (main) Adding elements io.quarkus.bootstrap.classloading.PathTreeClassPathElement@279126f5 to QuarkusClassLoader Quarkus Base Runtime ClassLoader: TEST
2022-11-24 09:59:00,607 DEBUG [io.qua.boo.cla.QuarkusClassLoader] (main) Adding elements io.quarkus.bootstrap.classloading.PathTreeClassPathElement@7781263c to QuarkusClassLoader Quarkus Base Runtime ClassLoader: TEST
2022-11-24 09:59:00,607 DEBUG [io.qua.boo.cla.QuarkusClassLoader] (main) Adding elements io.quarkus.bootstrap.classloading.PathTreeClassPathElement@5fdd97c1 to QuarkusClassLoader Quarkus Base Runtime ClassLoader: TEST
2022-11-24 09:59:00,608 DEBUG [io.qua.boo.cla.QuarkusClassLoader] (main) Adding parent first element io.quarkus.bootstrap.classloading.PathTreeClassPathElement@3b5a19ed to QuarkusClassLoader Quarkus Base Runtime ClassLoader: TEST
2022-11-24 09:59:00,608 DEBUG [io.qua.boo.cla.QuarkusClassLoader] (main) Adding elements io.quarkus.bootstrap.classloading.PathTreeClassPathElement@3b5a19ed to QuarkusClassLoader Quarkus Base Runtime ClassLoader: TEST
2022-11-24 09:59:00,608 DEBUG [io.qua.boo.cla.QuarkusClassLoader] (main) Adding elements io.quarkus.bootstrap.classloading.PathTreeClassPathElement@15d236fd to QuarkusClassLoader Quarkus Base Runtime ClassLoader: TEST
2022-11-24 09:59:00,608 DEBUG [io.qua.boo.cla.QuarkusClassLoader] (main) Adding elements io.quarkus.bootstrap.classloading.PathTreeClassPathElement@6b9c42bd to QuarkusClassLoader Quarkus Base Runtime ClassLoader: TEST
2022-11-24 09:59:00,609 DEBUG [io.qua.boo.cla.QuarkusClassLoader] (main) Adding parent first element io.quarkus.bootstrap.classloading.PathTreeClassPathElement@584ca390 to QuarkusClassLoader Quarkus Base Runtime ClassLoader: TEST
2022-11-24 09:59:00,609 DEBUG [io.qua.boo.cla.QuarkusClassLoader] (main) Adding elements io.quarkus.bootstrap.classloading.PathTreeClassPathElement@584ca390 to QuarkusClassLoader Quarkus Base Runtime ClassLoader: TEST
2022-11-24 09:59:00,609 DEBUG [io.qua.boo.cla.QuarkusClassLoader] (main) Adding parent first element io.quarkus.bootstrap.classloading.PathTreeClassPathElement@33324c05 to QuarkusClassLoader Quarkus Base Runtime ClassLoader: TEST
2022-11-24 09:59:00,609 DEBUG [io.qua.boo.cla.QuarkusClassLoader] (main) Adding elements io.quarkus.bootstrap.classloading.PathTreeClassPathElement@33324c05 to QuarkusClassLoader Quarkus Base Runtime ClassLoader: TEST
2022-11-24 09:59:00,609 DEBUG [io.qua.boo.cla.QuarkusClassLoader] (main) Adding parent first element io.quarkus.bootstrap.classloading.PathTreeClassPathElement@37d3e140 to QuarkusClassLoader Quarkus Base Runtime ClassLoader: TEST
2022-11-24 09:59:00,609 DEBUG [io.qua.boo.cla.QuarkusClassLoader] (main) Adding elements io.quarkus.bootstrap.classloading.PathTreeClassPathElement@37d3e140 to QuarkusClassLoader Quarkus Base Runtime ClassLoader: TEST
2022-11-24 09:59:00,609 DEBUG [io.qua.boo.cla.QuarkusClassLoader] (main) Adding parent first element io.quarkus.bootstrap.classloading.PathTreeClassPathElement@3e53c4ad to QuarkusClassLoader Quarkus Base Runtime ClassLoader: TEST
2022-11-24 09:59:00,610 DEBUG [io.qua.boo.cla.QuarkusClassLoader] (main) Adding elements io.quarkus.bootstrap.classloading.PathTreeClassPathElement@3e53c4ad to QuarkusClassLoader Quarkus Base Runtime ClassLoader: TEST
2022-11-24 09:59:00,637 DEBUG [io.qua.boo.cla.QuarkusClassLoader] (main) Adding parent first element io.quarkus.bootstrap.classloading.PathTreeClassPathElement@33eb0d4 to QuarkusClassLoader Quarkus Base Runtime ClassLoader: TEST
2022-11-24 09:59:00,638 DEBUG [io.qua.boo.cla.QuarkusClassLoader] (main) Adding elements io.quarkus.bootstrap.classloading.PathTreeClassPathElement@33eb0d4 to QuarkusClassLoader Quarkus Base Runtime ClassLoader: TEST
2022-11-24 09:59:00,638 DEBUG [io.qua.boo.cla.QuarkusClassLoader] (main) Adding parent first element io.quarkus.bootstrap.classloading.PathTreeClassPathElement@224d86d2 to QuarkusClassLoader Quarkus Base Runtime ClassLoader: TEST
2022-11-24 09:59:00,638 DEBUG [io.qua.boo.cla.QuarkusClassLoader] (main) Adding elements io.quarkus.bootstrap.classloading.PathTreeClassPathElement@224d86d2 to QuarkusClassLoader Quarkus Base Runtime ClassLoader: TEST
2022-11-24 09:59:00,638 DEBUG [io.qua.boo.cla.QuarkusClassLoader] (main) Adding parent first element io.quarkus.bootstrap.classloading.PathTreeClassPathElement@a3cba3a to QuarkusClassLoader Quarkus Base Runtime ClassLoader: TEST
2022-11-24 09:59:00,638 DEBUG [io.qua.boo.cla.QuarkusClassLoader] (main) Adding elements io.quarkus.bootstrap.classloading.PathTreeClassPathElement@a3cba3a to QuarkusClassLoader Quarkus Base Runtime ClassLoader: TEST
2022-11-24 09:59:00,639 DEBUG [io.qua.boo.cla.QuarkusClassLoader] (main) Adding elements io.quarkus.bootstrap.classloading.PathTreeClassPathElement@2aea717c to QuarkusClassLoader Quarkus Base Runtime ClassLoader: TEST
2022-11-24 09:59:00,639 DEBUG [io.qua.boo.cla.QuarkusClassLoader] (main) Adding elements io.quarkus.bootstrap.classloading.PathTreeClassPathElement@5ca4dce5 to QuarkusClassLoader Quarkus Base Runtime ClassLoader: TEST
2022-11-24 09:59:00,639 DEBUG [io.qua.boo.cla.QuarkusClassLoader] (main) Adding elements io.quarkus.bootstrap.classloading.PathTreeClassPathElement@1291aab5 to QuarkusClassLoader Quarkus Base Runtime ClassLoader: TEST
2022-11-24 09:59:00,643 DEBUG [io.qua.boo.cla.QuarkusClassLoader] (main) Adding elements io.quarkus.bootstrap.classloading.PathTreeClassPathElement@7d133fb7 to QuarkusClassLoader Quarkus Base Runtime ClassLoader: TEST
2022-11-24 09:59:00,645 DEBUG [io.qua.boo.cla.QuarkusClassLoader] (main) Adding parent first element io.quarkus.bootstrap.classloading.PathTreeClassPathElement@40bd0f8 to QuarkusClassLoader Quarkus Base Runtime ClassLoader: TEST
2022-11-24 09:59:00,645 DEBUG [io.qua.boo.cla.QuarkusClassLoader] (main) Adding elements io.quarkus.bootstrap.classloading.PathTreeClassPathElement@40bd0f8 to QuarkusClassLoader Quarkus Base Runtime ClassLoader: TEST
2022-11-24 09:59:00,646 DEBUG [io.qua.boo.cla.QuarkusClassLoader] (main) Adding elements io.quarkus.bootstrap.classloading.PathTreeClassPathElement@7eb27768 to QuarkusClassLoader Quarkus Base Runtime ClassLoader: TEST
2022-11-24 09:59:00,646 DEBUG [io.qua.boo.cla.QuarkusClassLoader] (main) Adding elements io.quarkus.bootstrap.classloading.PathTreeClassPathElement@6169be09 to QuarkusClassLoader Quarkus Base Runtime ClassLoader: TEST
2022-11-24 09:59:00,646 DEBUG [io.qua.boo.cla.QuarkusClassLoader] (main) Adding elements io.quarkus.bootstrap.classloading.PathTreeClassPathElement@5e3db14 to QuarkusClassLoader Quarkus Base Runtime ClassLoader: TEST
2022-11-24 09:59:00,646 DEBUG [io.qua.boo.cla.QuarkusClassLoader] (main) Adding elements io.quarkus.bootstrap.classloading.PathTreeClassPathElement@5fb54740 to QuarkusClassLoader Quarkus Base Runtime ClassLoader: TEST
2022-11-24 09:59:00,647 DEBUG [io.qua.boo.cla.QuarkusClassLoader] (main) Adding elements io.quarkus.bootstrap.classloading.PathTreeClassPathElement@325162e9 to QuarkusClassLoader Quarkus Base Runtime ClassLoader: TEST
2022-11-24 09:59:00,647 DEBUG [io.qua.boo.cla.QuarkusClassLoader] (main) Adding elements io.quarkus.bootstrap.classloading.PathTreeClassPathElement@1ee40b5c to QuarkusClassLoader Quarkus Base Runtime ClassLoader: TEST
2022-11-24 09:59:00,647 DEBUG [io.qua.boo.cla.QuarkusClassLoader] (main) Adding elements io.quarkus.bootstrap.classloading.PathTreeClassPathElement@5c448ef to QuarkusClassLoader Quarkus Base Runtime ClassLoader: TEST
2022-11-24 09:59:00,647 DEBUG [io.qua.boo.cla.QuarkusClassLoader] (main) Adding elements io.quarkus.bootstrap.classloading.PathTreeClassPathElement@703e8050 to QuarkusClassLoader Quarkus Base Runtime ClassLoader: TEST
2022-11-24 09:59:00,647 DEBUG [io.qua.boo.cla.QuarkusClassLoader] (main) Adding elements io.quarkus.bootstrap.classloading.PathTreeClassPathElement@49c1e294 to QuarkusClassLoader Quarkus Base Runtime ClassLoader: TEST
2022-11-24 09:59:00,648 DEBUG [io.qua.boo.cla.QuarkusClassLoader] (main) Adding elements io.quarkus.bootstrap.classloading.PathTreeClassPathElement@7741ae1b to QuarkusClassLoader Quarkus Base Runtime ClassLoader: TEST
2022-11-24 09:59:00,648 DEBUG [io.qua.boo.cla.QuarkusClassLoader] (main) Adding elements io.quarkus.bootstrap.classloading.PathTreeClassPathElement@50e5032c to QuarkusClassLoader Quarkus Base Runtime ClassLoader: TEST
2022-11-24 09:59:00,995 DEBUG [io.qua.boo.cla.QuarkusClassLoader] (main) Adding elements io.quarkus.bootstrap.classloading.PathTreeClassPathElement@5ec9eefa to QuarkusClassLoader Augmentation Class Loader: TEST
2022-11-24 09:59:00,995 DEBUG [io.qua.boo.cla.QuarkusClassLoader] (main) Adding elements io.quarkus.bootstrap.classloading.PathTreeClassPathElement@28b8f98a to QuarkusClassLoader Augmentation Class Loader: TEST
2022-11-24 09:59:00,995 DEBUG [io.qua.boo.cla.QuarkusClassLoader] (main) Adding elements io.quarkus.bootstrap.classloading.PathTreeClassPathElement@3b4ef59f to QuarkusClassLoader Augmentation Class Loader: TEST
2022-11-24 09:59:00,995 DEBUG [io.qua.boo.cla.QuarkusClassLoader] (main) Adding elements io.quarkus.bootstrap.classloading.PathTreeClassPathElement@22cb3d59 to QuarkusClassLoader Augmentation Class Loader: TEST
2022-11-24 09:59:00,995 DEBUG [io.qua.boo.cla.QuarkusClassLoader] (main) Adding elements io.quarkus.bootstrap.classloading.PathTreeClassPathElement@33e4b9c4 to QuarkusClassLoader Augmentation Class Loader: TEST
2022-11-24 09:59:00,996 DEBUG [io.qua.boo.cla.QuarkusClassLoader] (main) Adding parent first element io.quarkus.bootstrap.classloading.PathTreeClassPathElement@5cff729b to QuarkusClassLoader Augmentation Class Loader: TEST
2022-11-24 09:59:00,996 DEBUG [io.qua.boo.cla.QuarkusClassLoader] (main) Adding elements io.quarkus.bootstrap.classloading.PathTreeClassPathElement@5cff729b to QuarkusClassLoader Augmentation Class Loader: TEST
2022-11-24 09:59:00,996 DEBUG [io.qua.boo.cla.QuarkusClassLoader] (main) Adding elements io.quarkus.bootstrap.classloading.PathTreeClassPathElement@10d18696 to QuarkusClassLoader Augmentation Class Loader: TEST
2022-11-24 09:59:00,996 DEBUG [io.qua.boo.cla.QuarkusClassLoader] (main) Adding elements io.quarkus.bootstrap.classloading.PathTreeClassPathElement@6b8b5020 to QuarkusClassLoader Augmentation Class Loader: TEST
2022-11-24 09:59:00,996 DEBUG [io.qua.boo.cla.QuarkusClassLoader] (main) Adding elements io.quarkus.bootstrap.classloading.PathTreeClassPathElement@7d37ee0c to QuarkusClassLoader Augmentation Class Loader: TEST
2022-11-24 09:59:00,996 DEBUG [io.qua.boo.cla.QuarkusClassLoader] (main) Adding elements io.quarkus.bootstrap.classloading.PathTreeClassPathElement@5a7b309b to QuarkusClassLoader Augmentation Class Loader: TEST
2022-11-24 09:59:00,996 DEBUG [io.qua.boo.cla.QuarkusClassLoader] (main) Adding elements io.quarkus.bootstrap.classloading.PathTreeClassPathElement@4602f874 to QuarkusClassLoader Augmentation Class Loader: TEST
2022-11-24 09:59:00,996 DEBUG [io.qua.boo.cla.QuarkusClassLoader] (main) Adding elements io.quarkus.bootstrap.classloading.PathTreeClassPathElement@7739aac4 to QuarkusClassLoader Augmentation Class Loader: TEST
2022-11-24 09:59:00,996 DEBUG [io.qua.boo.cla.QuarkusClassLoader] (main) Adding elements io.quarkus.bootstrap.classloading.PathTreeClassPathElement@353c6da1 to QuarkusClassLoader Augmentation Class Loader: TEST
2022-11-24 09:59:00,996 DEBUG [io.qua.boo.cla.QuarkusClassLoader] (main) Adding elements io.quarkus.bootstrap.classloading.PathTreeClassPathElement@36c07c75 to QuarkusClassLoader Augmentation Class Loader: TEST
2022-11-24 09:59:00,996 DEBUG [io.qua.boo.cla.QuarkusClassLoader] (main) Adding elements io.quarkus.bootstrap.classloading.PathTreeClassPathElement@6750e381 to QuarkusClassLoader Augmentation Class Loader: TEST
2022-11-24 09:59:00,996 DEBUG [io.qua.boo.cla.QuarkusClassLoader] (main) Adding elements io.quarkus.bootstrap.classloading.PathTreeClassPathElement@5d850a25 to QuarkusClassLoader Augmentation Class Loader: TEST
2022-11-24 09:59:00,996 DEBUG [io.qua.boo.cla.QuarkusClassLoader] (main) Adding elements io.quarkus.bootstrap.classloading.PathTreeClassPathElement@b022551 to QuarkusClassLoader Augmentation Class Loader: TEST
2022-11-24 09:59:00,996 DEBUG [io.qua.boo.cla.QuarkusClassLoader] (main) Adding elements io.quarkus.bootstrap.classloading.PathTreeClassPathElement@3e14d390 to QuarkusClassLoader Augmentation Class Loader: TEST
2022-11-24 09:59:00,996 DEBUG [io.qua.boo.cla.QuarkusClassLoader] (main) Adding elements io.quarkus.bootstrap.classloading.PathTreeClassPathElement@5eb87338 to QuarkusClassLoader Augmentation Class Loader: TEST
2022-11-24 09:59:00,996 DEBUG [io.qua.boo.cla.QuarkusClassLoader] (main) Adding elements io.quarkus.bootstrap.classloading.PathTreeClassPathElement@2b999ee8 to QuarkusClassLoader Augmentation Class Loader: TEST
2022-11-24 09:59:00,997 DEBUG [io.qua.boo.cla.QuarkusClassLoader] (main) Adding elements io.quarkus.bootstrap.classloading.PathTreeClassPathElement@31ab1e67 to QuarkusClassLoader Augmentation Class Loader: TEST
2022-11-24 09:59:00,997 DEBUG [io.qua.boo.cla.QuarkusClassLoader] (main) Adding elements io.quarkus.bootstrap.classloading.PathTreeClassPathElement@29bbc391 to QuarkusClassLoader Augmentation Class Loader: TEST
2022-11-24 09:59:00,997 DEBUG [io.qua.boo.cla.QuarkusClassLoader] (main) Adding elements io.quarkus.bootstrap.classloading.PathTreeClassPathElement@3487442d to QuarkusClassLoader Augmentation Class Loader: TEST
2022-11-24 09:59:00,997 DEBUG [io.qua.boo.cla.QuarkusClassLoader] (main) Adding elements io.quarkus.bootstrap.classloading.PathTreeClassPathElement@530ee28b to QuarkusClassLoader Augmentation Class Loader: TEST
2022-11-24 09:59:00,997 DEBUG [io.qua.boo.cla.QuarkusClassLoader] (main) Adding elements io.quarkus.bootstrap.classloading.PathTreeClassPathElement@3a3f96ab to QuarkusClassLoader Augmentation Class Loader: TEST
2022-11-24 09:59:00,997 DEBUG [io.qua.boo.cla.QuarkusClassLoader] (main) Adding elements io.quarkus.bootstrap.classloading.PathTreeClassPathElement@4def7d36 to QuarkusClassLoader Augmentation Class Loader: TEST
2022-11-24 09:59:00,997 DEBUG [io.qua.boo.cla.QuarkusClassLoader] (main) Adding elements io.quarkus.bootstrap.classloading.PathTreeClassPathElement@43c7fe8a to QuarkusClassLoader Augmentation Class Loader: TEST
2022-11-24 09:59:00,997 DEBUG [io.qua.boo.cla.QuarkusClassLoader] (main) Adding elements io.quarkus.bootstrap.classloading.PathTreeClassPathElement@67f946c3 to QuarkusClassLoader Augmentation Class Loader: TEST
2022-11-24 09:59:00,997 DEBUG [io.qua.boo.cla.QuarkusClassLoader] (main) Adding elements io.quarkus.bootstrap.classloading.PathTreeClassPathElement@21b51e59 to QuarkusClassLoader Augmentation Class Loader: TEST
2022-11-24 09:59:00,997 DEBUG [io.qua.boo.cla.QuarkusClassLoader] (main) Adding elements io.quarkus.bootstrap.classloading.PathTreeClassPathElement@1785d194 to QuarkusClassLoader Augmentation Class Loader: TEST
2022-11-24 09:59:00,997 DEBUG [io.qua.boo.cla.QuarkusClassLoader] (main) Adding elements io.quarkus.bootstrap.classloading.PathTreeClassPathElement@6b4a4e40 to QuarkusClassLoader Augmentation Class Loader: TEST
2022-11-24 09:59:00,997 DEBUG [io.qua.boo.cla.QuarkusClassLoader] (main) Adding elements io.quarkus.bootstrap.classloading.PathTreeClassPathElement@46a8c2b4 to QuarkusClassLoader Augmentation Class Loader: TEST
2022-11-24 09:59:00,997 DEBUG [io.qua.boo.cla.QuarkusClassLoader] (main) Adding elements io.quarkus.bootstrap.classloading.PathTreeClassPathElement@4f664bee to QuarkusClassLoader Augmentation Class Loader: TEST
2022-11-24 09:59:00,997 DEBUG [io.qua.boo.cla.QuarkusClassLoader] (main) Adding elements io.quarkus.bootstrap.classloading.PathTreeClassPathElement@76563ae7 to QuarkusClassLoader Augmentation Class Loader: TEST
2022-11-24 09:59:00,997 DEBUG [io.qua.boo.cla.QuarkusClassLoader] (main) Adding elements io.quarkus.bootstrap.classloading.PathTreeClassPathElement@4fd74223 to QuarkusClassLoader Augmentation Class Loader: TEST
2022-11-24 09:59:00,997 DEBUG [io.qua.boo.cla.QuarkusClassLoader] (main) Adding elements io.quarkus.bootstrap.classloading.PathTreeClassPathElement@4fea840f to QuarkusClassLoader Augmentation Class Loader: TEST
2022-11-24 09:59:00,998 DEBUG [io.qua.boo.cla.QuarkusClassLoader] (main) Adding parent first element io.quarkus.bootstrap.classloading.PathTreeClassPathElement@32ae8f27 to QuarkusClassLoader Augmentation Class Loader: TEST
2022-11-24 09:59:00,998 DEBUG [io.qua.boo.cla.QuarkusClassLoader] (main) Adding elements io.quarkus.bootstrap.classloading.PathTreeClassPathElement@32ae8f27 to QuarkusClassLoader Augmentation Class Loader: TEST
2022-11-24 09:59:00,998 DEBUG [io.qua.boo.cla.QuarkusClassLoader] (main) Adding elements io.quarkus.bootstrap.classloading.PathTreeClassPathElement@75e80a97 to QuarkusClassLoader Augmentation Class Loader: TEST
2022-11-24 09:59:00,998 DEBUG [io.qua.boo.cla.QuarkusClassLoader] (main) Adding elements io.quarkus.bootstrap.classloading.PathTreeClassPathElement@5b8853 to QuarkusClassLoader Augmentation Class Loader: TEST
2022-11-24 09:59:00,998 DEBUG [io.qua.boo.cla.QuarkusClassLoader] (main) Adding elements io.quarkus.bootstrap.classloading.PathTreeClassPathElement@1b8aaeab to QuarkusClassLoader Augmentation Class Loader: TEST
2022-11-24 09:59:00,998 DEBUG [io.qua.boo.cla.QuarkusClassLoader] (main) Adding elements io.quarkus.bootstrap.classloading.PathTreeClassPathElement@5d1bdd4a to QuarkusClassLoader Augmentation Class Loader: TEST
2022-11-24 09:59:00,998 DEBUG [io.qua.boo.cla.QuarkusClassLoader] (main) Adding elements io.quarkus.bootstrap.classloading.PathTreeClassPathElement@6812c8cc to QuarkusClassLoader Augmentation Class Loader: TEST
2022-11-24 09:59:00,998 DEBUG [io.qua.boo.cla.QuarkusClassLoader] (main) Adding elements io.quarkus.bootstrap.classloading.PathTreeClassPathElement@3457cc8d to QuarkusClassLoader Augmentation Class Loader: TEST
2022-11-24 09:59:00,998 DEBUG [io.qua.boo.cla.QuarkusClassLoader] (main) Adding elements io.quarkus.bootstrap.classloading.PathTreeClassPathElement@7a66c35a to QuarkusClassLoader Augmentation Class Loader: TEST
2022-11-24 09:59:00,998 DEBUG [io.qua.boo.cla.QuarkusClassLoader] (main) Adding elements io.quarkus.bootstrap.classloading.PathTreeClassPathElement@7994a0d1 to QuarkusClassLoader Augmentation Class Loader: TEST
2022-11-24 09:59:00,998 DEBUG [io.qua.boo.cla.QuarkusClassLoader] (main) Adding elements io.quarkus.bootstrap.classloading.PathTreeClassPathElement@73e4387 to QuarkusClassLoader Augmentation Class Loader: TEST
2022-11-24 09:59:00,998 DEBUG [io.qua.boo.cla.QuarkusClassLoader] (main) Adding elements io.quarkus.bootstrap.classloading.PathTreeClassPathElement@d87d449 to QuarkusClassLoader Augmentation Class Loader: TEST
2022-11-24 09:59:00,998 DEBUG [io.qua.boo.cla.QuarkusClassLoader] (main) Adding elements io.quarkus.bootstrap.classloading.PathTreeClassPathElement@4137aab0 to QuarkusClassLoader Augmentation Class Loader: TEST
2022-11-24 09:59:00,998 DEBUG [io.qua.boo.cla.QuarkusClassLoader] (main) Adding elements io.quarkus.bootstrap.classloading.PathTreeClassPathElement@1df9186f to QuarkusClassLoader Augmentation Class Loader: TEST
2022-11-24 09:59:00,998 DEBUG [io.qua.boo.cla.QuarkusClassLoader] (main) Adding elements io.quarkus.bootstrap.classloading.PathTreeClassPathElement@682e422c to QuarkusClassLoader Augmentation Class Loader: TEST
2022-11-24 09:59:00,998 DEBUG [io.qua.boo.cla.QuarkusClassLoader] (main) Adding elements io.quarkus.bootstrap.classloading.PathTreeClassPathElement@5bb8e6fc to QuarkusClassLoader Augmentation Class Loader: TEST
2022-11-24 09:59:00,998 DEBUG [io.qua.boo.cla.QuarkusClassLoader] (main) Adding elements io.quarkus.bootstrap.classloading.PathTreeClassPathElement@2726a511 to QuarkusClassLoader Augmentation Class Loader: TEST
2022-11-24 09:59:00,998 DEBUG [io.qua.boo.cla.QuarkusClassLoader] (main) Adding elements io.quarkus.bootstrap.classloading.PathTreeClassPathElement@72c9ebfa to QuarkusClassLoader Augmentation Class Loader: TEST
2022-11-24 09:59:00,999 DEBUG [io.qua.boo.cla.QuarkusClassLoader] (main) Adding elements io.quarkus.bootstrap.classloading.PathTreeClassPathElement@686cf8ad to QuarkusClassLoader Augmentation Class Loader: TEST
2022-11-24 09:59:00,999 DEBUG [io.qua.boo.cla.QuarkusClassLoader] (main) Adding elements io.quarkus.bootstrap.classloading.PathTreeClassPathElement@747f6c5a to QuarkusClassLoader Augmentation Class Loader: TEST
2022-11-24 09:59:00,999 DEBUG [io.qua.boo.cla.QuarkusClassLoader] (main) Adding elements io.quarkus.bootstrap.classloading.PathTreeClassPathElement@66e341e9 to QuarkusClassLoader Augmentation Class Loader: TEST
2022-11-24 09:59:00,999 DEBUG [io.qua.boo.cla.QuarkusClassLoader] (main) Adding elements io.quarkus.bootstrap.classloading.PathTreeClassPathElement@5b48f0f4 to QuarkusClassLoader Augmentation Class Loader: TEST
2022-11-24 09:59:00,999 DEBUG [io.qua.boo.cla.QuarkusClassLoader] (main) Adding elements io.quarkus.bootstrap.classloading.PathTreeClassPathElement@546ed2a0 to QuarkusClassLoader Augmentation Class Loader: TEST
2022-11-24 09:59:00,999 DEBUG [io.qua.boo.cla.QuarkusClassLoader] (main) Adding elements io.quarkus.bootstrap.classloading.PathTreeClassPathElement@5bfc79cb to QuarkusClassLoader Augmentation Class Loader: TEST
2022-11-24 09:59:00,999 DEBUG [io.qua.boo.cla.QuarkusClassLoader] (main) Adding elements io.quarkus.bootstrap.classloading.PathTreeClassPathElement@27ec8754 to QuarkusClassLoader Augmentation Class Loader: TEST
2022-11-24 09:59:00,999 DEBUG [io.qua.boo.cla.QuarkusClassLoader] (main) Adding elements io.quarkus.bootstrap.classloading.PathTreeClassPathElement@3bbf1c0d to QuarkusClassLoader Augmentation Class Loader: TEST
2022-11-24 09:59:00,999 DEBUG [io.qua.boo.cla.QuarkusClassLoader] (main) Adding elements io.quarkus.bootstrap.classloading.PathTreeClassPathElement@19662208 to QuarkusClassLoader Augmentation Class Loader: TEST
2022-11-24 09:59:00,999 DEBUG [io.qua.boo.cla.QuarkusClassLoader] (main) Adding parent first element io.quarkus.bootstrap.classloading.PathTreeClassPathElement@216c22ce to QuarkusClassLoader Augmentation Class Loader: TEST
2022-11-24 09:59:00,999 DEBUG [io.qua.boo.cla.QuarkusClassLoader] (main) Adding elements io.quarkus.bootstrap.classloading.PathTreeClassPathElement@216c22ce to QuarkusClassLoader Augmentation Class Loader: TEST
2022-11-24 09:59:00,999 DEBUG [io.qua.boo.cla.QuarkusClassLoader] (main) Adding elements io.quarkus.bootstrap.classloading.PathTreeClassPathElement@62f9c790 to QuarkusClassLoader Augmentation Class Loader: TEST
2022-11-24 09:59:00,999 DEBUG [io.qua.boo.cla.QuarkusClassLoader] (main) Adding elements io.quarkus.bootstrap.classloading.PathTreeClassPathElement@21e5f0b6 to QuarkusClassLoader Augmentation Class Loader: TEST
2022-11-24 09:59:00,999 DEBUG [io.qua.boo.cla.QuarkusClassLoader] (main) Adding elements io.quarkus.bootstrap.classloading.PathTreeClassPathElement@93bf0e0 to QuarkusClassLoader Augmentation Class Loader: TEST
2022-11-24 09:59:00,999 DEBUG [io.qua.boo.cla.QuarkusClassLoader] (main) Adding elements io.quarkus.bootstrap.classloading.PathTreeClassPathElement@4981d95b to QuarkusClassLoader Augmentation Class Loader: TEST
2022-11-24 09:59:00,999 DEBUG [io.qua.boo.cla.QuarkusClassLoader] (main) Adding elements io.quarkus.bootstrap.classloading.PathTreeClassPathElement@656842bc to QuarkusClassLoader Augmentation Class Loader: TEST
2022-11-24 09:59:00,999 DEBUG [io.qua.boo.cla.QuarkusClassLoader] (main) Adding elements io.quarkus.bootstrap.classloading.PathTreeClassPathElement@6b867ee7 to QuarkusClassLoader Augmentation Class Loader: TEST
2022-11-24 09:59:01,000 DEBUG [io.qua.boo.cla.QuarkusClassLoader] (main) Adding parent first element io.quarkus.bootstrap.classloading.PathTreeClassPathElement@3dec3f87 to QuarkusClassLoader Augmentation Class Loader: TEST
2022-11-24 09:59:01,000 DEBUG [io.qua.boo.cla.QuarkusClassLoader] (main) Adding elements io.quarkus.bootstrap.classloading.PathTreeClassPathElement@3dec3f87 to QuarkusClassLoader Augmentation Class Loader: TEST
2022-11-24 09:59:01,000 DEBUG [io.qua.boo.cla.QuarkusClassLoader] (main) Adding elements io.quarkus.bootstrap.classloading.PathTreeClassPathElement@7a606260 to QuarkusClassLoader Augmentation Class Loader: TEST
2022-11-24 09:59:01,000 DEBUG [io.qua.boo.cla.QuarkusClassLoader] (main) Adding elements io.quarkus.bootstrap.classloading.PathTreeClassPathElement@5dbab232 to QuarkusClassLoader Augmentation Class Loader: TEST
2022-11-24 09:59:01,000 DEBUG [io.qua.boo.cla.QuarkusClassLoader] (main) Adding parent first element io.quarkus.bootstrap.classloading.PathTreeClassPathElement@5939e24 to QuarkusClassLoader Augmentation Class Loader: TEST
2022-11-24 09:59:01,000 DEBUG [io.qua.boo.cla.QuarkusClassLoader] (main) Adding elements io.quarkus.bootstrap.classloading.PathTreeClassPathElement@5939e24 to QuarkusClassLoader Augmentation Class Loader: TEST
2022-11-24 09:59:01,000 DEBUG [io.qua.boo.cla.QuarkusClassLoader] (main) Adding parent first element io.quarkus.bootstrap.classloading.PathTreeClassPathElement@595f9916 to QuarkusClassLoader Augmentation Class Loader: TEST
2022-11-24 09:59:01,000 DEBUG [io.qua.boo.cla.QuarkusClassLoader] (main) Adding elements io.quarkus.bootstrap.classloading.PathTreeClassPathElement@595f9916 to QuarkusClassLoader Augmentation Class Loader: TEST
2022-11-24 09:59:01,000 DEBUG [io.qua.boo.cla.QuarkusClassLoader] (main) Adding parent first element io.quarkus.bootstrap.classloading.PathTreeClassPathElement@2055833f to QuarkusClassLoader Augmentation Class Loader: TEST
2022-11-24 09:59:01,000 DEBUG [io.qua.boo.cla.QuarkusClassLoader] (main) Adding elements io.quarkus.bootstrap.classloading.PathTreeClassPathElement@2055833f to QuarkusClassLoader Augmentation Class Loader: TEST
2022-11-24 09:59:01,000 DEBUG [io.qua.boo.cla.QuarkusClassLoader] (main) Adding parent first element io.quarkus.bootstrap.classloading.PathTreeClassPathElement@28768e25 to QuarkusClassLoader Augmentation Class Loader: TEST
2022-11-24 09:59:01,000 DEBUG [io.qua.boo.cla.QuarkusClassLoader] (main) Adding elements io.quarkus.bootstrap.classloading.PathTreeClassPathElement@28768e25 to QuarkusClassLoader Augmentation Class Loader: TEST
2022-11-24 09:59:01,000 DEBUG [io.qua.boo.cla.QuarkusClassLoader] (main) Adding parent first element io.quarkus.bootstrap.classloading.PathTreeClassPathElement@310d57b1 to QuarkusClassLoader Augmentation Class Loader: TEST
2022-11-24 09:59:01,000 DEBUG [io.qua.boo.cla.QuarkusClassLoader] (main) Adding elements io.quarkus.bootstrap.classloading.PathTreeClassPathElement@310d57b1 to QuarkusClassLoader Augmentation Class Loader: TEST
2022-11-24 09:59:01,000 DEBUG [io.qua.boo.cla.QuarkusClassLoader] (main) Adding elements io.quarkus.bootstrap.classloading.PathTreeClassPathElement@143fefaf to QuarkusClassLoader Augmentation Class Loader: TEST
2022-11-24 09:59:01,001 DEBUG [io.qua.boo.cla.QuarkusClassLoader] (main) Adding elements io.quarkus.bootstrap.classloading.PathTreeClassPathElement@18ffca6c to QuarkusClassLoader Augmentation Class Loader: TEST
2022-11-24 09:59:01,001 DEBUG [io.qua.boo.cla.QuarkusClassLoader] (main) Adding elements io.quarkus.bootstrap.classloading.PathTreeClassPathElement@46468f0 to QuarkusClassLoader Augmentation Class Loader: TEST
2022-11-24 09:59:01,001 DEBUG [io.qua.boo.cla.QuarkusClassLoader] (main) Adding elements io.quarkus.bootstrap.classloading.PathTreeClassPathElement@5f8f1712 to QuarkusClassLoader Augmentation Class Loader: TEST
2022-11-24 09:59:01,001 DEBUG [io.qua.boo.cla.QuarkusClassLoader] (main) Adding elements io.quarkus.bootstrap.classloading.PathTreeClassPathElement@34a6d9db to QuarkusClassLoader Augmentation Class Loader: TEST
2022-11-24 09:59:01,001 DEBUG [io.qua.boo.cla.QuarkusClassLoader] (main) Adding elements io.quarkus.bootstrap.classloading.PathTreeClassPathElement@52ecc989 to QuarkusClassLoader Augmentation Class Loader: TEST
2022-11-24 09:59:01,001 DEBUG [io.qua.boo.cla.QuarkusClassLoader] (main) Adding elements io.quarkus.bootstrap.classloading.PathTreeClassPathElement@756808cc to QuarkusClassLoader Augmentation Class Loader: TEST
2022-11-24 09:59:01,001 DEBUG [io.qua.boo.cla.QuarkusClassLoader] (main) Adding elements io.quarkus.bootstrap.classloading.PathTreeClassPathElement@52f8a6f4 to QuarkusClassLoader Augmentation Class Loader: TEST
2022-11-24 09:59:01,003 DEBUG [io.qua.boo.cla.QuarkusClassLoader] (main) Adding elements io.quarkus.bootstrap.classloading.PathTreeClassPathElement@5012c571 to QuarkusClassLoader Augmentation Class Loader: TEST
2022-11-24 09:59:01,003 DEBUG [io.qua.boo.cla.QuarkusClassLoader] (main) Adding elements io.quarkus.bootstrap.classloading.PathTreeClassPathElement@6486fe7b to QuarkusClassLoader Augmentation Class Loader: TEST
2022-11-24 09:59:01,003 DEBUG [io.qua.boo.cla.QuarkusClassLoader] (main) Adding elements io.quarkus.bootstrap.classloading.PathTreeClassPathElement@511da44f to QuarkusClassLoader Augmentation Class Loader: TEST
2022-11-24 09:59:01,003 DEBUG [io.qua.boo.cla.QuarkusClassLoader] (main) Adding elements io.quarkus.bootstrap.classloading.PathTreeClassPathElement@4645679e to QuarkusClassLoader Augmentation Class Loader: TEST
2022-11-24 09:59:01,003 DEBUG [io.qua.boo.cla.QuarkusClassLoader] (main) Adding elements io.quarkus.bootstrap.classloading.PathTreeClassPathElement@3a0b6a to QuarkusClassLoader Augmentation Class Loader: TEST
2022-11-24 09:59:01,003 DEBUG [io.qua.boo.cla.QuarkusClassLoader] (main) Adding elements io.quarkus.bootstrap.classloading.PathTreeClassPathElement@539c4830 to QuarkusClassLoader Augmentation Class Loader: TEST
2022-11-24 09:59:01,003 DEBUG [io.qua.boo.cla.QuarkusClassLoader] (main) Adding elements io.quarkus.bootstrap.classloading.PathTreeClassPathElement@6f1fa1d0 to QuarkusClassLoader Augmentation Class Loader: TEST
2022-11-24 09:59:01,003 DEBUG [io.qua.boo.cla.QuarkusClassLoader] (main) Adding elements io.quarkus.bootstrap.classloading.PathTreeClassPathElement@28b523a to QuarkusClassLoader Augmentation Class Loader: TEST
2022-11-24 09:59:01,003 DEBUG [io.qua.boo.cla.QuarkusClassLoader] (main) Adding elements io.quarkus.bootstrap.classloading.PathTreeClassPathElement@52ba685a to QuarkusClassLoader Augmentation Class Loader: TEST
2022-11-24 09:59:01,003 DEBUG [io.qua.boo.cla.QuarkusClassLoader] (main) Adding elements io.quarkus.bootstrap.classloading.PathTreeClassPathElement@63d677f5 to QuarkusClassLoader Augmentation Class Loader: TEST
2022-11-24 09:59:01,003 DEBUG [io.qua.boo.cla.QuarkusClassLoader] (main) Adding elements io.quarkus.bootstrap.classloading.PathTreeClassPathElement@71d55b7e to QuarkusClassLoader Augmentation Class Loader: TEST
2022-11-24 09:59:01,004 DEBUG [io.qua.boo.cla.QuarkusClassLoader] (main) Adding elements io.quarkus.bootstrap.classloading.PathTreeClassPathElement@2997ddfc to QuarkusClassLoader Augmentation Class Loader: TEST
2022-11-24 09:59:01,004 DEBUG [io.qua.boo.cla.QuarkusClassLoader] (main) Adding elements io.quarkus.bootstrap.classloading.PathTreeClassPathElement@28ee882c to QuarkusClassLoader Augmentation Class Loader: TEST
2022-11-24 09:59:01,004 DEBUG [io.qua.boo.cla.QuarkusClassLoader] (main) Adding elements io.quarkus.bootstrap.classloading.PathTreeClassPathElement@78d73b1b to QuarkusClassLoader Augmentation Class Loader: TEST
2022-11-24 09:59:01,004 DEBUG [io.qua.boo.cla.QuarkusClassLoader] (main) Adding elements io.quarkus.bootstrap.classloading.PathTreeClassPathElement@238291d4 to QuarkusClassLoader Augmentation Class Loader: TEST
2022-11-24 09:59:01,004 DEBUG [io.qua.boo.cla.QuarkusClassLoader] (main) Adding elements io.quarkus.bootstrap.classloading.PathTreeClassPathElement@34edd065 to QuarkusClassLoader Augmentation Class Loader: TEST
2022-11-24 09:59:01,004 DEBUG [io.qua.boo.cla.QuarkusClassLoader] (main) Adding elements io.quarkus.bootstrap.classloading.PathTreeClassPathElement@681e913c to QuarkusClassLoader Augmentation Class Loader: TEST
2022-11-24 09:59:01,004 DEBUG [io.qua.boo.cla.QuarkusClassLoader] (main) Adding elements io.quarkus.bootstrap.classloading.PathTreeClassPathElement@29d070c7 to QuarkusClassLoader Augmentation Class Loader: TEST
2022-11-24 09:59:01,004 DEBUG [io.qua.boo.cla.QuarkusClassLoader] (main) Adding elements io.quarkus.bootstrap.classloading.PathTreeClassPathElement@1eeb5818 to QuarkusClassLoader Augmentation Class Loader: TEST
2022-11-24 09:59:01,004 DEBUG [io.qua.boo.cla.QuarkusClassLoader] (main) Adding elements io.quarkus.bootstrap.classloading.PathTreeClassPathElement@44dfdd58 to QuarkusClassLoader Augmentation Class Loader: TEST
2022-11-24 09:59:01,004 DEBUG [io.qua.boo.cla.QuarkusClassLoader] (main) Adding elements io.quarkus.bootstrap.classloading.PathTreeClassPathElement@58d4238e to QuarkusClassLoader Augmentation Class Loader: TEST
2022-11-24 09:59:01,004 DEBUG [io.qua.boo.cla.QuarkusClassLoader] (main) Adding elements io.quarkus.bootstrap.classloading.PathTreeClassPathElement@72a8361b to QuarkusClassLoader Augmentation Class Loader: TEST
2022-11-24 09:59:01,004 DEBUG [io.qua.boo.cla.QuarkusClassLoader] (main) Adding elements io.quarkus.bootstrap.classloading.PathTreeClassPathElement@36478bce to QuarkusClassLoader Augmentation Class Loader: TEST
2022-11-24 09:59:01,004 DEBUG [io.qua.boo.cla.QuarkusClassLoader] (main) Adding elements io.quarkus.bootstrap.classloading.PathTreeClassPathElement@c48b543 to QuarkusClassLoader Augmentation Class Loader: TEST
2022-11-24 09:59:01,004 DEBUG [io.qua.boo.cla.QuarkusClassLoader] (main) Adding elements io.quarkus.bootstrap.classloading.PathTreeClassPathElement@75793f17 to QuarkusClassLoader Augmentation Class Loader: TEST
2022-11-24 09:59:01,004 DEBUG [io.qua.boo.cla.QuarkusClassLoader] (main) Adding elements io.quarkus.bootstrap.classloading.PathTreeClassPathElement@4652c74d to QuarkusClassLoader Augmentation Class Loader: TEST
2022-11-24 09:59:01,004 DEBUG [io.qua.boo.cla.QuarkusClassLoader] (main) Adding elements io.quarkus.bootstrap.classloading.PathTreeClassPathElement@4cc12db2 to QuarkusClassLoader Augmentation Class Loader: TEST
2022-11-24 09:59:01,004 DEBUG [io.qua.boo.cla.QuarkusClassLoader] (main) Adding elements io.quarkus.bootstrap.classloading.PathTreeClassPathElement@5ea7bc4 to QuarkusClassLoader Augmentation Class Loader: TEST
2022-11-24 09:59:01,004 DEBUG [io.qua.boo.cla.QuarkusClassLoader] (main) Adding elements io.quarkus.bootstrap.classloading.PathTreeClassPathElement@39d77de9 to QuarkusClassLoader Augmentation Class Loader: TEST
2022-11-24 09:59:01,005 DEBUG [io.qua.boo.cla.QuarkusClassLoader] (main) Adding elements io.quarkus.bootstrap.classloading.PathTreeClassPathElement@696fad31 to QuarkusClassLoader Augmentation Class Loader: TEST
2022-11-24 09:59:01,005 DEBUG [io.qua.boo.cla.QuarkusClassLoader] (main) Adding elements io.quarkus.bootstrap.classloading.PathTreeClassPathElement@2c06b113 to QuarkusClassLoader Augmentation Class Loader: TEST
2022-11-24 09:59:01,005 DEBUG [io.qua.boo.cla.QuarkusClassLoader] (main) Adding elements io.quarkus.bootstrap.classloading.PathTreeClassPathElement@7a64cb0c to QuarkusClassLoader Augmentation Class Loader: TEST
2022-11-24 09:59:01,005 DEBUG [io.qua.boo.cla.QuarkusClassLoader] (main) Adding elements io.quarkus.bootstrap.classloading.PathTreeClassPathElement@785ed99c to QuarkusClassLoader Augmentation Class Loader: TEST
2022-11-24 09:59:01,005 DEBUG [io.qua.boo.cla.QuarkusClassLoader] (main) Adding elements io.quarkus.bootstrap.classloading.PathTreeClassPathElement@6c4ce583 to QuarkusClassLoader Augmentation Class Loader: TEST
2022-11-24 09:59:01,005 DEBUG [io.qua.boo.cla.QuarkusClassLoader] (main) Adding elements io.quarkus.bootstrap.classloading.PathTreeClassPathElement@755b5f30 to QuarkusClassLoader Augmentation Class Loader: TEST
2022-11-24 09:59:01,005 DEBUG [io.qua.boo.cla.QuarkusClassLoader] (main) Adding elements io.quarkus.bootstrap.classloading.PathTreeClassPathElement@29bbc63c to QuarkusClassLoader Augmentation Class Loader: TEST
2022-11-24 09:59:01,005 DEBUG [io.qua.boo.cla.QuarkusClassLoader] (main) Adding elements io.quarkus.bootstrap.classloading.PathTreeClassPathElement@272778ae to QuarkusClassLoader Augmentation Class Loader: TEST
2022-11-24 09:59:01,005 DEBUG [io.qua.boo.cla.QuarkusClassLoader] (main) Adding elements io.quarkus.bootstrap.classloading.PathTreeClassPathElement@2cccf134 to QuarkusClassLoader Augmentation Class Loader: TEST
2022-11-24 09:59:01,005 DEBUG [io.qua.boo.cla.QuarkusClassLoader] (main) Adding elements io.quarkus.bootstrap.classloading.PathTreeClassPathElement@3c18942 to QuarkusClassLoader Augmentation Class Loader: TEST
2022-11-24 09:59:01,005 DEBUG [io.qua.boo.cla.QuarkusClassLoader] (main) Adding elements io.quarkus.bootstrap.classloading.PathTreeClassPathElement@743c3520 to QuarkusClassLoader Augmentation Class Loader: TEST
2022-11-24 09:59:01,005 DEBUG [io.qua.boo.cla.QuarkusClassLoader] (main) Adding elements io.quarkus.bootstrap.classloading.PathTreeClassPathElement@6842c101 to QuarkusClassLoader Augmentation Class Loader: TEST
2022-11-24 09:59:01,005 DEBUG [io.qua.boo.cla.QuarkusClassLoader] (main) Adding elements io.quarkus.bootstrap.classloading.PathTreeClassPathElement@234cd86c to QuarkusClassLoader Augmentation Class Loader: TEST
2022-11-24 09:59:01,005 DEBUG [io.qua.boo.cla.QuarkusClassLoader] (main) Adding elements io.quarkus.bootstrap.classloading.PathTreeClassPathElement@2c48cede to QuarkusClassLoader Augmentation Class Loader: TEST
2022-11-24 09:59:01,005 DEBUG [io.qua.boo.cla.QuarkusClassLoader] (main) Adding elements io.quarkus.bootstrap.classloading.PathTreeClassPathElement@39c87b42 to QuarkusClassLoader Augmentation Class Loader: TEST
2022-11-24 09:59:01,005 DEBUG [io.qua.boo.cla.QuarkusClassLoader] (main) Adding parent first element io.quarkus.bootstrap.classloading.PathTreeClassPathElement@47fcefb3 to QuarkusClassLoader Augmentation Class Loader: TEST
2022-11-24 09:59:01,006 DEBUG [io.qua.boo.cla.QuarkusClassLoader] (main) Adding elements io.quarkus.bootstrap.classloading.PathTreeClassPathElement@47fcefb3 to QuarkusClassLoader Augmentation Class Loader: TEST
2022-11-24 09:59:01,006 DEBUG [io.qua.boo.cla.QuarkusClassLoader] (main) Adding elements io.quarkus.bootstrap.classloading.PathTreeClassPathElement@236c098 to QuarkusClassLoader Augmentation Class Loader: TEST
2022-11-24 09:59:01,024 DEBUG [io.qua.boo.cla.QuarkusClassLoader] (main) Adding elements io.quarkus.bootstrap.classloading.PathTreeClassPathElement@68e2d03e to QuarkusClassLoader Augmentation Class Loader: TEST
2022-11-24 09:59:01,025 DEBUG [io.qua.boo.cla.QuarkusClassLoader] (main) Adding elements io.quarkus.bootstrap.classloading.PathTreeClassPathElement@120aa40b to QuarkusClassLoader Augmentation Class Loader: TEST
2022-11-24 09:59:01,025 DEBUG [io.qua.boo.cla.QuarkusClassLoader] (main) Adding elements io.quarkus.bootstrap.classloading.PathTreeClassPathElement@32ab408e to QuarkusClassLoader Augmentation Class Loader: TEST
2022-11-24 09:59:01,025 DEBUG [io.qua.boo.cla.QuarkusClassLoader] (main) Adding elements io.quarkus.bootstrap.classloading.PathTreeClassPathElement@6ad6443 to QuarkusClassLoader Augmentation Class Loader: TEST
2022-11-24 09:59:01,025 DEBUG [io.qua.boo.cla.QuarkusClassLoader] (main) Adding elements io.quarkus.bootstrap.classloading.PathTreeClassPathElement@78b03788 to QuarkusClassLoader Augmentation Class Loader: TEST
2022-11-24 09:59:01,025 DEBUG [io.qua.boo.cla.QuarkusClassLoader] (main) Adding elements io.quarkus.bootstrap.classloading.PathTreeClassPathElement@3f5dfe69 to QuarkusClassLoader Augmentation Class Loader: TEST
2022-11-24 09:59:01,025 DEBUG [io.qua.boo.cla.QuarkusClassLoader] (main) Adding elements io.quarkus.bootstrap.classloading.PathTreeClassPathElement@571a663c to QuarkusClassLoader Augmentation Class Loader: TEST
2022-11-24 09:59:01,025 DEBUG [io.qua.boo.cla.QuarkusClassLoader] (main) Adding elements io.quarkus.bootstrap.classloading.PathTreeClassPathElement@3a788fe0 to QuarkusClassLoader Augmentation Class Loader: TEST
2022-11-24 09:59:01,025 DEBUG [io.qua.boo.cla.QuarkusClassLoader] (main) Adding elements io.quarkus.bootstrap.classloading.PathTreeClassPathElement@430df350 to QuarkusClassLoader Augmentation Class Loader: TEST
2022-11-24 09:59:01,026 DEBUG [io.qua.boo.cla.QuarkusClassLoader] (main) Adding elements io.quarkus.bootstrap.classloading.PathTreeClassPathElement@1373e3ee to QuarkusClassLoader Augmentation Class Loader: TEST
2022-11-24 09:59:01,026 DEBUG [io.qua.boo.cla.QuarkusClassLoader] (main) Adding elements io.quarkus.bootstrap.classloading.PathTreeClassPathElement@175c5c3a to QuarkusClassLoader Augmentation Class Loader: TEST
2022-11-24 09:59:01,026 DEBUG [io.qua.boo.cla.QuarkusClassLoader] (main) Adding elements io.quarkus.bootstrap.classloading.PathTreeClassPathElement@69a5c6be to QuarkusClassLoader Augmentation Class Loader: TEST
2022-11-24 09:59:01,026 DEBUG [io.qua.boo.cla.QuarkusClassLoader] (main) Adding elements io.quarkus.bootstrap.classloading.PathTreeClassPathElement@451e2fa9 to QuarkusClassLoader Augmentation Class Loader: TEST
2022-11-24 09:59:01,026 DEBUG [io.qua.boo.cla.QuarkusClassLoader] (main) Adding elements io.quarkus.bootstrap.classloading.PathTreeClassPathElement@497ed877 to QuarkusClassLoader Augmentation Class Loader: TEST
2022-11-24 09:59:01,026 DEBUG [io.qua.boo.cla.QuarkusClassLoader] (main) Adding elements io.quarkus.bootstrap.classloading.PathTreeClassPathElement@3cb6e0ee to QuarkusClassLoader Augmentation Class Loader: TEST
2022-11-24 09:59:01,027 DEBUG [io.qua.boo.cla.QuarkusClassLoader] (main) Adding elements io.quarkus.bootstrap.classloading.PathTreeClassPathElement@7b6141f0 to QuarkusClassLoader Augmentation Class Loader: TEST
2022-11-24 09:59:01,027 DEBUG [io.qua.boo.cla.QuarkusClassLoader] (main) Adding elements io.quarkus.bootstrap.classloading.PathTreeClassPathElement@4fb64a52 to QuarkusClassLoader Augmentation Class Loader: TEST
2022-11-24 09:59:01,027 DEBUG [io.qua.boo.cla.QuarkusClassLoader] (main) Adding elements io.quarkus.bootstrap.classloading.PathTreeClassPathElement@70b48eb3 to QuarkusClassLoader Augmentation Class Loader: TEST
2022-11-24 09:59:01,027 DEBUG [io.qua.boo.cla.QuarkusClassLoader] (main) Adding parent first element io.quarkus.bootstrap.classloading.PathTreeClassPathElement@7b8ea1db to QuarkusClassLoader Augmentation Class Loader: TEST
2022-11-24 09:59:01,027 DEBUG [io.qua.boo.cla.QuarkusClassLoader] (main) Adding elements io.quarkus.bootstrap.classloading.PathTreeClassPathElement@7b8ea1db to QuarkusClassLoader Augmentation Class Loader: TEST
2022-11-24 09:59:01,027 DEBUG [io.qua.boo.cla.QuarkusClassLoader] (main) Adding parent first element io.quarkus.bootstrap.classloading.PathTreeClassPathElement@a91119b to QuarkusClassLoader Augmentation Class Loader: TEST
2022-11-24 09:59:01,027 DEBUG [io.qua.boo.cla.QuarkusClassLoader] (main) Adding elements io.quarkus.bootstrap.classloading.PathTreeClassPathElement@a91119b to QuarkusClassLoader Augmentation Class Loader: TEST
2022-11-24 09:59:01,027 DEBUG [io.qua.boo.cla.QuarkusClassLoader] (main) Adding parent first element io.quarkus.bootstrap.classloading.PathTreeClassPathElement@77083e41 to QuarkusClassLoader Augmentation Class Loader: TEST
2022-11-24 09:59:01,027 DEBUG [io.qua.boo.cla.QuarkusClassLoader] (main) Adding elements io.quarkus.bootstrap.classloading.PathTreeClassPathElement@77083e41 to QuarkusClassLoader Augmentation Class Loader: TEST
2022-11-24 09:59:01,027 DEBUG [io.qua.boo.cla.QuarkusClassLoader] (main) Adding elements io.quarkus.bootstrap.classloading.PathTreeClassPathElement@231df705 to QuarkusClassLoader Augmentation Class Loader: TEST
2022-11-24 09:59:01,027 DEBUG [io.qua.boo.cla.QuarkusClassLoader] (main) Adding elements io.quarkus.bootstrap.classloading.PathTreeClassPathElement@2d130ac4 to QuarkusClassLoader Augmentation Class Loader: TEST
2022-11-24 09:59:01,027 DEBUG [io.qua.boo.cla.QuarkusClassLoader] (main) Adding elements io.quarkus.bootstrap.classloading.PathTreeClassPathElement@2f0ccb34 to QuarkusClassLoader Augmentation Class Loader: TEST
2022-11-24 09:59:01,027 DEBUG [io.qua.boo.cla.QuarkusClassLoader] (main) Adding elements io.quarkus.bootstrap.classloading.PathTreeClassPathElement@194012a2 to QuarkusClassLoader Augmentation Class Loader: TEST
2022-11-24 09:59:01,027 DEBUG [io.qua.boo.cla.QuarkusClassLoader] (main) Adding elements io.quarkus.bootstrap.classloading.PathTreeClassPathElement@55296b50 to QuarkusClassLoader Augmentation Class Loader: TEST
2022-11-24 09:59:01,027 DEBUG [io.qua.boo.cla.QuarkusClassLoader] (main) Adding elements io.quarkus.bootstrap.classloading.PathTreeClassPathElement@60591e1b to QuarkusClassLoader Augmentation Class Loader: TEST
2022-11-24 09:59:01,027 DEBUG [io.qua.boo.cla.QuarkusClassLoader] (main) Adding elements io.quarkus.bootstrap.classloading.PathTreeClassPathElement@29c53c4f to QuarkusClassLoader Augmentation Class Loader: TEST
2022-11-24 09:59:01,028 DEBUG [io.qua.boo.cla.QuarkusClassLoader] (main) Adding elements io.quarkus.bootstrap.classloading.PathTreeClassPathElement@3009eed7 to QuarkusClassLoader Augmentation Class Loader: TEST
2022-11-24 09:59:01,028 DEBUG [io.qua.boo.cla.QuarkusClassLoader] (main) Adding elements io.quarkus.bootstrap.classloading.PathTreeClassPathElement@2ee4706d to QuarkusClassLoader Augmentation Class Loader: TEST
2022-11-24 09:59:01,028 DEBUG [io.qua.boo.cla.QuarkusClassLoader] (main) Adding elements io.quarkus.bootstrap.classloading.PathTreeClassPathElement@6650a6c to QuarkusClassLoader Augmentation Class Loader: TEST
2022-11-24 09:59:01,028 DEBUG [io.qua.boo.cla.QuarkusClassLoader] (main) Adding elements io.quarkus.bootstrap.classloading.PathTreeClassPathElement@64279ab to QuarkusClassLoader Augmentation Class Loader: TEST
2022-11-24 09:59:01,028 DEBUG [io.qua.boo.cla.QuarkusClassLoader] (main) Adding elements io.quarkus.bootstrap.classloading.PathTreeClassPathElement@794240e2 to QuarkusClassLoader Augmentation Class Loader: TEST
2022-11-24 09:59:01,028 DEBUG [io.qua.boo.cla.QuarkusClassLoader] (main) Adding parent first element io.quarkus.bootstrap.classloading.PathTreeClassPathElement@74a820bf to QuarkusClassLoader Augmentation Class Loader: TEST
2022-11-24 09:59:01,028 DEBUG [io.qua.boo.cla.QuarkusClassLoader] (main) Adding elements io.quarkus.bootstrap.classloading.PathTreeClassPathElement@74a820bf to QuarkusClassLoader Augmentation Class Loader: TEST
2022-11-24 09:59:01,028 DEBUG [io.qua.boo.cla.QuarkusClassLoader] (main) Adding elements io.quarkus.bootstrap.classloading.PathTreeClassPathElement@5a30722c to QuarkusClassLoader Augmentation Class Loader: TEST
2022-11-24 09:59:01,028 DEBUG [io.qua.boo.cla.QuarkusClassLoader] (main) Adding elements io.quarkus.bootstrap.classloading.PathTreeClassPathElement@4f2ac7e0 to QuarkusClassLoader Augmentation Class Loader: TEST
2022-11-24 09:59:01,028 DEBUG [io.qua.boo.cla.QuarkusClassLoader] (main) Adding parent first element io.quarkus.bootstrap.classloading.PathTreeClassPathElement@2484dbb7 to QuarkusClassLoader Augmentation Class Loader: TEST
2022-11-24 09:59:01,028 DEBUG [io.qua.boo.cla.QuarkusClassLoader] (main) Adding elements io.quarkus.bootstrap.classloading.PathTreeClassPathElement@2484dbb7 to QuarkusClassLoader Augmentation Class Loader: TEST
2022-11-24 09:59:01,028 DEBUG [io.qua.boo.cla.QuarkusClassLoader] (main) Adding parent first element io.quarkus.bootstrap.classloading.PathTreeClassPathElement@111cba40 to QuarkusClassLoader Augmentation Class Loader: TEST
2022-11-24 09:59:01,028 DEBUG [io.qua.boo.cla.QuarkusClassLoader] (main) Adding elements io.quarkus.bootstrap.classloading.PathTreeClassPathElement@111cba40 to QuarkusClassLoader Augmentation Class Loader: TEST
2022-11-24 09:59:01,028 DEBUG [io.qua.boo.cla.QuarkusClassLoader] (main) Adding elements io.quarkus.bootstrap.classloading.PathTreeClassPathElement@48e41b5d to QuarkusClassLoader Augmentation Class Loader: TEST
2022-11-24 09:59:01,028 DEBUG [io.qua.boo.cla.QuarkusClassLoader] (main) Adding elements io.quarkus.bootstrap.classloading.PathTreeClassPathElement@51e8d066 to QuarkusClassLoader Augmentation Class Loader: TEST
2022-11-24 09:59:01,028 DEBUG [io.qua.boo.cla.QuarkusClassLoader] (main) Adding elements io.quarkus.bootstrap.classloading.PathTreeClassPathElement@5333f08f to QuarkusClassLoader Augmentation Class Loader: TEST
2022-11-24 09:59:01,028 DEBUG [io.qua.boo.cla.QuarkusClassLoader] (main) Adding elements io.quarkus.bootstrap.classloading.PathTreeClassPathElement@27898e13 to QuarkusClassLoader Augmentation Class Loader: TEST
2022-11-24 09:59:01,029 DEBUG [io.qua.boo.cla.QuarkusClassLoader] (main) Adding elements io.quarkus.bootstrap.classloading.PathTreeClassPathElement@4f5f474c to QuarkusClassLoader Augmentation Class Loader: TEST
2022-11-24 09:59:01,029 DEBUG [io.qua.boo.cla.QuarkusClassLoader] (main) Adding elements io.quarkus.bootstrap.classloading.PathTreeClassPathElement@58a3d521 to QuarkusClassLoader Augmentation Class Loader: TEST
2022-11-24 09:59:01,029 DEBUG [io.qua.boo.cla.QuarkusClassLoader] (main) Adding parent first element io.quarkus.bootstrap.classloading.PathTreeClassPathElement@14d8e132 to QuarkusClassLoader Augmentation Class Loader: TEST
2022-11-24 09:59:01,029 DEBUG [io.qua.boo.cla.QuarkusClassLoader] (main) Adding elements io.quarkus.bootstrap.classloading.PathTreeClassPathElement@14d8e132 to QuarkusClassLoader Augmentation Class Loader: TEST
2022-11-24 09:59:01,029 DEBUG [io.qua.boo.cla.QuarkusClassLoader] (main) Adding elements io.quarkus.bootstrap.classloading.PathTreeClassPathElement@7f4a1cac to QuarkusClassLoader Augmentation Class Loader: TEST
2022-11-24 09:59:01,029 DEBUG [io.qua.boo.cla.QuarkusClassLoader] (main) Adding elements io.quarkus.bootstrap.classloading.PathTreeClassPathElement@4a1a412e to QuarkusClassLoader Augmentation Class Loader: TEST
2022-11-24 09:59:01,029 DEBUG [io.qua.boo.cla.QuarkusClassLoader] (main) Adding parent first element io.quarkus.bootstrap.classloading.PathTreeClassPathElement@c568f91 to QuarkusClassLoader Augmentation Class Loader: TEST
2022-11-24 09:59:01,029 DEBUG [io.qua.boo.cla.QuarkusClassLoader] (main) Adding elements io.quarkus.bootstrap.classloading.PathTreeClassPathElement@c568f91 to QuarkusClassLoader Augmentation Class Loader: TEST
2022-11-24 09:59:01,029 DEBUG [io.qua.boo.cla.QuarkusClassLoader] (main) Adding elements io.quarkus.bootstrap.classloading.PathTreeClassPathElement@5fd43e58 to QuarkusClassLoader Augmentation Class Loader: TEST
2022-11-24 09:59:01,034 DEBUG [io.qua.boo.cla.QuarkusClassLoader] (main) Adding elements io.quarkus.bootstrap.classloading.PathTreeClassPathElement@70d4f672 to QuarkusClassLoader Augmentation Class Loader: TEST
2022-11-24 09:59:01,034 DEBUG [io.qua.boo.cla.QuarkusClassLoader] (main) Adding elements io.quarkus.bootstrap.classloading.PathTreeClassPathElement@68dfda77 to QuarkusClassLoader Augmentation Class Loader: TEST
2022-11-24 09:59:01,034 DEBUG [io.qua.boo.cla.QuarkusClassLoader] (main) Adding elements io.quarkus.bootstrap.classloading.PathTreeClassPathElement@50cdfafa to QuarkusClassLoader Augmentation Class Loader: TEST
2022-11-24 09:59:01,035 DEBUG [io.qua.boo.cla.QuarkusClassLoader] (main) Adding elements io.quarkus.bootstrap.classloading.PathTreeClassPathElement@2e952845 to QuarkusClassLoader Augmentation Class Loader: TEST
2022-11-24 09:59:01,036 DEBUG [io.qua.boo.cla.QuarkusClassLoader] (main) Adding elements io.quarkus.bootstrap.classloading.PathTreeClassPathElement@79252c83 to QuarkusClassLoader Augmentation Class Loader: TEST
2022-11-24 09:59:01,036 DEBUG [io.qua.boo.cla.QuarkusClassLoader] (main) Adding elements io.quarkus.bootstrap.classloading.PathTreeClassPathElement@6fbf5db2 to QuarkusClassLoader Augmentation Class Loader: TEST
2022-11-24 09:59:01,036 DEBUG [io.qua.boo.cla.QuarkusClassLoader] (main) Adding elements io.quarkus.bootstrap.classloading.PathTreeClassPathElement@509a6095 to QuarkusClassLoader Augmentation Class Loader: TEST
2022-11-24 09:59:01,037 DEBUG [io.qua.boo.cla.QuarkusClassLoader] (main) Adding elements io.quarkus.bootstrap.classloading.PathTreeClassPathElement@57cabdc3 to QuarkusClassLoader Augmentation Class Loader: TEST
2022-11-24 09:59:01,037 DEBUG [io.qua.boo.cla.QuarkusClassLoader] (main) Adding elements io.quarkus.bootstrap.classloading.PathTreeClassPathElement@75bd28d to QuarkusClassLoader Augmentation Class Loader: TEST
2022-11-24 09:59:01,037 DEBUG [io.qua.boo.cla.QuarkusClassLoader] (main) Adding elements io.quarkus.bootstrap.classloading.PathTreeClassPathElement@129c4d19 to QuarkusClassLoader Augmentation Class Loader: TEST
2022-11-24 09:59:01,037 DEBUG [io.qua.boo.cla.QuarkusClassLoader] (main) Adding elements io.quarkus.bootstrap.classloading.PathTreeClassPathElement@11810917 to QuarkusClassLoader Augmentation Class Loader: TEST
2022-11-24 09:59:01,037 DEBUG [io.qua.boo.cla.QuarkusClassLoader] (main) Adding elements io.quarkus.bootstrap.classloading.PathTreeClassPathElement@13278a41 to QuarkusClassLoader Augmentation Class Loader: TEST
2022-11-24 09:59:01,037 DEBUG [io.qua.boo.cla.QuarkusClassLoader] (main) Adding elements io.quarkus.bootstrap.classloading.PathTreeClassPathElement@4a31ed12 to QuarkusClassLoader Augmentation Class Loader: TEST
2022-11-24 09:59:01,037 DEBUG [io.qua.boo.cla.QuarkusClassLoader] (main) Adding elements io.quarkus.bootstrap.classloading.PathTreeClassPathElement@3ab595c8 to QuarkusClassLoader Augmentation Class Loader: TEST
2022-11-24 09:59:01,037 DEBUG [io.qua.boo.cla.QuarkusClassLoader] (main) Adding parent first element io.quarkus.bootstrap.classloading.PathTreeClassPathElement@2365ea38 to QuarkusClassLoader Augmentation Class Loader: TEST
2022-11-24 09:59:01,037 DEBUG [io.qua.boo.cla.QuarkusClassLoader] (main) Adding elements io.quarkus.bootstrap.classloading.PathTreeClassPathElement@2365ea38 to QuarkusClassLoader Augmentation Class Loader: TEST
2022-11-24 09:59:01,038 DEBUG [io.qua.boo.cla.QuarkusClassLoader] (main) Adding parent first element io.quarkus.bootstrap.classloading.PathTreeClassPathElement@cbf1997 to QuarkusClassLoader Augmentation Class Loader: TEST
2022-11-24 09:59:01,038 DEBUG [io.qua.boo.cla.QuarkusClassLoader] (main) Adding elements io.quarkus.bootstrap.classloading.PathTreeClassPathElement@cbf1997 to QuarkusClassLoader Augmentation Class Loader: TEST
2022-11-24 09:59:01,038 DEBUG [io.qua.boo.cla.QuarkusClassLoader] (main) Adding elements io.quarkus.bootstrap.classloading.PathTreeClassPathElement@49232c6f to QuarkusClassLoader Augmentation Class Loader: TEST
2022-11-24 09:59:01,038 DEBUG [io.qua.boo.cla.QuarkusClassLoader] (main) Adding elements io.quarkus.bootstrap.classloading.PathTreeClassPathElement@5faeeb56 to QuarkusClassLoader Augmentation Class Loader: TEST
2022-11-24 09:59:01,038 DEBUG [io.qua.boo.cla.QuarkusClassLoader] (main) Adding elements io.quarkus.bootstrap.classloading.PathTreeClassPathElement@5396eeb1 to QuarkusClassLoader Augmentation Class Loader: TEST
2022-11-24 09:59:01,038 DEBUG [io.qua.boo.cla.QuarkusClassLoader] (main) Adding elements io.quarkus.bootstrap.classloading.PathTreeClassPathElement@279126f5 to QuarkusClassLoader Augmentation Class Loader: TEST
2022-11-24 09:59:01,038 DEBUG [io.qua.boo.cla.QuarkusClassLoader] (main) Adding elements io.quarkus.bootstrap.classloading.PathTreeClassPathElement@7781263c to QuarkusClassLoader Augmentation Class Loader: TEST
2022-11-24 09:59:01,038 DEBUG [io.qua.boo.cla.QuarkusClassLoader] (main) Adding elements io.quarkus.bootstrap.classloading.PathTreeClassPathElement@5fdd97c1 to QuarkusClassLoader Augmentation Class Loader: TEST
2022-11-24 09:59:01,038 DEBUG [io.qua.boo.cla.QuarkusClassLoader] (main) Adding parent first element io.quarkus.bootstrap.classloading.PathTreeClassPathElement@3b5a19ed to QuarkusClassLoader Augmentation Class Loader: TEST
2022-11-24 09:59:01,038 DEBUG [io.qua.boo.cla.QuarkusClassLoader] (main) Adding elements io.quarkus.bootstrap.classloading.PathTreeClassPathElement@3b5a19ed to QuarkusClassLoader Augmentation Class Loader: TEST
2022-11-24 09:59:01,038 DEBUG [io.qua.boo.cla.QuarkusClassLoader] (main) Adding elements io.quarkus.bootstrap.classloading.PathTreeClassPathElement@15d236fd to QuarkusClassLoader Augmentation Class Loader: TEST
2022-11-24 09:59:01,038 DEBUG [io.qua.boo.cla.QuarkusClassLoader] (main) Adding elements io.quarkus.bootstrap.classloading.PathTreeClassPathElement@6b9c42bd to QuarkusClassLoader Augmentation Class Loader: TEST
2022-11-24 09:59:01,038 DEBUG [io.qua.boo.cla.QuarkusClassLoader] (main) Adding parent first element io.quarkus.bootstrap.classloading.PathTreeClassPathElement@584ca390 to QuarkusClassLoader Augmentation Class Loader: TEST
2022-11-24 09:59:01,038 DEBUG [io.qua.boo.cla.QuarkusClassLoader] (main) Adding elements io.quarkus.bootstrap.classloading.PathTreeClassPathElement@584ca390 to QuarkusClassLoader Augmentation Class Loader: TEST
2022-11-24 09:59:01,038 DEBUG [io.qua.boo.cla.QuarkusClassLoader] (main) Adding parent first element io.quarkus.bootstrap.classloading.PathTreeClassPathElement@33324c05 to QuarkusClassLoader Augmentation Class Loader: TEST
2022-11-24 09:59:01,038 DEBUG [io.qua.boo.cla.QuarkusClassLoader] (main) Adding elements io.quarkus.bootstrap.classloading.PathTreeClassPathElement@33324c05 to QuarkusClassLoader Augmentation Class Loader: TEST
2022-11-24 09:59:01,039 DEBUG [io.qua.boo.cla.QuarkusClassLoader] (main) Adding parent first element io.quarkus.bootstrap.classloading.PathTreeClassPathElement@37d3e140 to QuarkusClassLoader Augmentation Class Loader: TEST
2022-11-24 09:59:01,047 DEBUG [io.qua.boo.cla.QuarkusClassLoader] (main) Adding elements io.quarkus.bootstrap.classloading.PathTreeClassPathElement@37d3e140 to QuarkusClassLoader Augmentation Class Loader: TEST
2022-11-24 09:59:01,047 DEBUG [io.qua.boo.cla.QuarkusClassLoader] (main) Adding parent first element io.quarkus.bootstrap.classloading.PathTreeClassPathElement@3e53c4ad to QuarkusClassLoader Augmentation Class Loader: TEST
2022-11-24 09:59:01,048 DEBUG [io.qua.boo.cla.QuarkusClassLoader] (main) Adding elements io.quarkus.bootstrap.classloading.PathTreeClassPathElement@3e53c4ad to QuarkusClassLoader Augmentation Class Loader: TEST
2022-11-24 09:59:01,048 DEBUG [io.qua.boo.cla.QuarkusClassLoader] (main) Adding parent first element io.quarkus.bootstrap.classloading.PathTreeClassPathElement@33eb0d4 to QuarkusClassLoader Augmentation Class Loader: TEST
2022-11-24 09:59:01,048 DEBUG [io.qua.boo.cla.QuarkusClassLoader] (main) Adding elements io.quarkus.bootstrap.classloading.PathTreeClassPathElement@33eb0d4 to QuarkusClassLoader Augmentation Class Loader: TEST
2022-11-24 09:59:01,048 DEBUG [io.qua.boo.cla.QuarkusClassLoader] (main) Adding parent first element io.quarkus.bootstrap.classloading.PathTreeClassPathElement@224d86d2 to QuarkusClassLoader Augmentation Class Loader: TEST
2022-11-24 09:59:01,048 DEBUG [io.qua.boo.cla.QuarkusClassLoader] (main) Adding elements io.quarkus.bootstrap.classloading.PathTreeClassPathElement@224d86d2 to QuarkusClassLoader Augmentation Class Loader: TEST
2022-11-24 09:59:01,049 DEBUG [io.qua.boo.cla.QuarkusClassLoader] (main) Adding parent first element io.quarkus.bootstrap.classloading.PathTreeClassPathElement@a3cba3a to QuarkusClassLoader Augmentation Class Loader: TEST
2022-11-24 09:59:01,049 DEBUG [io.qua.boo.cla.QuarkusClassLoader] (main) Adding elements io.quarkus.bootstrap.classloading.PathTreeClassPathElement@a3cba3a to QuarkusClassLoader Augmentation Class Loader: TEST
2022-11-24 09:59:01,049 DEBUG [io.qua.boo.cla.QuarkusClassLoader] (main) Adding elements io.quarkus.bootstrap.classloading.PathTreeClassPathElement@2aea717c to QuarkusClassLoader Augmentation Class Loader: TEST
2022-11-24 09:59:01,049 DEBUG [io.qua.boo.cla.QuarkusClassLoader] (main) Adding elements io.quarkus.bootstrap.classloading.PathTreeClassPathElement@5ca4dce5 to QuarkusClassLoader Augmentation Class Loader: TEST
2022-11-24 09:59:01,049 DEBUG [io.qua.boo.cla.QuarkusClassLoader] (main) Adding elements io.quarkus.bootstrap.classloading.PathTreeClassPathElement@1291aab5 to QuarkusClassLoader Augmentation Class Loader: TEST
2022-11-24 09:59:01,049 DEBUG [io.qua.boo.cla.QuarkusClassLoader] (main) Adding elements io.quarkus.bootstrap.classloading.PathTreeClassPathElement@7d133fb7 to QuarkusClassLoader Augmentation Class Loader: TEST
2022-11-24 09:59:01,050 DEBUG [io.qua.boo.cla.QuarkusClassLoader] (main) Adding parent first element io.quarkus.bootstrap.classloading.PathTreeClassPathElement@40bd0f8 to QuarkusClassLoader Augmentation Class Loader: TEST
2022-11-24 09:59:01,050 DEBUG [io.qua.boo.cla.QuarkusClassLoader] (main) Adding elements io.quarkus.bootstrap.classloading.PathTreeClassPathElement@40bd0f8 to QuarkusClassLoader Augmentation Class Loader: TEST
2022-11-24 09:59:01,050 DEBUG [io.qua.boo.cla.QuarkusClassLoader] (main) Adding elements io.quarkus.bootstrap.classloading.PathTreeClassPathElement@7eb27768 to QuarkusClassLoader Augmentation Class Loader: TEST
2022-11-24 09:59:01,051 DEBUG [io.qua.boo.cla.QuarkusClassLoader] (main) Adding elements io.quarkus.bootstrap.classloading.PathTreeClassPathElement@6169be09 to QuarkusClassLoader Augmentation Class Loader: TEST
2022-11-24 09:59:01,051 DEBUG [io.qua.boo.cla.QuarkusClassLoader] (main) Adding elements io.quarkus.bootstrap.classloading.PathTreeClassPathElement@5e3db14 to QuarkusClassLoader Augmentation Class Loader: TEST
2022-11-24 09:59:01,051 DEBUG [io.qua.boo.cla.QuarkusClassLoader] (main) Adding elements io.quarkus.bootstrap.classloading.PathTreeClassPathElement@5fb54740 to QuarkusClassLoader Augmentation Class Loader: TEST
2022-11-24 09:59:01,051 DEBUG [io.qua.boo.cla.QuarkusClassLoader] (main) Adding elements io.quarkus.bootstrap.classloading.PathTreeClassPathElement@325162e9 to QuarkusClassLoader Augmentation Class Loader: TEST
2022-11-24 09:59:01,051 DEBUG [io.qua.boo.cla.QuarkusClassLoader] (main) Adding elements io.quarkus.bootstrap.classloading.PathTreeClassPathElement@1ee40b5c to QuarkusClassLoader Augmentation Class Loader: TEST
2022-11-24 09:59:01,051 DEBUG [io.qua.boo.cla.QuarkusClassLoader] (main) Adding elements io.quarkus.bootstrap.classloading.PathTreeClassPathElement@5c448ef to QuarkusClassLoader Augmentation Class Loader: TEST
2022-11-24 09:59:01,051 DEBUG [io.qua.boo.cla.QuarkusClassLoader] (main) Adding elements io.quarkus.bootstrap.classloading.PathTreeClassPathElement@703e8050 to QuarkusClassLoader Augmentation Class Loader: TEST
2022-11-24 09:59:01,051 DEBUG [io.qua.boo.cla.QuarkusClassLoader] (main) Adding elements io.quarkus.bootstrap.classloading.PathTreeClassPathElement@49c1e294 to QuarkusClassLoader Augmentation Class Loader: TEST
2022-11-24 09:59:01,051 DEBUG [io.qua.boo.cla.QuarkusClassLoader] (main) Adding elements io.quarkus.bootstrap.classloading.PathTreeClassPathElement@7741ae1b to QuarkusClassLoader Augmentation Class Loader: TEST
2022-11-24 09:59:01,051 DEBUG [io.qua.boo.cla.QuarkusClassLoader] (main) Adding elements io.quarkus.bootstrap.classloading.PathTreeClassPathElement@50e5032c to QuarkusClassLoader Augmentation Class Loader: TEST
2022-11-24 09:59:01,051 DEBUG [io.qua.boo.cla.QuarkusClassLoader] (main) Adding elements io.quarkus.bootstrap.classloading.PathTreeClassPathElement@2ec85a25 to QuarkusClassLoader Augmentation Class Loader: TEST
2022-11-24 09:59:01,052 DEBUG [io.qua.boo.cla.QuarkusClassLoader] (main) Adding elements io.quarkus.bootstrap.classloading.PathTreeClassPathElement@4c176ff1 to QuarkusClassLoader Augmentation Class Loader: TEST
2022-11-24 09:59:01,052 DEBUG [io.qua.boo.cla.QuarkusClassLoader] (main) Adding elements io.quarkus.bootstrap.classloading.PathTreeClassPathElement@27c53c32 to QuarkusClassLoader Augmentation Class Loader: TEST
2022-11-24 09:59:01,052 DEBUG [io.qua.boo.cla.QuarkusClassLoader] (main) Adding elements io.quarkus.bootstrap.classloading.PathTreeClassPathElement@68aec50 to QuarkusClassLoader Augmentation Class Loader: TEST
2022-11-24 09:59:01,052 DEBUG [io.qua.boo.cla.QuarkusClassLoader] (main) Adding elements io.quarkus.bootstrap.classloading.PathTreeClassPathElement@6aff97d6 to QuarkusClassLoader Augmentation Class Loader: TEST
2022-11-24 09:59:01,052 DEBUG [io.qua.boo.cla.QuarkusClassLoader] (main) Adding elements io.quarkus.bootstrap.classloading.PathTreeClassPathElement@1d60059f to QuarkusClassLoader Augmentation Class Loader: TEST
2022-11-24 09:59:01,052 DEBUG [io.qua.boo.cla.QuarkusClassLoader] (main) Adding elements io.quarkus.bootstrap.classloading.PathTreeClassPathElement@134a8ead to QuarkusClassLoader Augmentation Class Loader: TEST
2022-11-24 09:59:01,057 DEBUG [io.qua.boo.cla.QuarkusClassLoader] (main) Adding elements io.quarkus.bootstrap.classloading.PathTreeClassPathElement@427308f8 to QuarkusClassLoader Augmentation Class Loader: TEST
2022-11-24 09:59:01,060 DEBUG [io.qua.boo.cla.QuarkusClassLoader] (main) Adding elements io.quarkus.bootstrap.classloading.PathTreeClassPathElement@54247647 to QuarkusClassLoader Augmentation Class Loader: TEST
2022-11-24 09:59:01,060 DEBUG [io.qua.boo.cla.QuarkusClassLoader] (main) Adding elements io.quarkus.bootstrap.classloading.PathTreeClassPathElement@4975dda1 to QuarkusClassLoader Augmentation Class Loader: TEST
2022-11-24 09:59:01,060 DEBUG [io.qua.boo.cla.QuarkusClassLoader] (main) Adding elements io.quarkus.bootstrap.classloading.PathTreeClassPathElement@e0d1dc4 to QuarkusClassLoader Augmentation Class Loader: TEST
2022-11-24 09:59:01,060 DEBUG [io.qua.boo.cla.QuarkusClassLoader] (main) Adding elements io.quarkus.bootstrap.classloading.PathTreeClassPathElement@5463f035 to QuarkusClassLoader Augmentation Class Loader: TEST
2022-11-24 09:59:01,061 DEBUG [io.qua.boo.cla.QuarkusClassLoader] (main) Adding elements io.quarkus.bootstrap.classloading.PathTreeClassPathElement@230232b0 to QuarkusClassLoader Augmentation Class Loader: TEST
2022-11-24 09:59:01,061 DEBUG [io.qua.boo.cla.QuarkusClassLoader] (main) Adding elements io.quarkus.bootstrap.classloading.PathTreeClassPathElement@44fd7ba4 to QuarkusClassLoader Augmentation Class Loader: TEST
2022-11-24 09:59:01,064 DEBUG [io.qua.boo.cla.QuarkusClassLoader] (main) Adding elements io.quarkus.bootstrap.classloading.PathTreeClassPathElement@22f8adc2 to QuarkusClassLoader Augmentation Class Loader: TEST
2022-11-24 09:59:01,064 DEBUG [io.qua.boo.cla.QuarkusClassLoader] (main) Adding elements io.quarkus.bootstrap.classloading.PathTreeClassPathElement@69d103f0 to QuarkusClassLoader Augmentation Class Loader: TEST
2022-11-24 09:59:01,065 DEBUG [io.qua.boo.cla.QuarkusClassLoader] (main) Adding elements io.quarkus.bootstrap.classloading.PathTreeClassPathElement@5b742bc8 to QuarkusClassLoader Augmentation Class Loader: TEST
2022-11-24 09:59:01,065 DEBUG [io.qua.boo.cla.QuarkusClassLoader] (main) Adding elements io.quarkus.bootstrap.classloading.PathTreeClassPathElement@74fb5b59 to QuarkusClassLoader Augmentation Class Loader: TEST
2022-11-24 09:59:01,065 DEBUG [io.qua.boo.cla.QuarkusClassLoader] (main) Adding elements io.quarkus.bootstrap.classloading.PathTreeClassPathElement@130a6eb9 to QuarkusClassLoader Augmentation Class Loader: TEST
2022-11-24 09:59:01,065 DEBUG [io.qua.boo.cla.QuarkusClassLoader] (main) Adding elements io.quarkus.bootstrap.classloading.PathTreeClassPathElement@722531ab to QuarkusClassLoader Augmentation Class Loader: TEST
2022-11-24 09:59:01,065 DEBUG [io.qua.boo.cla.QuarkusClassLoader] (main) Adding elements io.quarkus.bootstrap.classloading.PathTreeClassPathElement@8f57e4c to QuarkusClassLoader Augmentation Class Loader: TEST
2022-11-24 09:59:01,065 DEBUG [io.qua.boo.cla.QuarkusClassLoader] (main) Adding elements io.quarkus.bootstrap.classloading.PathTreeClassPathElement@26fadd98 to QuarkusClassLoader Augmentation Class Loader: TEST
2022-11-24 09:59:01,066 DEBUG [io.qua.boo.cla.QuarkusClassLoader] (main) Adding elements io.quarkus.bootstrap.classloading.PathTreeClassPathElement@66451058 to QuarkusClassLoader Augmentation Class Loader: TEST
2022-11-24 09:59:01,066 DEBUG [io.qua.boo.cla.QuarkusClassLoader] (main) Adding elements io.quarkus.bootstrap.classloading.PathTreeClassPathElement@3db6dd52 to QuarkusClassLoader Augmentation Class Loader: TEST
2022-11-24 09:59:01,066 DEBUG [io.qua.boo.cla.QuarkusClassLoader] (main) Adding elements io.quarkus.bootstrap.classloading.PathTreeClassPathElement@1e92c3b6 to QuarkusClassLoader Augmentation Class Loader: TEST
2022-11-24 09:59:01,066 DEBUG [io.qua.boo.cla.QuarkusClassLoader] (main) Adding elements io.quarkus.bootstrap.classloading.PathTreeClassPathElement@6ef4cbe1 to QuarkusClassLoader Augmentation Class Loader: TEST
2022-11-24 09:59:01,066 DEBUG [io.qua.boo.cla.QuarkusClassLoader] (main) Adding elements io.quarkus.bootstrap.classloading.PathTreeClassPathElement@207dd1b7 to QuarkusClassLoader Augmentation Class Loader: TEST
2022-11-24 09:59:01,066 DEBUG [io.qua.boo.cla.QuarkusClassLoader] (main) Adding elements io.quarkus.bootstrap.classloading.PathTreeClassPathElement@2baac4a7 to QuarkusClassLoader Augmentation Class Loader: TEST
2022-11-24 09:59:01,067 DEBUG [io.qua.boo.cla.QuarkusClassLoader] (main) Adding elements io.quarkus.bootstrap.classloading.PathTreeClassPathElement@23ad2d17 to QuarkusClassLoader Augmentation Class Loader: TEST
2022-11-24 09:59:01,067 DEBUG [io.qua.boo.cla.QuarkusClassLoader] (main) Adding elements io.quarkus.bootstrap.classloading.PathTreeClassPathElement@6bce4140 to QuarkusClassLoader Augmentation Class Loader: TEST
2022-11-24 09:59:01,067 DEBUG [io.qua.boo.cla.QuarkusClassLoader] (main) Adding elements io.quarkus.bootstrap.classloading.PathTreeClassPathElement@25f0c5e7 to QuarkusClassLoader Augmentation Class Loader: TEST
2022-11-24 09:59:01,067 DEBUG [io.qua.boo.cla.QuarkusClassLoader] (main) Adding elements io.quarkus.bootstrap.classloading.PathTreeClassPathElement@5882b202 to QuarkusClassLoader Augmentation Class Loader: TEST
2022-11-24 09:59:01,067 DEBUG [io.qua.boo.cla.QuarkusClassLoader] (main) Adding elements io.quarkus.bootstrap.classloading.PathTreeClassPathElement@120df990 to QuarkusClassLoader Augmentation Class Loader: TEST
2022-11-24 09:59:01,067 DEBUG [io.qua.boo.cla.QuarkusClassLoader] (main) Adding elements io.quarkus.bootstrap.classloading.PathTreeClassPathElement@b506ed0 to QuarkusClassLoader Augmentation Class Loader: TEST
2022-11-24 09:59:01,068 DEBUG [io.qua.boo.cla.QuarkusClassLoader] (main) Adding elements io.quarkus.bootstrap.classloading.PathTreeClassPathElement@282c4da0 to QuarkusClassLoader Augmentation Class Loader: TEST
2022-11-24 09:59:01,068 DEBUG [io.qua.boo.cla.QuarkusClassLoader] (main) Adding elements io.quarkus.bootstrap.classloading.PathTreeClassPathElement@65f3e805 to QuarkusClassLoader Augmentation Class Loader: TEST
2022-11-24 09:59:01,068 DEBUG [io.qua.boo.cla.QuarkusClassLoader] (main) Adding elements io.quarkus.bootstrap.classloading.PathTreeClassPathElement@18cf5c52 to QuarkusClassLoader Augmentation Class Loader: TEST
2022-11-24 09:59:01,068 DEBUG [io.qua.boo.cla.QuarkusClassLoader] (main) Adding elements io.quarkus.bootstrap.classloading.PathTreeClassPathElement@10618775 to QuarkusClassLoader Augmentation Class Loader: TEST
2022-11-24 09:59:01,069 DEBUG [io.qua.boo.cla.QuarkusClassLoader] (main) Adding elements io.quarkus.bootstrap.classloading.PathTreeClassPathElement@5aea8994 to QuarkusClassLoader Augmentation Class Loader: TEST
2022-11-24 09:59:01,069 DEBUG [io.qua.boo.cla.QuarkusClassLoader] (main) Adding elements io.quarkus.bootstrap.classloading.PathTreeClassPathElement@20a3e10c to QuarkusClassLoader Augmentation Class Loader: TEST
2022-11-24 09:59:01,069 DEBUG [io.qua.boo.cla.QuarkusClassLoader] (main) Adding elements io.quarkus.bootstrap.classloading.PathTreeClassPathElement@426c0486 to QuarkusClassLoader Augmentation Class Loader: TEST
2022-11-24 09:59:01,070 DEBUG [io.qua.boo.cla.QuarkusClassLoader] (main) Adding elements io.quarkus.bootstrap.classloading.PathTreeClassPathElement@5e2a6991 to QuarkusClassLoader Augmentation Class Loader: TEST
2022-11-24 09:59:01,070 DEBUG [io.qua.boo.cla.QuarkusClassLoader] (main) Adding elements io.quarkus.bootstrap.classloading.PathTreeClassPathElement@5002fde9 to QuarkusClassLoader Augmentation Class Loader: TEST
2022-11-24 09:59:01,070 DEBUG [io.qua.boo.cla.QuarkusClassLoader] (main) Adding elements io.quarkus.bootstrap.classloading.PathTreeClassPathElement@6f96dd64 to QuarkusClassLoader Augmentation Class Loader: TEST
2022-11-24 09:59:01,070 DEBUG [io.qua.boo.cla.QuarkusClassLoader] (main) Adding elements io.quarkus.bootstrap.classloading.PathTreeClassPathElement@4d7cac24 to QuarkusClassLoader Augmentation Class Loader: TEST
2022-11-24 09:59:01,082 DEBUG [io.qua.boo.cla.QuarkusClassLoader] (main) Adding elements io.quarkus.bootstrap.classloading.PathTreeClassPathElement@409732fb to QuarkusClassLoader Augmentation Class Loader: TEST
2022-11-24 09:59:01,082 DEBUG [io.qua.boo.cla.QuarkusClassLoader] (main) Adding elements io.quarkus.bootstrap.classloading.PathTreeClassPathElement@73d62b5 to QuarkusClassLoader Augmentation Class Loader: TEST
2022-11-24 09:59:01,082 DEBUG [io.qua.boo.cla.QuarkusClassLoader] (main) Adding elements io.quarkus.bootstrap.classloading.PathTreeClassPathElement@5e99e2cb to QuarkusClassLoader Augmentation Class Loader: TEST
2022-11-24 09:59:01,083 DEBUG [io.qua.boo.cla.QuarkusClassLoader] (main) Adding elements io.quarkus.bootstrap.classloading.PathTreeClassPathElement@76ac68b0 to QuarkusClassLoader Augmentation Class Loader: TEST
2022-11-24 09:59:01,156 DEBUG [io.qua.boo.cla.QuarkusClassLoader] (main) Adding elements io.quarkus.bootstrap.classloading.PathTreeClassPathElement@b56ec6c to QuarkusClassLoader Deployment Class Loader: TEST
2022-11-24 09:59:01,156 DEBUG [io.qua.boo.cla.QuarkusClassLoader] (main) Adding elements io.quarkus.bootstrap.classloading.PathTreeClassPathElement@5abf6a99 to QuarkusClassLoader Deployment Class Loader: TEST
2022-11-24 09:59:01,170 DEBUG [io.qua.dep.QuarkusAugmentor] (main) Beginning Quarkus augmentation
2022-11-24 09:59:02,017 DEBUG [io.qua.deployment] (main) Build steps with ambiguous name detected: io.quarkus.vertx.core.deployment.VertxCoreProcessor#build, using discriminator suffix for step id: io.quarkus.vertx.core.deployment.VertxCoreProcessor#build_9fb3ce360263cc99d07c9172ec2feeaa85afcc1a
2022-11-24 09:59:02,018 DEBUG [io.qua.deployment] (main) Build steps with ambiguous name detected: io.quarkus.vertx.core.deployment.VertxCoreProcessor#build, using discriminator suffix for step id: io.quarkus.vertx.core.deployment.VertxCoreProcessor#build_9d6b7122fb368970c50c3a870d1f672392cd8afb
2022-11-24 09:59:02,063 DEBUG [io.qua.deployment] (main) Build steps with ambiguous name detected: io.quarkus.vertx.http.deployment.devmode.console.DevConsoleProcessor#setupDevConsoleRoutes, using discriminator suffix for step id: io.quarkus.vertx.http.deployment.devmode.console.DevConsoleProcessor#setupDevConsoleRoutes_8bb86a3e770caadb970f4facb490e30df7a2a187
2022-11-24 09:59:02,064 DEBUG [io.qua.deployment] (main) Build steps with ambiguous name detected: io.quarkus.vertx.http.deployment.devmode.console.DevConsoleProcessor#setupDevConsoleRoutes, using discriminator suffix for step id: io.quarkus.vertx.http.deployment.devmode.console.DevConsoleProcessor#setupDevConsoleRoutes_ee13defc6570b6625b45fb5bcb36058b4e9ff919
2022-11-24 09:59:02,318 DEBUG [io.qua.net.dep.NettyProcessor] (build-11) Not registering Netty native epoll classes as they were not found
2022-11-24 09:59:02,318 DEBUG [io.qua.net.dep.NettyProcessor] (build-11) Not registering Netty native kqueue classes as they were not found
2022-11-24 09:59:02,372 DEBUG [io.qua.dep.ste.ApplicationIndexBuildStep] (build-49) Indexing /Users/m.termzee/Desktop/Code/Java/SWA-Praktikum-3/target/test-classes/org/acme/GreetingResourceIT.class
2022-11-24 09:59:02,382 DEBUG [io.qua.dep.ste.ApplicationIndexBuildStep] (build-49) Indexing /Users/m.termzee/Desktop/Code/Java/SWA-Praktikum-3/target/test-classes/org/acme/GreetingResourceTest.class
2022-11-24 09:59:02,382 DEBUG [io.qua.dep.ste.ApplicationIndexBuildStep] (build-49) Indexing /Users/m.termzee/Desktop/Code/Java/SWA-Praktikum-3/target/test-classes/de/hsos/swa/mocktail/ECB/boundry/MocktailResourceTest.class
2022-11-24 09:59:02,383 DEBUG [io.qua.dep.ste.ApplicationIndexBuildStep] (build-49) Indexing /Users/m.termzee/Desktop/Code/Java/SWA-Praktikum-3/target/test-classes/de/hsos/swa/mocktail/ECB/boundry/IngredientResourceTest.class
2022-11-24 09:59:02,384 DEBUG [io.qua.dep.ste.ApplicationIndexBuildStep] (build-49) Indexing /Users/m.termzee/Desktop/Code/Java/SWA-Praktikum-3/target/classes/org/acme/GreetingResource.class
2022-11-24 09:59:02,385 DEBUG [io.qua.dep.ste.ApplicationIndexBuildStep] (build-49) Indexing /Users/m.termzee/Desktop/Code/Java/SWA-Praktikum-3/target/classes/de/hsos/swa/mocktail/ECB/boundry/IngredientResource.class
2022-11-24 09:59:02,386 DEBUG [io.qua.dep.ste.ApplicationIndexBuildStep] (build-49) Indexing /Users/m.termzee/Desktop/Code/Java/SWA-Praktikum-3/target/classes/de/hsos/swa/mocktail/ECB/boundry/MocktailResource.class
2022-11-24 09:59:02,388 DEBUG [io.qua.dep.ste.ApplicationIndexBuildStep] (build-49) Indexing /Users/m.termzee/Desktop/Code/Java/SWA-Praktikum-3/target/classes/de/hsos/swa/mocktail/ECB/boundry/UserResource.class
2022-11-24 09:59:02,389 DEBUG [io.qua.dep.ste.ApplicationIndexBuildStep] (build-49) Indexing /Users/m.termzee/Desktop/Code/Java/SWA-Praktikum-3/target/classes/de/hsos/swa/mocktail/ECB/entity/Mocktail.class
2022-11-24 09:59:02,390 DEBUG [io.qua.dep.ste.ApplicationIndexBuildStep] (build-49) Indexing /Users/m.termzee/Desktop/Code/Java/SWA-Praktikum-3/target/classes/de/hsos/swa/mocktail/ECB/entity/Barkeeper.class
2022-11-24 09:59:02,390 DEBUG [io.qua.dep.ste.ApplicationIndexBuildStep] (build-49) Indexing /Users/m.termzee/Desktop/Code/Java/SWA-Praktikum-3/target/classes/de/hsos/swa/mocktail/ECB/entity/User.class
2022-11-24 09:59:02,391 DEBUG [io.qua.dep.ste.ApplicationIndexBuildStep] (build-49) Indexing /Users/m.termzee/Desktop/Code/Java/SWA-Praktikum-3/target/classes/de/hsos/swa/mocktail/ECB/entity/Ingredient.class
2022-11-24 09:59:02,392 DEBUG [io.qua.dep.ste.ApplicationIndexBuildStep] (build-49) Indexing /Users/m.termzee/Desktop/Code/Java/SWA-Praktikum-3/target/classes/de/hsos/swa/mocktail/ECB/control/user/UserPost.class
2022-11-24 09:59:02,400 DEBUG [io.qua.dep.ste.ApplicationIndexBuildStep] (build-49) Indexing /Users/m.termzee/Desktop/Code/Java/SWA-Praktikum-3/target/classes/de/hsos/swa/mocktail/ECB/control/mocktail/MocktailService.class
2022-11-24 09:59:02,400 DEBUG [io.qua.dep.ste.ApplicationIndexBuildStep] (build-49) Indexing /Users/m.termzee/Desktop/Code/Java/SWA-Praktikum-3/target/classes/de/hsos/swa/mocktail/ECB/control/ingredient/IngredientService.class
2022-11-24 09:59:02,407 DEBUG [io.qua.dep.ste.NativeImageConfigBuildStep] (build-29) Native SSL support enabled due to extensions [rest-client] requiring it
2022-11-24 09:59:02,422 DEBUG [io.qua.dep.ste.ApplicationIndexBuildStep] (build-49) Indexing /Users/m.termzee/Desktop/Code/Java/SWA-Praktikum-3/target/classes/de/hsos/swa/mocktail/ECB/gateway/UserChecker.class
2022-11-24 09:59:02,424 DEBUG [io.net.uti.int.PlatformDependent0] (build-7) -Dio.netty.noUnsafe: false
2022-11-24 09:59:02,424 DEBUG [io.net.uti.int.PlatformDependent0] (build-7) Java version: 19
2022-11-24 09:59:02,424 DEBUG [io.net.uti.int.PlatformDependent0] (build-7) sun.misc.Unsafe.theUnsafe: available
2022-11-24 09:59:02,425 DEBUG [io.net.uti.int.PlatformDependent0] (build-7) sun.misc.Unsafe.copyMemory: available
2022-11-24 09:59:02,425 DEBUG [io.net.uti.int.PlatformDependent0] (build-7) sun.misc.Unsafe.storeFence: available
2022-11-24 09:59:02,425 DEBUG [io.net.uti.int.PlatformDependent0] (build-7) java.nio.Buffer.address: available
2022-11-24 09:59:02,425 DEBUG [io.net.uti.int.PlatformDependent0] (build-7) direct buffer constructor: unavailable: Reflective setAccessible(true) disabled
2022-11-24 09:59:02,426 DEBUG [io.net.uti.int.PlatformDependent0] (build-7) java.nio.Bits.unaligned: available, true
2022-11-24 09:59:02,426 DEBUG [io.net.uti.int.PlatformDependent0] (build-7) jdk.internal.misc.Unsafe.allocateUninitializedArray(int): unavailable: class io.netty.util.internal.PlatformDependent0$7 cannot access class jdk.internal.misc.Unsafe (in module java.base) because module java.base does not export jdk.internal.misc to unnamed module @4e5c8ef3
2022-11-24 09:59:02,427 DEBUG [io.net.uti.int.PlatformDependent0] (build-7) java.nio.DirectByteBuffer.<init>(long, int): unavailable
2022-11-24 09:59:02,427 DEBUG [io.net.uti.int.PlatformDependent] (build-7) sun.misc.Unsafe: available
2022-11-24 09:59:02,428 DEBUG [io.qua.dep.ste.ApplicationIndexBuildStep] (build-49) Indexing /Users/m.termzee/Desktop/Code/Java/SWA-Praktikum-3/target/classes/de/hsos/swa/mocktail/ECB/gateway/UserRepository.class
2022-11-24 09:59:02,428 DEBUG [io.qua.dep.ste.ApplicationIndexBuildStep] (build-49) Indexing /Users/m.termzee/Desktop/Code/Java/SWA-Praktikum-3/target/classes/de/hsos/swa/mocktail/ECB/gateway/MocktaiRepository.class
2022-11-24 09:59:02,429 DEBUG [io.qua.dep.ste.ApplicationIndexBuildStep] (build-49) Indexing /Users/m.termzee/Desktop/Code/Java/SWA-Praktikum-3/target/classes/de/hsos/swa/cocktail/ECB/boundry/CocktailResource.class
2022-11-24 09:59:02,430 DEBUG [io.qua.dep.ste.ApplicationIndexBuildStep] (build-49) Indexing /Users/m.termzee/Desktop/Code/Java/SWA-Praktikum-3/target/classes/de/hsos/swa/cocktail/ECB/entity/Barkeeper.class
2022-11-24 09:59:02,430 DEBUG [io.qua.dep.ste.ApplicationIndexBuildStep] (build-49) Indexing /Users/m.termzee/Desktop/Code/Java/SWA-Praktikum-3/target/classes/de/hsos/swa/cocktail/ECB/control/dto/CocktailDTO.class
2022-11-24 09:59:02,431 DEBUG [io.qua.dep.ste.ApplicationIndexBuildStep] (build-49) Indexing /Users/m.termzee/Desktop/Code/Java/SWA-Praktikum-3/target/classes/de/hsos/swa/cocktail/ECB/control/dto/IngredientDTO.class
2022-11-24 09:59:02,431 DEBUG [io.qua.dep.ste.ApplicationIndexBuildStep] (build-49) Indexing /Users/m.termzee/Desktop/Code/Java/SWA-Praktikum-3/target/classes/de/hsos/swa/cocktail/ECB/control/dto/FactoryDTO.class
2022-11-24 09:59:02,432 DEBUG [io.qua.dep.ste.ApplicationIndexBuildStep] (build-49) Indexing /Users/m.termzee/Desktop/Code/Java/SWA-Praktikum-3/target/classes/de/hsos/swa/cocktail/ECB/control/cocktail/CocktailService.class
2022-11-24 09:59:02,432 DEBUG [io.qua.dep.ste.ApplicationIndexBuildStep] (build-49) Indexing /Users/m.termzee/Desktop/Code/Java/SWA-Praktikum-3/target/classes/de/hsos/swa/cocktail/ECB/gateway/CocktailRepository.class
2022-11-24 09:59:02,432 DEBUG [io.qua.dep.ste.ApplicationIndexBuildStep] (build-49) Indexing /Users/m.termzee/Desktop/Code/Java/SWA-Praktikum-3/target/classes/de/hsos/swa/cocktail/ECB/gateway/api/CocktailAPI.class
2022-11-24 09:59:02,468 DEBUG [io.net.uti.int.PlatformDependent] (build-7) maxDirectMemory: 4294967296 bytes (maybe)
2022-11-24 09:59:02,468 DEBUG [io.net.uti.int.PlatformDependent] (build-7) -Dio.netty.tmpdir: /var/folders/5s/f819bl553jl95h6b_lw3nnh80000gn/T (java.io.tmpdir)
2022-11-24 09:59:02,468 DEBUG [io.net.uti.int.PlatformDependent] (build-7) -Dio.netty.bitMode: 64 (sun.arch.data.model)
2022-11-24 09:59:02,469 DEBUG [io.net.uti.int.PlatformDependent] (build-7) Platform: MacOS
2022-11-24 09:59:02,471 DEBUG [io.net.uti.int.PlatformDependent] (build-7) -Dio.netty.maxDirectMemory: -1 bytes
2022-11-24 09:59:02,471 DEBUG [io.net.uti.int.PlatformDependent] (build-7) -Dio.netty.uninitializedArrayAllocationThreshold: -1
2022-11-24 09:59:02,472 DEBUG [io.net.uti.int.CleanerJava9] (build-7) java.nio.ByteBuffer.cleaner(): available
2022-11-24 09:59:02,472 DEBUG [io.net.uti.int.PlatformDependent] (build-7) -Dio.netty.noPreferDirect: false
2022-11-24 09:59:02,766 DEBUG [io.qua.dep.index] (build-26) Index class: java.util.Map
2022-11-24 09:59:02,767 DEBUG [io.qua.dep.index] (build-26) Index annotation: java.lang.SafeVarargs
2022-11-24 09:59:02,767 DEBUG [io.qua.dep.index] (build-26) Index class: java.lang.Object
2022-11-24 09:59:02,768 DEBUG [io.qua.dep.index] (build-26) Index annotation: jdk.internal.vm.annotation.IntrinsicCandidate
2022-11-24 09:59:02,768 DEBUG [io.qua.dep.index] (build-26) Index annotation: java.lang.Deprecated
2022-11-24 09:59:02,768 DEBUG [io.qua.dep.index] (build-26) Index class: java.util.Collection
2022-11-24 09:59:02,795 DEBUG [io.qua.dep.index] (build-6) Index class: io.quarkus.arc.runtime.test.PreloadedTestApplicationClassPredicate
2022-11-24 09:59:02,796 DEBUG [io.qua.dep.index] (build-6) Index annotation: javax.inject.Singleton
2022-11-24 09:59:02,796 DEBUG [io.qua.dep.index] (build-6) Index class: io.quarkus.smallrye.openapi.runtime.OpenApiDocumentService
2022-11-24 09:59:02,796 DEBUG [io.qua.dep.index] (build-6) Index annotation: javax.enterprise.context.ApplicationScoped
2022-11-24 09:59:02,796 DEBUG [io.qua.dep.index] (build-6) Index class: io.quarkus.vertx.runtime.VertxProducer
2022-11-24 09:59:02,797 DEBUG [io.qua.dep.index] (build-6) Index annotation: javax.enterprise.context.BeforeDestroyed
2022-11-24 09:59:02,797 DEBUG [io.qua.dep.index] (build-6) Index annotation: javax.enterprise.inject.Produces
2022-11-24 09:59:02,797 DEBUG [io.qua.dep.index] (build-6) Index annotation: javax.enterprise.event.Observes
2022-11-24 09:59:02,797 DEBUG [io.qua.dep.index] (build-6) Index class: io.quarkus.arc.runtime.LoggerProducer
2022-11-24 09:59:02,797 DEBUG [io.qua.dep.index] (build-6) Index annotation: javax.annotation.PreDestroy
2022-11-24 09:59:02,798 DEBUG [io.qua.dep.index] (build-6) Index annotation: io.quarkus.arc.DefaultBean
2022-11-24 09:59:02,798 DEBUG [io.qua.dep.index] (build-6) Index annotation: io.quarkus.arc.log.LoggerName
2022-11-24 09:59:02,798 DEBUG [io.qua.dep.index] (build-6) Index annotation: javax.enterprise.context.Dependent
2022-11-24 09:59:02,798 DEBUG [io.qua.dep.index] (build-6) Index class: io.quarkus.vertx.http.runtime.CurrentVertxRequest
2022-11-24 09:59:02,798 DEBUG [io.qua.dep.index] (build-6) Index annotation: javax.enterprise.context.RequestScoped
2022-11-24 09:59:02,798 DEBUG [io.qua.dep.index] (build-6) Index class: io.quarkus.vertx.http.runtime.CurrentRequestProducer
2022-11-24 09:59:02,799 DEBUG [io.qua.dep.index] (build-6) Index annotation: javax.inject.Named
2022-11-24 09:59:02,799 DEBUG [io.qua.dep.index] (build-6) Index class: io.quarkus.runtime.annotations.CommandLineArguments
2022-11-24 09:59:02,799 DEBUG [io.qua.dep.index] (build-6) Index annotation: javax.inject.Qualifier
2022-11-24 09:59:02,799 DEBUG [io.qua.dep.index] (build-6) Index annotation: java.lang.annotation.Retention
2022-11-24 09:59:02,799 DEBUG [io.qua.dep.index] (build-6) Index class: io.quarkus.netty.BossEventLoopGroup
2022-11-24 09:59:02,799 DEBUG [io.qua.dep.index] (build-6) Index class: io.quarkus.netty.MainEventLoopGroup
2022-11-24 09:59:02,799 DEBUG [io.qua.dep.index] (build-6) Index class: io.quarkus.arc.runtime.LaunchModeProducer
2022-11-24 09:59:02,800 DEBUG [io.qua.dep.index] (build-6) Index class: io.smallrye.metrics.MetricProducer
2022-11-24 09:59:02,800 DEBUG [io.qua.dep.index] (build-6) Index annotation: javax.inject.Inject
2022-11-24 09:59:02,800 DEBUG [io.qua.dep.index] (build-6) Index annotation: org.eclipse.microprofile.metrics.annotation.RegistryType
2022-11-24 09:59:02,800 DEBUG [io.qua.dep.index] (build-6) Index class: io.smallrye.metrics.interceptors.MetricNameFactory
2022-11-24 09:59:02,800 DEBUG [io.qua.dep.index] (build-6) Index class: io.smallrye.metrics.interceptors.GaugeRegistrationInterceptor
2022-11-24 09:59:02,801 DEBUG [io.qua.dep.index] (build-6) Index annotation: javax.interceptor.Interceptor
2022-11-24 09:59:02,801 DEBUG [io.qua.dep.index] (build-6) Index annotation: javax.annotation.Priority
2022-11-24 09:59:02,801 DEBUG [io.qua.dep.index] (build-6) Index annotation: javax.interceptor.AroundConstruct
2022-11-24 09:59:02,801 DEBUG [io.qua.dep.index] (build-6) Index annotation: io.smallrye.metrics.interceptors.MetricsBinding
2022-11-24 09:59:02,801 DEBUG [io.qua.dep.index] (build-6) Index class: io.smallrye.metrics.interceptors.MeteredInterceptor
2022-11-24 09:59:02,802 DEBUG [io.qua.dep.index] (build-6) Index annotation: javax.interceptor.AroundTimeout
2022-11-24 09:59:02,802 DEBUG [io.qua.dep.index] (build-6) Index annotation: org.eclipse.microprofile.metrics.annotation.Metered
2022-11-24 09:59:02,802 DEBUG [io.qua.dep.index] (build-6) Index annotation: javax.interceptor.AroundInvoke
2022-11-24 09:59:02,802 DEBUG [io.qua.dep.index] (build-6) Index class: io.smallrye.metrics.interceptors.ConcurrentGaugeInterceptor
2022-11-24 09:59:02,802 DEBUG [io.qua.dep.index] (build-6) Index annotation: org.eclipse.microprofile.metrics.annotation.ConcurrentGauge
2022-11-24 09:59:02,803 DEBUG [io.qua.dep.index] (build-6) Index class: io.smallrye.metrics.interceptors.CountedInterceptor
2022-11-24 09:59:02,803 DEBUG [io.qua.dep.index] (build-6) Index annotation: org.eclipse.microprofile.metrics.annotation.Counted
2022-11-24 09:59:02,803 DEBUG [io.qua.dep.index] (build-6) Index class: io.smallrye.metrics.interceptors.TimedInterceptor
2022-11-24 09:59:02,803 DEBUG [io.qua.dep.index] (build-6) Index annotation: org.eclipse.microprofile.metrics.annotation.Timed
2022-11-24 09:59:02,804 DEBUG [io.qua.dep.index] (build-6) Index class: io.smallrye.metrics.interceptors.SimplyTimedInterceptor
2022-11-24 09:59:02,804 DEBUG [io.qua.dep.index] (build-6) Index annotation: org.eclipse.microprofile.metrics.annotation.SimplyTimed
2022-11-24 09:59:02,804 DEBUG [io.qua.dep.index] (build-6) Index class: io.smallrye.metrics.MetricsRequestHandler
2022-11-24 09:59:02,805 DEBUG [io.qua.dep.index] (build-6) Index class: io.smallrye.metrics.MetricRegistries
2022-11-24 09:59:02,805 DEBUG [io.qua.dep.index] (build-6) Index annotation: javax.enterprise.inject.Default
2022-11-24 09:59:02,805 DEBUG [io.qua.dep.index] (build-6) Index class: org.eclipse.microprofile.rest.client.inject.RestClient
2022-11-24 09:59:02,805 DEBUG [io.qua.dep.index] (build-6) Index annotation: java.lang.annotation.Target
2022-11-24 09:59:02,805 DEBUG [io.qua.dep.index] (build-6) Index annotation: java.lang.annotation.Documented
2022-11-24 09:59:02,806 DEBUG [io.qua.dep.index] (build-6) Index class: io.quarkus.smallrye.context.runtime.SmallRyeContextPropagationProvider
2022-11-24 09:59:02,806 DEBUG [io.qua.dep.index] (build-6) Index class: io.smallrye.config.inject.ConfigProducer
2022-11-24 09:59:02,806 DEBUG [io.qua.dep.index] (build-6) Index annotation: org.eclipse.microprofile.config.inject.ConfigProperty
2022-11-24 09:59:02,806 DEBUG [io.qua.dep.index] (build-6) Index class: org.eclipse.microprofile.config.inject.ConfigProperties
2022-11-24 09:59:02,807 DEBUG [io.qua.dep.index] (build-6) Index annotation: javax.enterprise.util.Nonbinding
2022-11-24 09:59:02,807 DEBUG [io.qua.dep.index] (build-6) Index class: io.quarkus.resteasy.common.runtime.jackson.QuarkusObjectMapperContextResolver
2022-11-24 09:59:02,807 DEBUG [io.qua.dep.index] (build-6) Index annotation: javax.ws.rs.ext.Provider
2022-11-24 09:59:02,807 DEBUG [io.qua.dep.index] (build-6) Index class: io.quarkus.resteasy.common.runtime.jsonb.QuarkusJsonbContextResolver
2022-11-24 09:59:02,807 DEBUG [io.qua.dep.index] (build-6) Index class: io.smallrye.faulttolerance.DefaultFallbackHandlerProvider$1
2022-11-24 09:59:02,807 DEBUG [io.qua.dep.index] (build-6) Index class: io.quarkus.jsonb.JsonbProducer
2022-11-24 09:59:02,808 DEBUG [io.qua.dep.index] (build-6) Index annotation: io.quarkus.arc.All
2022-11-24 09:59:02,808 DEBUG [io.qua.dep.index] (build-6) Index class: io.quarkus.jackson.runtime.ObjectMapperProducer
2022-11-24 09:59:02,808 DEBUG [io.qua.dep.index] (build-6) Index class: org.eclipse.microprofile.faulttolerance.Retry
2022-11-24 09:59:02,808 DEBUG [io.qua.dep.index] (build-6) Index annotation: java.lang.annotation.Inherited
2022-11-24 09:59:02,808 DEBUG [io.qua.dep.index] (build-6) Index annotation: javax.interceptor.InterceptorBinding
2022-11-24 09:59:02,809 DEBUG [io.qua.dep.index] (build-6) Index class: io.smallrye.faulttolerance.api.ApplyFaultTolerance
2022-11-24 09:59:02,809 DEBUG [io.qua.dep.index] (build-6) Index class: org.eclipse.microprofile.faulttolerance.CircuitBreaker
2022-11-24 09:59:02,809 DEBUG [io.qua.dep.index] (build-6) Index class: org.eclipse.microprofile.faulttolerance.Timeout
2022-11-24 09:59:02,809 DEBUG [io.qua.dep.index] (build-6) Index class: org.eclipse.microprofile.faulttolerance.Asynchronous
2022-11-24 09:59:02,809 DEBUG [io.qua.dep.index] (build-6) Index class: org.eclipse.microprofile.faulttolerance.Bulkhead
2022-11-24 09:59:02,810 DEBUG [io.qua.dep.index] (build-6) Index class: org.eclipse.microprofile.faulttolerance.Fallback
2022-11-24 09:59:02,810 DEBUG [io.qua.dep.index] (build-6) Index class: io.smallrye.faulttolerance.ExecutorHolder
2022-11-24 09:59:02,810 DEBUG [io.qua.dep.index] (build-6) Index class: io.smallrye.faulttolerance.internal.StrategyCache
2022-11-24 09:59:02,810 DEBUG [io.qua.dep.index] (build-6) Index class: io.quarkus.smallrye.faulttolerance.runtime.QuarkusFallbackHandlerProvider
2022-11-24 09:59:02,810 DEBUG [io.qua.dep.index] (build-6) Index annotation: javax.enterprise.inject.Alternative
2022-11-24 09:59:02,811 DEBUG [io.qua.dep.index] (build-6) Index annotation: javax.enterprise.inject.Any
2022-11-24 09:59:02,811 DEBUG [io.qua.dep.index] (build-6) Index class: io.quarkus.smallrye.faulttolerance.runtime.QuarkusAsyncExecutorProvider
2022-11-24 09:59:02,811 DEBUG [io.qua.dep.index] (build-6) Index class: io.smallrye.faulttolerance.CircuitBreakerMaintenanceImpl
2022-11-24 09:59:02,811 DEBUG [io.qua.dep.index] (build-6) Index class: io.smallrye.faulttolerance.core.apiimpl.BasicCircuitBreakerMaintenanceImpl
2022-11-24 09:59:02,811 DEBUG [io.qua.dep.index] (build-6) Index class: io.smallrye.faulttolerance.RequestContextIntegration
2022-11-24 09:59:02,812 DEBUG [io.qua.dep.index] (build-6) Index class: io.smallrye.faulttolerance.SpecCompatibility
2022-11-24 09:59:02,812 DEBUG [io.qua.dep.index] (build-6) Index class: io.smallrye.faulttolerance.metrics.MicroProfileMetricsProvider
2022-11-24 09:59:02,812 DEBUG [io.qua.dep.index] (build-6) Index class: io.smallrye.faulttolerance.FaultToleranceInterceptor
2022-11-24 09:59:02,813 DEBUG [io.qua.dep.index] (build-6) Index annotation: javax.enterprise.inject.Intercepted
2022-11-24 09:59:02,813 DEBUG [io.qua.dep.index] (build-6) Index annotation: io.smallrye.faulttolerance.FaultToleranceBinding
2022-11-24 09:59:02,813 DEBUG [io.qua.dep.index] (build-6) Index class: io.quarkus.smallrye.faulttolerance.runtime.QuarkusFaultToleranceOperationProvider
2022-11-24 09:59:02,814 DEBUG [io.qua.dep.index] (build-6) Index class: io.quarkus.smallrye.faulttolerance.runtime.QuarkusExistingCircuitBreakerNames
2022-11-24 09:59:02,814 DEBUG [io.qua.dep.index] (build-6) Index class: io.smallrye.faulttolerance.CdiFaultToleranceSpi$EagerDependencies
2022-11-24 09:59:02,814 DEBUG [io.qua.dep.index] (build-6) Index class: io.smallrye.faulttolerance.CdiFaultToleranceSpi$LazyDependencies
2022-11-24 09:59:02,814 DEBUG [io.qua.dep.index] (build-6) Index class: io/quarkus/jsonb/customizer/RegisterSerializersAndDeserializersCustomizer
2022-11-24 09:59:02,814 DEBUG [io.qua.dep.index] (build-6) Index class: io/quarkus/jackson/customizer/RegisterSerializersAndDeserializersCustomizer
2022-11-24 09:59:02,820 DEBUG [io.qua.arc.dep.AutoInjectFieldProcessor] (build-3) Add missing @Inject to fields annotated with [org.eclipse.microprofile.metrics.annotation.Metric, io.smallrye.context.api.NamedInstance, io.smallrye.common.annotation.Identifier, javax.enterprise.context.BeforeDestroyed, io.quarkus.arc.log.LoggerName, javax.inject.Named, io.quarkus.runtime.annotations.CommandLineArguments, io.quarkus.netty.BossEventLoopGroup, io.quarkus.netty.MainEventLoopGroup, org.eclipse.microprofile.metrics.annotation.RegistryType, javax.enterprise.inject.Default, org.eclipse.microprofile.rest.client.inject.RestClient, org.eclipse.microprofile.config.inject.ConfigProperty, org.eclipse.microprofile.config.inject.ConfigProperties, io.quarkus.arc.All, javax.enterprise.inject.Any, javax.enterprise.inject.Intercepted, javax.enterprise.inject.Default, javax.enterprise.inject.Any, javax.inject.Named, javax.enterprise.context.Initialized, javax.enterprise.context.BeforeDestroyed, javax.enterprise.context.Destroyed, javax.enterprise.inject.Intercepted, io.quarkus.arc.All, io.quarkus.arc.impl.Identified]
2022-11-24 09:59:02,820 DEBUG [io.qua.arc.dep.AutoProducerMethodsProcessor] (build-2) Add missing @Produces to methods annotated with [javax.enterprise.inject.Default, javax.enterprise.context.Destroyed, org.eclipse.microprofile.rest.client.inject.RestClient, javax.enterprise.inject.Model, io.quarkus.netty.MainEventLoopGroup, javax.enterprise.inject.Intercepted, io.quarkus.test.Mock, javax.enterprise.context.BeforeDestroyed, io.quarkus.arc.log.LoggerName, io.quarkus.runtime.annotations.CommandLineArguments, io.smallrye.context.api.NamedInstance, io.quarkus.arc.All, org.eclipse.microprofile.metrics.annotation.RegistryType, javax.inject.Named, io.quarkus.netty.BossEventLoopGroup, org.eclipse.microprofile.config.inject.ConfigProperty, javax.enterprise.inject.Any, org.eclipse.microprofile.config.inject.ConfigProperties, io.quarkus.arc.impl.Identified, io.smallrye.common.annotation.Identifier, javax.enterprise.context.Initialized]
2022-11-24 09:59:02,918 DEBUG [io.qua.arc.pro.BeanArchives] (build-2) Index: java.lang.Object
2022-11-24 09:59:02,927 DEBUG [io.sma.ope.run.scanner] (build-7) SROAP04000: Scanning deployment for OpenAPI Annotations.
2022-11-24 09:59:02,927 DEBUG [io.qua.arc.pro.BeanArchives] (build-5) Index: org.jboss.logging.DelegatingBasicLogger
2022-11-24 09:59:02,929 DEBUG [io.sma.ope.run.scanner] (build-7) SROAP04000: Scanning deployment for JAX-RS Annotations.
2022-11-24 09:59:02,933 DEBUG [io.qua.arc.pro.BeanArchives] (build-5) Index: java.util.concurrent.CompletableFuture
2022-11-24 09:59:02,965 DEBUG [io.qua.arc.pro.BeanArchives] (build-5) Index: javax.enterprise.util.AnnotationLiteral
2022-11-24 09:59:02,999 DEBUG [io.qua.arc.pro.BeanArchives] (build-5) Index: java.lang.ClassLoader
2022-11-24 09:59:03,007 DEBUG [io.sma.ope.jaxrs] (build-7) SROAP10000: Processing a JAX-RS resource class: GreetingResource
2022-11-24 09:59:03,033 DEBUG [io.sma.ope.jaxrs] (build-7) SROAP10001: Processing JaxRs method: java.lang.String hello()
2022-11-24 09:59:03,038 DEBUG [io.qua.sma.met.dep.SmallRyeMetricsProcessor] (build-5) Found metrics business methods on a class io.smallrye.metrics.interceptors.TimedInterceptor with no scope defined - adding @Dependent
2022-11-24 09:59:03,040 DEBUG [io.qua.sma.met.dep.SmallRyeMetricsProcessor] (build-5) Found metrics business methods on a class io.smallrye.metrics.interceptors.MeteredInterceptor with no scope defined - adding @Dependent
2022-11-24 09:59:03,040 DEBUG [io.qua.sma.met.dep.SmallRyeMetricsProcessor] (build-5) Found metrics business methods on a class io.smallrye.metrics.interceptors.ConcurrentGaugeInterceptor with no scope defined - adding @Dependent
2022-11-24 09:59:03,041 DEBUG [io.qua.sma.met.dep.SmallRyeMetricsProcessor] (build-5) Found metrics business methods on a class io.smallrye.metrics.interceptors.CountedInterceptor with no scope defined - adding @Dependent
2022-11-24 09:59:03,041 DEBUG [io.qua.sma.met.dep.SmallRyeMetricsProcessor] (build-5) Found metrics business methods on a class io.smallrye.metrics.interceptors.SimplyTimedInterceptor with no scope defined - adding @Dependent
2022-11-24 09:59:03,066 DEBUG [io.qua.arc.pro.BeanArchives] (build-5) Index: io.quarkus.jsonb.JsonbConfigCustomizer
2022-11-24 09:59:03,066 DEBUG [io.qua.arc.pro.BeanArchives] (build-5) Index: io.smallrye.faulttolerance.FallbackHandlerProvider
2022-11-24 09:59:03,067 DEBUG [io.qua.arc.pro.BeanArchives] (build-5) Index: io.smallrye.faulttolerance.api.CircuitBreakerMaintenance
2022-11-24 09:59:03,068 DEBUG [io.qua.arc.pro.BeanArchives] (build-5) Index: javax.ws.rs.ext.ContextResolver
2022-11-24 09:59:03,069 DEBUG [io.qua.arc.pro.BeanArchives] (build-5) Index: javax.json.bind.Jsonb
2022-11-24 09:59:03,069 DEBUG [io.qua.arc.pro.BeanArchives] (build-5) Index: io.quarkus.jackson.ObjectMapperCustomizer
2022-11-24 09:59:03,069 DEBUG [io.qua.arc.pro.BeanArchives] (build-5) Index: java.lang.Comparable
2022-11-24 09:59:03,070 DEBUG [io.qua.arc.pro.BeanArchives] (build-5) Index: io.smallrye.faulttolerance.FaultToleranceOperationProvider
2022-11-24 09:59:03,071 DEBUG [io.qua.arc.pro.BeanArchives] (build-5) Index: io.quarkus.runtime.test.TestApplicationClassPredicate
2022-11-24 09:59:03,071 DEBUG [io.qua.arc.pro.BeanArchives] (build-5) Index: java.util.function.Predicate
2022-11-24 09:59:03,071 DEBUG [io.qua.arc.pro.BeanArchives] (build-5) Index: java.lang.String
2022-11-24 09:59:03,091 DEBUG [io.qua.arc.pro.BeanArchives] (build-5) Index: io.smallrye.faulttolerance.core.apiimpl.BuilderEagerDependencies
2022-11-24 09:59:03,092 DEBUG [io.qua.arc.pro.BeanArchives] (build-5) Index: javax.enterprise.context.control.RequestContextController
2022-11-24 09:59:03,092 DEBUG [io.qua.arc.pro.BeanArchives] (build-5) Index: io.smallrye.faulttolerance.metrics.MetricsProvider
2022-11-24 09:59:03,093 DEBUG [io.qua.arc.pro.BeanArchives] (build-5) Index: io.quarkus.arc.AsyncObserverExceptionHandler
2022-11-24 09:59:03,093 DEBUG [io.qua.arc.pro.BeanArchives] (build-5) Index: io.quarkus.smallrye.openapi.runtime.OpenApiDocumentHolder
2022-11-24 09:59:03,094 DEBUG [io.qua.arc.pro.BeanArchives] (build-5) Index: io.smallrye.faulttolerance.core.apiimpl.BuilderLazyDependencies
2022-11-24 09:59:03,094 DEBUG [io.qua.arc.pro.BeanArchives] (build-5) Index: io.smallrye.faulttolerance.ExistingCircuitBreakerNames
2022-11-24 09:59:03,095 DEBUG [io.qua.arc.pro.BeanArchives] (build-5) Index: com.fasterxml.jackson.databind.ObjectMapper
2022-11-24 09:59:03,099 DEBUG [io.qua.arc.pro.BeanArchives] (build-5) Index: io.smallrye.faulttolerance.AsyncExecutorProvider
2022-11-24 09:59:03,109 DEBUG [io.qua.arc.pro.BeanArchives] (build-5) Index: java.lang.Boolean
2022-11-24 09:59:03,110 DEBUG [io.qua.arc.pro.BeanArchives] (build-5) Index: java.io.Serializable
2022-11-24 09:59:03,111 DEBUG [io.qua.arc.pro.BeanArchives] (build-5) Index: java.util.Optional
2022-11-24 09:59:03,112 DEBUG [io.qua.arc.pro.BeanArchives] (build-5) Index: java.util.OptionalDouble
2022-11-24 09:59:03,113 DEBUG [io.qua.arc.pro.BeanArchives] (build-5) Index: org.eclipse.microprofile.context.ThreadContext
2022-11-24 09:59:03,113 DEBUG [io.sma.ope.jaxrs] (build-7) SROAP10000: Processing a JAX-RS resource class: IngredientResource
2022-11-24 09:59:03,113 DEBUG [io.qua.arc.pro.BeanArchives] (build-5) Index: io.smallrye.config.SmallRyeConfig
2022-11-24 09:59:03,113 DEBUG [io.sma.ope.jaxrs] (build-7) SROAP10001: Processing JaxRs method: javax.ws.rs.core.Response updateIngredient(int id, java.lang.String name)
2022-11-24 09:59:03,114 DEBUG [io.qua.arc.pro.BeanArchives] (build-5) Index: org.eclipse.microprofile.config.Config
2022-11-24 09:59:03,114 DEBUG [io.qua.arc.pro.BeanArchives] (build-5) Index: io.quarkus.runtime.LaunchMode
2022-11-24 09:59:03,115 DEBUG [io.qua.arc.pro.BeanArchives] (build-5) Index: java.lang.Enum
2022-11-24 09:59:03,115 DEBUG [io.qua.arc.pro.BeanArchives] (build-5) Index: io.vertx.core.eventbus.EventBus
2022-11-24 09:59:03,118 DEBUG [io.qua.arc.pro.BeanArchives] (build-5) Index: io.vertx.core.metrics.Measured
2022-11-24 09:59:03,120 DEBUG [io.qua.arc.pro.BeanArchives] (build-5) Index: java.lang.Character
2022-11-24 09:59:03,122 DEBUG [io.qua.arc.pro.BeanArchives] (build-5) Index: java.lang.Short
2022-11-24 09:59:03,124 DEBUG [io.qua.arc.pro.BeanArchives] (build-5) Index: java.lang.Number
2022-11-24 09:59:03,124 DEBUG [io.qua.arc.pro.BeanArchives] (build-5) Index: io.smallrye.metrics.interceptors.MetricName
2022-11-24 09:59:03,125 DEBUG [io.qua.arc.pro.BeanArchives] (build-5) Index: org.eclipse.microprofile.metrics.Meter
2022-11-24 09:59:03,125 DEBUG [io.qua.arc.pro.BeanArchives] (build-5) Index: org.eclipse.microprofile.metrics.Metered
2022-11-24 09:59:03,125 DEBUG [io.qua.arc.pro.BeanArchives] (build-5) Index: org.eclipse.microprofile.metrics.Metric
2022-11-24 09:59:03,125 DEBUG [io.qua.arc.pro.BeanArchives] (build-5) Index: org.eclipse.microprofile.metrics.Counting
2022-11-24 09:59:03,125 DEBUG [io.qua.arc.pro.BeanArchives] (build-5) Index: org.jboss.logging.Logger
2022-11-24 09:59:03,128 DEBUG [io.qua.arc.pro.BeanArchives] (build-5) Index: org.jboss.logging.BasicLogger
2022-11-24 09:59:03,130 DEBUG [io.qua.arc.pro.BeanArchives] (build-5) Index: java.util.Map
2022-11-24 09:59:03,131 DEBUG [io.qua.arc.pro.BeanArchives] (build-5) Index: java.lang.Float
2022-11-24 09:59:03,131 DEBUG [io.qua.arc.pro.BeanArchives] (build-5) Index: java.util.OptionalInt
2022-11-24 09:59:03,132 DEBUG [io.qua.arc.pro.BeanArchives] (build-5) Index: java.lang.AutoCloseable
2022-11-24 09:59:03,132 DEBUG [io.qua.arc.pro.BeanArchives] (build-5) Index: java.util.function.Supplier
2022-11-24 09:59:03,132 DEBUG [io.qua.arc.pro.BeanArchives] (build-5) Index: org.eclipse.microprofile.metrics.Counter
2022-11-24 09:59:03,138 DEBUG [io.sma.ope.jaxrs] (build-7) SROAP10001: Processing JaxRs method: javax.ws.rs.core.Response getMocktailByName(java.lang.String name)
2022-11-24 09:59:03,150 DEBUG [io.sma.ope.run.io] (build-7) SROAP02004: Processing a single @Operation annotation.
2022-11-24 09:59:03,151 DEBUG [io.qua.arc.pro.BeanArchives] (build-5) Index: java.util.Set
2022-11-24 09:59:03,152 DEBUG [io.qua.arc.pro.BeanArchives] (build-5) Index: java.util.Collection
2022-11-24 09:59:03,152 DEBUG [io.qua.arc.pro.BeanArchives] (build-5) Index: java.lang.Iterable
2022-11-24 09:59:03,153 DEBUG [io.qua.arc.pro.BeanArchives] (build-5) Index: java.lang.Integer
2022-11-24 09:59:03,153 DEBUG [io.qua.arc.pro.BeanArchives] (build-5) Index: java.util.List
2022-11-24 09:59:03,154 DEBUG [io.qua.arc.pro.BeanArchives] (build-5) Index: io.vertx.mutiny.core.eventbus.EventBus
2022-11-24 09:59:03,155 DEBUG [io.qua.arc.pro.BeanArchives] (build-5) Index: io.vertx.mutiny.core.metrics.Measured
2022-11-24 09:59:03,155 DEBUG [io.qua.arc.pro.BeanArchives] (build-5) Index: org.eclipse.microprofile.metrics.MetricRegistry
2022-11-24 09:59:03,156 DEBUG [io.qua.arc.pro.BeanArchives] (build-5) Index: org.eclipse.microprofile.metrics.SimpleTimer
2022-11-24 09:59:03,156 DEBUG [io.qua.arc.pro.BeanArchives] (build-5) Index: io.smallrye.config.ConfigValue
2022-11-24 09:59:03,157 DEBUG [io.qua.arc.pro.BeanArchives] (build-5) Index: org.eclipse.microprofile.config.ConfigValue
2022-11-24 09:59:03,157 DEBUG [io.qua.arc.pro.BeanArchives] (build-5) Index: javax.json.bind.JsonbConfig
2022-11-24 09:59:03,157 DEBUG [io.qua.arc.pro.BeanArchives] (build-5) Index: org.eclipse.microprofile.metrics.Histogram
2022-11-24 09:59:03,157 DEBUG [io.qua.arc.pro.BeanArchives] (build-5) Index: org.eclipse.microprofile.metrics.Sampling
2022-11-24 09:59:03,158 DEBUG [io.qua.arc.pro.BeanArchives] (build-5) Index: io.vertx.mutiny.core.Vertx
2022-11-24 09:59:03,159 DEBUG [io.qua.arc.pro.BeanArchives] (build-5) Index: java.lang.Long
2022-11-24 09:59:03,160 DEBUG [io.qua.arc.pro.BeanArchives] (build-5) Index: com.fasterxml.jackson.core.Versioned
2022-11-24 09:59:03,160 DEBUG [io.qua.arc.pro.BeanArchives] (build-5) Index: com.fasterxml.jackson.core.ObjectCodec
2022-11-24 09:59:03,160 DEBUG [io.qua.arc.pro.BeanArchives] (build-5) Index: com.fasterxml.jackson.core.TreeCodec
2022-11-24 09:59:03,160 DEBUG [io.sma.ope.jaxrs] (build-7) SROAP10001: Processing JaxRs method: javax.ws.rs.core.Response getIngredients()
2022-11-24 09:59:03,160 DEBUG [io.qua.arc.pro.BeanArchives] (build-5) Index: java.lang.Byte
2022-11-24 09:59:03,161 DEBUG [io.qua.arc.pro.BeanArchives] (build-5) Index: java.lang.CharSequence
2022-11-24 09:59:03,161 DEBUG [io.sma.ope.jaxrs] (build-7) SROAP10001: Processing JaxRs method: javax.ws.rs.core.Response getIngredientById(int id)
2022-11-24 09:59:03,177 DEBUG [io.sma.ope.jaxrs] (build-7) SROAP10001: Processing JaxRs method: javax.ws.rs.core.Response deleteIngredient(int id)
2022-11-24 09:59:03,179 DEBUG [io.sma.ope.jaxrs] (build-7) SROAP10001: Processing JaxRs method: javax.ws.rs.core.Response createIngredient(java.lang.String ingredient)
2022-11-24 09:59:03,181 DEBUG [io.sma.ope.jaxrs] (build-7) SROAP10001: Processing JaxRs method: javax.ws.rs.core.Response addIngredientToMocktail(int ingredientID, int mocktailID)
2022-11-24 09:59:03,183 DEBUG [io.sma.ope.jaxrs] (build-7) SROAP10000: Processing a JAX-RS resource class: MocktailResource
2022-11-24 09:59:03,183 DEBUG [io.sma.ope.jaxrs] (build-7) SROAP10001: Processing JaxRs method: javax.ws.rs.core.Response updateMocktail(int id, java.lang.String mocktail)
2022-11-24 09:59:03,183 DEBUG [io.sma.ope.run.io] (build-7) SROAP02004: Processing a single @Operation annotation.
2022-11-24 09:59:03,186 DEBUG [io.sma.ope.run.io] (build-7) SROAP02004: Processing a single @APIResponse annotation.
2022-11-24 09:59:03,161 DEBUG [io.qua.arc.pro.BeanArchives] (build-5) Index: java.util.OptionalLong
2022-11-24 09:59:03,206 DEBUG [io.qua.arc.pro.BeanArchives] (build-5) Index: io.vertx.core.http.HttpServerRequest
2022-11-24 09:59:03,209 DEBUG [io.qua.arc.pro.BeanArchives] (build-5) Index: io.vertx.core.streams.ReadStream
2022-11-24 09:59:03,209 DEBUG [io.qua.arc.pro.BeanArchives] (build-5) Index: io.vertx.core.streams.StreamBase
2022-11-24 09:59:03,210 DEBUG [io.qua.arc.pro.BeanArchives] (build-5) Index: io.vertx.core.buffer.Buffer
2022-11-24 09:59:03,210 DEBUG [io.qua.arc.pro.BeanArchives] (build-5) Index: org.eclipse.microprofile.metrics.ConcurrentGauge
2022-11-24 09:59:03,211 DEBUG [io.qua.arc.pro.BeanArchives] (build-5) Index: org.eclipse.microprofile.metrics.Gauge
2022-11-24 09:59:03,211 DEBUG [io.qua.arc.pro.BeanArchives] (build-5) Index: org.eclipse.microprofile.metrics.Timer
2022-11-24 09:59:03,211 DEBUG [io.qua.arc.pro.BeanArchives] (build-5) Index: io.vertx.ext.web.RoutingContext
2022-11-24 09:59:03,212 DEBUG [io.qua.arc.pro.BeanArchives] (build-5) Index: java.lang.Double
2022-11-24 09:59:03,222 DEBUG [io.qua.arc.pro.BeanArchives] (build-3) Index: io.quarkus.resteasy.runtime.JaxRsSecurityConfig
2022-11-24 09:59:03,225 DEBUG [io.qua.arc.pro.BeanArchives] (build-3) Index: io.quarkus.vertx.http.runtime.HttpBuildTimeConfig
2022-11-24 09:59:03,225 DEBUG [io.qua.arc.pro.BeanArchives] (build-3) Index: io.quarkus.runtime.ApplicationConfig
2022-11-24 09:59:03,226 DEBUG [io.qua.arc.pro.BeanArchives] (build-3) Index: io.quarkus.runtime.LiveReloadConfig
2022-11-24 09:59:03,226 DEBUG [io.qua.arc.pro.BeanArchives] (build-3) Index: io.quarkus.runtime.LocalesBuildTimeConfig
2022-11-24 09:59:03,226 DEBUG [io.qua.arc.pro.BeanArchives] (build-3) Index: io.quarkus.runtime.TlsConfig
2022-11-24 09:59:03,226 DEBUG [io.qua.arc.pro.BeanArchives] (build-3) Index: io.quarkus.runtime.logging.LogBuildTimeConfig
2022-11-24 09:59:03,227 DEBUG [io.qua.arc.pro.BeanArchives] (build-3) Index: io.quarkus.jackson.runtime.JacksonBuildTimeConfig
2022-11-24 09:59:03,227 DEBUG [io.qua.arc.pro.BeanArchives] (build-3) Index: io.quarkus.vertx.http.runtime.HttpConfiguration
2022-11-24 09:59:03,227 DEBUG [io.qua.arc.pro.BeanArchives] (build-3) Index: io.quarkus.vertx.core.runtime.config.VertxConfiguration
2022-11-24 09:59:03,228 DEBUG [io.qua.arc.pro.BeanArchives] (build-3) Index: io.quarkus.runtime.BannerRuntimeConfig
2022-11-24 09:59:03,228 DEBUG [io.qua.arc.pro.BeanArchives] (build-3) Index: io.quarkus.runtime.CommandLineRuntimeConfig
2022-11-24 09:59:03,228 DEBUG [io.qua.arc.pro.BeanArchives] (build-3) Index: io.quarkus.runtime.ConfigConfig
2022-11-24 09:59:03,229 DEBUG [io.qua.arc.pro.BeanArchives] (build-3) Index: io.quarkus.runtime.ThreadPoolConfig
2022-11-24 09:59:03,229 DEBUG [io.qua.arc.pro.BeanArchives] (build-3) Index: io.quarkus.runtime.TopLevelRootConfig
2022-11-24 09:59:03,229 DEBUG [io.qua.arc.pro.BeanArchives] (build-3) Index: io.quarkus.runtime.configuration.ConfigurationRuntimeConfig
2022-11-24 09:59:03,229 DEBUG [io.qua.arc.pro.BeanArchives] (build-3) Index: io.quarkus.runtime.console.ConsoleRuntimeConfig
2022-11-24 09:59:03,229 DEBUG [io.qua.arc.pro.BeanArchives] (build-3) Index: io.quarkus.runtime.logging.LogConfig
2022-11-24 09:59:03,230 DEBUG [io.qua.arc.pro.BeanArchives] (build-3) Index: io.quarkus.runtime.shutdown.ShutdownConfig
2022-11-24 09:59:03,230 DEBUG [io.qua.arc.pro.BeanArchives] (build-3) Index: io.quarkus.smallrye.openapi.runtime.OpenApiRuntimeConfig
2022-11-24 09:59:03,230 DEBUG [io.qua.arc.pro.BeanArchives] (build-3) Index: io.quarkus.swaggerui.runtime.SwaggerUiRuntimeConfig
2022-11-24 09:59:03,230 DEBUG [io.qua.arc.pro.BeanArchives] (build-3) Index: io.quarkus.restclient.config.RestClientsConfig
2022-11-24 09:59:03,231 DEBUG [io.qua.arc.pro.BeanArchives] (build-3) Index: io.quarkus.logging.gelf.GelfConfig
2022-11-24 09:59:03,231 DEBUG [io.sma.ope.run.io] (build-7) SROAP02004: Processing a single @Content annotation.
2022-11-24 09:59:03,231 DEBUG [io.sma.ope.run.io] (build-7) SROAP02006: Processing a single @Content annotation as a MediaType.
2022-11-24 09:59:03,237 DEBUG [io.sma.ope.run.scanner] (build-7) SROAP04001: Starting processing with root: de.hsos.swa.mocktail.ECB.entity.Mocktail
2022-11-24 09:59:03,238 DEBUG [io.sma.ope.run.scanner] (build-7) SROAP04002: Getting all fields for: de.hsos.swa.mocktail.ECB.entity.Mocktail in class: de.hsos.swa.mocktail.ECB.entity.Mocktail
2022-11-24 09:59:03,239 DEBUG [io.qua.arc.pro.BeanArchives] (build-7) Index: int
2022-11-24 09:59:03,240 DEBUG [io.qua.arc.pro.BeanArchives] (build-49) Index: io.quarkus.vertx.http.runtime.security.BasicAuthenticationMechanism
2022-11-24 09:59:03,240 DEBUG [io.qua.arc.pro.BeanArchives] (build-49) Index: io.vertx.core.Vertx
2022-11-24 09:59:03,241 DEBUG [io.qua.arc.pro.BeanArchives] (build-49) Index: io.netty.channel.EventLoopGroup
2022-11-24 09:59:03,243 DEBUG [io.qua.arc.pro.BeanArchives] (build-49) Index: io.vertx.ext.web.Router
2022-11-24 09:59:03,243 DEBUG [io.qua.arc.pro.BeanArchives] (build-49) Index: io.vertx.mutiny.ext.web.Router
2022-11-24 09:59:03,244 DEBUG [io.qua.arc.pro.BeanArchives] (build-49) Index: org.eclipse.microprofile.openapi.OASFilter
2022-11-24 09:59:03,268 DEBUG [io.qua.arc.pro.UnusedBeans] (build-6) Unremovable - injected: CLASS bean [types=[java.lang.Object, io.smallrye.faulttolerance.SpecCompatibility], qualifiers=[@Default, @Any], target=io.smallrye.faulttolerance.SpecCompatibility]
2022-11-24 09:59:03,268 DEBUG [io.qua.arc.pro.UnusedBeans] (build-6) Unremovable - excluded by BeanClassAnnotationExclusion [nameStartsWith=null, name=javax.ws.rs.Path]: CLASS bean [types=[de.hsos.swa.mocktail.ECB.boundry.UserResource, java.lang.Object], qualifiers=[@Default, @Any], target=de.hsos.swa.mocktail.ECB.boundry.UserResource]
2022-11-24 09:59:03,268 DEBUG [io.qua.arc.pro.UnusedBeans] (build-6) Unremovable - injected: CLASS bean [types=[io.smallrye.faulttolerance.ExecutorHolder, java.lang.Object], qualifiers=[@Default, @Any], target=io.smallrye.faulttolerance.ExecutorHolder]
2022-11-24 09:59:03,269 DEBUG [io.qua.arc.pro.UnusedBeans] (build-6) Unremovable - excluded by BeanClassNameExclusion [className=io.quarkus.smallrye.context.runtime.SmallRyeContextPropagationProvider]: CLASS bean [types=[io.quarkus.smallrye.context.runtime.SmallRyeContextPropagationProvider, java.lang.Object], qualifiers=[@Default, @Any], target=io.quarkus.smallrye.context.runtime.SmallRyeContextPropagationProvider]
2022-11-24 09:59:03,269 DEBUG [io.qua.arc.pro.UnusedBeans] (build-6) Unremovable - excluded by io.quarkus.arc.deployment.ArcProcessor$15@327ea9c4: CLASS bean [types=[io.quarkus.jsonb.customizer.RegisterSerializersAndDeserializersCustomizer, java.lang.Object, io.quarkus.jsonb.JsonbConfigCustomizer], qualifiers=[@Default, @Any], target=io.quarkus.jsonb.customizer.RegisterSerializersAndDeserializersCustomizer]
2022-11-24 09:59:03,269 DEBUG [io.qua.arc.pro.UnusedBeans] (build-6) Unremovable - excluded by BeanClassAnnotationExclusion [nameStartsWith=null, name=javax.ws.rs.Path]: CLASS bean [types=[org.acme.GreetingResource, java.lang.Object], qualifiers=[@Default, @Any], target=org.acme.GreetingResource]
2022-11-24 09:59:03,269 DEBUG [io.qua.arc.pro.UnusedBeans] (build-6) Unremovable - injected: CLASS bean [types=[io.quarkus.smallrye.faulttolerance.runtime.QuarkusFallbackHandlerProvider, io.smallrye.faulttolerance.FallbackHandlerProvider, java.lang.Object], qualifiers=[@Default, @Any], target=io.quarkus.smallrye.faulttolerance.runtime.QuarkusFallbackHandlerProvider]
2022-11-24 09:59:03,269 DEBUG [io.qua.arc.pro.UnusedBeans] (build-6) Unremovable - excluded by BeanClassAnnotationExclusion [nameStartsWith=null, name=io.quarkus.test.junit.QuarkusTest]: CLASS bean [types=[org.acme.GreetingResourceTest, java.lang.Object], qualifiers=[@Default, @Any], target=org.acme.GreetingResourceTest]
2022-11-24 09:59:03,269 DEBUG [io.qua.arc.pro.UnusedBeans] (build-6) Unremovable - excluded by BeanClassAnnotationExclusion [nameStartsWith=null, name=io.quarkus.test.junit.QuarkusTest]: CLASS bean [types=[de.hsos.swa.mocktail.ECB.boundry.IngredientResourceTest, java.lang.Object], qualifiers=[@Default, @Any], target=de.hsos.swa.mocktail.ECB.boundry.IngredientResourceTest]
2022-11-24 09:59:03,270 DEBUG [io.qua.arc.pro.UnusedBeans] (build-6) Unremovable - injected: CLASS bean [types=[io.smallrye.faulttolerance.api.CircuitBreakerMaintenance, io.smallrye.faulttolerance.core.apiimpl.BasicCircuitBreakerMaintenanceImpl, java.lang.Object, io.smallrye.faulttolerance.CircuitBreakerMaintenanceImpl], qualifiers=[@Default, @Any], target=io.smallrye.faulttolerance.CircuitBreakerMaintenanceImpl]
2022-11-24 09:59:03,270 DEBUG [io.qua.arc.pro.UnusedBeans] (build-6) Unremovable - excluded by BeanClassNameExclusion [className=io.quarkus.vertx.http.runtime.CurrentVertxRequest]: CLASS bean [types=[io.quarkus.vertx.http.runtime.CurrentVertxRequest, java.lang.Object], qualifiers=[@Default, @Any], target=io.quarkus.vertx.http.runtime.CurrentVertxRequest]
2022-11-24 09:59:03,270 DEBUG [io.qua.arc.pro.UnusedBeans] (build-6) Unremovable - excluded by BeanClassNameExclusion [className=io.smallrye.metrics.MetricsRequestHandler]: CLASS bean [types=[java.lang.Object, io.smallrye.metrics.MetricsRequestHandler], qualifiers=[@Default, @Any], target=io.smallrye.metrics.MetricsRequestHandler]
2022-11-24 09:59:03,270 DEBUG [io.qua.arc.pro.UnusedBeans] (build-6) Unremovable - excluded by io.quarkus.resteasy.common.deployment.ResteasyCommonProcessor$$Lambda$714/0x0000000801402118@2ada3060: CLASS bean [types=[io.quarkus.resteasy.common.runtime.jsonb.QuarkusJsonbContextResolver, java.lang.Object, javax.ws.rs.ext.ContextResolver<javax.json.bind.Jsonb>], qualifiers=[@Default, @Any], target=io.quarkus.resteasy.common.runtime.jsonb.QuarkusJsonbContextResolver]
2022-11-24 09:59:03,270 DEBUG [io.qua.arc.pro.UnusedBeans] (build-6) Unremovable - excluded by BeanClassAnnotationExclusion [nameStartsWith=null, name=io.quarkus.test.junit.QuarkusTest]: CLASS bean [types=[java.lang.Object, de.hsos.swa.mocktail.ECB.boundry.MocktailResourceTest], qualifiers=[@Default, @Any], target=de.hsos.swa.mocktail.ECB.boundry.MocktailResourceTest]
2022-11-24 09:59:03,270 DEBUG [io.qua.arc.pro.UnusedBeans] (build-6) Unremovable - excluded by io.quarkus.arc.deployment.ArcProcessor$15@327ea9c4: CLASS bean [types=[java.lang.Comparable<io.quarkus.jackson.ObjectMapperCustomizer>, io.quarkus.jackson.customizer.RegisterSerializersAndDeserializersCustomizer, java.lang.Object, io.quarkus.jackson.ObjectMapperCustomizer], qualifiers=[@Default, @Any], target=io.quarkus.jackson.customizer.RegisterSerializersAndDeserializersCustomizer]
2022-11-24 09:59:03,271 DEBUG [io.qua.arc.pro.UnusedBeans] (build-6) Unremovable - injected: CLASS bean [types=[io.smallrye.faulttolerance.internal.StrategyCache, java.lang.Object], qualifiers=[@Default, @Any], target=io.smallrye.faulttolerance.internal.StrategyCache]
2022-11-24 09:59:03,271 DEBUG [io.qua.arc.pro.UnusedBeans] (build-6) Unremovable - excluded by BeanClassNameExclusion [className=io.quarkus.smallrye.faulttolerance.runtime.QuarkusFaultToleranceOperationProvider]: CLASS bean [types=[io.quarkus.smallrye.faulttolerance.runtime.QuarkusFaultToleranceOperationProvider, java.lang.Object, io.smallrye.faulttolerance.FaultToleranceOperationProvider], qualifiers=[@Default, @Any], target=io.quarkus.smallrye.faulttolerance.runtime.QuarkusFaultToleranceOperationProvider]
2022-11-24 09:59:03,271 DEBUG [io.qua.arc.pro.UnusedBeans] (build-6) Unremovable - injected: CLASS bean [types=[de.hsos.swa.mocktail.ECB.entity.Barkeeper, de.hsos.swa.mocktail.ECB.gateway.MocktaiRepository, java.lang.Object], qualifiers=[@Default, @Any], target=de.hsos.swa.mocktail.ECB.gateway.MocktaiRepository]
2022-11-24 09:59:03,271 DEBUG [io.qua.arc.pro.UnusedBeans] (build-6) Unremovable - excluded by BeanTypeExclusion [dotName=io.quarkus.runtime.test.TestApplicationClassPredicate]: CLASS bean [types=[io.quarkus.runtime.test.TestApplicationClassPredicate, io.quarkus.arc.runtime.test.PreloadedTestApplicationClassPredicate, java.lang.Object, java.util.function.Predicate<java.lang.String>], qualifiers=[@Default, @Any], target=io.quarkus.arc.runtime.test.PreloadedTestApplicationClassPredicate]
2022-11-24 09:59:03,271 DEBUG [io.qua.arc.pro.UnusedBeans] (build-6) Unremovable - excluded by BeanClassNameExclusion [className=io.smallrye.faulttolerance.CdiFaultToleranceSpi$EagerDependencies]: CLASS bean [types=[io.smallrye.faulttolerance.CdiFaultToleranceSpi$EagerDependencies, io.smallrye.faulttolerance.core.apiimpl.BuilderEagerDependencies, java.lang.Object], qualifiers=[@Default, @Any], target=io.smallrye.faulttolerance.CdiFaultToleranceSpi$EagerDependencies]
2022-11-24 09:59:03,272 DEBUG [io.qua.arc.pro.UnusedBeans] (build-6) Unremovable - excluded by BeanClassNameExclusion [className=io.smallrye.metrics.MetricRegistries]: CLASS bean [types=[java.lang.Object, io.smallrye.metrics.MetricRegistries], qualifiers=[@Default, @Any], target=io.smallrye.metrics.MetricRegistries]
2022-11-24 09:59:03,272 DEBUG [io.qua.arc.pro.UnusedBeans] (build-6) Unremovable - injected: CLASS bean [types=[io.smallrye.faulttolerance.RequestContextIntegration, java.lang.Object], qualifiers=[@Default, @Any], target=io.smallrye.faulttolerance.RequestContextIntegration]
2022-11-24 09:59:03,272 DEBUG [io.qua.arc.pro.UnusedBeans] (build-6) Unremovable - injected: CLASS bean [types=[io.smallrye.faulttolerance.metrics.MicroProfileMetricsProvider, io.smallrye.faulttolerance.metrics.MetricsProvider, java.lang.Object], qualifiers=[@Default, @Any], target=io.smallrye.faulttolerance.metrics.MicroProfileMetricsProvider]
2022-11-24 09:59:03,272 DEBUG [io.qua.arc.pro.UnusedBeans] (build-6) Unremovable - excluded by BeanTypesExclusion [dotNames=[io.quarkus.arc.AsyncObserverExceptionHandler]]: CLASS bean [types=[io.quarkus.arc.impl.DefaultAsyncObserverExceptionHandler, io.quarkus.arc.AsyncObserverExceptionHandler, java.lang.Object], qualifiers=[@Default, @Any], target=io.quarkus.arc.impl.DefaultAsyncObserverExceptionHandler]
2022-11-24 09:59:03,272 DEBUG [io.qua.arc.pro.UnusedBeans] (build-6) Unremovable - excluded by BeanClassNameExclusion [className=io.quarkus.smallrye.openapi.runtime.OpenApiDocumentService]: CLASS bean [types=[io.quarkus.smallrye.openapi.runtime.OpenApiDocumentService, java.lang.Object, io.quarkus.smallrye.openapi.runtime.OpenApiDocumentHolder], qualifiers=[@Default, @Any], target=io.quarkus.smallrye.openapi.runtime.OpenApiDocumentService]
2022-11-24 09:59:03,272 DEBUG [io.qua.arc.pro.UnusedBeans] (build-6) Unremovable - excluded by BeanClassAnnotationExclusion [nameStartsWith=null, name=javax.ws.rs.Path]: CLASS bean [types=[de.hsos.swa.mocktail.ECB.boundry.IngredientResource, java.lang.Object], qualifiers=[@Default, @Any], target=de.hsos.swa.mocktail.ECB.boundry.IngredientResource]
2022-11-24 09:59:03,273 DEBUG [io.qua.arc.pro.UnusedBeans] (build-6) Unremovable - injected: CLASS bean [types=[de.hsos.swa.cocktail.ECB.entity.Barkeeper, java.lang.Object, de.hsos.swa.cocktail.ECB.gateway.CocktailRepository], qualifiers=[@Default, @Any], target=de.hsos.swa.cocktail.ECB.gateway.CocktailRepository]
2022-11-24 09:59:03,273 DEBUG [io.qua.arc.pro.UnusedBeans] (build-6) Unremovable - excluded by BeanClassNameExclusion [className=io.quarkus.vertx.http.runtime.CurrentRequestProducer]: CLASS bean [types=[io.quarkus.vertx.http.runtime.CurrentRequestProducer, java.lang.Object], qualifiers=[@Default, @Any], target=io.quarkus.vertx.http.runtime.CurrentRequestProducer]
2022-11-24 09:59:03,273 DEBUG [io.qua.arc.pro.UnusedBeans] (build-6) Unremovable - injected: CLASS bean [types=[de.hsos.swa.mocktail.ECB.control.ingredient.IngredientService, java.lang.Object], qualifiers=[@Default, @Any], target=de.hsos.swa.mocktail.ECB.control.ingredient.IngredientService]
2022-11-24 09:59:03,273 DEBUG [io.qua.arc.pro.UnusedBeans] (build-6) Unremovable - excluded by BeanClassNameExclusion [className=io.quarkus.vertx.runtime.VertxProducer]: CLASS bean [types=[io.quarkus.vertx.runtime.VertxProducer, java.lang.Object], qualifiers=[@Default, @Any], target=io.quarkus.vertx.runtime.VertxProducer]
2022-11-24 09:59:03,273 DEBUG [io.qua.arc.pro.UnusedBeans] (build-6) Unremovable - excluded by BeanClassNameExclusion [className=io.smallrye.faulttolerance.CdiFaultToleranceSpi$LazyDependencies]: CLASS bean [types=[io.smallrye.faulttolerance.CdiFaultToleranceSpi$LazyDependencies, java.lang.Object, io.smallrye.faulttolerance.core.apiimpl.BuilderLazyDependencies], qualifiers=[@Default, @Any], target=io.smallrye.faulttolerance.CdiFaultToleranceSpi$LazyDependencies]
2022-11-24 09:59:03,274 DEBUG [io.qua.arc.pro.UnusedBeans] (build-6) Unremovable - excluded by BeanClassNameExclusion [className=io.quarkus.smallrye.faulttolerance.runtime.QuarkusExistingCircuitBreakerNames]: CLASS bean [types=[io.quarkus.smallrye.faulttolerance.runtime.QuarkusExistingCircuitBreakerNames, io.smallrye.faulttolerance.ExistingCircuitBreakerNames, java.lang.Object], qualifiers=[@Default, @Any], target=io.quarkus.smallrye.faulttolerance.runtime.QuarkusExistingCircuitBreakerNames]
2022-11-24 09:59:03,274 DEBUG [io.qua.arc.pro.UnusedBeans] (build-6) Unremovable - excluded by BeanClassAnnotationExclusion [nameStartsWith=null, name=javax.ws.rs.Path]: CLASS bean [types=[de.hsos.swa.cocktail.ECB.boundry.CocktailResource, java.lang.Object], qualifiers=[@Default, @Any], target=de.hsos.swa.cocktail.ECB.boundry.CocktailResource]
2022-11-24 09:59:03,274 DEBUG [io.qua.arc.pro.UnusedBeans] (build-6) Unremovable - excluded by BeanClassAnnotationExclusion [nameStartsWith=null, name=javax.ws.rs.Path]: CLASS bean [types=[de.hsos.swa.mocktail.ECB.boundry.MocktailResource, java.lang.Object], qualifiers=[@Default, @Any], target=de.hsos.swa.mocktail.ECB.boundry.MocktailResource]
2022-11-24 09:59:03,274 DEBUG [io.qua.arc.pro.UnusedBeans] (build-6) Unremovable - excluded by io.quarkus.resteasy.common.deployment.ResteasyCommonProcessor$$Lambda$714/0x0000000801402118@2ada3060: CLASS bean [types=[io.quarkus.resteasy.common.runtime.jackson.QuarkusObjectMapperContextResolver, javax.ws.rs.ext.ContextResolver<com.fasterxml.jackson.databind.ObjectMapper>, java.lang.Object], qualifiers=[@Default, @Any], target=io.quarkus.resteasy.common.runtime.jackson.QuarkusObjectMapperContextResolver]
2022-11-24 09:59:03,274 DEBUG [io.qua.arc.pro.UnusedBeans] (build-6) Unremovable - injected: CLASS bean [types=[java.lang.Object, de.hsos.swa.cocktail.ECB.control.cocktail.CocktailService], qualifiers=[@Default, @Any], target=de.hsos.swa.cocktail.ECB.control.cocktail.CocktailService]
2022-11-24 09:59:03,274 DEBUG [io.qua.arc.pro.UnusedBeans] (build-6) Unremovable - injected: CLASS bean [types=[de.hsos.swa.mocktail.ECB.control.mocktail.MocktailService, java.lang.Object], qualifiers=[@Default, @Any], target=de.hsos.swa.mocktail.ECB.control.mocktail.MocktailService]
2022-11-24 09:59:03,275 DEBUG [io.qua.arc.pro.UnusedBeans] (build-6) Unremovable - injected: CLASS bean [types=[io.smallrye.faulttolerance.AsyncExecutorProvider, io.quarkus.smallrye.faulttolerance.runtime.QuarkusAsyncExecutorProvider, java.lang.Object], qualifiers=[@Default, @Any], target=io.quarkus.smallrye.faulttolerance.runtime.QuarkusAsyncExecutorProvider]
2022-11-24 09:59:03,275 DEBUG [io.qua.arc.pro.UnusedBeans] (build-6) Unremovable - injected: CLASS bean [types=[de.hsos.swa.mocktail.ECB.gateway.UserChecker, de.hsos.swa.mocktail.ECB.gateway.UserRepository, java.lang.Object, de.hsos.swa.mocktail.ECB.control.user.UserPost], qualifiers=[@Default, @Any], target=de.hsos.swa.mocktail.ECB.gateway.UserRepository]
2022-11-24 09:59:03,275 DEBUG [io.qua.arc.pro.UnusedBeans] (build-6) Unremovable - injected: PRODUCER METHOD bean [types=[java.io.Serializable, java.lang.Boolean, java.lang.Comparable<java.lang.Boolean>, java.lang.Object], qualifiers=[@ConfigProperty, @Any], target=java.lang.Boolean produceBooleanConfigProperty(javax.enterprise.inject.spi.InjectionPoint ip), declaringBean=io.smallrye.config.inject.ConfigProducer]
2022-11-24 09:59:03,275 DEBUG [io.qua.arc.pro.UnusedBeans] (build-6) Unremovable - excluded by BeanClassNameExclusion [className=io.quarkus.smallrye.context.runtime.SmallRyeContextPropagationProvider]: PRODUCER METHOD bean [types=[org.eclipse.microprofile.context.ThreadContext, java.lang.Object, io.smallrye.context.SmallRyeThreadContext], qualifiers=[@Default, @Any], target=io.smallrye.context.SmallRyeThreadContext getAllThreadContext(), declaringBean=io.quarkus.smallrye.context.runtime.SmallRyeContextPropagationProvider]
2022-11-24 09:59:03,276 DEBUG [io.qua.arc.pro.UnusedBeans] (build-6) Unremovable - injected: PRODUCER METHOD bean [types=[java.io.Serializable, org.eclipse.microprofile.config.Config, io.smallrye.config.SmallRyeConfig, java.lang.Object], qualifiers=[@Default, @Any], target=io.smallrye.config.SmallRyeConfig getConfig(), declaringBean=io.smallrye.config.inject.ConfigProducer]
2022-11-24 09:59:03,276 DEBUG [io.qua.arc.pro.UnusedBeans] (build-6) Unremovable - excluded by BeanClassNameExclusion [className=io.quarkus.vertx.runtime.VertxProducer]: PRODUCER METHOD bean [types=[io.vertx.core.eventbus.EventBus, java.lang.Object, io.vertx.core.metrics.Measured], qualifiers=[@Default, @Any], target=io.vertx.core.eventbus.EventBus eventbus(io.vertx.core.Vertx vertx), declaringBean=io.quarkus.vertx.runtime.VertxProducer]
2022-11-24 09:59:03,287 DEBUG [io.qua.arc.pro.UnusedBeans] (build-6) Unremovable - injected: PRODUCER METHOD bean [types=[java.lang.Object, io.smallrye.metrics.interceptors.MetricName], qualifiers=[@Default, @Any], target=io.smallrye.metrics.interceptors.MetricName metricName(javax.enterprise.inject.spi.BeanManager manager), declaringBean=io.smallrye.metrics.interceptors.MetricNameFactory]
2022-11-24 09:59:03,288 DEBUG [io.qua.arc.pro.UnusedBeans] (build-6) Unremovable - injected: PRODUCER METHOD bean [types=[java.lang.AutoCloseable, java.lang.Object, javax.json.bind.Jsonb], qualifiers=[@Default, @Any], target=javax.json.bind.Jsonb jsonb(javax.json.bind.JsonbConfig jsonbConfig), declaringBean=io.quarkus.jsonb.JsonbProducer]
2022-11-24 09:59:03,288 DEBUG [io.qua.arc.pro.UnusedBeans] (build-6) Unremovable - excluded by BeanClassNameExclusion [className=io.quarkus.vertx.runtime.VertxProducer]: PRODUCER METHOD bean [types=[io.vertx.mutiny.core.eventbus.EventBus, io.vertx.mutiny.core.metrics.Measured, java.lang.Object], qualifiers=[@Default, @Any], target=io.vertx.mutiny.core.eventbus.EventBus mutinyEventBus(io.vertx.mutiny.core.Vertx mutiny), declaringBean=io.quarkus.vertx.runtime.VertxProducer]
2022-11-24 09:59:03,289 DEBUG [io.qua.arc.pro.UnusedBeans] (build-6) Unremovable - excluded by BeanClassNameExclusion [className=io.smallrye.metrics.MetricRegistries]: PRODUCER METHOD bean [types=[org.eclipse.microprofile.metrics.MetricRegistry, java.lang.Object], qualifiers=[@RegistryType(type = BASE), @Any], target=org.eclipse.microprofile.metrics.MetricRegistry getBaseRegistry(), declaringBean=io.smallrye.metrics.MetricRegistries]
2022-11-24 09:59:03,289 DEBUG [io.qua.arc.pro.UnusedBeans] (build-6) Unremovable - injected: PRODUCER METHOD bean [types=[javax.json.bind.JsonbConfig, java.lang.Object], qualifiers=[@Default, @Any], target=javax.json.bind.JsonbConfig jsonbConfig(java.util.List<io.quarkus.jsonb.JsonbConfigCustomizer> customizers), declaringBean=io.quarkus.jsonb.JsonbProducer]
2022-11-24 09:59:03,289 DEBUG [io.qua.arc.pro.UnusedBeans] (build-6) Unremovable - excluded by BeanClassNameExclusion [className=io.quarkus.vertx.runtime.VertxProducer]: PRODUCER METHOD bean [types=[io.vertx.mutiny.core.Vertx, io.vertx.mutiny.core.metrics.Measured, java.lang.Object], qualifiers=[@Default, @Any], target=io.vertx.mutiny.core.Vertx mutiny(io.vertx.core.Vertx vertx), declaringBean=io.quarkus.vertx.runtime.VertxProducer]
2022-11-24 09:59:03,289 DEBUG [io.qua.arc.pro.UnusedBeans] (build-6) Unremovable - excluded by BeanClassNameExclusion [className=io.smallrye.metrics.MetricRegistries]: PRODUCER METHOD bean [types=[org.eclipse.microprofile.metrics.MetricRegistry, java.lang.Object], qualifiers=[@RegistryType(type = VENDOR), @Any], target=org.eclipse.microprofile.metrics.MetricRegistry getVendorRegistry(), declaringBean=io.smallrye.metrics.MetricRegistries]
2022-11-24 09:59:03,289 DEBUG [io.qua.arc.pro.UnusedBeans] (build-6) Unremovable - excluded by BeanTypesExclusion [dotNames=[com.fasterxml.jackson.databind.ObjectMapper]]: PRODUCER METHOD bean [types=[java.io.Serializable, com.fasterxml.jackson.core.ObjectCodec, java.lang.Object, com.fasterxml.jackson.databind.ObjectMapper, com.fasterxml.jackson.core.Versioned, com.fasterxml.jackson.core.TreeCodec], qualifiers=[@Default, @Any], target=com.fasterxml.jackson.databind.ObjectMapper objectMapper(java.util.List<io.quarkus.jackson.ObjectMapperCustomizer> customizers, io.quarkus.jackson.runtime.JacksonBuildTimeConfig jacksonBuildTimeConfig), declaringBean=io.quarkus.jackson.runtime.ObjectMapperProducer]
2022-11-24 09:59:03,290 DEBUG [io.qua.arc.pro.UnusedBeans] (build-6) Unremovable - excluded by BeanClassNameExclusion [className=io.smallrye.metrics.MetricRegistries]: PRODUCER METHOD bean [types=[org.eclipse.microprofile.metrics.MetricRegistry, java.lang.Object], qualifiers=[@RegistryType(type = APPLICATION), @Default, @Any], target=org.eclipse.microprofile.metrics.MetricRegistry getApplicationRegistry(), declaringBean=io.smallrye.metrics.MetricRegistries]
2022-11-24 09:59:03,290 DEBUG [io.qua.arc.pro.UnusedBeans] (build-6) Unremovable - named: PRODUCER METHOD bean [types=[io.vertx.core.streams.StreamBase, io.vertx.core.streams.ReadStream<io.vertx.core.buffer.Buffer>, java.lang.Object, io.vertx.core.http.HttpServerRequest], qualifiers=[@Named(value = "vertxRequest"), @Default, @Any], target=io.vertx.core.http.HttpServerRequest getCurrentRequest(io.vertx.ext.web.RoutingContext rc), declaringBean=io.quarkus.vertx.http.runtime.CurrentRequestProducer]
2022-11-24 09:59:03,290 DEBUG [io.qua.arc.pro.UnusedBeans] (build-6) Unremovable - excluded by BeanClassNameExclusion [className=io.quarkus.vertx.http.runtime.CurrentVertxRequest]: PRODUCER METHOD bean [types=[java.lang.Object, io.vertx.ext.web.RoutingContext], qualifiers=[@Default, @Any], target=io.vertx.ext.web.RoutingContext getCurrent(), declaringBean=io.quarkus.vertx.http.runtime.CurrentVertxRequest]
2022-11-24 09:59:03,291 DEBUG [io.qua.arc.pro.UnusedBeans] (build-6) Unremovable - injected: SYNTHETIC bean [types=[io.quarkus.jackson.runtime.JacksonBuildTimeConfig], qualifiers=[@Default, @Any], target=n/a]
2022-11-24 09:59:03,292 DEBUG [io.qua.arc.pro.UnusedBeans] (build-6) Unremovable - excluded by BeanTypesExclusion [dotNames=[io.quarkus.restclient.config.RestClientsConfig]]: SYNTHETIC bean [types=[io.quarkus.restclient.config.RestClientsConfig], qualifiers=[@Default, @Any], target=n/a]
2022-11-24 09:59:03,292 DEBUG [io.qua.arc.pro.UnusedBeans] (build-6) Unremovable - unremovable synthetic: SYNTHETIC bean [types=[java.lang.String[], java.lang.Object], qualifiers=[@io.quarkus.runtime.annotations.CommandLineArguments, @Any], target=n/a]
2022-11-24 09:59:03,292 DEBUG [io.qua.arc.pro.UnusedBeans] (build-6) Unremovable - unremovable synthetic: SYNTHETIC bean [types=[org.eclipse.microprofile.context.ManagedExecutor, io.smallrye.context.SmallRyeManagedExecutor], qualifiers=[@Default, @Any], target=n/a]
2022-11-24 09:59:03,292 DEBUG [io.qua.arc.pro.UnusedBeans] (build-6) Unremovable - unremovable synthetic: SYNTHETIC bean [types=[io.vertx.core.Vertx], qualifiers=[@Default, @Any], target=n/a]
2022-11-24 09:59:03,292 DEBUG [io.qua.arc.pro.UnusedBeans] (build-6) Unremovable - unremovable synthetic: SYNTHETIC bean [types=[io.netty.channel.EventLoopGroup], qualifiers=[@io.quarkus.netty.BossEventLoopGroup, @Any], target=n/a]
2022-11-24 09:59:03,292 DEBUG [io.qua.arc.pro.UnusedBeans] (build-6) Unremovable - unremovable synthetic: SYNTHETIC bean [types=[io.netty.channel.EventLoopGroup], qualifiers=[@io.quarkus.netty.MainEventLoopGroup, @Any], target=n/a]
2022-11-24 09:59:03,293 DEBUG [io.qua.arc.pro.UnusedBeans] (build-6) Unremovable - injected: SYNTHETIC bean [types=[org.eclipse.microprofile.openapi.OASFilter], qualifiers=[@Default, @Any], target=n/a]
2022-11-24 09:59:03,293 DEBUG [io.qua.arc.pro.UnusedBeans] (build-6) Unremovable - injected: SYNTHETIC bean [types=[java.util.List<io.quarkus.jsonb.JsonbConfigCustomizer>], qualifiers=[@Identified(value = "2ca442714884f1ad3580a9368daf9ac0bfdda9ac"), @All, @Any], target=n/a]
2022-11-24 09:59:03,293 DEBUG [io.qua.arc.pro.UnusedBeans] (build-6) Unremovable - injected: SYNTHETIC bean [types=[java.util.List<io.quarkus.jackson.ObjectMapperCustomizer>], qualifiers=[@Identified(value = "91505622b85b80eeb7cf1133e1d4831454853cce"), @All, @Any], target=n/a]
2022-11-24 09:59:03,293 DEBUG [io.qua.arc.pro.UnusedBeans] (build-6) Unremovable - declares producer: CLASS bean [types=[java.lang.Object, io.smallrye.metrics.interceptors.MetricNameFactory], qualifiers=[@Default, @Any], target=io.smallrye.metrics.interceptors.MetricNameFactory]
2022-11-24 09:59:03,294 DEBUG [io.qua.arc.pro.UnusedBeans] (build-6) Unremovable - declares producer: CLASS bean [types=[io.quarkus.smallrye.context.runtime.SmallRyeContextPropagationProvider, java.lang.Object], qualifiers=[@Default, @Any], target=io.quarkus.smallrye.context.runtime.SmallRyeContextPropagationProvider]
2022-11-24 09:59:03,294 DEBUG [io.qua.arc.pro.UnusedBeans] (build-6) Unremovable - declares producer: CLASS bean [types=[io.quarkus.jackson.runtime.ObjectMapperProducer, java.lang.Object], qualifiers=[@Default, @Any], target=io.quarkus.jackson.runtime.ObjectMapperProducer]
2022-11-24 09:59:03,294 DEBUG [io.qua.arc.pro.UnusedBeans] (build-6) Unremovable - declares producer: CLASS bean [types=[io.smallrye.config.inject.ConfigProducer, java.lang.Object], qualifiers=[@Default, @Any], target=io.smallrye.config.inject.ConfigProducer]
2022-11-24 09:59:03,294 DEBUG [io.qua.arc.pro.UnusedBeans] (build-6) Unremovable - declares producer: CLASS bean [types=[java.lang.Object, io.smallrye.metrics.MetricRegistries], qualifiers=[@Default, @Any], target=io.smallrye.metrics.MetricRegistries]
2022-11-24 09:59:03,294 DEBUG [io.qua.arc.pro.UnusedBeans] (build-6) Unremovable - declares producer: CLASS bean [types=[io.quarkus.vertx.http.runtime.CurrentRequestProducer, java.lang.Object], qualifiers=[@Default, @Any], target=io.quarkus.vertx.http.runtime.CurrentRequestProducer]
2022-11-24 09:59:03,294 DEBUG [io.qua.arc.pro.UnusedBeans] (build-6) Unremovable - declares producer: CLASS bean [types=[io.quarkus.vertx.runtime.VertxProducer, java.lang.Object], qualifiers=[@Default, @Any], target=io.quarkus.vertx.runtime.VertxProducer]
2022-11-24 09:59:03,294 DEBUG [io.qua.arc.pro.UnusedBeans] (build-6) Unremovable - declares producer: CLASS bean [types=[io.quarkus.jsonb.JsonbProducer, java.lang.Object], qualifiers=[@Default, @Any], target=io.quarkus.jsonb.JsonbProducer]
2022-11-24 09:59:03,294 DEBUG [io.qua.arc.pro.UnusedBeans] (build-6) Unremovable - declares producer: CLASS bean [types=[io.quarkus.vertx.http.runtime.CurrentVertxRequest, java.lang.Object], qualifiers=[@Default, @Any], target=io.quarkus.vertx.http.runtime.CurrentVertxRequest]
2022-11-24 09:59:03,295 DEBUG [io.qua.arc.pro.BeanDeployment] (build-6) Removed unused SYNTHETIC bean [types=[io.quarkus.runtime.shutdown.ShutdownConfig], qualifiers=[@Default, @Any], target=n/a]
Removed unused SYNTHETIC bean [types=[io.quarkus.logging.gelf.GelfConfig], qualifiers=[@Default, @Any], target=n/a]
Removed unused PRODUCER METHOD bean [types=[org.eclipse.microprofile.metrics.Metric, org.eclipse.microprofile.metrics.ConcurrentGauge, java.lang.Object], qualifiers=[@Default, @Any], target=org.eclipse.microprofile.metrics.ConcurrentGauge getConcurrentGauge(javax.enterprise.inject.spi.InjectionPoint ip), declaringBean=io.smallrye.metrics.MetricProducer]
Removed unused SYNTHETIC bean [types=[io.quarkus.runtime.CommandLineRuntimeConfig], qualifiers=[@Default, @Any], target=n/a]
Removed unused PRODUCER METHOD bean [types=[java.io.Serializable, java.lang.String, java.lang.CharSequence, java.lang.Object, java.lang.Comparable<java.lang.String>], qualifiers=[@ConfigProperty, @Any], target=java.lang.String produceStringConfigProperty(javax.enterprise.inject.spi.InjectionPoint ip), declaringBean=io.smallrye.config.inject.ConfigProducer]
Removed unused SYNTHETIC bean [types=[io.quarkus.runtime.ThreadPoolConfig], qualifiers=[@Default, @Any], target=n/a]
Removed unused PRODUCER METHOD bean [types=[java.lang.Object, java.util.OptionalInt], qualifiers=[@ConfigProperty, @Any], target=java.util.OptionalInt produceOptionalIntConfigProperty(javax.enterprise.inject.spi.InjectionPoint ip), declaringBean=io.smallrye.config.inject.ConfigProducer]
Removed unused PRODUCER METHOD bean [types=[java.lang.Number, java.io.Serializable, java.lang.Comparable<java.lang.Float>, java.lang.Float, java.lang.Object], qualifiers=[@ConfigProperty, @Any], target=java.lang.Float produceFloatConfigProperty(javax.enterprise.inject.spi.InjectionPoint ip), declaringBean=io.smallrye.config.inject.ConfigProducer]
Removed unused PRODUCER METHOD bean [types=[java.lang.Number, java.io.Serializable, java.lang.Comparable<java.lang.Long>, java.lang.Object, java.lang.Long], qualifiers=[@ConfigProperty, @Any], target=java.lang.Long getLongValue(javax.enterprise.inject.spi.InjectionPoint ip), declaringBean=io.smallrye.config.inject.ConfigProducer]
Removed unused PRODUCER METHOD bean [types=[java.util.Optional<T>, java.lang.Object], qualifiers=[@ConfigProperty, @Any], target=java.util.Optional<T> produceOptionalConfigProperty(javax.enterprise.inject.spi.InjectionPoint ip), declaringBean=io.smallrye.config.inject.ConfigProducer]
Removed unused PRODUCER METHOD bean [types=[java.lang.Number, java.io.Serializable, java.lang.Short, java.lang.Object, java.lang.Comparable<java.lang.Short>], qualifiers=[@ConfigProperty, @Any], target=java.lang.Short produceShortConfigProperty(javax.enterprise.inject.spi.InjectionPoint ip), declaringBean=io.smallrye.config.inject.ConfigProducer]
Removed unused SYNTHETIC bean [types=[io.quarkus.runtime.BannerRuntimeConfig], qualifiers=[@Default, @Any], target=n/a]
Removed unused SYNTHETIC bean [types=[io.quarkus.runtime.TopLevelRootConfig], qualifiers=[@Default, @Any], target=n/a]
Removed unused SYNTHETIC bean [types=[io.quarkus.runtime.console.ConsoleRuntimeConfig], qualifiers=[@Default, @Any], target=n/a]
Removed unused PRODUCER METHOD bean [types=[org.eclipse.microprofile.metrics.Metric, org.eclipse.microprofile.metrics.Counting, org.eclipse.microprofile.metrics.Metered, java.lang.Object, org.eclipse.microprofile.metrics.Timer, org.eclipse.microprofile.metrics.Sampling], qualifiers=[@Default, @Any], target=org.eclipse.microprofile.metrics.Timer getTimer(javax.enterprise.inject.spi.InjectionPoint ip), declaringBean=io.smallrye.metrics.MetricProducer]
Removed unused SYNTHETIC bean [types=[io.quarkus.runtime.configuration.ConfigurationRuntimeConfig], qualifiers=[@Default, @Any], target=n/a]
Removed unused PRODUCER METHOD bean [types=[java.lang.Object, java.util.OptionalLong], qualifiers=[@ConfigProperty, @Any], target=java.util.OptionalLong produceOptionalLongConfigProperty(javax.enterprise.inject.spi.InjectionPoint ip), declaringBean=io.smallrye.config.inject.ConfigProducer]
Removed unused PRODUCER METHOD bean [types=[java.lang.Iterable<T>, java.util.Collection<T>, java.lang.Object, java.util.Set<T>], qualifiers=[@ConfigProperty, @Any], target=java.util.Set<T> producesSetConfigProperty(javax.enterprise.inject.spi.InjectionPoint ip), declaringBean=io.smallrye.config.inject.ConfigProducer]
Removed unused SYNTHETIC bean [types=[io.quarkus.vertx.http.runtime.security.BasicAuthenticationMechanism, io.quarkus.vertx.http.runtime.security.HttpAuthenticationMechanism], qualifiers=[@Default, @Any], target=n/a]
Removed unused SYNTHETIC bean [types=[io.vertx.mutiny.ext.web.Router], qualifiers=[@Default, @Any], target=n/a]
Removed unused SYNTHETIC bean [types=[io.quarkus.runtime.LocalesBuildTimeConfig], qualifiers=[@Default, @Any], target=n/a]
Removed unused CLASS bean [types=[java.lang.Object, io.quarkus.arc.runtime.LoggerProducer], qualifiers=[@Default, @Any], target=io.quarkus.arc.runtime.LoggerProducer]
Removed unused SYNTHETIC bean [types=[io.quarkus.runtime.LiveReloadConfig], qualifiers=[@Default, @Any], target=n/a]
Removed unused SYNTHETIC bean [types=[io.quarkus.runtime.ApplicationConfig], qualifiers=[@Default, @Any], target=n/a]
Removed unused PRODUCER METHOD bean [types=[java.io.Serializable, org.jboss.logging.BasicLogger, java.lang.Object, org.jboss.logging.Logger], qualifiers=[@LoggerName(value = ""), @Any], target=org.jboss.logging.Logger getLoggerWithCustomName(javax.enterprise.inject.spi.InjectionPoint injectionPoint), declaringBean=io.quarkus.arc.runtime.LoggerProducer]
Removed unused SYNTHETIC bean [types=[io.quarkus.runtime.ConfigConfig], qualifiers=[@Default, @Any], target=n/a]
Removed unused CLASS bean [types=[javax.enterprise.context.control.RequestContextController, java.lang.Object, io.quarkus.arc.impl.InjectableRequestContextController], qualifiers=[@Default, @Any], target=io.quarkus.arc.impl.InjectableRequestContextController]
Removed unused PRODUCER METHOD bean [types=[java.util.Map<K, V>, java.lang.Object], qualifiers=[@ConfigProperty, @Any], target=java.util.Map<K, V> producesMapConfigProperty(javax.enterprise.inject.spi.InjectionPoint ip), declaringBean=io.smallrye.config.inject.ConfigProducer]
Removed unused SYNTHETIC bean [types=[io.quarkus.vertx.core.runtime.config.VertxConfiguration], qualifiers=[@Default, @Any], target=n/a]
Removed unused SYNTHETIC bean [types=[io.quarkus.swaggerui.runtime.SwaggerUiRuntimeConfig], qualifiers=[@Default, @Any], target=n/a]
Removed unused SYNTHETIC bean [types=[io.vertx.ext.web.Router], qualifiers=[@Default, @Any], target=n/a]
Removed unused PRODUCER METHOD bean [types=[java.io.Serializable, java.lang.Comparable<java.lang.Character>, java.lang.Character, java.lang.Object], qualifiers=[@ConfigProperty, @Any], target=java.lang.Character produceCharacterConfigProperty(javax.enterprise.inject.spi.InjectionPoint ip), declaringBean=io.smallrye.config.inject.ConfigProducer]
Removed unused PRODUCER METHOD bean [types=[org.eclipse.microprofile.config.ConfigValue, java.lang.Object, io.smallrye.config.ConfigValue], qualifiers=[@ConfigProperty, @Any], target=io.smallrye.config.ConfigValue produceConfigValue(javax.enterprise.inject.spi.InjectionPoint ip), declaringBean=io.smallrye.config.inject.ConfigProducer]
Removed unused PRODUCER METHOD bean [types=[java.util.OptionalDouble, java.lang.Object], qualifiers=[@ConfigProperty, @Any], target=java.util.OptionalDouble produceOptionalDoubleConfigProperty(javax.enterprise.inject.spi.InjectionPoint ip), declaringBean=io.smallrye.config.inject.ConfigProducer]
Removed unused PRODUCER METHOD bean [types=[java.lang.Number, java.io.Serializable, java.lang.Double, java.lang.Comparable<java.lang.Double>, java.lang.Object], qualifiers=[@ConfigProperty, @Any], target=java.lang.Double produceDoubleConfigProperty(javax.enterprise.inject.spi.InjectionPoint ip), declaringBean=io.smallrye.config.inject.ConfigProducer]
Removed unused CLASS bean [types=[io.smallrye.metrics.MetricProducer, java.lang.Object], qualifiers=[@Default, @Any], target=io.smallrye.metrics.MetricProducer]
Removed unused PRODUCER METHOD bean [types=[org.eclipse.microprofile.metrics.Metric, org.eclipse.microprofile.metrics.Counting, org.eclipse.microprofile.metrics.Histogram, java.lang.Object, org.eclipse.microprofile.metrics.Sampling], qualifiers=[@Default, @Any], target=org.eclipse.microprofile.metrics.Histogram getHistogram(javax.enterprise.inject.spi.InjectionPoint ip), declaringBean=io.smallrye.metrics.MetricProducer]
Removed unused PRODUCER METHOD bean [types=[java.lang.Comparable<java.lang.Byte>, java.lang.Number, java.io.Serializable, java.lang.Byte, java.lang.Object], qualifiers=[@ConfigProperty, @Any], target=java.lang.Byte produceByteConfigProperty(javax.enterprise.inject.spi.InjectionPoint ip), declaringBean=io.smallrye.config.inject.ConfigProducer]
Removed unused PRODUCER METHOD bean [types=[org.eclipse.microprofile.metrics.Metric, org.eclipse.microprofile.metrics.Gauge<T extends java.lang.Number>, java.lang.Object], qualifiers=[@Default, @Any], target=org.eclipse.microprofile.metrics.Gauge<T extends java.lang.Number> getGauge(javax.enterprise.inject.spi.InjectionPoint ip), declaringBean=io.smallrye.metrics.MetricProducer]
Removed unused CLASS bean [types=[java.lang.Object, io.quarkus.arc.runtime.LaunchModeProducer], qualifiers=[@Default, @Any], target=io.quarkus.arc.runtime.LaunchModeProducer]
Removed unused SYNTHETIC bean [types=[io.quarkus.vertx.http.runtime.HttpBuildTimeConfig], qualifiers=[@Default, @Any], target=n/a]
Removed unused SYNTHETIC bean [types=[io.quarkus.runtime.logging.LogBuildTimeConfig], qualifiers=[@Default, @Any], target=n/a]
Removed unused SYNTHETIC bean [types=[io.quarkus.resteasy.runtime.JaxRsSecurityConfig], qualifiers=[@Default, @Any], target=n/a]
Removed unused PRODUCER METHOD bean [types=[java.util.function.Supplier<T>, java.lang.Object], qualifiers=[@ConfigProperty, @Any], target=java.util.function.Supplier<T> produceSupplierConfigProperty(javax.enterprise.inject.spi.InjectionPoint ip), declaringBean=io.smallrye.config.inject.ConfigProducer]
Removed unused PRODUCER METHOD bean [types=[java.lang.Iterable<T>, java.util.Collection<T>, java.util.List<T>, java.lang.Object], qualifiers=[@ConfigProperty, @Any], target=java.util.List<T> producesListConfigProperty(javax.enterprise.inject.spi.InjectionPoint ip), declaringBean=io.smallrye.config.inject.ConfigProducer]
Removed unused PRODUCER METHOD bean [types=[org.eclipse.microprofile.metrics.Metric, org.eclipse.microprofile.metrics.Counting, java.lang.Object, org.eclipse.microprofile.metrics.SimpleTimer], qualifiers=[@Default, @Any], target=org.eclipse.microprofile.metrics.SimpleTimer getSimpleTimer(javax.enterprise.inject.spi.InjectionPoint ip), declaringBean=io.smallrye.metrics.MetricProducer]
Removed unused SYNTHETIC bean [types=[io.quarkus.runtime.TlsConfig], qualifiers=[@Default, @Any], target=n/a]
Removed unused PRODUCER METHOD bean [types=[org.eclipse.microprofile.metrics.Metric, org.eclipse.microprofile.metrics.Counting, java.lang.Object, org.eclipse.microprofile.metrics.Counter], qualifiers=[@Default, @Any], target=org.eclipse.microprofile.metrics.Counter getCounter(javax.enterprise.inject.spi.InjectionPoint ip), declaringBean=io.smallrye.metrics.MetricProducer]
Removed unused SYNTHETIC bean [types=[io.quarkus.vertx.http.runtime.HttpConfiguration], qualifiers=[@Default, @Any], target=n/a]
Removed unused SYNTHETIC bean [types=[io.quarkus.runtime.logging.LogConfig], qualifiers=[@Default, @Any], target=n/a]
Removed unused SYNTHETIC bean [types=[io.quarkus.smallrye.openapi.runtime.OpenApiRuntimeConfig], qualifiers=[@Default, @Any], target=n/a]
Removed unused PRODUCER METHOD bean [types=[org.eclipse.microprofile.metrics.Meter, org.eclipse.microprofile.metrics.Metric, org.eclipse.microprofile.metrics.Counting, org.eclipse.microprofile.metrics.Metered, java.lang.Object], qualifiers=[@Default, @Any], target=org.eclipse.microprofile.metrics.Meter getMeter(javax.enterprise.inject.spi.InjectionPoint ip), declaringBean=io.smallrye.metrics.MetricProducer]
Removed unused PRODUCER METHOD bean [types=[io.quarkus.runtime.LaunchMode, java.io.Serializable, java.lang.Enum<io.quarkus.runtime.LaunchMode>, java.lang.Comparable<io.quarkus.runtime.LaunchMode>, java.lang.Object], qualifiers=[@Default, @Any], target=io.quarkus.runtime.LaunchMode mode(), declaringBean=io.quarkus.arc.runtime.LaunchModeProducer]
Removed unused PRODUCER METHOD bean [types=[java.io.Serializable, org.jboss.logging.BasicLogger, java.lang.Object, org.jboss.logging.Logger], qualifiers=[@Default, @Any], target=org.jboss.logging.Logger getSimpleLogger(javax.enterprise.inject.spi.InjectionPoint injectionPoint), declaringBean=io.quarkus.arc.runtime.LoggerProducer]
Removed unused PRODUCER METHOD bean [types=[java.lang.Integer, java.lang.Number, java.io.Serializable, java.lang.Comparable<java.lang.Integer>, java.lang.Object], qualifiers=[@ConfigProperty, @Any], target=java.lang.Integer getIntegerValue(javax.enterprise.inject.spi.InjectionPoint ip), declaringBean=io.smallrye.config.inject.ConfigProducer]
2022-11-24 09:59:03,297 DEBUG [io.qua.arc.pro.BeanDeployment] (build-6) Removed unused interceptor INTERCEPTOR bean [bindings=[@Lock], target=Optional[io.quarkus.arc.impl.LockInterceptor]]
Removed unused interceptor INTERCEPTOR bean [bindings=[@CurrentThreadContext], target=Optional[io.smallrye.context.impl.cdi.SmallRyeCurrentThreadContextInterceptor]]
Removed unused interceptor INTERCEPTOR bean [bindings=[@Metered], target=Optional[io.smallrye.metrics.interceptors.MeteredInterceptor]]
Removed unused interceptor INTERCEPTOR bean [bindings=[@ActivateRequestContext], target=Optional[io.quarkus.arc.impl.ActivateRequestContextInterceptor]]
Removed unused interceptor INTERCEPTOR bean [bindings=[@SimplyTimed], target=Optional[io.smallrye.metrics.interceptors.SimplyTimedInterceptor]]
Removed unused interceptor INTERCEPTOR bean [bindings=[@ConcurrentGauge], target=Optional[io.smallrye.metrics.interceptors.ConcurrentGaugeInterceptor]]
Removed unused interceptor INTERCEPTOR bean [bindings=[@MetricsBinding], target=Optional[io.smallrye.metrics.interceptors.GaugeRegistrationInterceptor]]
2022-11-24 09:59:03,297 DEBUG [io.qua.arc.pro.UnusedBeans] (build-6) Unremovable - injected: CLASS bean [types=[java.lang.Object, io.smallrye.faulttolerance.SpecCompatibility], qualifiers=[@Default, @Any], target=io.smallrye.faulttolerance.SpecCompatibility]
2022-11-24 09:59:03,298 DEBUG [io.qua.arc.pro.UnusedBeans] (build-6) Unremovable - excluded by BeanClassAnnotationExclusion [nameStartsWith=null, name=javax.ws.rs.Path]: CLASS bean [types=[de.hsos.swa.mocktail.ECB.boundry.UserResource, java.lang.Object], qualifiers=[@Default, @Any], target=de.hsos.swa.mocktail.ECB.boundry.UserResource]
2022-11-24 09:59:03,298 DEBUG [io.qua.arc.pro.UnusedBeans] (build-6) Unremovable - injected: CLASS bean [types=[io.smallrye.faulttolerance.ExecutorHolder, java.lang.Object], qualifiers=[@Default, @Any], target=io.smallrye.faulttolerance.ExecutorHolder]
2022-11-24 09:59:03,298 DEBUG [io.qua.arc.pro.UnusedBeans] (build-6) Unremovable - excluded by BeanClassNameExclusion [className=io.quarkus.smallrye.context.runtime.SmallRyeContextPropagationProvider]: CLASS bean [types=[io.quarkus.smallrye.context.runtime.SmallRyeContextPropagationProvider, java.lang.Object], qualifiers=[@Default, @Any], target=io.quarkus.smallrye.context.runtime.SmallRyeContextPropagationProvider]
2022-11-24 09:59:03,298 DEBUG [io.qua.arc.pro.UnusedBeans] (build-6) Unremovable - excluded by io.quarkus.arc.deployment.ArcProcessor$15@327ea9c4: CLASS bean [types=[io.quarkus.jsonb.customizer.RegisterSerializersAndDeserializersCustomizer, java.lang.Object, io.quarkus.jsonb.JsonbConfigCustomizer], qualifiers=[@Default, @Any], target=io.quarkus.jsonb.customizer.RegisterSerializersAndDeserializersCustomizer]
2022-11-24 09:59:03,298 DEBUG [io.qua.arc.pro.UnusedBeans] (build-6) Unremovable - excluded by BeanClassAnnotationExclusion [nameStartsWith=null, name=javax.ws.rs.Path]: CLASS bean [types=[org.acme.GreetingResource, java.lang.Object], qualifiers=[@Default, @Any], target=org.acme.GreetingResource]
2022-11-24 09:59:03,298 DEBUG [io.qua.arc.pro.UnusedBeans] (build-6) Unremovable - injected: CLASS bean [types=[io.quarkus.smallrye.faulttolerance.runtime.QuarkusFallbackHandlerProvider, io.smallrye.faulttolerance.FallbackHandlerProvider, java.lang.Object], qualifiers=[@Default, @Any], target=io.quarkus.smallrye.faulttolerance.runtime.QuarkusFallbackHandlerProvider]
2022-11-24 09:59:03,298 DEBUG [io.qua.arc.pro.UnusedBeans] (build-6) Unremovable - excluded by BeanClassAnnotationExclusion [nameStartsWith=null, name=io.quarkus.test.junit.QuarkusTest]: CLASS bean [types=[org.acme.GreetingResourceTest, java.lang.Object], qualifiers=[@Default, @Any], target=org.acme.GreetingResourceTest]
2022-11-24 09:59:03,298 DEBUG [io.qua.arc.pro.UnusedBeans] (build-6) Unremovable - excluded by BeanClassAnnotationExclusion [nameStartsWith=null, name=io.quarkus.test.junit.QuarkusTest]: CLASS bean [types=[de.hsos.swa.mocktail.ECB.boundry.IngredientResourceTest, java.lang.Object], qualifiers=[@Default, @Any], target=de.hsos.swa.mocktail.ECB.boundry.IngredientResourceTest]
2022-11-24 09:59:03,299 DEBUG [io.qua.arc.pro.UnusedBeans] (build-6) Unremovable - injected: CLASS bean [types=[io.smallrye.faulttolerance.api.CircuitBreakerMaintenance, io.smallrye.faulttolerance.core.apiimpl.BasicCircuitBreakerMaintenanceImpl, java.lang.Object, io.smallrye.faulttolerance.CircuitBreakerMaintenanceImpl], qualifiers=[@Default, @Any], target=io.smallrye.faulttolerance.CircuitBreakerMaintenanceImpl]
2022-11-24 09:59:03,299 DEBUG [io.qua.arc.pro.UnusedBeans] (build-6) Unremovable - excluded by BeanClassNameExclusion [className=io.quarkus.vertx.http.runtime.CurrentVertxRequest]: CLASS bean [types=[io.quarkus.vertx.http.runtime.CurrentVertxRequest, java.lang.Object], qualifiers=[@Default, @Any], target=io.quarkus.vertx.http.runtime.CurrentVertxRequest]
2022-11-24 09:59:03,299 DEBUG [io.qua.arc.pro.UnusedBeans] (build-6) Unremovable - excluded by BeanClassNameExclusion [className=io.smallrye.metrics.MetricsRequestHandler]: CLASS bean [types=[java.lang.Object, io.smallrye.metrics.MetricsRequestHandler], qualifiers=[@Default, @Any], target=io.smallrye.metrics.MetricsRequestHandler]
2022-11-24 09:59:03,299 DEBUG [io.qua.arc.pro.UnusedBeans] (build-6) Unremovable - excluded by io.quarkus.resteasy.common.deployment.ResteasyCommonProcessor$$Lambda$714/0x0000000801402118@2ada3060: CLASS bean [types=[io.quarkus.resteasy.common.runtime.jsonb.QuarkusJsonbContextResolver, java.lang.Object, javax.ws.rs.ext.ContextResolver<javax.json.bind.Jsonb>], qualifiers=[@Default, @Any], target=io.quarkus.resteasy.common.runtime.jsonb.QuarkusJsonbContextResolver]
2022-11-24 09:59:03,299 DEBUG [io.qua.arc.pro.UnusedBeans] (build-6) Unremovable - excluded by BeanClassAnnotationExclusion [nameStartsWith=null, name=io.quarkus.test.junit.QuarkusTest]: CLASS bean [types=[java.lang.Object, de.hsos.swa.mocktail.ECB.boundry.MocktailResourceTest], qualifiers=[@Default, @Any], target=de.hsos.swa.mocktail.ECB.boundry.MocktailResourceTest]
2022-11-24 09:59:03,299 DEBUG [io.qua.arc.pro.UnusedBeans] (build-6) Unremovable - excluded by io.quarkus.arc.deployment.ArcProcessor$15@327ea9c4: CLASS bean [types=[java.lang.Comparable<io.quarkus.jackson.ObjectMapperCustomizer>, io.quarkus.jackson.customizer.RegisterSerializersAndDeserializersCustomizer, java.lang.Object, io.quarkus.jackson.ObjectMapperCustomizer], qualifiers=[@Default, @Any], target=io.quarkus.jackson.customizer.RegisterSerializersAndDeserializersCustomizer]
2022-11-24 09:59:03,299 DEBUG [io.qua.arc.pro.UnusedBeans] (build-6) Unremovable - injected: CLASS bean [types=[io.smallrye.faulttolerance.internal.StrategyCache, java.lang.Object], qualifiers=[@Default, @Any], target=io.smallrye.faulttolerance.internal.StrategyCache]
2022-11-24 09:59:03,299 DEBUG [io.qua.arc.pro.UnusedBeans] (build-6) Unremovable - excluded by BeanClassNameExclusion [className=io.quarkus.smallrye.faulttolerance.runtime.QuarkusFaultToleranceOperationProvider]: CLASS bean [types=[io.quarkus.smallrye.faulttolerance.runtime.QuarkusFaultToleranceOperationProvider, java.lang.Object, io.smallrye.faulttolerance.FaultToleranceOperationProvider], qualifiers=[@Default, @Any], target=io.quarkus.smallrye.faulttolerance.runtime.QuarkusFaultToleranceOperationProvider]
2022-11-24 09:59:03,300 DEBUG [io.qua.arc.pro.UnusedBeans] (build-6) Unremovable - injected: CLASS bean [types=[de.hsos.swa.mocktail.ECB.entity.Barkeeper, de.hsos.swa.mocktail.ECB.gateway.MocktaiRepository, java.lang.Object], qualifiers=[@Default, @Any], target=de.hsos.swa.mocktail.ECB.gateway.MocktaiRepository]
2022-11-24 09:59:03,300 DEBUG [io.qua.arc.pro.UnusedBeans] (build-6) Unremovable - excluded by BeanTypeExclusion [dotName=io.quarkus.runtime.test.TestApplicationClassPredicate]: CLASS bean [types=[io.quarkus.runtime.test.TestApplicationClassPredicate, io.quarkus.arc.runtime.test.PreloadedTestApplicationClassPredicate, java.lang.Object, java.util.function.Predicate<java.lang.String>], qualifiers=[@Default, @Any], target=io.quarkus.arc.runtime.test.PreloadedTestApplicationClassPredicate]
2022-11-24 09:59:03,300 DEBUG [io.qua.arc.pro.UnusedBeans] (build-6) Unremovable - excluded by BeanClassNameExclusion [className=io.smallrye.faulttolerance.CdiFaultToleranceSpi$EagerDependencies]: CLASS bean [types=[io.smallrye.faulttolerance.CdiFaultToleranceSpi$EagerDependencies, io.smallrye.faulttolerance.core.apiimpl.BuilderEagerDependencies, java.lang.Object], qualifiers=[@Default, @Any], target=io.smallrye.faulttolerance.CdiFaultToleranceSpi$EagerDependencies]
2022-11-24 09:59:03,300 DEBUG [io.qua.arc.pro.UnusedBeans] (build-6) Unremovable - excluded by BeanClassNameExclusion [className=io.smallrye.metrics.MetricRegistries]: CLASS bean [types=[java.lang.Object, io.smallrye.metrics.MetricRegistries], qualifiers=[@Default, @Any], target=io.smallrye.metrics.MetricRegistries]
2022-11-24 09:59:03,300 DEBUG [io.qua.arc.pro.UnusedBeans] (build-6) Unremovable - injected: CLASS bean [types=[io.smallrye.faulttolerance.RequestContextIntegration, java.lang.Object], qualifiers=[@Default, @Any], target=io.smallrye.faulttolerance.RequestContextIntegration]
2022-11-24 09:59:03,300 DEBUG [io.qua.arc.pro.UnusedBeans] (build-6) Unremovable - injected: CLASS bean [types=[io.smallrye.faulttolerance.metrics.MicroProfileMetricsProvider, io.smallrye.faulttolerance.metrics.MetricsProvider, java.lang.Object], qualifiers=[@Default, @Any], target=io.smallrye.faulttolerance.metrics.MicroProfileMetricsProvider]
2022-11-24 09:59:03,300 DEBUG [io.qua.arc.pro.UnusedBeans] (build-6) Unremovable - excluded by BeanTypesExclusion [dotNames=[io.quarkus.arc.AsyncObserverExceptionHandler]]: CLASS bean [types=[io.quarkus.arc.impl.DefaultAsyncObserverExceptionHandler, io.quarkus.arc.AsyncObserverExceptionHandler, java.lang.Object], qualifiers=[@Default, @Any], target=io.quarkus.arc.impl.DefaultAsyncObserverExceptionHandler]
2022-11-24 09:59:03,300 DEBUG [io.qua.arc.pro.UnusedBeans] (build-6) Unremovable - excluded by BeanClassNameExclusion [className=io.quarkus.smallrye.openapi.runtime.OpenApiDocumentService]: CLASS bean [types=[io.quarkus.smallrye.openapi.runtime.OpenApiDocumentService, java.lang.Object, io.quarkus.smallrye.openapi.runtime.OpenApiDocumentHolder], qualifiers=[@Default, @Any], target=io.quarkus.smallrye.openapi.runtime.OpenApiDocumentService]
2022-11-24 09:59:03,300 DEBUG [io.qua.arc.pro.UnusedBeans] (build-6) Unremovable - excluded by BeanClassAnnotationExclusion [nameStartsWith=null, name=javax.ws.rs.Path]: CLASS bean [types=[de.hsos.swa.mocktail.ECB.boundry.IngredientResource, java.lang.Object], qualifiers=[@Default, @Any], target=de.hsos.swa.mocktail.ECB.boundry.IngredientResource]
2022-11-24 09:59:03,300 DEBUG [io.qua.arc.pro.UnusedBeans] (build-6) Unremovable - injected: CLASS bean [types=[de.hsos.swa.cocktail.ECB.entity.Barkeeper, java.lang.Object, de.hsos.swa.cocktail.ECB.gateway.CocktailRepository], qualifiers=[@Default, @Any], target=de.hsos.swa.cocktail.ECB.gateway.CocktailRepository]
2022-11-24 09:59:03,301 DEBUG [io.qua.arc.pro.UnusedBeans] (build-6) Unremovable - excluded by BeanClassNameExclusion [className=io.quarkus.vertx.http.runtime.CurrentRequestProducer]: CLASS bean [types=[io.quarkus.vertx.http.runtime.CurrentRequestProducer, java.lang.Object], qualifiers=[@Default, @Any], target=io.quarkus.vertx.http.runtime.CurrentRequestProducer]
2022-11-24 09:59:03,309 DEBUG [io.qua.arc.pro.UnusedBeans] (build-6) Unremovable - injected: CLASS bean [types=[de.hsos.swa.mocktail.ECB.control.ingredient.IngredientService, java.lang.Object], qualifiers=[@Default, @Any], target=de.hsos.swa.mocktail.ECB.control.ingredient.IngredientService]
2022-11-24 09:59:03,309 DEBUG [io.qua.arc.pro.UnusedBeans] (build-6) Unremovable - excluded by BeanClassNameExclusion [className=io.quarkus.vertx.runtime.VertxProducer]: CLASS bean [types=[io.quarkus.vertx.runtime.VertxProducer, java.lang.Object], qualifiers=[@Default, @Any], target=io.quarkus.vertx.runtime.VertxProducer]
2022-11-24 09:59:03,310 DEBUG [io.qua.arc.pro.UnusedBeans] (build-6) Unremovable - excluded by BeanClassNameExclusion [className=io.smallrye.faulttolerance.CdiFaultToleranceSpi$LazyDependencies]: CLASS bean [types=[io.smallrye.faulttolerance.CdiFaultToleranceSpi$LazyDependencies, java.lang.Object, io.smallrye.faulttolerance.core.apiimpl.BuilderLazyDependencies], qualifiers=[@Default, @Any], target=io.smallrye.faulttolerance.CdiFaultToleranceSpi$LazyDependencies]
2022-11-24 09:59:03,310 DEBUG [io.qua.arc.pro.UnusedBeans] (build-6) Unremovable - excluded by BeanClassNameExclusion [className=io.quarkus.smallrye.faulttolerance.runtime.QuarkusExistingCircuitBreakerNames]: CLASS bean [types=[io.quarkus.smallrye.faulttolerance.runtime.QuarkusExistingCircuitBreakerNames, io.smallrye.faulttolerance.ExistingCircuitBreakerNames, java.lang.Object], qualifiers=[@Default, @Any], target=io.quarkus.smallrye.faulttolerance.runtime.QuarkusExistingCircuitBreakerNames]
2022-11-24 09:59:03,310 DEBUG [io.qua.arc.pro.UnusedBeans] (build-6) Unremovable - excluded by BeanClassAnnotationExclusion [nameStartsWith=null, name=javax.ws.rs.Path]: CLASS bean [types=[de.hsos.swa.cocktail.ECB.boundry.CocktailResource, java.lang.Object], qualifiers=[@Default, @Any], target=de.hsos.swa.cocktail.ECB.boundry.CocktailResource]
2022-11-24 09:59:03,310 DEBUG [io.qua.arc.pro.UnusedBeans] (build-6) Unremovable - excluded by BeanClassAnnotationExclusion [nameStartsWith=null, name=javax.ws.rs.Path]: CLASS bean [types=[de.hsos.swa.mocktail.ECB.boundry.MocktailResource, java.lang.Object], qualifiers=[@Default, @Any], target=de.hsos.swa.mocktail.ECB.boundry.MocktailResource]
2022-11-24 09:59:03,310 DEBUG [io.qua.arc.pro.UnusedBeans] (build-6) Unremovable - excluded by io.quarkus.resteasy.common.deployment.ResteasyCommonProcessor$$Lambda$714/0x0000000801402118@2ada3060: CLASS bean [types=[io.quarkus.resteasy.common.runtime.jackson.QuarkusObjectMapperContextResolver, javax.ws.rs.ext.ContextResolver<com.fasterxml.jackson.databind.ObjectMapper>, java.lang.Object], qualifiers=[@Default, @Any], target=io.quarkus.resteasy.common.runtime.jackson.QuarkusObjectMapperContextResolver]
2022-11-24 09:59:03,310 DEBUG [io.qua.arc.pro.UnusedBeans] (build-6) Unremovable - injected: CLASS bean [types=[java.lang.Object, de.hsos.swa.cocktail.ECB.control.cocktail.CocktailService], qualifiers=[@Default, @Any], target=de.hsos.swa.cocktail.ECB.control.cocktail.CocktailService]
2022-11-24 09:59:03,310 DEBUG [io.qua.arc.pro.UnusedBeans] (build-6) Unremovable - injected: CLASS bean [types=[de.hsos.swa.mocktail.ECB.control.mocktail.MocktailService, java.lang.Object], qualifiers=[@Default, @Any], target=de.hsos.swa.mocktail.ECB.control.mocktail.MocktailService]
2022-11-24 09:59:03,310 DEBUG [io.qua.arc.pro.UnusedBeans] (build-6) Unremovable - injected: CLASS bean [types=[io.smallrye.faulttolerance.AsyncExecutorProvider, io.quarkus.smallrye.faulttolerance.runtime.QuarkusAsyncExecutorProvider, java.lang.Object], qualifiers=[@Default, @Any], target=io.quarkus.smallrye.faulttolerance.runtime.QuarkusAsyncExecutorProvider]
2022-11-24 09:59:03,322 DEBUG [io.qua.arc.pro.UnusedBeans] (build-6) Unremovable - injected: CLASS bean [types=[de.hsos.swa.mocktail.ECB.gateway.UserChecker, de.hsos.swa.mocktail.ECB.gateway.UserRepository, java.lang.Object, de.hsos.swa.mocktail.ECB.control.user.UserPost], qualifiers=[@Default, @Any], target=de.hsos.swa.mocktail.ECB.gateway.UserRepository]
2022-11-24 09:59:03,323 DEBUG [io.qua.arc.pro.UnusedBeans] (build-6) Unremovable - injected: PRODUCER METHOD bean [types=[java.io.Serializable, java.lang.Boolean, java.lang.Comparable<java.lang.Boolean>, java.lang.Object], qualifiers=[@ConfigProperty, @Any], target=java.lang.Boolean produceBooleanConfigProperty(javax.enterprise.inject.spi.InjectionPoint ip), declaringBean=io.smallrye.config.inject.ConfigProducer]
2022-11-24 09:59:03,323 DEBUG [io.qua.arc.pro.UnusedBeans] (build-6) Unremovable - excluded by BeanClassNameExclusion [className=io.quarkus.smallrye.context.runtime.SmallRyeContextPropagationProvider]: PRODUCER METHOD bean [types=[org.eclipse.microprofile.context.ThreadContext, java.lang.Object, io.smallrye.context.SmallRyeThreadContext], qualifiers=[@Default, @Any], target=io.smallrye.context.SmallRyeThreadContext getAllThreadContext(), declaringBean=io.quarkus.smallrye.context.runtime.SmallRyeContextPropagationProvider]
2022-11-24 09:59:03,323 DEBUG [io.qua.arc.pro.UnusedBeans] (build-6) Unremovable - injected: PRODUCER METHOD bean [types=[java.io.Serializable, org.eclipse.microprofile.config.Config, io.smallrye.config.SmallRyeConfig, java.lang.Object], qualifiers=[@Default, @Any], target=io.smallrye.config.SmallRyeConfig getConfig(), declaringBean=io.smallrye.config.inject.ConfigProducer]
2022-11-24 09:59:03,323 DEBUG [io.qua.arc.pro.UnusedBeans] (build-6) Unremovable - excluded by BeanClassNameExclusion [className=io.quarkus.vertx.runtime.VertxProducer]: PRODUCER METHOD bean [types=[io.vertx.core.eventbus.EventBus, java.lang.Object, io.vertx.core.metrics.Measured], qualifiers=[@Default, @Any], target=io.vertx.core.eventbus.EventBus eventbus(io.vertx.core.Vertx vertx), declaringBean=io.quarkus.vertx.runtime.VertxProducer]
2022-11-24 09:59:03,323 DEBUG [io.qua.arc.pro.UnusedBeans] (build-6) Unremovable - injected: PRODUCER METHOD bean [types=[java.lang.AutoCloseable, java.lang.Object, javax.json.bind.Jsonb], qualifiers=[@Default, @Any], target=javax.json.bind.Jsonb jsonb(javax.json.bind.JsonbConfig jsonbConfig), declaringBean=io.quarkus.jsonb.JsonbProducer]
2022-11-24 09:59:03,323 DEBUG [io.qua.arc.pro.UnusedBeans] (build-6) Unremovable - excluded by BeanClassNameExclusion [className=io.quarkus.vertx.runtime.VertxProducer]: PRODUCER METHOD bean [types=[io.vertx.mutiny.core.eventbus.EventBus, io.vertx.mutiny.core.metrics.Measured, java.lang.Object], qualifiers=[@Default, @Any], target=io.vertx.mutiny.core.eventbus.EventBus mutinyEventBus(io.vertx.mutiny.core.Vertx mutiny), declaringBean=io.quarkus.vertx.runtime.VertxProducer]
2022-11-24 09:59:03,323 DEBUG [io.qua.arc.pro.UnusedBeans] (build-6) Unremovable - excluded by BeanClassNameExclusion [className=io.smallrye.metrics.MetricRegistries]: PRODUCER METHOD bean [types=[org.eclipse.microprofile.metrics.MetricRegistry, java.lang.Object], qualifiers=[@RegistryType(type = BASE), @Any], target=org.eclipse.microprofile.metrics.MetricRegistry getBaseRegistry(), declaringBean=io.smallrye.metrics.MetricRegistries]
2022-11-24 09:59:03,323 DEBUG [io.qua.arc.pro.UnusedBeans] (build-6) Unremovable - injected: PRODUCER METHOD bean [types=[javax.json.bind.JsonbConfig, java.lang.Object], qualifiers=[@Default, @Any], target=javax.json.bind.JsonbConfig jsonbConfig(java.util.List<io.quarkus.jsonb.JsonbConfigCustomizer> customizers), declaringBean=io.quarkus.jsonb.JsonbProducer]
2022-11-24 09:59:03,324 DEBUG [io.qua.arc.pro.UnusedBeans] (build-6) Unremovable - excluded by BeanClassNameExclusion [className=io.quarkus.vertx.runtime.VertxProducer]: PRODUCER METHOD bean [types=[io.vertx.mutiny.core.Vertx, io.vertx.mutiny.core.metrics.Measured, java.lang.Object], qualifiers=[@Default, @Any], target=io.vertx.mutiny.core.Vertx mutiny(io.vertx.core.Vertx vertx), declaringBean=io.quarkus.vertx.runtime.VertxProducer]
2022-11-24 09:59:03,324 DEBUG [io.qua.arc.pro.UnusedBeans] (build-6) Unremovable - excluded by BeanClassNameExclusion [className=io.smallrye.metrics.MetricRegistries]: PRODUCER METHOD bean [types=[org.eclipse.microprofile.metrics.MetricRegistry, java.lang.Object], qualifiers=[@RegistryType(type = VENDOR), @Any], target=org.eclipse.microprofile.metrics.MetricRegistry getVendorRegistry(), declaringBean=io.smallrye.metrics.MetricRegistries]
2022-11-24 09:59:03,324 DEBUG [io.qua.arc.pro.UnusedBeans] (build-6) Unremovable - excluded by BeanTypesExclusion [dotNames=[com.fasterxml.jackson.databind.ObjectMapper]]: PRODUCER METHOD bean [types=[java.io.Serializable, com.fasterxml.jackson.core.ObjectCodec, java.lang.Object, com.fasterxml.jackson.databind.ObjectMapper, com.fasterxml.jackson.core.Versioned, com.fasterxml.jackson.core.TreeCodec], qualifiers=[@Default, @Any], target=com.fasterxml.jackson.databind.ObjectMapper objectMapper(java.util.List<io.quarkus.jackson.ObjectMapperCustomizer> customizers, io.quarkus.jackson.runtime.JacksonBuildTimeConfig jacksonBuildTimeConfig), declaringBean=io.quarkus.jackson.runtime.ObjectMapperProducer]
2022-11-24 09:59:03,324 DEBUG [io.qua.arc.pro.UnusedBeans] (build-6) Unremovable - excluded by BeanClassNameExclusion [className=io.smallrye.metrics.MetricRegistries]: PRODUCER METHOD bean [types=[org.eclipse.microprofile.metrics.MetricRegistry, java.lang.Object], qualifiers=[@RegistryType(type = APPLICATION), @Default, @Any], target=org.eclipse.microprofile.metrics.MetricRegistry getApplicationRegistry(), declaringBean=io.smallrye.metrics.MetricRegistries]
2022-11-24 09:59:03,324 DEBUG [io.qua.arc.pro.UnusedBeans] (build-6) Unremovable - named: PRODUCER METHOD bean [types=[io.vertx.core.streams.StreamBase, io.vertx.core.streams.ReadStream<io.vertx.core.buffer.Buffer>, java.lang.Object, io.vertx.core.http.HttpServerRequest], qualifiers=[@Named(value = "vertxRequest"), @Default, @Any], target=io.vertx.core.http.HttpServerRequest getCurrentRequest(io.vertx.ext.web.RoutingContext rc), declaringBean=io.quarkus.vertx.http.runtime.CurrentRequestProducer]
2022-11-24 09:59:03,324 DEBUG [io.qua.arc.pro.UnusedBeans] (build-6) Unremovable - excluded by BeanClassNameExclusion [className=io.quarkus.vertx.http.runtime.CurrentVertxRequest]: PRODUCER METHOD bean [types=[java.lang.Object, io.vertx.ext.web.RoutingContext], qualifiers=[@Default, @Any], target=io.vertx.ext.web.RoutingContext getCurrent(), declaringBean=io.quarkus.vertx.http.runtime.CurrentVertxRequest]
2022-11-24 09:59:03,324 DEBUG [io.qua.arc.pro.UnusedBeans] (build-6) Unremovable - injected: SYNTHETIC bean [types=[io.quarkus.jackson.runtime.JacksonBuildTimeConfig], qualifiers=[@Default, @Any], target=n/a]
2022-11-24 09:59:03,324 DEBUG [io.qua.arc.pro.UnusedBeans] (build-6) Unremovable - excluded by BeanTypesExclusion [dotNames=[io.quarkus.restclient.config.RestClientsConfig]]: SYNTHETIC bean [types=[io.quarkus.restclient.config.RestClientsConfig], qualifiers=[@Default, @Any], target=n/a]
2022-11-24 09:59:03,324 DEBUG [io.qua.arc.pro.UnusedBeans] (build-6) Unremovable - unremovable synthetic: SYNTHETIC bean [types=[java.lang.String[], java.lang.Object], qualifiers=[@io.quarkus.runtime.annotations.CommandLineArguments, @Any], target=n/a]
2022-11-24 09:59:03,324 DEBUG [io.qua.arc.pro.UnusedBeans] (build-6) Unremovable - unremovable synthetic: SYNTHETIC bean [types=[org.eclipse.microprofile.context.ManagedExecutor, io.smallrye.context.SmallRyeManagedExecutor], qualifiers=[@Default, @Any], target=n/a]
2022-11-24 09:59:03,324 DEBUG [io.qua.arc.pro.UnusedBeans] (build-6) Unremovable - unremovable synthetic: SYNTHETIC bean [types=[io.vertx.core.Vertx], qualifiers=[@Default, @Any], target=n/a]
2022-11-24 09:59:03,324 DEBUG [io.qua.arc.pro.UnusedBeans] (build-6) Unremovable - unremovable synthetic: SYNTHETIC bean [types=[io.netty.channel.EventLoopGroup], qualifiers=[@io.quarkus.netty.BossEventLoopGroup, @Any], target=n/a]
2022-11-24 09:59:03,324 DEBUG [io.qua.arc.pro.UnusedBeans] (build-6) Unremovable - unremovable synthetic: SYNTHETIC bean [types=[io.netty.channel.EventLoopGroup], qualifiers=[@io.quarkus.netty.MainEventLoopGroup, @Any], target=n/a]
2022-11-24 09:59:03,324 DEBUG [io.qua.arc.pro.UnusedBeans] (build-6) Unremovable - injected: SYNTHETIC bean [types=[org.eclipse.microprofile.openapi.OASFilter], qualifiers=[@Default, @Any], target=n/a]
2022-11-24 09:59:03,325 DEBUG [io.qua.arc.pro.UnusedBeans] (build-6) Unremovable - injected: SYNTHETIC bean [types=[java.util.List<io.quarkus.jsonb.JsonbConfigCustomizer>], qualifiers=[@Identified(value = "2ca442714884f1ad3580a9368daf9ac0bfdda9ac"), @All, @Any], target=n/a]
2022-11-24 09:59:03,325 DEBUG [io.qua.arc.pro.UnusedBeans] (build-6) Unremovable - injected: SYNTHETIC bean [types=[java.util.List<io.quarkus.jackson.ObjectMapperCustomizer>], qualifiers=[@Identified(value = "91505622b85b80eeb7cf1133e1d4831454853cce"), @All, @Any], target=n/a]
2022-11-24 09:59:03,325 DEBUG [io.qua.arc.pro.UnusedBeans] (build-6) Unremovable - declares producer: CLASS bean [types=[io.quarkus.smallrye.context.runtime.SmallRyeContextPropagationProvider, java.lang.Object], qualifiers=[@Default, @Any], target=io.quarkus.smallrye.context.runtime.SmallRyeContextPropagationProvider]
2022-11-24 09:59:03,325 DEBUG [io.qua.arc.pro.UnusedBeans] (build-6) Unremovable - declares producer: CLASS bean [types=[io.quarkus.jackson.runtime.ObjectMapperProducer, java.lang.Object], qualifiers=[@Default, @Any], target=io.quarkus.jackson.runtime.ObjectMapperProducer]
2022-11-24 09:59:03,325 DEBUG [io.qua.arc.pro.UnusedBeans] (build-6) Unremovable - declares producer: CLASS bean [types=[io.smallrye.config.inject.ConfigProducer, java.lang.Object], qualifiers=[@Default, @Any], target=io.smallrye.config.inject.ConfigProducer]
2022-11-24 09:59:03,325 DEBUG [io.qua.arc.pro.UnusedBeans] (build-6) Unremovable - declares producer: CLASS bean [types=[java.lang.Object, io.smallrye.metrics.MetricRegistries], qualifiers=[@Default, @Any], target=io.smallrye.metrics.MetricRegistries]
2022-11-24 09:59:03,325 DEBUG [io.qua.arc.pro.UnusedBeans] (build-6) Unremovable - declares producer: CLASS bean [types=[io.quarkus.vertx.http.runtime.CurrentRequestProducer, java.lang.Object], qualifiers=[@Default, @Any], target=io.quarkus.vertx.http.runtime.CurrentRequestProducer]
2022-11-24 09:59:03,325 DEBUG [io.qua.arc.pro.UnusedBeans] (build-6) Unremovable - declares producer: CLASS bean [types=[io.quarkus.vertx.runtime.VertxProducer, java.lang.Object], qualifiers=[@Default, @Any], target=io.quarkus.vertx.runtime.VertxProducer]
2022-11-24 09:59:03,325 DEBUG [io.qua.arc.pro.UnusedBeans] (build-6) Unremovable - declares producer: CLASS bean [types=[io.quarkus.jsonb.JsonbProducer, java.lang.Object], qualifiers=[@Default, @Any], target=io.quarkus.jsonb.JsonbProducer]
2022-11-24 09:59:03,325 DEBUG [io.qua.arc.pro.UnusedBeans] (build-6) Unremovable - declares producer: CLASS bean [types=[io.quarkus.vertx.http.runtime.CurrentVertxRequest, java.lang.Object], qualifiers=[@Default, @Any], target=io.quarkus.vertx.http.runtime.CurrentVertxRequest]
2022-11-24 09:59:03,329 DEBUG [io.qua.arc.pro.BeanDeployment] (build-6) Removed unused SYNTHETIC bean [types=[io.quarkus.runtime.shutdown.ShutdownConfig], qualifiers=[@Default, @Any], target=n/a]
Removed unused SYNTHETIC bean [types=[io.quarkus.logging.gelf.GelfConfig], qualifiers=[@Default, @Any], target=n/a]
Removed unused PRODUCER METHOD bean [types=[org.eclipse.microprofile.metrics.Metric, org.eclipse.microprofile.metrics.ConcurrentGauge, java.lang.Object], qualifiers=[@Default, @Any], target=org.eclipse.microprofile.metrics.ConcurrentGauge getConcurrentGauge(javax.enterprise.inject.spi.InjectionPoint ip), declaringBean=io.smallrye.metrics.MetricProducer]
Removed unused SYNTHETIC bean [types=[io.quarkus.runtime.CommandLineRuntimeConfig], qualifiers=[@Default, @Any], target=n/a]
Removed unused PRODUCER METHOD bean [types=[java.io.Serializable, java.lang.String, java.lang.CharSequence, java.lang.Object, java.lang.Comparable<java.lang.String>], qualifiers=[@ConfigProperty, @Any], target=java.lang.String produceStringConfigProperty(javax.enterprise.inject.spi.InjectionPoint ip), declaringBean=io.smallrye.config.inject.ConfigProducer]
Removed unused SYNTHETIC bean [types=[io.quarkus.runtime.ThreadPoolConfig], qualifiers=[@Default, @Any], target=n/a]
Removed unused PRODUCER METHOD bean [types=[java.lang.Object, java.util.OptionalInt], qualifiers=[@ConfigProperty, @Any], target=java.util.OptionalInt produceOptionalIntConfigProperty(javax.enterprise.inject.spi.InjectionPoint ip), declaringBean=io.smallrye.config.inject.ConfigProducer]
Removed unused PRODUCER METHOD bean [types=[java.lang.Number, java.io.Serializable, java.lang.Comparable<java.lang.Float>, java.lang.Float, java.lang.Object], qualifiers=[@ConfigProperty, @Any], target=java.lang.Float produceFloatConfigProperty(javax.enterprise.inject.spi.InjectionPoint ip), declaringBean=io.smallrye.config.inject.ConfigProducer]
Removed unused PRODUCER METHOD bean [types=[java.lang.Number, java.io.Serializable, java.lang.Comparable<java.lang.Long>, java.lang.Object, java.lang.Long], qualifiers=[@ConfigProperty, @Any], target=java.lang.Long getLongValue(javax.enterprise.inject.spi.InjectionPoint ip), declaringBean=io.smallrye.config.inject.ConfigProducer]
Removed unused PRODUCER METHOD bean [types=[java.util.Optional<T>, java.lang.Object], qualifiers=[@ConfigProperty, @Any], target=java.util.Optional<T> produceOptionalConfigProperty(javax.enterprise.inject.spi.InjectionPoint ip), declaringBean=io.smallrye.config.inject.ConfigProducer]
Removed unused PRODUCER METHOD bean [types=[java.lang.Number, java.io.Serializable, java.lang.Short, java.lang.Object, java.lang.Comparable<java.lang.Short>], qualifiers=[@ConfigProperty, @Any], target=java.lang.Short produceShortConfigProperty(javax.enterprise.inject.spi.InjectionPoint ip), declaringBean=io.smallrye.config.inject.ConfigProducer]
Removed unused SYNTHETIC bean [types=[io.quarkus.runtime.BannerRuntimeConfig], qualifiers=[@Default, @Any], target=n/a]
Removed unused SYNTHETIC bean [types=[io.quarkus.runtime.TopLevelRootConfig], qualifiers=[@Default, @Any], target=n/a]
Removed unused SYNTHETIC bean [types=[io.quarkus.runtime.console.ConsoleRuntimeConfig], qualifiers=[@Default, @Any], target=n/a]
Removed unused PRODUCER METHOD bean [types=[org.eclipse.microprofile.metrics.Metric, org.eclipse.microprofile.metrics.Counting, org.eclipse.microprofile.metrics.Metered, java.lang.Object, org.eclipse.microprofile.metrics.Timer, org.eclipse.microprofile.metrics.Sampling], qualifiers=[@Default, @Any], target=org.eclipse.microprofile.metrics.Timer getTimer(javax.enterprise.inject.spi.InjectionPoint ip), declaringBean=io.smallrye.metrics.MetricProducer]
Removed unused SYNTHETIC bean [types=[io.quarkus.runtime.configuration.ConfigurationRuntimeConfig], qualifiers=[@Default, @Any], target=n/a]
Removed unused PRODUCER METHOD bean [types=[java.lang.Object, java.util.OptionalLong], qualifiers=[@ConfigProperty, @Any], target=java.util.OptionalLong produceOptionalLongConfigProperty(javax.enterprise.inject.spi.InjectionPoint ip), declaringBean=io.smallrye.config.inject.ConfigProducer]
Removed unused PRODUCER METHOD bean [types=[java.lang.Iterable<T>, java.util.Collection<T>, java.lang.Object, java.util.Set<T>], qualifiers=[@ConfigProperty, @Any], target=java.util.Set<T> producesSetConfigProperty(javax.enterprise.inject.spi.InjectionPoint ip), declaringBean=io.smallrye.config.inject.ConfigProducer]
Removed unused SYNTHETIC bean [types=[io.quarkus.vertx.http.runtime.security.BasicAuthenticationMechanism, io.quarkus.vertx.http.runtime.security.HttpAuthenticationMechanism], qualifiers=[@Default, @Any], target=n/a]
Removed unused SYNTHETIC bean [types=[io.vertx.mutiny.ext.web.Router], qualifiers=[@Default, @Any], target=n/a]
Removed unused SYNTHETIC bean [types=[io.quarkus.runtime.LocalesBuildTimeConfig], qualifiers=[@Default, @Any], target=n/a]
Removed unused CLASS bean [types=[java.lang.Object, io.quarkus.arc.runtime.LoggerProducer], qualifiers=[@Default, @Any], target=io.quarkus.arc.runtime.LoggerProducer]
Removed unused SYNTHETIC bean [types=[io.quarkus.runtime.LiveReloadConfig], qualifiers=[@Default, @Any], target=n/a]
Removed unused SYNTHETIC bean [types=[io.quarkus.runtime.ApplicationConfig], qualifiers=[@Default, @Any], target=n/a]
Removed unused PRODUCER METHOD bean [types=[java.io.Serializable, org.jboss.logging.BasicLogger, java.lang.Object, org.jboss.logging.Logger], qualifiers=[@LoggerName(value = ""), @Any], target=org.jboss.logging.Logger getLoggerWithCustomName(javax.enterprise.inject.spi.InjectionPoint injectionPoint), declaringBean=io.quarkus.arc.runtime.LoggerProducer]
Removed unused SYNTHETIC bean [types=[io.quarkus.runtime.ConfigConfig], qualifiers=[@Default, @Any], target=n/a]
Removed unused CLASS bean [types=[javax.enterprise.context.control.RequestContextController, java.lang.Object, io.quarkus.arc.impl.InjectableRequestContextController], qualifiers=[@Default, @Any], target=io.quarkus.arc.impl.InjectableRequestContextController]
Removed unused PRODUCER METHOD bean [types=[java.util.Map<K, V>, java.lang.Object], qualifiers=[@ConfigProperty, @Any], target=java.util.Map<K, V> producesMapConfigProperty(javax.enterprise.inject.spi.InjectionPoint ip), declaringBean=io.smallrye.config.inject.ConfigProducer]
Removed unused SYNTHETIC bean [types=[io.quarkus.vertx.core.runtime.config.VertxConfiguration], qualifiers=[@Default, @Any], target=n/a]
Removed unused SYNTHETIC bean [types=[io.quarkus.swaggerui.runtime.SwaggerUiRuntimeConfig], qualifiers=[@Default, @Any], target=n/a]
Removed unused SYNTHETIC bean [types=[io.vertx.ext.web.Router], qualifiers=[@Default, @Any], target=n/a]
Removed unused PRODUCER METHOD bean [types=[java.io.Serializable, java.lang.Comparable<java.lang.Character>, java.lang.Character, java.lang.Object], qualifiers=[@ConfigProperty, @Any], target=java.lang.Character produceCharacterConfigProperty(javax.enterprise.inject.spi.InjectionPoint ip), declaringBean=io.smallrye.config.inject.ConfigProducer]
Removed unused PRODUCER METHOD bean [types=[org.eclipse.microprofile.config.ConfigValue, java.lang.Object, io.smallrye.config.ConfigValue], qualifiers=[@ConfigProperty, @Any], target=io.smallrye.config.ConfigValue produceConfigValue(javax.enterprise.inject.spi.InjectionPoint ip), declaringBean=io.smallrye.config.inject.ConfigProducer]
Removed unused PRODUCER METHOD bean [types=[java.util.OptionalDouble, java.lang.Object], qualifiers=[@ConfigProperty, @Any], target=java.util.OptionalDouble produceOptionalDoubleConfigProperty(javax.enterprise.inject.spi.InjectionPoint ip), declaringBean=io.smallrye.config.inject.ConfigProducer]
Removed unused PRODUCER METHOD bean [types=[java.lang.Number, java.io.Serializable, java.lang.Double, java.lang.Comparable<java.lang.Double>, java.lang.Object], qualifiers=[@ConfigProperty, @Any], target=java.lang.Double produceDoubleConfigProperty(javax.enterprise.inject.spi.InjectionPoint ip), declaringBean=io.smallrye.config.inject.ConfigProducer]
Removed unused CLASS bean [types=[io.smallrye.metrics.MetricProducer, java.lang.Object], qualifiers=[@Default, @Any], target=io.smallrye.metrics.MetricProducer]
Removed unused PRODUCER METHOD bean [types=[org.eclipse.microprofile.metrics.Metric, org.eclipse.microprofile.metrics.Counting, org.eclipse.microprofile.metrics.Histogram, java.lang.Object, org.eclipse.microprofile.metrics.Sampling], qualifiers=[@Default, @Any], target=org.eclipse.microprofile.metrics.Histogram getHistogram(javax.enterprise.inject.spi.InjectionPoint ip), declaringBean=io.smallrye.metrics.MetricProducer]
Removed unused PRODUCER METHOD bean [types=[java.lang.Comparable<java.lang.Byte>, java.lang.Number, java.io.Serializable, java.lang.Byte, java.lang.Object], qualifiers=[@ConfigProperty, @Any], target=java.lang.Byte produceByteConfigProperty(javax.enterprise.inject.spi.InjectionPoint ip), declaringBean=io.smallrye.config.inject.ConfigProducer]
Removed unused PRODUCER METHOD bean [types=[org.eclipse.microprofile.metrics.Metric, org.eclipse.microprofile.metrics.Gauge<T extends java.lang.Number>, java.lang.Object], qualifiers=[@Default, @Any], target=org.eclipse.microprofile.metrics.Gauge<T extends java.lang.Number> getGauge(javax.enterprise.inject.spi.InjectionPoint ip), declaringBean=io.smallrye.metrics.MetricProducer]
Removed unused CLASS bean [types=[java.lang.Object, io.quarkus.arc.runtime.LaunchModeProducer], qualifiers=[@Default, @Any], target=io.quarkus.arc.runtime.LaunchModeProducer]
Removed unused SYNTHETIC bean [types=[io.quarkus.vertx.http.runtime.HttpBuildTimeConfig], qualifiers=[@Default, @Any], target=n/a]
Removed unused SYNTHETIC bean [types=[io.quarkus.runtime.logging.LogBuildTimeConfig], qualifiers=[@Default, @Any], target=n/a]
Removed unused SYNTHETIC bean [types=[io.quarkus.resteasy.runtime.JaxRsSecurityConfig], qualifiers=[@Default, @Any], target=n/a]
Removed unused PRODUCER METHOD bean [types=[java.util.function.Supplier<T>, java.lang.Object], qualifiers=[@ConfigProperty, @Any], target=java.util.function.Supplier<T> produceSupplierConfigProperty(javax.enterprise.inject.spi.InjectionPoint ip), declaringBean=io.smallrye.config.inject.ConfigProducer]
Removed unused PRODUCER METHOD bean [types=[java.lang.Iterable<T>, java.util.Collection<T>, java.util.List<T>, java.lang.Object], qualifiers=[@ConfigProperty, @Any], target=java.util.List<T> producesListConfigProperty(javax.enterprise.inject.spi.InjectionPoint ip), declaringBean=io.smallrye.config.inject.ConfigProducer]
Removed unused PRODUCER METHOD bean [types=[org.eclipse.microprofile.metrics.Metric, org.eclipse.microprofile.metrics.Counting, java.lang.Object, org.eclipse.microprofile.metrics.SimpleTimer], qualifiers=[@Default, @Any], target=org.eclipse.microprofile.metrics.SimpleTimer getSimpleTimer(javax.enterprise.inject.spi.InjectionPoint ip), declaringBean=io.smallrye.metrics.MetricProducer]
Removed unused SYNTHETIC bean [types=[io.quarkus.runtime.TlsConfig], qualifiers=[@Default, @Any], target=n/a]
Removed unused PRODUCER METHOD bean [types=[org.eclipse.microprofile.metrics.Metric, org.eclipse.microprofile.metrics.Counting, java.lang.Object, org.eclipse.microprofile.metrics.Counter], qualifiers=[@Default, @Any], target=org.eclipse.microprofile.metrics.Counter getCounter(javax.enterprise.inject.spi.InjectionPoint ip), declaringBean=io.smallrye.metrics.MetricProducer]
Removed unused SYNTHETIC bean [types=[io.quarkus.vertx.http.runtime.HttpConfiguration], qualifiers=[@Default, @Any], target=n/a]
Removed unused SYNTHETIC bean [types=[io.quarkus.runtime.logging.LogConfig], qualifiers=[@Default, @Any], target=n/a]
Removed unused SYNTHETIC bean [types=[io.quarkus.smallrye.openapi.runtime.OpenApiRuntimeConfig], qualifiers=[@Default, @Any], target=n/a]
Removed unused PRODUCER METHOD bean [types=[org.eclipse.microprofile.metrics.Meter, org.eclipse.microprofile.metrics.Metric, org.eclipse.microprofile.metrics.Counting, org.eclipse.microprofile.metrics.Metered, java.lang.Object], qualifiers=[@Default, @Any], target=org.eclipse.microprofile.metrics.Meter getMeter(javax.enterprise.inject.spi.InjectionPoint ip), declaringBean=io.smallrye.metrics.MetricProducer]
Removed unused PRODUCER METHOD bean [types=[io.quarkus.runtime.LaunchMode, java.io.Serializable, java.lang.Enum<io.quarkus.runtime.LaunchMode>, java.lang.Comparable<io.quarkus.runtime.LaunchMode>, java.lang.Object], qualifiers=[@Default, @Any], target=io.quarkus.runtime.LaunchMode mode(), declaringBean=io.quarkus.arc.runtime.LaunchModeProducer]
Removed unused PRODUCER METHOD bean [types=[java.io.Serializable, org.jboss.logging.BasicLogger, java.lang.Object, org.jboss.logging.Logger], qualifiers=[@Default, @Any], target=org.jboss.logging.Logger getSimpleLogger(javax.enterprise.inject.spi.InjectionPoint injectionPoint), declaringBean=io.quarkus.arc.runtime.LoggerProducer]
Removed unused PRODUCER METHOD bean [types=[java.lang.Integer, java.lang.Number, java.io.Serializable, java.lang.Comparable<java.lang.Integer>, java.lang.Object], qualifiers=[@ConfigProperty, @Any], target=java.lang.Integer getIntegerValue(javax.enterprise.inject.spi.InjectionPoint ip), declaringBean=io.smallrye.config.inject.ConfigProducer]
Removed unused CLASS bean [types=[java.lang.Object, io.smallrye.metrics.interceptors.MetricNameFactory], qualifiers=[@Default, @Any], target=io.smallrye.metrics.interceptors.MetricNameFactory]
Removed unused PRODUCER METHOD bean [types=[java.lang.Object, io.smallrye.metrics.interceptors.MetricName], qualifiers=[@Default, @Any], target=io.smallrye.metrics.interceptors.MetricName metricName(javax.enterprise.inject.spi.BeanManager manager), declaringBean=io.smallrye.metrics.interceptors.MetricNameFactory]
2022-11-24 09:59:03,330 DEBUG [io.qua.arc.pro.UnusedBeans] (build-6) Unremovable - injected: CLASS bean [types=[java.lang.Object, io.smallrye.faulttolerance.SpecCompatibility], qualifiers=[@Default, @Any], target=io.smallrye.faulttolerance.SpecCompatibility]
2022-11-24 09:59:03,330 DEBUG [io.qua.arc.pro.UnusedBeans] (build-6) Unremovable - excluded by BeanClassAnnotationExclusion [nameStartsWith=null, name=javax.ws.rs.Path]: CLASS bean [types=[de.hsos.swa.mocktail.ECB.boundry.UserResource, java.lang.Object], qualifiers=[@Default, @Any], target=de.hsos.swa.mocktail.ECB.boundry.UserResource]
2022-11-24 09:59:03,330 DEBUG [io.qua.arc.pro.UnusedBeans] (build-6) Unremovable - injected: CLASS bean [types=[io.smallrye.faulttolerance.ExecutorHolder, java.lang.Object], qualifiers=[@Default, @Any], target=io.smallrye.faulttolerance.ExecutorHolder]
2022-11-24 09:59:03,330 DEBUG [io.qua.arc.pro.UnusedBeans] (build-6) Unremovable - excluded by BeanClassNameExclusion [className=io.quarkus.smallrye.context.runtime.SmallRyeContextPropagationProvider]: CLASS bean [types=[io.quarkus.smallrye.context.runtime.SmallRyeContextPropagationProvider, java.lang.Object], qualifiers=[@Default, @Any], target=io.quarkus.smallrye.context.runtime.SmallRyeContextPropagationProvider]
2022-11-24 09:59:03,330 DEBUG [io.qua.arc.pro.UnusedBeans] (build-6) Unremovable - excluded by io.quarkus.arc.deployment.ArcProcessor$15@327ea9c4: CLASS bean [types=[io.quarkus.jsonb.customizer.RegisterSerializersAndDeserializersCustomizer, java.lang.Object, io.quarkus.jsonb.JsonbConfigCustomizer], qualifiers=[@Default, @Any], target=io.quarkus.jsonb.customizer.RegisterSerializersAndDeserializersCustomizer]
2022-11-24 09:59:03,331 DEBUG [io.qua.arc.pro.UnusedBeans] (build-6) Unremovable - excluded by BeanClassAnnotationExclusion [nameStartsWith=null, name=javax.ws.rs.Path]: CLASS bean [types=[org.acme.GreetingResource, java.lang.Object], qualifiers=[@Default, @Any], target=org.acme.GreetingResource]
2022-11-24 09:59:03,331 DEBUG [io.qua.arc.pro.UnusedBeans] (build-6) Unremovable - injected: CLASS bean [types=[io.quarkus.smallrye.faulttolerance.runtime.QuarkusFallbackHandlerProvider, io.smallrye.faulttolerance.FallbackHandlerProvider, java.lang.Object], qualifiers=[@Default, @Any], target=io.quarkus.smallrye.faulttolerance.runtime.QuarkusFallbackHandlerProvider]
2022-11-24 09:59:03,331 DEBUG [io.qua.arc.pro.UnusedBeans] (build-6) Unremovable - excluded by BeanClassAnnotationExclusion [nameStartsWith=null, name=io.quarkus.test.junit.QuarkusTest]: CLASS bean [types=[org.acme.GreetingResourceTest, java.lang.Object], qualifiers=[@Default, @Any], target=org.acme.GreetingResourceTest]
2022-11-24 09:59:03,331 DEBUG [io.qua.arc.pro.UnusedBeans] (build-6) Unremovable - excluded by BeanClassAnnotationExclusion [nameStartsWith=null, name=io.quarkus.test.junit.QuarkusTest]: CLASS bean [types=[de.hsos.swa.mocktail.ECB.boundry.IngredientResourceTest, java.lang.Object], qualifiers=[@Default, @Any], target=de.hsos.swa.mocktail.ECB.boundry.IngredientResourceTest]
2022-11-24 09:59:03,331 DEBUG [io.qua.arc.pro.UnusedBeans] (build-6) Unremovable - injected: CLASS bean [types=[io.smallrye.faulttolerance.api.CircuitBreakerMaintenance, io.smallrye.faulttolerance.core.apiimpl.BasicCircuitBreakerMaintenanceImpl, java.lang.Object, io.smallrye.faulttolerance.CircuitBreakerMaintenanceImpl], qualifiers=[@Default, @Any], target=io.smallrye.faulttolerance.CircuitBreakerMaintenanceImpl]
2022-11-24 09:59:03,331 DEBUG [io.qua.arc.pro.UnusedBeans] (build-6) Unremovable - excluded by BeanClassNameExclusion [className=io.quarkus.vertx.http.runtime.CurrentVertxRequest]: CLASS bean [types=[io.quarkus.vertx.http.runtime.CurrentVertxRequest, java.lang.Object], qualifiers=[@Default, @Any], target=io.quarkus.vertx.http.runtime.CurrentVertxRequest]
2022-11-24 09:59:03,331 DEBUG [io.qua.arc.pro.UnusedBeans] (build-6) Unremovable - excluded by BeanClassNameExclusion [className=io.smallrye.metrics.MetricsRequestHandler]: CLASS bean [types=[java.lang.Object, io.smallrye.metrics.MetricsRequestHandler], qualifiers=[@Default, @Any], target=io.smallrye.metrics.MetricsRequestHandler]
2022-11-24 09:59:03,331 DEBUG [io.qua.arc.pro.UnusedBeans] (build-6) Unremovable - excluded by io.quarkus.resteasy.common.deployment.ResteasyCommonProcessor$$Lambda$714/0x0000000801402118@2ada3060: CLASS bean [types=[io.quarkus.resteasy.common.runtime.jsonb.QuarkusJsonbContextResolver, java.lang.Object, javax.ws.rs.ext.ContextResolver<javax.json.bind.Jsonb>], qualifiers=[@Default, @Any], target=io.quarkus.resteasy.common.runtime.jsonb.QuarkusJsonbContextResolver]
2022-11-24 09:59:03,331 DEBUG [io.qua.arc.pro.UnusedBeans] (build-6) Unremovable - excluded by BeanClassAnnotationExclusion [nameStartsWith=null, name=io.quarkus.test.junit.QuarkusTest]: CLASS bean [types=[java.lang.Object, de.hsos.swa.mocktail.ECB.boundry.MocktailResourceTest], qualifiers=[@Default, @Any], target=de.hsos.swa.mocktail.ECB.boundry.MocktailResourceTest]
2022-11-24 09:59:03,331 DEBUG [io.qua.arc.pro.UnusedBeans] (build-6) Unremovable - excluded by io.quarkus.arc.deployment.ArcProcessor$15@327ea9c4: CLASS bean [types=[java.lang.Comparable<io.quarkus.jackson.ObjectMapperCustomizer>, io.quarkus.jackson.customizer.RegisterSerializersAndDeserializersCustomizer, java.lang.Object, io.quarkus.jackson.ObjectMapperCustomizer], qualifiers=[@Default, @Any], target=io.quarkus.jackson.customizer.RegisterSerializersAndDeserializersCustomizer]
2022-11-24 09:59:03,332 DEBUG [io.qua.arc.pro.UnusedBeans] (build-6) Unremovable - injected: CLASS bean [types=[io.smallrye.faulttolerance.internal.StrategyCache, java.lang.Object], qualifiers=[@Default, @Any], target=io.smallrye.faulttolerance.internal.StrategyCache]
2022-11-24 09:59:03,332 DEBUG [io.qua.arc.pro.UnusedBeans] (build-6) Unremovable - excluded by BeanClassNameExclusion [className=io.quarkus.smallrye.faulttolerance.runtime.QuarkusFaultToleranceOperationProvider]: CLASS bean [types=[io.quarkus.smallrye.faulttolerance.runtime.QuarkusFaultToleranceOperationProvider, java.lang.Object, io.smallrye.faulttolerance.FaultToleranceOperationProvider], qualifiers=[@Default, @Any], target=io.quarkus.smallrye.faulttolerance.runtime.QuarkusFaultToleranceOperationProvider]
2022-11-24 09:59:03,332 DEBUG [io.qua.arc.pro.UnusedBeans] (build-6) Unremovable - injected: CLASS bean [types=[de.hsos.swa.mocktail.ECB.entity.Barkeeper, de.hsos.swa.mocktail.ECB.gateway.MocktaiRepository, java.lang.Object], qualifiers=[@Default, @Any], target=de.hsos.swa.mocktail.ECB.gateway.MocktaiRepository]
2022-11-24 09:59:03,332 DEBUG [io.qua.arc.pro.UnusedBeans] (build-6) Unremovable - excluded by BeanTypeExclusion [dotName=io.quarkus.runtime.test.TestApplicationClassPredicate]: CLASS bean [types=[io.quarkus.runtime.test.TestApplicationClassPredicate, io.quarkus.arc.runtime.test.PreloadedTestApplicationClassPredicate, java.lang.Object, java.util.function.Predicate<java.lang.String>], qualifiers=[@Default, @Any], target=io.quarkus.arc.runtime.test.PreloadedTestApplicationClassPredicate]
2022-11-24 09:59:03,332 DEBUG [io.qua.arc.pro.UnusedBeans] (build-6) Unremovable - excluded by BeanClassNameExclusion [className=io.smallrye.faulttolerance.CdiFaultToleranceSpi$EagerDependencies]: CLASS bean [types=[io.smallrye.faulttolerance.CdiFaultToleranceSpi$EagerDependencies, io.smallrye.faulttolerance.core.apiimpl.BuilderEagerDependencies, java.lang.Object], qualifiers=[@Default, @Any], target=io.smallrye.faulttolerance.CdiFaultToleranceSpi$EagerDependencies]
2022-11-24 09:59:03,332 DEBUG [io.qua.arc.pro.UnusedBeans] (build-6) Unremovable - excluded by BeanClassNameExclusion [className=io.smallrye.metrics.MetricRegistries]: CLASS bean [types=[java.lang.Object, io.smallrye.metrics.MetricRegistries], qualifiers=[@Default, @Any], target=io.smallrye.metrics.MetricRegistries]
2022-11-24 09:59:03,332 DEBUG [io.qua.arc.pro.UnusedBeans] (build-6) Unremovable - injected: CLASS bean [types=[io.smallrye.faulttolerance.RequestContextIntegration, java.lang.Object], qualifiers=[@Default, @Any], target=io.smallrye.faulttolerance.RequestContextIntegration]
2022-11-24 09:59:03,332 DEBUG [io.qua.arc.pro.UnusedBeans] (build-6) Unremovable - injected: CLASS bean [types=[io.smallrye.faulttolerance.metrics.MicroProfileMetricsProvider, io.smallrye.faulttolerance.metrics.MetricsProvider, java.lang.Object], qualifiers=[@Default, @Any], target=io.smallrye.faulttolerance.metrics.MicroProfileMetricsProvider]
2022-11-24 09:59:03,333 DEBUG [io.qua.arc.pro.UnusedBeans] (build-6) Unremovable - excluded by BeanTypesExclusion [dotNames=[io.quarkus.arc.AsyncObserverExceptionHandler]]: CLASS bean [types=[io.quarkus.arc.impl.DefaultAsyncObserverExceptionHandler, io.quarkus.arc.AsyncObserverExceptionHandler, java.lang.Object], qualifiers=[@Default, @Any], target=io.quarkus.arc.impl.DefaultAsyncObserverExceptionHandler]
2022-11-24 09:59:03,333 DEBUG [io.qua.arc.pro.UnusedBeans] (build-6) Unremovable - excluded by BeanClassNameExclusion [className=io.quarkus.smallrye.openapi.runtime.OpenApiDocumentService]: CLASS bean [types=[io.quarkus.smallrye.openapi.runtime.OpenApiDocumentService, java.lang.Object, io.quarkus.smallrye.openapi.runtime.OpenApiDocumentHolder], qualifiers=[@Default, @Any], target=io.quarkus.smallrye.openapi.runtime.OpenApiDocumentService]
2022-11-24 09:59:03,333 DEBUG [io.qua.arc.pro.UnusedBeans] (build-6) Unremovable - excluded by BeanClassAnnotationExclusion [nameStartsWith=null, name=javax.ws.rs.Path]: CLASS bean [types=[de.hsos.swa.mocktail.ECB.boundry.IngredientResource, java.lang.Object], qualifiers=[@Default, @Any], target=de.hsos.swa.mocktail.ECB.boundry.IngredientResource]
2022-11-24 09:59:03,334 DEBUG [io.qua.arc.pro.UnusedBeans] (build-6) Unremovable - injected: CLASS bean [types=[de.hsos.swa.cocktail.ECB.entity.Barkeeper, java.lang.Object, de.hsos.swa.cocktail.ECB.gateway.CocktailRepository], qualifiers=[@Default, @Any], target=de.hsos.swa.cocktail.ECB.gateway.CocktailRepository]
2022-11-24 09:59:03,334 DEBUG [io.qua.arc.pro.UnusedBeans] (build-6) Unremovable - excluded by BeanClassNameExclusion [className=io.quarkus.vertx.http.runtime.CurrentRequestProducer]: CLASS bean [types=[io.quarkus.vertx.http.runtime.CurrentRequestProducer, java.lang.Object], qualifiers=[@Default, @Any], target=io.quarkus.vertx.http.runtime.CurrentRequestProducer]
2022-11-24 09:59:03,334 DEBUG [io.qua.arc.pro.UnusedBeans] (build-6) Unremovable - injected: CLASS bean [types=[de.hsos.swa.mocktail.ECB.control.ingredient.IngredientService, java.lang.Object], qualifiers=[@Default, @Any], target=de.hsos.swa.mocktail.ECB.control.ingredient.IngredientService]
2022-11-24 09:59:03,335 DEBUG [io.qua.arc.pro.UnusedBeans] (build-6) Unremovable - excluded by BeanClassNameExclusion [className=io.quarkus.vertx.runtime.VertxProducer]: CLASS bean [types=[io.quarkus.vertx.runtime.VertxProducer, java.lang.Object], qualifiers=[@Default, @Any], target=io.quarkus.vertx.runtime.VertxProducer]
2022-11-24 09:59:03,335 DEBUG [io.qua.arc.pro.UnusedBeans] (build-6) Unremovable - excluded by BeanClassNameExclusion [className=io.smallrye.faulttolerance.CdiFaultToleranceSpi$LazyDependencies]: CLASS bean [types=[io.smallrye.faulttolerance.CdiFaultToleranceSpi$LazyDependencies, java.lang.Object, io.smallrye.faulttolerance.core.apiimpl.BuilderLazyDependencies], qualifiers=[@Default, @Any], target=io.smallrye.faulttolerance.CdiFaultToleranceSpi$LazyDependencies]
2022-11-24 09:59:03,335 DEBUG [io.qua.arc.pro.UnusedBeans] (build-6) Unremovable - excluded by BeanClassNameExclusion [className=io.quarkus.smallrye.faulttolerance.runtime.QuarkusExistingCircuitBreakerNames]: CLASS bean [types=[io.quarkus.smallrye.faulttolerance.runtime.QuarkusExistingCircuitBreakerNames, io.smallrye.faulttolerance.ExistingCircuitBreakerNames, java.lang.Object], qualifiers=[@Default, @Any], target=io.quarkus.smallrye.faulttolerance.runtime.QuarkusExistingCircuitBreakerNames]
2022-11-24 09:59:03,335 DEBUG [io.qua.arc.pro.UnusedBeans] (build-6) Unremovable - excluded by BeanClassAnnotationExclusion [nameStartsWith=null, name=javax.ws.rs.Path]: CLASS bean [types=[de.hsos.swa.cocktail.ECB.boundry.CocktailResource, java.lang.Object], qualifiers=[@Default, @Any], target=de.hsos.swa.cocktail.ECB.boundry.CocktailResource]
2022-11-24 09:59:03,335 DEBUG [io.qua.arc.pro.UnusedBeans] (build-6) Unremovable - excluded by BeanClassAnnotationExclusion [nameStartsWith=null, name=javax.ws.rs.Path]: CLASS bean [types=[de.hsos.swa.mocktail.ECB.boundry.MocktailResource, java.lang.Object], qualifiers=[@Default, @Any], target=de.hsos.swa.mocktail.ECB.boundry.MocktailResource]
2022-11-24 09:59:03,335 DEBUG [io.qua.arc.pro.UnusedBeans] (build-6) Unremovable - excluded by io.quarkus.resteasy.common.deployment.ResteasyCommonProcessor$$Lambda$714/0x0000000801402118@2ada3060: CLASS bean [types=[io.quarkus.resteasy.common.runtime.jackson.QuarkusObjectMapperContextResolver, javax.ws.rs.ext.ContextResolver<com.fasterxml.jackson.databind.ObjectMapper>, java.lang.Object], qualifiers=[@Default, @Any], target=io.quarkus.resteasy.common.runtime.jackson.QuarkusObjectMapperContextResolver]
2022-11-24 09:59:03,335 DEBUG [io.qua.arc.pro.UnusedBeans] (build-6) Unremovable - injected: CLASS bean [types=[java.lang.Object, de.hsos.swa.cocktail.ECB.control.cocktail.CocktailService], qualifiers=[@Default, @Any], target=de.hsos.swa.cocktail.ECB.control.cocktail.CocktailService]
2022-11-24 09:59:03,336 DEBUG [io.qua.arc.pro.UnusedBeans] (build-6) Unremovable - injected: CLASS bean [types=[de.hsos.swa.mocktail.ECB.control.mocktail.MocktailService, java.lang.Object], qualifiers=[@Default, @Any], target=de.hsos.swa.mocktail.ECB.control.mocktail.MocktailService]
2022-11-24 09:59:03,336 DEBUG [io.qua.arc.pro.UnusedBeans] (build-6) Unremovable - injected: CLASS bean [types=[io.smallrye.faulttolerance.AsyncExecutorProvider, io.quarkus.smallrye.faulttolerance.runtime.QuarkusAsyncExecutorProvider, java.lang.Object], qualifiers=[@Default, @Any], target=io.quarkus.smallrye.faulttolerance.runtime.QuarkusAsyncExecutorProvider]
2022-11-24 09:59:03,336 DEBUG [io.qua.arc.pro.UnusedBeans] (build-6) Unremovable - injected: CLASS bean [types=[de.hsos.swa.mocktail.ECB.gateway.UserChecker, de.hsos.swa.mocktail.ECB.gateway.UserRepository, java.lang.Object, de.hsos.swa.mocktail.ECB.control.user.UserPost], qualifiers=[@Default, @Any], target=de.hsos.swa.mocktail.ECB.gateway.UserRepository]
2022-11-24 09:59:03,336 DEBUG [io.qua.arc.pro.UnusedBeans] (build-6) Unremovable - injected: PRODUCER METHOD bean [types=[java.io.Serializable, java.lang.Boolean, java.lang.Comparable<java.lang.Boolean>, java.lang.Object], qualifiers=[@ConfigProperty, @Any], target=java.lang.Boolean produceBooleanConfigProperty(javax.enterprise.inject.spi.InjectionPoint ip), declaringBean=io.smallrye.config.inject.ConfigProducer]
2022-11-24 09:59:03,336 DEBUG [io.qua.arc.pro.UnusedBeans] (build-6) Unremovable - excluded by BeanClassNameExclusion [className=io.quarkus.smallrye.context.runtime.SmallRyeContextPropagationProvider]: PRODUCER METHOD bean [types=[org.eclipse.microprofile.context.ThreadContext, java.lang.Object, io.smallrye.context.SmallRyeThreadContext], qualifiers=[@Default, @Any], target=io.smallrye.context.SmallRyeThreadContext getAllThreadContext(), declaringBean=io.quarkus.smallrye.context.runtime.SmallRyeContextPropagationProvider]
2022-11-24 09:59:03,336 DEBUG [io.qua.arc.pro.UnusedBeans] (build-6) Unremovable - injected: PRODUCER METHOD bean [types=[java.io.Serializable, org.eclipse.microprofile.config.Config, io.smallrye.config.SmallRyeConfig, java.lang.Object], qualifiers=[@Default, @Any], target=io.smallrye.config.SmallRyeConfig getConfig(), declaringBean=io.smallrye.config.inject.ConfigProducer]
2022-11-24 09:59:03,336 DEBUG [io.qua.arc.pro.UnusedBeans] (build-6) Unremovable - excluded by BeanClassNameExclusion [className=io.quarkus.vertx.runtime.VertxProducer]: PRODUCER METHOD bean [types=[io.vertx.core.eventbus.EventBus, java.lang.Object, io.vertx.core.metrics.Measured], qualifiers=[@Default, @Any], target=io.vertx.core.eventbus.EventBus eventbus(io.vertx.core.Vertx vertx), declaringBean=io.quarkus.vertx.runtime.VertxProducer]
2022-11-24 09:59:03,337 DEBUG [io.qua.arc.pro.UnusedBeans] (build-6) Unremovable - injected: PRODUCER METHOD bean [types=[java.lang.AutoCloseable, java.lang.Object, javax.json.bind.Jsonb], qualifiers=[@Default, @Any], target=javax.json.bind.Jsonb jsonb(javax.json.bind.JsonbConfig jsonbConfig), declaringBean=io.quarkus.jsonb.JsonbProducer]
2022-11-24 09:59:03,337 DEBUG [io.qua.arc.pro.UnusedBeans] (build-6) Unremovable - excluded by BeanClassNameExclusion [className=io.quarkus.vertx.runtime.VertxProducer]: PRODUCER METHOD bean [types=[io.vertx.mutiny.core.eventbus.EventBus, io.vertx.mutiny.core.metrics.Measured, java.lang.Object], qualifiers=[@Default, @Any], target=io.vertx.mutiny.core.eventbus.EventBus mutinyEventBus(io.vertx.mutiny.core.Vertx mutiny), declaringBean=io.quarkus.vertx.runtime.VertxProducer]
2022-11-24 09:59:03,337 DEBUG [io.qua.arc.pro.UnusedBeans] (build-6) Unremovable - excluded by BeanClassNameExclusion [className=io.smallrye.metrics.MetricRegistries]: PRODUCER METHOD bean [types=[org.eclipse.microprofile.metrics.MetricRegistry, java.lang.Object], qualifiers=[@RegistryType(type = BASE), @Any], target=org.eclipse.microprofile.metrics.MetricRegistry getBaseRegistry(), declaringBean=io.smallrye.metrics.MetricRegistries]
2022-11-24 09:59:03,337 DEBUG [io.qua.arc.pro.UnusedBeans] (build-6) Unremovable - injected: PRODUCER METHOD bean [types=[javax.json.bind.JsonbConfig, java.lang.Object], qualifiers=[@Default, @Any], target=javax.json.bind.JsonbConfig jsonbConfig(java.util.List<io.quarkus.jsonb.JsonbConfigCustomizer> customizers), declaringBean=io.quarkus.jsonb.JsonbProducer]
2022-11-24 09:59:03,337 DEBUG [io.qua.arc.pro.UnusedBeans] (build-6) Unremovable - excluded by BeanClassNameExclusion [className=io.quarkus.vertx.runtime.VertxProducer]: PRODUCER METHOD bean [types=[io.vertx.mutiny.core.Vertx, io.vertx.mutiny.core.metrics.Measured, java.lang.Object], qualifiers=[@Default, @Any], target=io.vertx.mutiny.core.Vertx mutiny(io.vertx.core.Vertx vertx), declaringBean=io.quarkus.vertx.runtime.VertxProducer]
2022-11-24 09:59:03,337 DEBUG [io.qua.arc.pro.UnusedBeans] (build-6) Unremovable - excluded by BeanClassNameExclusion [className=io.smallrye.metrics.MetricRegistries]: PRODUCER METHOD bean [types=[org.eclipse.microprofile.metrics.MetricRegistry, java.lang.Object], qualifiers=[@RegistryType(type = VENDOR), @Any], target=org.eclipse.microprofile.metrics.MetricRegistry getVendorRegistry(), declaringBean=io.smallrye.metrics.MetricRegistries]
2022-11-24 09:59:03,337 DEBUG [io.qua.arc.pro.UnusedBeans] (build-6) Unremovable - excluded by BeanTypesExclusion [dotNames=[com.fasterxml.jackson.databind.ObjectMapper]]: PRODUCER METHOD bean [types=[java.io.Serializable, com.fasterxml.jackson.core.ObjectCodec, java.lang.Object, com.fasterxml.jackson.databind.ObjectMapper, com.fasterxml.jackson.core.Versioned, com.fasterxml.jackson.core.TreeCodec], qualifiers=[@Default, @Any], target=com.fasterxml.jackson.databind.ObjectMapper objectMapper(java.util.List<io.quarkus.jackson.ObjectMapperCustomizer> customizers, io.quarkus.jackson.runtime.JacksonBuildTimeConfig jacksonBuildTimeConfig), declaringBean=io.quarkus.jackson.runtime.ObjectMapperProducer]
2022-11-24 09:59:03,337 DEBUG [io.qua.arc.pro.UnusedBeans] (build-6) Unremovable - excluded by BeanClassNameExclusion [className=io.smallrye.metrics.MetricRegistries]: PRODUCER METHOD bean [types=[org.eclipse.microprofile.metrics.MetricRegistry, java.lang.Object], qualifiers=[@RegistryType(type = APPLICATION), @Default, @Any], target=org.eclipse.microprofile.metrics.MetricRegistry getApplicationRegistry(), declaringBean=io.smallrye.metrics.MetricRegistries]
2022-11-24 09:59:03,337 DEBUG [io.qua.arc.pro.UnusedBeans] (build-6) Unremovable - named: PRODUCER METHOD bean [types=[io.vertx.core.streams.StreamBase, io.vertx.core.streams.ReadStream<io.vertx.core.buffer.Buffer>, java.lang.Object, io.vertx.core.http.HttpServerRequest], qualifiers=[@Named(value = "vertxRequest"), @Default, @Any], target=io.vertx.core.http.HttpServerRequest getCurrentRequest(io.vertx.ext.web.RoutingContext rc), declaringBean=io.quarkus.vertx.http.runtime.CurrentRequestProducer]
2022-11-24 09:59:03,337 DEBUG [io.qua.arc.pro.UnusedBeans] (build-6) Unremovable - excluded by BeanClassNameExclusion [className=io.quarkus.vertx.http.runtime.CurrentVertxRequest]: PRODUCER METHOD bean [types=[java.lang.Object, io.vertx.ext.web.RoutingContext], qualifiers=[@Default, @Any], target=io.vertx.ext.web.RoutingContext getCurrent(), declaringBean=io.quarkus.vertx.http.runtime.CurrentVertxRequest]
2022-11-24 09:59:03,337 DEBUG [io.qua.arc.pro.UnusedBeans] (build-6) Unremovable - injected: SYNTHETIC bean [types=[io.quarkus.jackson.runtime.JacksonBuildTimeConfig], qualifiers=[@Default, @Any], target=n/a]
2022-11-24 09:59:03,337 DEBUG [io.qua.arc.pro.UnusedBeans] (build-6) Unremovable - excluded by BeanTypesExclusion [dotNames=[io.quarkus.restclient.config.RestClientsConfig]]: SYNTHETIC bean [types=[io.quarkus.restclient.config.RestClientsConfig], qualifiers=[@Default, @Any], target=n/a]
2022-11-24 09:59:03,337 DEBUG [io.qua.arc.pro.UnusedBeans] (build-6) Unremovable - unremovable synthetic: SYNTHETIC bean [types=[java.lang.String[], java.lang.Object], qualifiers=[@io.quarkus.runtime.annotations.CommandLineArguments, @Any], target=n/a]
2022-11-24 09:59:03,338 DEBUG [io.qua.arc.pro.UnusedBeans] (build-6) Unremovable - unremovable synthetic: SYNTHETIC bean [types=[org.eclipse.microprofile.context.ManagedExecutor, io.smallrye.context.SmallRyeManagedExecutor], qualifiers=[@Default, @Any], target=n/a]
2022-11-24 09:59:03,338 DEBUG [io.qua.arc.pro.UnusedBeans] (build-6) Unremovable - unremovable synthetic: SYNTHETIC bean [types=[io.vertx.core.Vertx], qualifiers=[@Default, @Any], target=n/a]
2022-11-24 09:59:03,338 DEBUG [io.qua.arc.pro.UnusedBeans] (build-6) Unremovable - unremovable synthetic: SYNTHETIC bean [types=[io.netty.channel.EventLoopGroup], qualifiers=[@io.quarkus.netty.BossEventLoopGroup, @Any], target=n/a]
2022-11-24 09:59:03,338 DEBUG [io.qua.arc.pro.UnusedBeans] (build-6) Unremovable - unremovable synthetic: SYNTHETIC bean [types=[io.netty.channel.EventLoopGroup], qualifiers=[@io.quarkus.netty.MainEventLoopGroup, @Any], target=n/a]
2022-11-24 09:59:03,338 DEBUG [io.qua.arc.pro.UnusedBeans] (build-6) Unremovable - injected: SYNTHETIC bean [types=[org.eclipse.microprofile.openapi.OASFilter], qualifiers=[@Default, @Any], target=n/a]
2022-11-24 09:59:03,338 DEBUG [io.qua.arc.pro.UnusedBeans] (build-6) Unremovable - injected: SYNTHETIC bean [types=[java.util.List<io.quarkus.jsonb.JsonbConfigCustomizer>], qualifiers=[@Identified(value = "2ca442714884f1ad3580a9368daf9ac0bfdda9ac"), @All, @Any], target=n/a]
2022-11-24 09:59:03,338 DEBUG [io.qua.arc.pro.UnusedBeans] (build-6) Unremovable - injected: SYNTHETIC bean [types=[java.util.List<io.quarkus.jackson.ObjectMapperCustomizer>], qualifiers=[@Identified(value = "91505622b85b80eeb7cf1133e1d4831454853cce"), @All, @Any], target=n/a]
2022-11-24 09:59:03,339 DEBUG [io.qua.arc.pro.BeanDeployment] (build-6) Removed 57 beans, 7 interceptors and 0 decorators in 73 ms
2022-11-24 09:59:03,339 DEBUG [io.qua.arc.pro.BeanDeployment] (build-6) Bean deployment initialized in 85 ms
2022-11-24 09:59:03,350 DEBUG [io.qua.arc.pro.BeanArchives] (build-43) Index: org.eclipse.microprofile.openapi.annotations.OpenAPIDefinition
2022-11-24 09:59:03,351 DEBUG [io.qua.arc.pro.BeanArchives] (build-43) Index: javax.ws.rs.Produces
2022-11-24 09:59:03,351 DEBUG [io.qua.arc.pro.BeanArchives] (build-43) Index: javax.ws.rs.Path
2022-11-24 09:59:03,351 DEBUG [io.qua.arc.pro.BeanArchives] (build-43) Index: javax.ws.rs.Consumes
2022-11-24 09:59:03,351 DEBUG [io.qua.arc.pro.BeanArchives] (build-43) Index: javax.enterprise.inject.Typed
2022-11-24 09:59:03,417 DEBUG [io.qua.arc.pro.BeanProcessor] (build-5) Generating resources in parallel
2022-11-24 09:59:03,559 DEBUG [io.sma.ope.run.sca.dataobject] (build-7) SROAP06008: Processing parameterized type java.util.List<de.hsos.swa.mocktail.ECB.entity.Ingredient>
2022-11-24 09:59:03,559 DEBUG [io.sma.ope.run.sca.dataobject] (build-7) SROAP06009: Processing Java Collection. Will treat as an Array.
2022-11-24 09:59:03,560 DEBUG [io.sma.ope.run.sca.dataobject] (build-7) SROAP06003: Adding child node to path: de.hsos.swa.mocktail.ECB.entity.Ingredient
2022-11-24 09:59:03,562 DEBUG [io.sma.ope.run.scanner] (build-7) SROAP04002: Getting all fields for: de.hsos.swa.mocktail.ECB.entity.Ingredient in class: de.hsos.swa.mocktail.ECB.entity.Ingredient
2022-11-24 09:59:03,590 DEBUG [io.qua.arc.pro.BeanArchives] (build-68) Index: org.eclipse.microprofile.context.ManagedExecutor
2022-11-24 09:59:03,591 DEBUG [io.qua.arc.pro.BeanArchives] (build-68) Index: java.util.concurrent.ExecutorService
2022-11-24 09:59:03,592 DEBUG [io.qua.arc.pro.BeanArchives] (build-68) Index: java.util.concurrent.Executor
2022-11-24 09:59:03,607 DEBUG [io.sma.ope.jaxrs] (build-7) SROAP10001: Processing JaxRs method: javax.ws.rs.core.Response getMocktails()
2022-11-24 09:59:03,607 DEBUG [io.sma.ope.run.io] (build-7) SROAP02004: Processing a single @Operation annotation.
2022-11-24 09:59:03,610 DEBUG [io.sma.ope.run.io] (build-7) SROAP02004: Processing a single @APIResponse annotation.
2022-11-24 09:59:03,610 DEBUG [io.sma.ope.run.io] (build-7) SROAP02004: Processing a single @Content annotation.
2022-11-24 09:59:03,610 DEBUG [io.sma.ope.run.io] (build-7) SROAP02006: Processing a single @Content annotation as a MediaType.
2022-11-24 09:59:03,611 DEBUG [io.sma.ope.jaxrs] (build-7) SROAP10001: Processing JaxRs method: javax.ws.rs.core.Response getMocktailByName(java.lang.String name)
2022-11-24 09:59:03,611 DEBUG [io.sma.ope.run.io] (build-7) SROAP02004: Processing a single @Operation annotation.
2022-11-24 09:59:03,612 DEBUG [io.sma.ope.jaxrs] (build-7) SROAP10001: Processing JaxRs method: javax.ws.rs.core.Response getMocktailById(int id)
2022-11-24 09:59:03,612 DEBUG [io.sma.ope.run.io] (build-7) SROAP02004: Processing a single @Operation annotation.
2022-11-24 09:59:03,613 DEBUG [io.sma.ope.run.io] (build-7) SROAP02004: Processing a single @APIResponse annotation.
2022-11-24 09:59:03,613 DEBUG [io.sma.ope.run.io] (build-7) SROAP02004: Processing a single @Content annotation.
2022-11-24 09:59:03,613 DEBUG [io.sma.ope.run.io] (build-7) SROAP02006: Processing a single @Content annotation as a MediaType.
2022-11-24 09:59:03,614 DEBUG [io.sma.ope.jaxrs] (build-7) SROAP10001: Processing JaxRs method: javax.ws.rs.core.Response deleteMocktail(int id)
2022-11-24 09:59:03,614 DEBUG [io.sma.ope.run.io] (build-7) SROAP02004: Processing a single @Operation annotation.
2022-11-24 09:59:03,615 DEBUG [io.sma.ope.run.io] (build-7) SROAP02004: Processing a single @APIResponse annotation.
2022-11-24 09:59:03,615 DEBUG [io.sma.ope.run.io] (build-7) SROAP02004: Processing a single @Content annotation.
2022-11-24 09:59:03,615 DEBUG [io.sma.ope.run.io] (build-7) SROAP02006: Processing a single @Content annotation as a MediaType.
2022-11-24 09:59:03,634 DEBUG [io.sma.ope.jaxrs] (build-7) SROAP10001: Processing JaxRs method: javax.ws.rs.core.Response addMocktail(java.lang.String mocktail)
2022-11-24 09:59:03,635 DEBUG [io.sma.ope.run.io] (build-7) SROAP02004: Processing a single @Operation annotation.
2022-11-24 09:59:03,636 DEBUG [io.sma.ope.run.io] (build-7) SROAP02004: Processing a single @APIResponse annotation.
2022-11-24 09:59:03,636 DEBUG [io.sma.ope.run.io] (build-7) SROAP02004: Processing a single @Content annotation.
2022-11-24 09:59:03,636 DEBUG [io.sma.ope.run.io] (build-7) SROAP02006: Processing a single @Content annotation as a MediaType.
2022-11-24 09:59:03,636 DEBUG [io.sma.ope.jaxrs] (build-7) SROAP10000: Processing a JAX-RS resource class: UserResource
2022-11-24 09:59:03,637 DEBUG [io.sma.ope.jaxrs] (build-7) SROAP10001: Processing JaxRs method: javax.ws.rs.core.Response changeUser(java.lang.String username)
2022-11-24 09:59:03,637 DEBUG [io.sma.ope.run.io] (build-7) SROAP02004: Processing a single @Operation annotation.
2022-11-24 09:59:03,637 DEBUG [io.sma.ope.run.io] (build-7) SROAP02004: Processing a single @APIResponse annotation.
2022-11-24 09:59:03,638 DEBUG [io.sma.ope.run.io] (build-7) SROAP02004: Processing a single @Content annotation.
2022-11-24 09:59:03,638 DEBUG [io.sma.ope.run.io] (build-7) SROAP02006: Processing a single @Content annotation as a MediaType.
2022-11-24 09:59:03,638 DEBUG [io.sma.ope.run.scanner] (build-7) SROAP04001: Starting processing with root: de.hsos.swa.mocktail.ECB.entity.User
2022-11-24 09:59:03,638 DEBUG [io.sma.ope.run.scanner] (build-7) SROAP04002: Getting all fields for: de.hsos.swa.mocktail.ECB.entity.User in class: de.hsos.swa.mocktail.ECB.entity.User
2022-11-24 09:59:03,639 DEBUG [io.sma.ope.jaxrs] (build-7) SROAP10000: Processing a JAX-RS resource class: CocktailResource
2022-11-24 09:59:03,640 DEBUG [io.sma.ope.jaxrs] (build-7) SROAP10001: Processing JaxRs method: javax.ws.rs.core.Response getIngredientByName(java.lang.String name)
2022-11-24 09:59:03,640 DEBUG [io.sma.ope.run.io] (build-7) SROAP02004: Processing a single @Operation annotation.
2022-11-24 09:59:03,641 DEBUG [io.sma.ope.run.io] (build-7) SROAP02004: Processing a single @APIResponse annotation.
2022-11-24 09:59:03,641 DEBUG [io.sma.ope.run.io] (build-7) SROAP02004: Processing a single @Content annotation.
2022-11-24 09:59:03,641 DEBUG [io.sma.ope.run.io] (build-7) SROAP02006: Processing a single @Content annotation as a MediaType.
2022-11-24 09:59:03,641 DEBUG [io.sma.ope.run.scanner] (build-7) SROAP04001: Starting processing with root: de.hsos.swa.cocktail.ECB.control.dto.IngredientDTO
2022-11-24 09:59:03,641 DEBUG [io.sma.ope.run.scanner] (build-7) SROAP04002: Getting all fields for: de.hsos.swa.cocktail.ECB.control.dto.IngredientDTO in class: de.hsos.swa.cocktail.ECB.control.dto.IngredientDTO
2022-11-24 09:59:03,643 DEBUG [io.sma.ope.jaxrs] (build-7) SROAP10001: Processing JaxRs method: javax.ws.rs.core.Response getCocktailByName(java.lang.String name)
2022-11-24 09:59:03,643 DEBUG [io.sma.ope.run.io] (build-7) SROAP02004: Processing a single @Operation annotation.
2022-11-24 09:59:03,688 DEBUG [io.sma.ope.run.io] (build-7) SROAP02004: Processing a single @APIResponse annotation.
2022-11-24 09:59:03,688 DEBUG [io.sma.ope.run.io] (build-7) SROAP02004: Processing a single @Content annotation.
2022-11-24 09:59:03,688 DEBUG [io.sma.ope.run.io] (build-7) SROAP02006: Processing a single @Content annotation as a MediaType.
2022-11-24 09:59:03,689 DEBUG [io.sma.ope.run.scanner] (build-7) SROAP04001: Starting processing with root: de.hsos.swa.cocktail.ECB.control.dto.CocktailDTO
2022-11-24 09:59:03,689 DEBUG [io.sma.ope.run.scanner] (build-7) SROAP04002: Getting all fields for: de.hsos.swa.cocktail.ECB.control.dto.CocktailDTO in class: de.hsos.swa.cocktail.ECB.control.dto.CocktailDTO
2022-11-24 09:59:03,715 DEBUG [io.sma.ope.run.sca.dataobject] (build-7) SROAP06008: Processing parameterized type java.util.List<java.lang.String>
2022-11-24 09:59:03,715 DEBUG [io.sma.ope.run.sca.dataobject] (build-7) SROAP06009: Processing Java Collection. Will treat as an Array.
2022-11-24 09:59:03,766 DEBUG [io.qua.arc.pro.AnnotationLiteralGenerator] (build-71) Annotation literal class generated: org.eclipse.microprofile.faulttolerance.Timeout_Shared_AnnotationLiteral
2022-11-24 09:59:03,766 DEBUG [io.qua.arc.pro.AnnotationLiteralGenerator] (build-38) Annotation literal class generated: org.eclipse.microprofile.faulttolerance.Fallback_Shared_AnnotationLiteral
2022-11-24 09:59:03,766 DEBUG [io.qua.arc.pro.AnnotationLiteralGenerator] (build-56) Annotation literal class generated: io.quarkus.netty.MainEventLoopGroup_Shared_AnnotationLiteral
2022-11-24 09:59:03,766 DEBUG [io.qua.arc.pro.AnnotationLiteralGenerator] (build-72) Annotation literal class generated: org.eclipse.microprofile.config.inject.ConfigProperty_Shared_AnnotationLiteral
2022-11-24 09:59:03,767 DEBUG [io.qua.arc.pro.AnnotationLiteralGenerator] (build-38) Annotation literal class generated: io.quarkus.arc.log.LoggerName_Shared_AnnotationLiteral
2022-11-24 09:59:03,767 DEBUG [io.qua.arc.pro.AnnotationLiteralGenerator] (build-56) Annotation literal class generated: javax.enterprise.context.BeforeDestroyed_Shared_AnnotationLiteral
2022-11-24 09:59:03,767 DEBUG [io.qua.arc.pro.AnnotationLiteralGenerator] (build-38) Annotation literal class generated: io.quarkus.arc.All_Shared_AnnotationLiteral
2022-11-24 09:59:03,767 DEBUG [io.qua.arc.pro.AnnotationLiteralGenerator] (build-56) Annotation literal class generated: io.quarkus.runtime.annotations.CommandLineArguments_Shared_AnnotationLiteral
2022-11-24 09:59:03,767 DEBUG [io.qua.arc.pro.AnnotationLiteralGenerator] (build-71) Annotation literal class generated: org.eclipse.microprofile.metrics.annotation.Counted_Shared_AnnotationLiteral
2022-11-24 09:59:03,767 DEBUG [io.qua.arc.pro.AnnotationLiteralGenerator] (build-72) Annotation literal class generated: org.eclipse.microprofile.metrics.annotation.Timed_Shared_AnnotationLiteral
2022-11-24 09:59:03,767 DEBUG [io.qua.arc.pro.AnnotationLiteralGenerator] (build-71) Annotation literal class generated: org.eclipse.microprofile.metrics.annotation.RegistryType_Shared_AnnotationLiteral
2022-11-24 09:59:03,767 DEBUG [io.qua.arc.pro.AnnotationLiteralGenerator] (build-38) Annotation literal class generated: javax.inject.Named_Shared_AnnotationLiteral
2022-11-24 09:59:03,767 DEBUG [io.qua.arc.pro.AnnotationLiteralGenerator] (build-56) Annotation literal class generated: io.smallrye.faulttolerance.FaultToleranceBinding_Shared_AnnotationLiteral
2022-11-24 09:59:03,768 DEBUG [io.qua.arc.pro.AnnotationLiteralGenerator] (build-72) Annotation literal class generated: javax.enterprise.inject.Any_Shared_AnnotationLiteral
2022-11-24 09:59:03,768 DEBUG [io.qua.arc.pro.AnnotationLiteralGenerator] (build-38) Annotation literal class generated: io.quarkus.arc.impl.Identified_Shared_AnnotationLiteral
2022-11-24 09:59:03,768 DEBUG [io.qua.arc.pro.AnnotationLiteralGenerator] (build-56) Annotation literal class generated: io.quarkus.netty.BossEventLoopGroup_Shared_AnnotationLiteral
2022-11-24 09:59:03,768 DEBUG [io.qua.arc.pro.AnnotationLiteralGenerator] (build-6) Annotation literal class generated: org.eclipse.microprofile.faulttolerance.Retry_Shared_AnnotationLiteral
2022-11-24 09:59:03,768 DEBUG [io.qua.arc.dep.ArcProcessor] (build-5) Add APP class: io.quarkus.arc.setup.Default_ComponentsProvider
2022-11-24 09:59:03,768 DEBUG [io.qua.arc.dep.ArcProcessor] (build-5) Add FWK class: io.smallrye.metrics.interceptors.TimedInterceptor_Bean
2022-11-24 09:59:03,769 DEBUG [io.qua.arc.dep.ArcProcessor] (build-5) Add FWK class: io.smallrye.faulttolerance.FaultToleranceInterceptor_Bean
2022-11-24 09:59:03,769 DEBUG [io.qua.arc.dep.ArcProcessor] (build-5) Add FWK class: io.smallrye.metrics.interceptors.CountedInterceptor_Bean
2022-11-24 09:59:03,769 DEBUG [io.qua.arc.dep.ArcProcessor] (build-5) Add FWK class: io.smallrye.faulttolerance.SpecCompatibility_Bean
2022-11-24 09:59:03,769 DEBUG [io.qua.arc.dep.ArcProcessor] (build-5) Add APP class: de.hsos.swa.mocktail.ECB.boundry.UserResource_Bean
2022-11-24 09:59:03,769 DEBUG [io.qua.arc.dep.ArcProcessor] (build-5) Add FWK class: io.smallrye.faulttolerance.ExecutorHolder_Bean
2022-11-24 09:59:03,769 DEBUG [io.qua.arc.dep.ArcProcessor] (build-5) Add FWK class: io.quarkus.smallrye.context.runtime.SmallRyeContextPropagationProvider_Bean
2022-11-24 09:59:03,769 DEBUG [io.qua.arc.dep.ArcProcessor] (build-5) Add APP class: io.quarkus.jsonb.customizer.RegisterSerializersAndDeserializersCustomizer_Bean
2022-11-24 09:59:03,769 DEBUG [io.qua.arc.dep.ArcProcessor] (build-5) Add FWK class: io.smallrye.config.inject.ConfigProducer_Bean
2022-11-24 09:59:03,769 DEBUG [io.qua.arc.dep.ArcProcessor] (build-5) Add APP class: org.acme.GreetingResource_Bean
2022-11-24 09:59:03,769 DEBUG [io.qua.arc.dep.ArcProcessor] (build-5) Add FWK class: io.quarkus.smallrye.faulttolerance.runtime.QuarkusFallbackHandlerProvider_Bean
2022-11-24 09:59:03,769 DEBUG [io.qua.arc.dep.ArcProcessor] (build-5) Add APP class: org.acme.GreetingResourceTest_Bean
2022-11-24 09:59:03,769 DEBUG [io.qua.arc.dep.ArcProcessor] (build-5) Add APP class: de.hsos.swa.mocktail.ECB.boundry.IngredientResourceTest_Bean
2022-11-24 09:59:03,769 DEBUG [io.qua.arc.dep.ArcProcessor] (build-5) Add FWK class: io.smallrye.faulttolerance.CircuitBreakerMaintenanceImpl_Bean
2022-11-24 09:59:03,769 DEBUG [io.qua.arc.dep.ArcProcessor] (build-5) Add FWK class: io.quarkus.vertx.http.runtime.CurrentVertxRequest_Bean
2022-11-24 09:59:03,769 DEBUG [io.qua.arc.dep.ArcProcessor] (build-5) Add FWK class: io.smallrye.metrics.MetricsRequestHandler_Bean
2022-11-24 09:59:03,769 DEBUG [io.qua.arc.dep.ArcProcessor] (build-5) Add FWK class: io.quarkus.resteasy.common.runtime.jsonb.QuarkusJsonbContextResolver_Bean
2022-11-24 09:59:03,769 DEBUG [io.qua.arc.dep.ArcProcessor] (build-5) Add APP class: de.hsos.swa.mocktail.ECB.boundry.MocktailResourceTest_Bean
2022-11-24 09:59:03,769 DEBUG [io.qua.arc.dep.ArcProcessor] (build-5) Add APP class: io.quarkus.jackson.customizer.RegisterSerializersAndDeserializersCustomizer_Bean
2022-11-24 09:59:03,769 DEBUG [io.qua.arc.dep.ArcProcessor] (build-5) Add FWK class: io.quarkus.jackson.runtime.ObjectMapperProducer_Bean
2022-11-24 09:59:03,769 DEBUG [io.qua.arc.dep.ArcProcessor] (build-5) Add FWK class: io.quarkus.jsonb.JsonbProducer_Bean
2022-11-24 09:59:03,769 DEBUG [io.qua.arc.dep.ArcProcessor] (build-5) Add FWK class: io.smallrye.faulttolerance.internal.StrategyCache_Bean
2022-11-24 09:59:03,769 DEBUG [io.qua.arc.dep.ArcProcessor] (build-5) Add FWK class: io.quarkus.smallrye.faulttolerance.runtime.QuarkusFaultToleranceOperationProvider_Bean
2022-11-24 09:59:03,769 DEBUG [io.qua.arc.dep.ArcProcessor] (build-5) Add APP class: de.hsos.swa.mocktail.ECB.gateway.MocktaiRepository_Bean
2022-11-24 09:59:03,770 DEBUG [io.qua.arc.dep.ArcProcessor] (build-5) Add FWK class: io.quarkus.arc.runtime.test.PreloadedTestApplicationClassPredicate_Bean
2022-11-24 09:59:03,770 DEBUG [io.qua.arc.dep.ArcProcessor] (build-5) Add FWK class: io.smallrye.faulttolerance.CdiFaultToleranceSpi_EagerDependencies_Bean
2022-11-24 09:59:03,770 DEBUG [io.qua.arc.dep.ArcProcessor] (build-5) Add FWK class: io.smallrye.metrics.MetricRegistries_Bean
2022-11-24 09:59:03,770 DEBUG [io.qua.arc.dep.ArcProcessor] (build-5) Add FWK class: io.smallrye.faulttolerance.RequestContextIntegration_Bean
2022-11-24 09:59:03,770 DEBUG [io.qua.arc.dep.ArcProcessor] (build-5) Add FWK class: io.smallrye.faulttolerance.metrics.MicroProfileMetricsProvider_Bean
2022-11-24 09:59:03,770 DEBUG [io.qua.arc.dep.ArcProcessor] (build-5) Add FWK class: io.quarkus.arc.impl.DefaultAsyncObserverExceptionHandler_Bean
2022-11-24 09:59:03,770 DEBUG [io.qua.arc.dep.ArcProcessor] (build-5) Add FWK class: io.quarkus.smallrye.openapi.runtime.OpenApiDocumentService_Bean
2022-11-24 09:59:03,770 DEBUG [io.qua.arc.dep.ArcProcessor] (build-5) Add APP class: de.hsos.swa.mocktail.ECB.boundry.IngredientResource_Bean
2022-11-24 09:59:03,770 DEBUG [io.qua.arc.dep.ArcProcessor] (build-5) Add APP class: de.hsos.swa.cocktail.ECB.gateway.CocktailRepository_Bean
2022-11-24 09:59:03,770 DEBUG [io.qua.arc.dep.ArcProcessor] (build-5) Add FWK class: io.quarkus.vertx.http.runtime.CurrentRequestProducer_Bean
2022-11-24 09:59:03,770 DEBUG [io.qua.arc.dep.ArcProcessor] (build-5) Add APP class: de.hsos.swa.mocktail.ECB.control.ingredient.IngredientService_Bean
2022-11-24 09:59:03,770 DEBUG [io.qua.arc.dep.ArcProcessor] (build-5) Add FWK class: io.quarkus.vertx.runtime.VertxProducer_Bean
2022-11-24 09:59:03,770 DEBUG [io.qua.arc.dep.ArcProcessor] (build-5) Add FWK class: io.smallrye.faulttolerance.CdiFaultToleranceSpi_LazyDependencies_Bean
2022-11-24 09:59:03,770 DEBUG [io.qua.arc.dep.ArcProcessor] (build-5) Add FWK class: io.quarkus.smallrye.faulttolerance.runtime.QuarkusExistingCircuitBreakerNames_Bean
2022-11-24 09:59:03,770 DEBUG [io.qua.arc.dep.ArcProcessor] (build-5) Add APP class: de.hsos.swa.cocktail.ECB.boundry.CocktailResource_Bean
2022-11-24 09:59:03,770 DEBUG [io.qua.arc.dep.ArcProcessor] (build-5) Add APP class: de.hsos.swa.mocktail.ECB.boundry.MocktailResource_Bean
2022-11-24 09:59:03,770 DEBUG [io.qua.arc.dep.ArcProcessor] (build-5) Add FWK class: io.quarkus.resteasy.common.runtime.jackson.QuarkusObjectMapperContextResolver_Bean
2022-11-24 09:59:03,770 DEBUG [io.qua.arc.dep.ArcProcessor] (build-5) Add APP class: de.hsos.swa.cocktail.ECB.control.cocktail.CocktailService_Bean
2022-11-24 09:59:03,770 DEBUG [io.qua.arc.dep.ArcProcessor] (build-5) Add APP class: de.hsos.swa.mocktail.ECB.control.mocktail.MocktailService_Bean
2022-11-24 09:59:03,770 DEBUG [io.qua.arc.dep.ArcProcessor] (build-5) Add FWK class: io.quarkus.smallrye.faulttolerance.runtime.QuarkusAsyncExecutorProvider_Bean
2022-11-24 09:59:03,770 DEBUG [io.qua.arc.dep.ArcProcessor] (build-5) Add APP class: de.hsos.swa.mocktail.ECB.gateway.UserRepository_Bean
2022-11-24 09:59:03,770 DEBUG [io.qua.arc.dep.ArcProcessor] (build-5) Add FWK class: io.smallrye.config.inject.ConfigProducer_ProducerMethod_produceBooleanConfigProperty_4052c0cbfaba0eb3bbfc4a1d91d5a3d235c1dbf5_Bean
2022-11-24 09:59:03,770 DEBUG [io.qua.arc.dep.ArcProcessor] (build-5) Add FWK class: io.quarkus.smallrye.context.runtime.SmallRyeContextPropagationProvider_ProducerMethod_getAllThreadContext_0976a7142503aa8fe2c89bb7ef3f2613a1f1e921_Bean
2022-11-24 09:59:03,770 DEBUG [io.qua.arc.dep.ArcProcessor] (build-5) Add FWK class: io.smallrye.config.inject.ConfigProducer_ProducerMethod_getConfig_9fecef4e8cd1a5ff8fb8fc25913306273898f369_Bean
2022-11-24 09:59:03,770 DEBUG [io.qua.arc.dep.ArcProcessor] (build-5) Add FWK class: io.quarkus.vertx.runtime.VertxProducer_ProducerMethod_eventbus_92174a3813c41f170602a2a19998deea8f7eeb18_Bean
2022-11-24 09:59:03,770 DEBUG [io.qua.arc.dep.ArcProcessor] (build-5) Add FWK class: io.quarkus.jsonb.JsonbProducer_ProducerMethod_jsonb_6145214bda7188823ccf0399aafd9d4c8249722d_Bean
2022-11-24 09:59:03,771 DEBUG [io.qua.arc.dep.ArcProcessor] (build-5) Add FWK class: io.quarkus.vertx.runtime.VertxProducer_ProducerMethod_mutinyEventBus_65fcf7e1f3e3ede9a22f691ca70366b9564c7aad_Bean
2022-11-24 09:59:03,771 DEBUG [io.qua.arc.dep.ArcProcessor] (build-5) Add FWK class: io.smallrye.metrics.MetricRegistries_ProducerMethod_getBaseRegistry_e56b5ceca5dffed0536072f193288aa3c689b2b6_Bean
2022-11-24 09:59:03,771 DEBUG [io.qua.arc.dep.ArcProcessor] (build-5) Add FWK class: io.quarkus.jsonb.JsonbProducer_ProducerMethod_jsonbConfig_4308abca3c9cef9a6f8447e417b3cd8d4a28b789_Bean
2022-11-24 09:59:03,771 DEBUG [io.qua.arc.dep.ArcProcessor] (build-5) Add FWK class: io.quarkus.vertx.runtime.VertxProducer_ProducerMethod_mutiny_d5befbd244a8a884fd08fff108d174c7e738c2d3_Bean
2022-11-24 09:59:03,771 DEBUG [io.qua.arc.dep.ArcProcessor] (build-5) Add FWK class: io.smallrye.metrics.MetricRegistries_ProducerMethod_getVendorRegistry_b2edb4df92c112a6bc85c7ecf6297d6bcbed6982_Bean
2022-11-24 09:59:03,771 DEBUG [io.qua.arc.dep.ArcProcessor] (build-5) Add FWK class: io.quarkus.jackson.runtime.ObjectMapperProducer_ProducerMethod_objectMapper_750d16598314d4c3172463b8a3fe6dd2782ec6e1_Bean
2022-11-24 09:59:03,771 DEBUG [io.qua.arc.dep.ArcProcessor] (build-5) Add FWK class: io.smallrye.metrics.MetricRegistries_ProducerMethod_getApplicationRegistry_3084f885749d4d534e6c1a0434dc45444ee9cbec_Bean
2022-11-24 09:59:03,771 DEBUG [io.qua.arc.dep.ArcProcessor] (build-5) Add FWK class: io.quarkus.vertx.http.runtime.CurrentRequestProducer_ProducerMethod_getCurrentRequest_05f950ea7ab91d121ba0bac525b89d62f3261b2d_Bean
2022-11-24 09:59:03,771 DEBUG [io.qua.arc.dep.ArcProcessor] (build-5) Add FWK class: io.quarkus.vertx.http.runtime.CurrentVertxRequest_ProducerMethod_getCurrent_6dc23d16d53ba5c34e1e7b6f54290fd7b9aebd76_Bean
2022-11-24 09:59:03,771 DEBUG [io.qua.arc.dep.ArcProcessor] (build-5) Add FWK class: io.quarkus.jackson.runtime.JacksonBuildTimeConfig_bba7b541ccee0483c33eeff92f05a304e275305c_Synthetic_Bean
2022-11-24 09:59:03,771 DEBUG [io.qua.arc.dep.ArcProcessor] (build-5) Add FWK class: io.quarkus.restclient.config.RestClientsConfig_2f413f0735ea578fa0d79a62f19da5ea7a1e7835_Synthetic_Bean
2022-11-24 09:59:03,771 DEBUG [io.qua.arc.dep.ArcProcessor] (build-5) Add FWK class: io.quarkus.arc.generator.Object_1db071b8dcb8b723de56cb86df6920a2d21e0e9c_Synthetic_Bean
2022-11-24 09:59:03,771 DEBUG [io.qua.arc.dep.ArcProcessor] (build-5) Add FWK class: io.smallrye.context.SmallRyeManagedExecutor_0505f622115eaa262b210fc3b01d9d188e2c3191_Synthetic_Bean
2022-11-24 09:59:03,771 DEBUG [io.qua.arc.dep.ArcProcessor] (build-5) Add FWK class: io.vertx.core.Vertx_7c31d5064e6d5db248fafa10f188ca6323f3f983_Synthetic_Bean
2022-11-24 09:59:03,771 DEBUG [io.qua.arc.dep.ArcProcessor] (build-5) Add FWK class: io.netty.channel.EventLoopGroup_6ef9dd9271a740aaa271e8a1efa2231088d015f4_Synthetic_Bean
2022-11-24 09:59:03,771 DEBUG [io.qua.arc.dep.ArcProcessor] (build-5) Add FWK class: io.netty.channel.EventLoopGroup_e0d9529bd8e82f33c3bbdde0861773027f3f2e0a_Synthetic_Bean
2022-11-24 09:59:03,771 DEBUG [io.qua.arc.dep.ArcProcessor] (build-5) Add FWK class: org.eclipse.microprofile.openapi.OASFilter_65dcbd64f728cd968c77b7f68856ee661bc9bb62_Synthetic_Bean
2022-11-24 09:59:03,771 DEBUG [io.qua.arc.dep.ArcProcessor] (build-5) Add APP class: io.quarkus.jsonb.List_941801fb00d15dba484893ba1caec0cb531be6ca_Synthetic_Bean
2022-11-24 09:59:03,771 DEBUG [io.qua.arc.dep.ArcProcessor] (build-5) Add APP class: io.quarkus.jackson.runtime.List_d060f4083471c55163334c937a7c81509b29b59a_Synthetic_Bean
2022-11-24 09:59:03,771 DEBUG [io.qua.arc.dep.ArcProcessor] (build-5) Add FWK class: io.quarkus.vertx.runtime.VertxProducer_Observer_undeployVerticles_05d4c7882dd9f070c2c66a5628cca04986807a49
2022-11-24 09:59:03,771 DEBUG [io.qua.arc.dep.ArcProcessor] (build-5) Add APP class: de.hsos.swa.mocktail.ECB.gateway.UserRepository_ClientProxy
2022-11-24 09:59:03,771 DEBUG [io.qua.arc.dep.ArcProcessor] (build-5) Add FWK class: io.quarkus.resteasy.common.runtime.jackson.QuarkusObjectMapperContextResolver_ClientProxy
2022-11-24 09:59:03,771 DEBUG [io.qua.arc.dep.ArcProcessor] (build-5) Add FWK class: io.quarkus.resteasy.common.runtime.jsonb.QuarkusJsonbContextResolver_ClientProxy
2022-11-24 09:59:03,771 DEBUG [io.qua.arc.dep.ArcProcessor] (build-5) Add APP class: de.hsos.swa.mocktail.ECB.control.mocktail.MocktailService_ClientProxy
2022-11-24 09:59:03,771 DEBUG [io.qua.arc.dep.ArcProcessor] (build-5) Add FWK class: org.eclipse.microprofile.metrics.MetricRegistries_ProducerMethod_getApplicationRegistry_3084f885749d4d534e6c1a0434dc45444ee9cbec_ClientProxy
2022-11-24 09:59:03,771 DEBUG [io.qua.arc.dep.ArcProcessor] (build-5) Add APP class: de.hsos.swa.mocktail.ECB.boundry.MocktailResource_Subclass$$function$$1
2022-11-24 09:59:03,771 DEBUG [io.qua.arc.dep.ArcProcessor] (build-5) Add APP class: de.hsos.swa.mocktail.ECB.boundry.MocktailResource_Subclass$$function$$2
2022-11-24 09:59:03,772 DEBUG [io.qua.arc.dep.ArcProcessor] (build-5) Add APP class: de.hsos.swa.mocktail.ECB.boundry.MocktailResource_Subclass$$function$$3
2022-11-24 09:59:03,772 DEBUG [io.qua.arc.dep.ArcProcessor] (build-5) Add APP class: de.hsos.swa.mocktail.ECB.boundry.MocktailResource_Subclass$$function$$4
2022-11-24 09:59:03,772 DEBUG [io.qua.arc.dep.ArcProcessor] (build-5) Add APP class: de.hsos.swa.mocktail.ECB.boundry.MocktailResource_Subclass$$function$$5
2022-11-24 09:59:03,772 DEBUG [io.qua.arc.dep.ArcProcessor] (build-5) Add APP class: de.hsos.swa.mocktail.ECB.boundry.MocktailResource_Subclass
2022-11-24 09:59:03,772 DEBUG [io.qua.arc.dep.ArcProcessor] (build-5) Add APP class: de.hsos.swa.cocktail.ECB.control.cocktail.CocktailService_ClientProxy
2022-11-24 09:59:03,772 DEBUG [io.qua.arc.dep.ArcProcessor] (build-5) Add FWK class: io.quarkus.vertx.runtime.VertxProducer_ClientProxy
2022-11-24 09:59:03,772 DEBUG [io.qua.arc.dep.ArcProcessor] (build-5) Add APP class: de.hsos.swa.mocktail.ECB.control.ingredient.IngredientService_ClientProxy
2022-11-24 09:59:03,772 DEBUG [io.qua.arc.dep.ArcProcessor] (build-5) Add APP class: de.hsos.swa.cocktail.ECB.gateway.CocktailRepository_ClientProxy
2022-11-24 09:59:03,772 DEBUG [io.qua.arc.dep.ArcProcessor] (build-5) Add FWK class: io.smallrye.config.inject.ConfigProducer_ClientProxy
2022-11-24 09:59:03,772 DEBUG [io.qua.arc.dep.ArcProcessor] (build-5) Add FWK class: io.quarkus.vertx.http.runtime.CurrentVertxRequest_ClientProxy
2022-11-24 09:59:03,772 DEBUG [io.qua.arc.dep.ArcProcessor] (build-5) Add FWK class: io.smallrye.metrics.MetricsRequestHandler_ClientProxy
2022-11-24 09:59:03,772 DEBUG [io.qua.arc.dep.ArcProcessor] (build-5) Add FWK class: io.quarkus.jackson.runtime.ObjectMapperProducer_ClientProxy
2022-11-24 09:59:03,772 DEBUG [io.qua.arc.dep.ArcProcessor] (build-5) Add APP class: de.hsos.swa.mocktail.ECB.gateway.MocktaiRepository_ClientProxy
2022-11-24 09:59:03,772 DEBUG [io.qua.arc.dep.ArcProcessor] (build-5) Add FWK class: io.smallrye.metrics.MetricRegistries_ClientProxy
2022-11-24 09:59:03,772 DEBUG [io.qua.arc.dep.ArcProcessor] (build-5) Add FWK class: io.quarkus.smallrye.openapi.runtime.OpenApiDocumentService_ClientProxy
2022-11-24 09:59:03,772 DEBUG [io.qua.arc.dep.ArcProcessor] (build-5) Add FWK class: io.vertx.core.http.CurrentRequestProducer_ProducerMethod_getCurrentRequest_05f950ea7ab91d121ba0bac525b89d62f3261b2d_ClientProxy
2022-11-24 09:59:03,772 DEBUG [io.qua.arc.dep.ArcProcessor] (build-5) Add FWK class: io.smallrye.context.SmallRyeManagedExecutor_0505f622115eaa262b210fc3b01d9d188e2c3191_Synthetic_ClientProxy
2022-11-24 09:59:03,772 DEBUG [io.qua.arc.dep.ArcProcessor] (build-5) Add FWK class: org.eclipse.microprofile.metrics.MetricRegistries_ProducerMethod_getVendorRegistry_b2edb4df92c112a6bc85c7ecf6297d6bcbed6982_ClientProxy
2022-11-24 09:59:03,772 DEBUG [io.qua.arc.dep.ArcProcessor] (build-5) Add FWK class: org.eclipse.microprofile.metrics.MetricRegistries_ProducerMethod_getBaseRegistry_e56b5ceca5dffed0536072f193288aa3c689b2b6_ClientProxy
2022-11-24 09:59:03,772 DEBUG [io.qua.arc.dep.ArcProcessor] (build-5) Add FWK class: io.vertx.ext.web.CurrentVertxRequest_ProducerMethod_getCurrent_6dc23d16d53ba5c34e1e7b6f54290fd7b9aebd76_ClientProxy
2022-11-24 09:59:03,772 DEBUG [io.qua.arc.dep.ArcProcessor] (build-5) Add FWK class: org.eclipse.microprofile.faulttolerance.Retry_Shared_AnnotationLiteral
2022-11-24 09:59:03,772 DEBUG [io.qua.arc.dep.ArcProcessor] (build-5) Add FWK class: io.quarkus.netty.MainEventLoopGroup_Shared_AnnotationLiteral
2022-11-24 09:59:03,772 DEBUG [io.qua.arc.dep.ArcProcessor] (build-5) Add FWK class: org.eclipse.microprofile.config.inject.ConfigProperty_Shared_AnnotationLiteral
2022-11-24 09:59:03,772 DEBUG [io.qua.arc.dep.ArcProcessor] (build-5) Add FWK class: org.eclipse.microprofile.faulttolerance.Timeout_Shared_AnnotationLiteral
2022-11-24 09:59:03,772 DEBUG [io.qua.arc.dep.ArcProcessor] (build-5) Add FWK class: org.eclipse.microprofile.faulttolerance.Fallback_Shared_AnnotationLiteral
2022-11-24 09:59:03,772 DEBUG [io.qua.arc.dep.ArcProcessor] (build-5) Add FWK class: javax.enterprise.context.BeforeDestroyed_Shared_AnnotationLiteral
2022-11-24 09:59:03,772 DEBUG [io.qua.arc.dep.ArcProcessor] (build-5) Add FWK class: io.quarkus.arc.log.LoggerName_Shared_AnnotationLiteral
2022-11-24 09:59:03,773 DEBUG [io.qua.arc.dep.ArcProcessor] (build-5) Add FWK class: io.quarkus.arc.All_Shared_AnnotationLiteral
2022-11-24 09:59:03,773 DEBUG [io.qua.arc.dep.ArcProcessor] (build-5) Add FWK class: io.quarkus.runtime.annotations.CommandLineArguments_Shared_AnnotationLiteral
2022-11-24 09:59:03,773 DEBUG [io.qua.arc.dep.ArcProcessor] (build-5) Add FWK class: org.eclipse.microprofile.metrics.annotation.Timed_Shared_AnnotationLiteral
2022-11-24 09:59:03,773 DEBUG [io.qua.arc.dep.ArcProcessor] (build-5) Add FWK class: org.eclipse.microprofile.metrics.annotation.Counted_Shared_AnnotationLiteral
2022-11-24 09:59:03,773 DEBUG [io.qua.arc.dep.ArcProcessor] (build-5) Add FWK class: org.eclipse.microprofile.metrics.annotation.RegistryType_Shared_AnnotationLiteral
2022-11-24 09:59:03,773 DEBUG [io.qua.arc.dep.ArcProcessor] (build-5) Add FWK class: javax.enterprise.inject.Any_Shared_AnnotationLiteral
2022-11-24 09:59:03,773 DEBUG [io.qua.arc.dep.ArcProcessor] (build-5) Add FWK class: io.smallrye.faulttolerance.FaultToleranceBinding_Shared_AnnotationLiteral
2022-11-24 09:59:03,773 DEBUG [io.qua.arc.dep.ArcProcessor] (build-5) Add FWK class: javax.inject.Named_Shared_AnnotationLiteral
2022-11-24 09:59:03,773 DEBUG [io.qua.arc.dep.ArcProcessor] (build-5) Add FWK class: io.quarkus.netty.BossEventLoopGroup_Shared_AnnotationLiteral
2022-11-24 09:59:03,773 DEBUG [io.qua.arc.dep.ArcProcessor] (build-5) Add FWK class: io.quarkus.arc.impl.Identified_Shared_AnnotationLiteral
2022-11-24 09:59:03,773 DEBUG [io.qua.arc.dep.ArcProcessor] (build-5) Generated 116 resources in 371 ms
2022-11-24 09:59:03,827 DEBUG [io.qua.arc.pro.Beans] (build-71) Added a no-args constructor to bean class: 
2022-11-24 09:59:03,828 DEBUG [io.qua.arc.pro.Beans] (build-56) Added a no-args constructor to bean class: 
2022-11-24 09:59:03,972 DEBUG [io.qua.dep.QuarkusAugmentor] (main) Quarkus augmentation completed in 2800ms
2022-11-24 09:59:03,974 DEBUG [io.qua.boo.cla.QuarkusClassLoader] (main) Adding elements io.quarkus.bootstrap.classloading.MemoryClassPathElement@75add13c to QuarkusClassLoader Quarkus Runtime ClassLoader: TEST restart no:0
2022-11-24 09:59:03,975 DEBUG [io.qua.boo.cla.QuarkusClassLoader] (main) Adding elements io.quarkus.bootstrap.classloading.PathTreeClassPathElement@224d537d to QuarkusClassLoader Quarkus Runtime ClassLoader: TEST restart no:0
2022-11-24 09:59:03,975 DEBUG [io.qua.boo.cla.QuarkusClassLoader] (main) Adding elements io.quarkus.bootstrap.classloading.PathTreeClassPathElement@450d10cb to QuarkusClassLoader Quarkus Runtime ClassLoader: TEST restart no:0
2022-11-24 09:59:04,216 DEBUG [io.sma.metrics] (main) SRMET01201: Register metric [metricId: MetricID{name='de.hsos.swa.mocktail.ECB.boundry.MocktailResource.COUNT-addMMocktail', tags=[]}, type: counter, origin: RawMemberInfo{memberType=METHOD, declaringClassName='de.hsos.swa.mocktail.ECB.boundry.MocktailResource', name='addMocktail', parameterTypeNames=[java.lang.String]}]
2022-11-24 09:59:04,219 DEBUG [io.sma.metrics] (main) SRMET01201: Register metric [metricId: MetricID{name='de.hsos.swa.mocktail.ECB.boundry.MocktailResource.TIME-addMMocktail', tags=[]}, type: timer, origin: RawMemberInfo{memberType=METHOD, declaringClassName='de.hsos.swa.mocktail.ECB.boundry.MocktailResource', name='addMocktail', parameterTypeNames=[java.lang.String]}]
2022-11-24 09:59:04,220 DEBUG [io.sma.metrics] (main) SRMET01201: Register metric [metricId: MetricID{name='de.hsos.swa.mocktail.ECB.boundry.MocktailResource.COUNT-deleteMocktail', tags=[]}, type: counter, origin: RawMemberInfo{memberType=METHOD, declaringClassName='de.hsos.swa.mocktail.ECB.boundry.MocktailResource', name='deleteMocktail', parameterTypeNames=[int]}]
2022-11-24 09:59:04,220 DEBUG [io.sma.metrics] (main) SRMET01201: Register metric [metricId: MetricID{name='de.hsos.swa.mocktail.ECB.boundry.MocktailResource.TIME-deleteMocktail', tags=[]}, type: timer, origin: RawMemberInfo{memberType=METHOD, declaringClassName='de.hsos.swa.mocktail.ECB.boundry.MocktailResource', name='deleteMocktail', parameterTypeNames=[int]}]
2022-11-24 09:59:04,220 DEBUG [io.sma.metrics] (main) SRMET01201: Register metric [metricId: MetricID{name='de.hsos.swa.mocktail.ECB.boundry.MocktailResource.COUNT-getMocktailById', tags=[]}, type: counter, origin: RawMemberInfo{memberType=METHOD, declaringClassName='de.hsos.swa.mocktail.ECB.boundry.MocktailResource', name='getMocktailById', parameterTypeNames=[int]}]
2022-11-24 09:59:04,220 DEBUG [io.sma.metrics] (main) SRMET01201: Register metric [metricId: MetricID{name='de.hsos.swa.mocktail.ECB.boundry.MocktailResource.TIME-getMocktailById', tags=[]}, type: timer, origin: RawMemberInfo{memberType=METHOD, declaringClassName='de.hsos.swa.mocktail.ECB.boundry.MocktailResource', name='getMocktailById', parameterTypeNames=[int]}]
2022-11-24 09:59:04,220 DEBUG [io.sma.metrics] (main) SRMET01201: Register metric [metricId: MetricID{name='de.hsos.swa.mocktail.ECB.boundry.MocktailResource.COUNT-getMocktails', tags=[]}, type: counter, origin: RawMemberInfo{memberType=METHOD, declaringClassName='de.hsos.swa.mocktail.ECB.boundry.MocktailResource', name='getMocktails', parameterTypeNames=[]}]
2022-11-24 09:59:04,220 DEBUG [io.sma.metrics] (main) SRMET01201: Register metric [metricId: MetricID{name='de.hsos.swa.mocktail.ECB.boundry.MocktailResource.TIME-getMocktails', tags=[]}, type: timer, origin: RawMemberInfo{memberType=METHOD, declaringClassName='de.hsos.swa.mocktail.ECB.boundry.MocktailResource', name='getMocktails', parameterTypeNames=[]}]
2022-11-24 09:59:04,220 DEBUG [io.sma.metrics] (main) SRMET01201: Register metric [metricId: MetricID{name='de.hsos.swa.mocktail.ECB.boundry.MocktailResource.COUNT-updateMocktail', tags=[]}, type: counter, origin: RawMemberInfo{memberType=METHOD, declaringClassName='de.hsos.swa.mocktail.ECB.boundry.MocktailResource', name='updateMocktail', parameterTypeNames=[int, java.lang.String]}]
2022-11-24 09:59:04,220 DEBUG [io.sma.metrics] (main) SRMET01201: Register metric [metricId: MetricID{name='de.hsos.swa.mocktail.ECB.boundry.MocktailResource.TIME-updateMocktail', tags=[]}, type: timer, origin: RawMemberInfo{memberType=METHOD, declaringClassName='de.hsos.swa.mocktail.ECB.boundry.MocktailResource', name='updateMocktail', parameterTypeNames=[int, java.lang.String]}]
2022-11-24 09:59:04,242 DEBUG [io.net.uti.int.log.InternalLoggerFactory] (main) Using SLF4J as the default logging framework
2022-11-24 09:59:04,242 DEBUG [io.net.uti.int.InternalThreadLocalMap] (main) -Dio.netty.threadLocalMap.stringBuilder.initialSize: 1024
2022-11-24 09:59:04,242 DEBUG [io.net.uti.int.InternalThreadLocalMap] (main) -Dio.netty.threadLocalMap.stringBuilder.maxSize: 4096
2022-11-24 09:59:04,337 DEBUG [io.qua.arc.impl] (main) ArC DI container initialized [beans=70, observers=1]
2022-11-24 09:59:04,363 DEBUG [io.qua.res.runtime] (main) Create constructor: public org.jboss.resteasy.plugins.providers.jsonp.JsonObjectProvider()
2022-11-24 09:59:04,393 DEBUG [io.qua.res.runtime] (main) Create constructor: public org.jboss.resteasy.plugins.providers.jsonp.JsonObjectProvider()
2022-11-24 09:59:04,397 DEBUG [io.qua.res.runtime] (main) Create constructor: public org.jboss.resteasy.plugins.providers.DefaultTextPlain()
2022-11-24 09:59:04,398 DEBUG [io.qua.res.runtime] (main) Create constructor: public org.jboss.resteasy.plugins.providers.DefaultTextPlain()
2022-11-24 09:59:04,399 DEBUG [io.qua.res.runtime] (main) Create constructor: public org.jboss.resteasy.plugins.interceptors.CacheControlFeature()
2022-11-24 09:59:04,401 DEBUG [io.qua.res.runtime] (main) Create constructor: public org.jboss.resteasy.plugins.interceptors.ClientContentEncodingAnnotationFeature()
2022-11-24 09:59:04,403 DEBUG [io.qua.res.runtime] (main) Create constructor: public org.jboss.resteasy.plugins.providers.DefaultNumberWriter()
2022-11-24 09:59:04,405 DEBUG [io.qua.res.runtime] (main) Create constructor: public org.jboss.resteasy.plugins.providers.jsonb.JsonBindingProvider()
2022-11-24 09:59:04,406 DEBUG [io.qua.res.runtime] (main) Create constructor: public org.jboss.resteasy.plugins.providers.jsonb.JsonBindingProvider()
2022-11-24 09:59:04,409 DEBUG [io.qua.res.runtime] (main) Create constructor: public org.jboss.resteasy.plugins.providers.jackson.ResteasyJackson2Provider()
2022-11-24 09:59:04,432 DEBUG [io.qua.res.runtime] (main) Create constructor: public org.jboss.resteasy.plugins.providers.jackson.ResteasyJackson2Provider()
2022-11-24 09:59:04,435 DEBUG [io.qua.res.runtime] (main) Create constructor: public org.jboss.resteasy.plugins.providers.FileProvider()
2022-11-24 09:59:04,435 DEBUG [io.qua.res.runtime] (main) Create constructor: public org.jboss.resteasy.plugins.providers.FileProvider()
2022-11-24 09:59:04,442 DEBUG [io.qua.res.runtime] (main) Create constructor: public org.jboss.resteasy.plugins.providers.MultiValuedParamConverterProvider()
2022-11-24 09:59:04,443 DEBUG [io.qua.res.runtime] (main) Create constructor: public org.jboss.resteasy.plugins.providers.jsonp.JsonArrayProvider()
2022-11-24 09:59:04,444 DEBUG [io.qua.res.runtime] (main) Create constructor: public org.jboss.resteasy.plugins.providers.jsonp.JsonArrayProvider()
2022-11-24 09:59:04,445 DEBUG [io.qua.res.runtime] (main) Create constructor: public org.jboss.resteasy.plugins.providers.ByteArrayProvider()
2022-11-24 09:59:04,457 DEBUG [io.qua.res.runtime] (main) Create constructor: public org.jboss.resteasy.plugins.providers.ByteArrayProvider()
2022-11-24 09:59:04,458 DEBUG [io.qua.res.runtime] (main) Create constructor: public org.jboss.resteasy.plugins.providers.DefaultBooleanWriter()
2022-11-24 09:59:04,459 DEBUG [io.qua.res.runtime] (main) Create constructor: public org.jboss.resteasy.plugins.providers.StringTextStar()
2022-11-24 09:59:04,459 DEBUG [io.qua.res.runtime] (main) Create constructor: public org.jboss.resteasy.plugins.providers.StringTextStar()
2022-11-24 09:59:04,459 DEBUG [io.qua.res.runtime] (main) Create constructor: public org.jboss.resteasy.plugins.providers.jsonp.JsonStructureProvider()
2022-11-24 09:59:04,460 DEBUG [io.qua.res.runtime] (main) Create constructor: public org.jboss.resteasy.plugins.providers.jsonp.JsonStructureProvider()
2022-11-24 09:59:04,460 DEBUG [io.qua.res.runtime] (main) Create constructor: public org.jboss.resteasy.plugins.providers.StreamingOutputProvider()
2022-11-24 09:59:04,461 DEBUG [io.qua.res.runtime] (main) Create constructor: public org.jboss.resteasy.plugins.providers.ReaderProvider()
2022-11-24 09:59:04,461 DEBUG [io.qua.res.runtime] (main) Create constructor: public org.jboss.resteasy.plugins.providers.ReaderProvider()
2022-11-24 09:59:04,462 DEBUG [io.qua.res.runtime] (main) Create constructor: public org.jboss.resteasy.plugins.providers.DataSourceProvider()
2022-11-24 09:59:04,462 DEBUG [io.qua.res.runtime] (main) Create constructor: public org.jboss.resteasy.plugins.providers.DataSourceProvider()
2022-11-24 09:59:04,463 DEBUG [io.qua.res.runtime] (main) Create constructor: public org.jboss.resteasy.plugins.providers.AsyncStreamingOutputProvider()
2022-11-24 09:59:04,464 DEBUG [io.qua.res.runtime] (main) Create constructor: public org.jboss.resteasy.plugins.providers.FileRangeWriter()
2022-11-24 09:59:04,464 DEBUG [io.qua.res.runtime] (main) Create constructor: public org.jboss.resteasy.plugins.providers.InputStreamProvider()
2022-11-24 09:59:04,465 DEBUG [io.qua.res.runtime] (main) Create constructor: public org.jboss.resteasy.plugins.providers.InputStreamProvider()
2022-11-24 09:59:04,465 DEBUG [io.qua.res.runtime] (main) Create constructor: public org.jboss.resteasy.plugins.providers.jsonp.JsonValueProvider()
2022-11-24 09:59:04,466 DEBUG [io.qua.res.runtime] (main) Create constructor: public org.jboss.resteasy.plugins.providers.jsonp.JsonValueProvider()
2022-11-24 09:59:04,467 DEBUG [io.qua.res.runtime] (main) Create constructor: public io.quarkus.resteasy.common.runtime.jsonb.QuarkusJsonbSerializer()
2022-11-24 09:59:04,471 DEBUG [io.qua.res.runtime] (main) Create constructor: public io.quarkus.resteasy.common.runtime.jsonb.QuarkusJsonbSerializer()
2022-11-24 09:59:04,472 DEBUG [io.qua.res.runtime] (main) Create constructor: public io.quarkus.resteasy.common.runtime.jackson.QuarkusObjectMapperContextResolver()
2022-11-24 09:59:04,599 DEBUG [io.qua.res.runtime] (main) Create constructor: public io.quarkus.resteasy.runtime.vertx.JsonObjectWriter()
2022-11-24 09:59:04,600 DEBUG [io.qua.res.runtime] (main) Create constructor: public io.quarkus.resteasy.runtime.vertx.JsonArrayWriter()
2022-11-24 09:59:04,601 DEBUG [io.qua.res.runtime] (main) Create constructor: public io.quarkus.resteasy.common.runtime.jsonb.QuarkusJsonbContextResolver()
2022-11-24 09:59:04,636 DEBUG [io.qua.res.runtime] (main) Create constructor: public io.quarkus.resteasy.common.runtime.jackson.QuarkusJacksonSerializer()
2022-11-24 09:59:04,637 DEBUG [io.qua.res.runtime] (main) Create constructor: public io.quarkus.resteasy.common.runtime.jackson.QuarkusJacksonSerializer()
2022-11-24 09:59:04,637 DEBUG [io.qua.res.runtime] (main) Create constructor: public io.quarkus.resteasy.runtime.vertx.JsonArrayReader()
2022-11-24 09:59:04,638 DEBUG [io.qua.res.runtime] (main) Create constructor: public io.quarkus.resteasy.runtime.vertx.JsonObjectReader()
2022-11-24 09:59:04,671 DEBUG [io.qua.res.runtime] (main) Create constructor: public io.quarkus.resteasy.common.runtime.jackson.QuarkusObjectMapperContextResolver()
2022-11-24 09:59:04,671 DEBUG [io.qua.res.runtime] (main) Create constructor: public org.jboss.resteasy.plugins.providers.jsonp.JsonObjectProvider()
2022-11-24 09:59:04,672 DEBUG [io.qua.res.runtime] (main) Create constructor: public org.jboss.resteasy.plugins.providers.jsonp.JsonObjectProvider()
2022-11-24 09:59:04,672 DEBUG [io.qua.res.runtime] (main) Create constructor: public org.jboss.resteasy.plugins.providers.jsonp.JsonObjectProvider()
2022-11-24 09:59:04,672 DEBUG [io.qua.res.runtime] (main) Create constructor: public org.jboss.resteasy.plugins.providers.jsonp.JsonObjectProvider()
2022-11-24 09:59:04,672 DEBUG [io.qua.res.runtime] (main) Create constructor: public org.jboss.resteasy.plugins.providers.DefaultTextPlain()
2022-11-24 09:59:04,672 DEBUG [io.qua.res.runtime] (main) Create constructor: public org.jboss.resteasy.plugins.providers.DefaultTextPlain()
2022-11-24 09:59:04,672 DEBUG [io.qua.res.runtime] (main) Create constructor: public org.jboss.resteasy.plugins.providers.DefaultTextPlain()
2022-11-24 09:59:04,672 DEBUG [io.qua.res.runtime] (main) Create constructor: public org.jboss.resteasy.plugins.providers.DefaultTextPlain()
2022-11-24 09:59:04,672 DEBUG [io.qua.res.runtime] (main) Create constructor: public io.quarkus.resteasy.runtime.vertx.JsonObjectWriter()
2022-11-24 09:59:04,672 DEBUG [io.qua.res.runtime] (main) Create constructor: public io.quarkus.resteasy.runtime.vertx.JsonObjectWriter()
2022-11-24 09:59:04,673 DEBUG [io.qua.res.runtime] (main) Create constructor: public org.jboss.resteasy.plugins.providers.ReactiveStreamProvider()
2022-11-24 09:59:04,673 DEBUG [io.qua.res.runtime] (main) Create constructor: public org.jboss.resteasy.plugins.interceptors.CacheControlFeature()
2022-11-24 09:59:04,673 DEBUG [io.qua.res.runtime] (main) Create constructor: public org.jboss.resteasy.plugins.interceptors.CacheControlFeature()
2022-11-24 09:59:04,673 DEBUG [io.qua.res.runtime] (main) Create constructor: public org.jboss.resteasy.microprofile.client.publisher.MpPublisherMessageBodyReader()
2022-11-24 09:59:04,674 DEBUG [io.qua.res.runtime] (main) Create constructor: public org.jboss.resteasy.microprofile.client.publisher.MpPublisherMessageBodyReader()
2022-11-24 09:59:04,674 DEBUG [io.qua.res.runtime] (main) Create constructor: public org.jboss.resteasy.plugins.interceptors.ServerContentEncodingAnnotationFeature()
2022-11-24 09:59:04,675 DEBUG [io.qua.res.runtime] (main) Create constructor: public io.quarkus.resteasy.common.runtime.jsonb.QuarkusJsonbContextResolver()
2022-11-24 09:59:04,677 DEBUG [io.qua.res.runtime] (main) Create constructor: public org.jboss.resteasy.plugins.providers.CompletionStageProvider()
2022-11-24 09:59:04,677 DEBUG [io.qua.res.runtime] (main) Create constructor: public org.jboss.resteasy.plugins.interceptors.ClientContentEncodingAnnotationFeature()
2022-11-24 09:59:04,678 DEBUG [io.qua.res.runtime] (main) Create constructor: public io.quarkus.resteasy.runtime.AuthenticationCompletionExceptionMapper()
2022-11-24 09:59:04,678 DEBUG [io.qua.res.runtime] (main) Create constructor: public org.jboss.resteasy.plugins.providers.DefaultNumberWriter()
2022-11-24 09:59:04,678 DEBUG [io.qua.res.runtime] (main) Create constructor: public org.jboss.resteasy.plugins.providers.DefaultNumberWriter()
2022-11-24 09:59:04,678 DEBUG [io.qua.res.runtime] (main) Create constructor: public org.jboss.resteasy.plugins.providers.jsonb.JsonBindingProvider()
2022-11-24 09:59:04,679 DEBUG [io.qua.res.runtime] (main) Create constructor: public org.jboss.resteasy.plugins.providers.jsonb.JsonBindingProvider()
2022-11-24 09:59:04,679 DEBUG [io.qua.res.runtime] (main) Create constructor: public org.jboss.resteasy.plugins.providers.jsonb.JsonBindingProvider()
2022-11-24 09:59:04,679 DEBUG [io.qua.res.runtime] (main) Create constructor: public org.jboss.resteasy.plugins.providers.jsonb.JsonBindingProvider()
2022-11-24 09:59:04,679 DEBUG [io.qua.res.runtime] (main) Create constructor: public org.jboss.resteasy.plugins.providers.jackson.ResteasyJackson2Provider()
2022-11-24 09:59:04,679 DEBUG [io.qua.res.runtime] (main) Create constructor: public org.jboss.resteasy.plugins.providers.jackson.ResteasyJackson2Provider()
2022-11-24 09:59:04,679 DEBUG [io.qua.res.runtime] (main) Create constructor: public org.jboss.resteasy.plugins.providers.jackson.ResteasyJackson2Provider()
2022-11-24 09:59:04,680 DEBUG [io.qua.res.runtime] (main) Create constructor: public org.jboss.resteasy.plugins.providers.jackson.ResteasyJackson2Provider()
2022-11-24 09:59:04,680 DEBUG [io.qua.res.runtime] (main) Create constructor: public org.jboss.resteasy.plugins.providers.jackson.UnrecognizedPropertyExceptionHandler()
2022-11-24 09:59:04,680 DEBUG [io.qua.res.runtime] (main) Create constructor: public io.quarkus.resteasy.common.runtime.jackson.QuarkusJacksonSerializer()
2022-11-24 09:59:04,680 DEBUG [io.qua.res.runtime] (main) Create constructor: public io.quarkus.resteasy.common.runtime.jackson.QuarkusJacksonSerializer()
2022-11-24 09:59:04,680 DEBUG [io.qua.res.runtime] (main) Create constructor: public io.quarkus.resteasy.common.runtime.jackson.QuarkusJacksonSerializer()
2022-11-24 09:59:04,681 DEBUG [io.qua.res.runtime] (main) Create constructor: public io.quarkus.resteasy.common.runtime.jackson.QuarkusJacksonSerializer()
2022-11-24 09:59:04,681 DEBUG [io.qua.res.runtime] (main) Create constructor: public io.quarkus.resteasy.runtime.vertx.JsonArrayReader()
2022-11-24 09:59:04,681 DEBUG [io.qua.res.runtime] (main) Create constructor: public io.quarkus.resteasy.runtime.vertx.JsonArrayReader()
2022-11-24 09:59:04,681 DEBUG [io.qua.res.runtime] (main) Create constructor: public io.quarkus.resteasy.runtime.vertx.JsonObjectReader()
2022-11-24 09:59:04,681 DEBUG [io.qua.res.runtime] (main) Create constructor: public io.quarkus.resteasy.runtime.vertx.JsonObjectReader()
2022-11-24 09:59:04,681 DEBUG [io.qua.res.runtime] (main) Create constructor: public org.jboss.resteasy.plugins.providers.FileProvider()
2022-11-24 09:59:04,681 DEBUG [io.qua.res.runtime] (main) Create constructor: public org.jboss.resteasy.plugins.providers.FileProvider()
2022-11-24 09:59:04,681 DEBUG [io.qua.res.runtime] (main) Create constructor: public org.jboss.resteasy.plugins.providers.FileProvider()
2022-11-24 09:59:04,681 DEBUG [io.qua.res.runtime] (main) Create constructor: public org.jboss.resteasy.plugins.providers.FileProvider()
2022-11-24 09:59:04,681 DEBUG [io.qua.res.runtime] (main) Create constructor: public io.quarkus.resteasy.runtime.ForbiddenExceptionMapper()
2022-11-24 09:59:04,682 DEBUG [io.qua.res.runtime] (main) Create constructor: public io.quarkus.resteasy.common.runtime.jsonb.QuarkusJsonbSerializer()
2022-11-24 09:59:04,682 DEBUG [io.qua.res.runtime] (main) Create constructor: public io.quarkus.resteasy.common.runtime.jsonb.QuarkusJsonbSerializer()
2022-11-24 09:59:04,682 DEBUG [io.qua.res.runtime] (main) Create constructor: public io.quarkus.resteasy.common.runtime.jsonb.QuarkusJsonbSerializer()
2022-11-24 09:59:04,683 DEBUG [io.qua.res.runtime] (main) Create constructor: public io.quarkus.resteasy.common.runtime.jsonb.QuarkusJsonbSerializer()
2022-11-24 09:59:04,693 DEBUG [io.qua.res.runtime] (main) Create constructor: public io.quarkus.resteasy.runtime.CompositeExceptionMapper()
2022-11-24 09:59:04,699 DEBUG [io.qua.res.runtime] (main) Create constructor: public io.quarkus.resteasy.runtime.AuthenticationRedirectExceptionMapper()
2022-11-24 09:59:04,699 DEBUG [io.qua.res.runtime] (main) Create constructor: public org.jboss.resteasy.plugins.providers.MultiValuedParamConverterProvider()
2022-11-24 09:59:04,700 DEBUG [io.qua.res.runtime] (main) Create constructor: public org.jboss.resteasy.plugins.providers.jsonp.JsonArrayProvider()
2022-11-24 09:59:04,700 DEBUG [io.qua.res.runtime] (main) Create constructor: public org.jboss.resteasy.plugins.providers.jsonp.JsonArrayProvider()
2022-11-24 09:59:04,700 DEBUG [io.qua.res.runtime] (main) Create constructor: public org.jboss.resteasy.plugins.providers.jsonp.JsonArrayProvider()
2022-11-24 09:59:04,700 DEBUG [io.qua.res.runtime] (main) Create constructor: public org.jboss.resteasy.plugins.providers.jsonp.JsonArrayProvider()
2022-11-24 09:59:04,700 DEBUG [io.qua.res.runtime] (main) Create constructor: public org.jboss.resteasy.plugins.providers.ByteArrayProvider()
2022-11-24 09:59:04,700 DEBUG [io.qua.res.runtime] (main) Create constructor: public org.jboss.resteasy.plugins.providers.ByteArrayProvider()
2022-11-24 09:59:04,700 DEBUG [io.qua.res.runtime] (main) Create constructor: public org.jboss.resteasy.plugins.providers.ByteArrayProvider()
2022-11-24 09:59:04,700 DEBUG [io.qua.res.runtime] (main) Create constructor: public org.jboss.resteasy.plugins.providers.ByteArrayProvider()
2022-11-24 09:59:04,701 DEBUG [io.qua.res.runtime] (main) Create constructor: public org.jboss.resteasy.plugins.providers.DefaultBooleanWriter()
2022-11-24 09:59:04,701 DEBUG [io.qua.res.runtime] (main) Create constructor: public org.jboss.resteasy.plugins.providers.DefaultBooleanWriter()
2022-11-24 09:59:04,701 DEBUG [io.qua.res.runtime] (main) Create constructor: public org.jboss.resteasy.plugins.providers.StringTextStar()
2022-11-24 09:59:04,701 DEBUG [io.qua.res.runtime] (main) Create constructor: public org.jboss.resteasy.plugins.providers.StringTextStar()
2022-11-24 09:59:04,701 DEBUG [io.qua.res.runtime] (main) Create constructor: public org.jboss.resteasy.plugins.providers.StringTextStar()
2022-11-24 09:59:04,701 DEBUG [io.qua.res.runtime] (main) Create constructor: public org.jboss.resteasy.plugins.providers.StringTextStar()
2022-11-24 09:59:04,701 DEBUG [io.qua.res.runtime] (main) Create constructor: public io.quarkus.resteasy.runtime.vertx.JsonArrayWriter()
2022-11-24 09:59:04,701 DEBUG [io.qua.res.runtime] (main) Create constructor: public io.quarkus.resteasy.runtime.vertx.JsonArrayWriter()
2022-11-24 09:59:04,701 DEBUG [io.qua.res.runtime] (main) Create constructor: public io.quarkus.resteasy.runtime.UnauthorizedExceptionMapper()
2022-11-24 09:59:04,702 DEBUG [io.qua.res.runtime] (main) Create constructor: public io.quarkus.resteasy.runtime.AuthenticationFailedExceptionMapper()
2022-11-24 09:59:04,702 DEBUG [io.qua.res.runtime] (main) Create constructor: public org.jboss.resteasy.plugins.providers.jsonp.JsonStructureProvider()
2022-11-24 09:59:04,702 DEBUG [io.qua.res.runtime] (main) Create constructor: public org.jboss.resteasy.plugins.providers.jsonp.JsonStructureProvider()
2022-11-24 09:59:04,702 DEBUG [io.qua.res.runtime] (main) Create constructor: public org.jboss.resteasy.plugins.providers.jsonp.JsonStructureProvider()
2022-11-24 09:59:04,702 DEBUG [io.qua.res.runtime] (main) Create constructor: public org.jboss.resteasy.plugins.providers.jsonp.JsonStructureProvider()
2022-11-24 09:59:04,703 DEBUG [io.qua.res.runtime] (main) Create constructor: public org.jboss.resteasy.plugins.providers.StreamingOutputProvider()
2022-11-24 09:59:04,703 DEBUG [io.qua.res.runtime] (main) Create constructor: public org.jboss.resteasy.plugins.providers.StreamingOutputProvider()
2022-11-24 09:59:04,703 DEBUG [io.qua.res.runtime] (main) Create constructor: public org.jboss.resteasy.plugins.providers.ReaderProvider()
2022-11-24 09:59:04,703 DEBUG [io.qua.res.runtime] (main) Create constructor: public org.jboss.resteasy.plugins.providers.ReaderProvider()
2022-11-24 09:59:04,703 DEBUG [io.qua.res.runtime] (main) Create constructor: public org.jboss.resteasy.plugins.providers.ReaderProvider()
2022-11-24 09:59:04,703 DEBUG [io.qua.res.runtime] (main) Create constructor: public org.jboss.resteasy.plugins.providers.ReaderProvider()
2022-11-24 09:59:04,703 DEBUG [io.qua.res.runtime] (main) Create constructor: public org.jboss.resteasy.plugins.providers.DataSourceProvider()
2022-11-24 09:59:04,703 DEBUG [io.qua.res.runtime] (main) Create constructor: public org.jboss.resteasy.plugins.providers.DataSourceProvider()
2022-11-24 09:59:04,703 DEBUG [io.qua.res.runtime] (main) Create constructor: public org.jboss.resteasy.plugins.providers.DataSourceProvider()
2022-11-24 09:59:04,703 DEBUG [io.qua.res.runtime] (main) Create constructor: public org.jboss.resteasy.plugins.providers.DataSourceProvider()
2022-11-24 09:59:04,703 DEBUG [io.qua.res.runtime] (main) Create constructor: public org.jboss.resteasy.plugins.providers.AsyncStreamingOutputProvider()
2022-11-24 09:59:04,703 DEBUG [io.qua.res.runtime] (main) Create constructor: public org.jboss.resteasy.plugins.providers.AsyncStreamingOutputProvider()
2022-11-24 09:59:04,704 DEBUG [io.qua.res.runtime] (main) Create constructor: public org.jboss.resteasy.plugins.providers.FileRangeWriter()
2022-11-24 09:59:04,704 DEBUG [io.qua.res.runtime] (main) Create constructor: public org.jboss.resteasy.plugins.providers.FileRangeWriter()
2022-11-24 09:59:04,704 DEBUG [io.qua.res.runtime] (main) Create constructor: public org.jboss.resteasy.plugins.providers.InputStreamProvider()
2022-11-24 09:59:04,704 DEBUG [io.qua.res.runtime] (main) Create constructor: public org.jboss.resteasy.plugins.providers.InputStreamProvider()
2022-11-24 09:59:04,704 DEBUG [io.qua.res.runtime] (main) Create constructor: public org.jboss.resteasy.plugins.providers.InputStreamProvider()
2022-11-24 09:59:04,704 DEBUG [io.qua.res.runtime] (main) Create constructor: public org.jboss.resteasy.plugins.providers.InputStreamProvider()
2022-11-24 09:59:04,704 DEBUG [io.qua.res.runtime] (main) Create constructor: public org.jboss.resteasy.plugins.providers.jsonp.JsonValueProvider()
2022-11-24 09:59:04,704 DEBUG [io.qua.res.runtime] (main) Create constructor: public org.jboss.resteasy.plugins.providers.jsonp.JsonValueProvider()
2022-11-24 09:59:04,704 DEBUG [io.qua.res.runtime] (main) Create constructor: public org.jboss.resteasy.plugins.providers.jsonp.JsonValueProvider()
2022-11-24 09:59:04,704 DEBUG [io.qua.res.runtime] (main) Create constructor: public org.jboss.resteasy.plugins.providers.jsonp.JsonValueProvider()
2022-11-24 09:59:04,765 DEBUG [io.qua.res.runtime] (main) Create resource constructor: public de.hsos.swa.mocktail.ECB.boundry.UserResource()
2022-11-24 09:59:04,774 DEBUG [io.qua.res.runtime] (main) Create constructor: public org.jboss.resteasy.plugins.providers.jsonp.JsonpPatchMethodFilter()
2022-11-24 09:59:04,776 DEBUG [io.qua.res.runtime] (main) Create constructor: public org.jboss.resteasy.plugins.providers.jackson.PatchMethodFilter()
2022-11-24 09:59:04,776 DEBUG [io.qua.res.runtime] (main) Create constructor: public org.jboss.resteasy.plugins.providers.sse.SseEventSinkInterceptor()
2022-11-24 09:59:04,776 DEBUG [io.qua.res.runtime] (main) Create constructor: public org.jboss.resteasy.plugins.interceptors.MessageSanitizerContainerResponseFilter()
2022-11-24 09:59:04,791 DEBUG [io.qua.res.runtime] (main) Create resource constructor: public de.hsos.swa.mocktail.ECB.boundry.IngredientResource()
2022-11-24 09:59:04,793 DEBUG [io.qua.res.runtime] (main) Create resource constructor: public org.acme.GreetingResource()
2022-11-24 09:59:04,794 DEBUG [io.qua.res.runtime] (main) Create resource constructor: public de.hsos.swa.cocktail.ECB.boundry.CocktailResource()
2022-11-24 09:59:04,808 DEBUG [io.qua.res.runtime] (main) Create resource constructor: public de.hsos.swa.mocktail.ECB.boundry.MocktailResource()
2022-11-24 09:59:04,823 DEBUG [io.net.uti.int.PlatformDependent0] (Thread-74) -Dio.netty.noUnsafe: false
2022-11-24 09:59:04,823 DEBUG [io.net.uti.int.PlatformDependent0] (Thread-74) Java version: 19
2022-11-24 09:59:04,823 DEBUG [io.net.uti.int.PlatformDependent0] (Thread-74) java.nio.Buffer.address: available
2022-11-24 09:59:04,824 DEBUG [io.net.uti.int.PlatformDependent0] (Thread-74) java.nio.Bits.unaligned: available, true
2022-11-24 09:59:04,824 DEBUG [io.net.uti.int.PlatformDependent0] (Thread-74) java.nio.DirectByteBuffer.<init>(long, int): unavailable
2022-11-24 09:59:04,824 DEBUG [io.net.uti.int.PlatformDependent] (Thread-74) sun.misc.Unsafe: available
2022-11-24 09:59:04,824 DEBUG [io.net.uti.int.PlatformDependent] (Thread-74) maxDirectMemory: 4294967296 bytes (maybe)
2022-11-24 09:59:04,825 DEBUG [io.net.uti.int.PlatformDependent] (Thread-74) -Dio.netty.tmpdir: /var/folders/5s/f819bl553jl95h6b_lw3nnh80000gn/T (java.io.tmpdir)
2022-11-24 09:59:04,825 DEBUG [io.net.uti.int.PlatformDependent] (Thread-74) -Dio.netty.bitMode: 64 (sun.arch.data.model)
2022-11-24 09:59:04,825 DEBUG [io.net.uti.int.PlatformDependent] (Thread-74) Platform: MacOS
2022-11-24 09:59:04,827 DEBUG [io.net.uti.int.PlatformDependent] (Thread-74) -Dio.netty.maxDirectMemory: -1 bytes
2022-11-24 09:59:04,827 DEBUG [io.net.uti.int.PlatformDependent] (Thread-74) -Dio.netty.uninitializedArrayAllocationThreshold: -1
2022-11-24 09:59:04,828 DEBUG [io.net.uti.int.CleanerJava9] (Thread-74) java.nio.ByteBuffer.cleaner(): available
2022-11-24 09:59:04,828 DEBUG [io.net.uti.int.PlatformDependent] (Thread-74) -Dio.netty.noPreferDirect: false
2022-11-24 09:59:04,828 DEBUG [io.net.cha.DefaultChannelId] (Thread-74) -Dio.netty.processId: 1653 (auto-detected)
2022-11-24 09:59:04,830 DEBUG [io.net.cha.DefaultChannelId] (Thread-74) -Dio.netty.machineId: 7d:93:52:db:bf:61:a0:22 (user-set)
2022-11-24 09:59:04,931 DEBUG [io.ver.cor.log.LoggerFactory] (main) Using io.vertx.core.logging.SLF4JLogDelegateFactory
2022-11-24 09:59:04,936 DEBUG [io.qua.ver.cor.run.VertxCoreRecorder] (main) Vert.x Cache configured to: /var/folders/5s/f819bl553jl95h6b_lw3nnh80000gn/T/vertx-cache/5106109955739960346
2022-11-24 09:59:04,963 DEBUG [io.net.uti.ResourceLeakDetector] (main) -Dio.netty.leakDetection.level: simple
2022-11-24 09:59:04,963 DEBUG [io.net.uti.ResourceLeakDetector] (main) -Dio.netty.leakDetection.targetRecords: 4
2022-11-24 09:59:04,978 DEBUG [io.net.cha.MultithreadEventLoopGroup] (main) -Dio.netty.eventLoopThreads: 8
2022-11-24 09:59:04,993 DEBUG [io.net.cha.nio.NioEventLoop] (main) -Dio.netty.noKeySetOptimization: false
2022-11-24 09:59:04,993 DEBUG [io.net.cha.nio.NioEventLoop] (main) -Dio.netty.selectorAutoRebuildThreshold: 512
2022-11-24 09:59:04,997 DEBUG [io.net.uti.int.PlatformDependent] (main) org.jctools-core.MpscChunkedArrayQueue: available
2022-11-24 09:59:05,012 DEBUG [io.qua.ver.cor.run.VertxCoreRecorder] (main) Vertx has Native Transport Enabled: false
2022-11-24 09:59:05,130 DEBUG [io.net.uti.NetUtil] (vert.x-eventloop-thread-1) -Djava.net.preferIPv4Stack: false
2022-11-24 09:59:05,130 DEBUG [io.net.uti.NetUtil] (vert.x-eventloop-thread-1) -Djava.net.preferIPv6Addresses: false
2022-11-24 09:59:05,134 DEBUG [io.net.uti.NetUtilInitializations] (vert.x-eventloop-thread-1) Loopback interface: lo0 (lo0, 0:0:0:0:0:0:0:1%lo0)
2022-11-24 09:59:05,135 DEBUG [io.net.uti.NetUtil] (vert.x-eventloop-thread-1) Failed to get SOMAXCONN from sysctl and file /proc/sys/net/core/somaxconn. Default: 128
2022-11-24 09:59:05,170 DEBUG [io.net.buf.PooledByteBufAllocator] (vert.x-eventloop-thread-1) -Dio.netty.allocator.numHeapArenas: 8
2022-11-24 09:59:05,170 DEBUG [io.net.buf.PooledByteBufAllocator] (vert.x-eventloop-thread-1) -Dio.netty.allocator.numDirectArenas: 8
2022-11-24 09:59:05,170 DEBUG [io.net.buf.PooledByteBufAllocator] (vert.x-eventloop-thread-1) -Dio.netty.allocator.pageSize: 8192
2022-11-24 09:59:05,170 DEBUG [io.net.buf.PooledByteBufAllocator] (vert.x-eventloop-thread-1) -Dio.netty.allocator.maxOrder: 3
2022-11-24 09:59:05,170 DEBUG [io.net.buf.PooledByteBufAllocator] (vert.x-eventloop-thread-1) -Dio.netty.allocator.chunkSize: 65536
2022-11-24 09:59:05,170 DEBUG [io.net.buf.PooledByteBufAllocator] (vert.x-eventloop-thread-1) -Dio.netty.allocator.smallCacheSize: 256
2022-11-24 09:59:05,170 DEBUG [io.net.buf.PooledByteBufAllocator] (vert.x-eventloop-thread-1) -Dio.netty.allocator.normalCacheSize: 64
2022-11-24 09:59:05,170 DEBUG [io.net.buf.PooledByteBufAllocator] (vert.x-eventloop-thread-1) -Dio.netty.allocator.maxCachedBufferCapacity: 32768
2022-11-24 09:59:05,170 DEBUG [io.net.buf.PooledByteBufAllocator] (vert.x-eventloop-thread-1) -Dio.netty.allocator.cacheTrimInterval: 8192
2022-11-24 09:59:05,171 DEBUG [io.net.buf.PooledByteBufAllocator] (vert.x-eventloop-thread-1) -Dio.netty.allocator.cacheTrimIntervalMillis: 0
2022-11-24 09:59:05,171 DEBUG [io.net.buf.PooledByteBufAllocator] (vert.x-eventloop-thread-1) -Dio.netty.allocator.useCacheForAllThreads: false
2022-11-24 09:59:05,171 DEBUG [io.net.buf.PooledByteBufAllocator] (vert.x-eventloop-thread-1) -Dio.netty.allocator.maxCachedByteBuffersPerChunk: 1023
2022-11-24 09:59:05,218 DEBUG [io.net.buf.ByteBufUtil] (vert.x-eventloop-thread-1) -Dio.netty.allocator.type: pooled
2022-11-24 09:59:05,218 DEBUG [io.net.buf.ByteBufUtil] (vert.x-eventloop-thread-1) -Dio.netty.threadLocalDirectBufferSize: 0
2022-11-24 09:59:05,218 DEBUG [io.net.buf.ByteBufUtil] (vert.x-eventloop-thread-1) -Dio.netty.maxThreadLocalCharBufferSize: 16384
2022-11-24 09:59:05,228 INFO  [io.quarkus] (main) code-with-quarkus 1.0.0-SNAPSHOT on JVM (powered by Quarkus 2.13.3.Final) started in 4.236s. Listening on: http://localhost:8081
2022-11-24 09:59:05,229 INFO  [io.quarkus] (main) Profile test activated. 
2022-11-24 09:59:05,229 INFO  [io.quarkus] (main) Installed features: [cdi, logging-gelf, rest-client, rest-client-jackson, resteasy, resteasy-jsonb, smallrye-context-propagation, smallrye-fault-tolerance, smallrye-metrics, smallrye-openapi, swagger-ui, vertx]
]]></system-out>
  </testcase>
  <testcase name="testGetIngredients" classname="de.hsos.swa.mocktail.ECB.boundry.IngredientResourceTest" time="1.295">
    <system-out><![CDATA[2022-11-24 09:59:06,931 DEBUG [org.apa.htt.imp.con.BasicClientConnectionManager] (main) Get connection for route {}->http://localhost:8081
2022-11-24 09:59:06,943 DEBUG [org.apa.htt.imp.con.DefaultClientConnectionOperator] (main) Connecting to localhost:8081
2022-11-24 09:59:06,962 DEBUG [org.apa.htt.cli.pro.RequestAddCookies] (main) CookieSpec selected: ignoreCookies
2022-11-24 09:59:06,963 DEBUG [org.apa.htt.cli.pro.RequestAuthCache] (main) Auth cache not set in the context
2022-11-24 09:59:06,963 DEBUG [org.apa.htt.cli.pro.RequestTargetAuthentication] (main) Target auth state: UNCHALLENGED
2022-11-24 09:59:06,963 DEBUG [org.apa.htt.cli.pro.RequestProxyAuthentication] (main) Proxy auth state: UNCHALLENGED
2022-11-24 09:59:06,963 DEBUG [org.apa.htt.imp.cli.DefaultHttpClient] (main) Attempt 1 to execute request
2022-11-24 09:59:06,963 DEBUG [org.apa.htt.imp.con.DefaultClientConnection] (main) Sending request: GET /ingredients HTTP/1.1
2022-11-24 09:59:06,964 DEBUG [org.apa.htt.wire] (main)  >> "GET /ingredients HTTP/1.1[\r][\n]"
2022-11-24 09:59:06,965 DEBUG [org.apa.htt.wire] (main)  >> "Accept: */*[\r][\n]"
2022-11-24 09:59:06,965 DEBUG [org.apa.htt.wire] (main)  >> "Host: localhost:8081[\r][\n]"
2022-11-24 09:59:06,965 DEBUG [org.apa.htt.wire] (main)  >> "Connection: Keep-Alive[\r][\n]"
2022-11-24 09:59:06,965 DEBUG [org.apa.htt.wire] (main)  >> "User-Agent: Apache-HttpClient/4.5.13 (Java/19)[\r][\n]"
2022-11-24 09:59:06,965 DEBUG [org.apa.htt.wire] (main)  >> "Accept-Encoding: gzip,deflate[\r][\n]"
2022-11-24 09:59:06,965 DEBUG [org.apa.htt.wire] (main)  >> "[\r][\n]"
2022-11-24 09:59:06,965 DEBUG [org.apa.htt.headers] (main) >> GET /ingredients HTTP/1.1
2022-11-24 09:59:06,965 DEBUG [org.apa.htt.headers] (main) >> Accept: */*
2022-11-24 09:59:06,965 DEBUG [org.apa.htt.headers] (main) >> Host: localhost:8081
2022-11-24 09:59:06,965 DEBUG [org.apa.htt.headers] (main) >> Connection: Keep-Alive
2022-11-24 09:59:06,965 DEBUG [org.apa.htt.headers] (main) >> User-Agent: Apache-HttpClient/4.5.13 (Java/19)
2022-11-24 09:59:06,965 DEBUG [org.apa.htt.headers] (main) >> Accept-Encoding: gzip,deflate
2022-11-24 09:59:06,967 DEBUG [io.net.uti.Recycler] (vert.x-eventloop-thread-1) -Dio.netty.recycler.maxCapacityPerThread: 4096
2022-11-24 09:59:06,967 DEBUG [io.net.uti.Recycler] (vert.x-eventloop-thread-1) -Dio.netty.recycler.ratio: 8
2022-11-24 09:59:06,967 DEBUG [io.net.uti.Recycler] (vert.x-eventloop-thread-1) -Dio.netty.recycler.chunkSize: 32
2022-11-24 09:59:06,967 DEBUG [io.net.uti.Recycler] (vert.x-eventloop-thread-1) -Dio.netty.recycler.blocking: false
2022-11-24 09:59:06,971 DEBUG [io.net.buf.AbstractByteBuf] (vert.x-eventloop-thread-1) -Dio.netty.buffer.checkAccessible: true
2022-11-24 09:59:06,971 DEBUG [io.net.buf.AbstractByteBuf] (vert.x-eventloop-thread-1) -Dio.netty.buffer.checkBounds: true
2022-11-24 09:59:06,971 DEBUG [io.net.uti.ResourceLeakDetectorFactory] (vert.x-eventloop-thread-1) Loaded default ResourceLeakDetector: io.netty.util.ResourceLeakDetector@485cdce0
2022-11-24 09:59:06,996 DEBUG [io.net.han.cod.com.ZlibCodecFactory] (vert.x-eventloop-thread-1) -Dio.netty.noJdkZlibDecoder: false
2022-11-24 09:59:06,996 DEBUG [io.net.han.cod.com.ZlibCodecFactory] (vert.x-eventloop-thread-1) -Dio.netty.noJdkZlibEncoder: false
2022-11-24 09:59:07,032 DEBUG [org.jbo.res.res.i18n] (executor-thread-0) RESTEASY002315: PathInfo: /ingredients
2022-11-24 09:59:07,043 DEBUG [org.jbo.res.res.i18n] (executor-thread-0) MessageBodyWriter: org.jboss.resteasy.core.providerfactory.SortedKey
2022-11-24 09:59:07,044 DEBUG [org.jbo.res.res.i18n] (executor-thread-0) MessageBodyWriter: org.jboss.resteasy.plugins.providers.jsonb.JsonBindingProvider
2022-11-24 09:59:07,044 DEBUG [org.jbo.res.res.i18n] (executor-thread-0) MessageBodyWriter: org.jboss.resteasy.plugins.providers.jsonb.JsonBindingProvider
2022-11-24 09:59:07,044 DEBUG [org.jbo.res.res.i18n] (executor-thread-0) MessageBodyWriter: org.jboss.resteasy.core.providerfactory.SortedKey
2022-11-24 09:59:07,044 DEBUG [org.jbo.res.res.i18n] (executor-thread-0) Interceptor Context: org.jboss.resteasy.core.interception.jaxrs.ServerWriterInterceptorContext,  Method : proceed
2022-11-24 09:59:07,044 DEBUG [org.jbo.res.res.i18n] (executor-thread-0) MessageBodyWriter: org.jboss.resteasy.core.providerfactory.SortedKey
2022-11-24 09:59:07,044 DEBUG [org.jbo.res.res.i18n] (executor-thread-0) MessageBodyWriter: org.jboss.resteasy.plugins.providers.jsonb.JsonBindingProvider
2022-11-24 09:59:07,088 DEBUG [org.apa.htt.wire] (main)  << "HTTP/1.1 200 OK[\r][\n]"
2022-11-24 09:59:07,090 DEBUG [org.apa.htt.wire] (main)  << "Content-Type: application/json[\r][\n]"
2022-11-24 09:59:07,090 DEBUG [org.apa.htt.wire] (main)  << "content-length: 153[\r][\n]"
2022-11-24 09:59:07,090 DEBUG [org.apa.htt.wire] (main)  << "[\r][\n]"
2022-11-24 09:59:07,090 DEBUG [org.apa.htt.imp.con.DefaultClientConnection] (main) Receiving response: HTTP/1.1 200 OK
2022-11-24 09:59:07,090 DEBUG [org.apa.htt.headers] (main) << HTTP/1.1 200 OK
2022-11-24 09:59:07,090 DEBUG [org.apa.htt.headers] (main) << Content-Type: application/json
2022-11-24 09:59:07,090 DEBUG [org.apa.htt.headers] (main) << content-length: 153
2022-11-24 09:59:07,092 DEBUG [org.apa.htt.imp.cli.DefaultHttpClient] (main) Connection can be kept alive indefinitely
2022-11-24 09:59:07,109 DEBUG [io.res.int.RequestSpecificationImpl$RestAssuredHttpBuilder] (main) Parsing response as: application/json
2022-11-24 09:59:07,109 DEBUG [io.res.int.RequestSpecificationImpl$RestAssuredHttpBuilder] (main) Parsed data to instance of: class org.apache.http.conn.EofSensorInputStream
]]></system-out>
  </testcase>
  <testcase name="testCreateIngredient" classname="de.hsos.swa.mocktail.ECB.boundry.IngredientResourceTest" time="0.082">
    <system-out><![CDATA[2022-11-24 09:59:07,199 DEBUG [org.apa.htt.imp.con.BasicClientConnectionManager] (main) Get connection for route {}->http://localhost:8081
2022-11-24 09:59:07,199 DEBUG [org.apa.htt.imp.con.DefaultClientConnectionOperator] (main) Connecting to localhost:8081
2022-11-24 09:59:07,200 DEBUG [org.apa.htt.cli.pro.RequestAddCookies] (main) CookieSpec selected: ignoreCookies
2022-11-24 09:59:07,200 DEBUG [org.apa.htt.cli.pro.RequestAuthCache] (main) Auth cache not set in the context
2022-11-24 09:59:07,200 DEBUG [org.apa.htt.cli.pro.RequestTargetAuthentication] (main) Target auth state: UNCHALLENGED
2022-11-24 09:59:07,200 DEBUG [org.apa.htt.cli.pro.RequestProxyAuthentication] (main) Proxy auth state: UNCHALLENGED
2022-11-24 09:59:07,200 DEBUG [org.apa.htt.imp.cli.DefaultHttpClient] (main) Attempt 1 to execute request
2022-11-24 09:59:07,200 DEBUG [org.apa.htt.imp.con.DefaultClientConnection] (main) Sending request: POST /ingredients/Schweps%7D HTTP/1.1
2022-11-24 09:59:07,200 DEBUG [org.apa.htt.wire] (main)  >> "POST /ingredients/Schweps%7D HTTP/1.1[\r][\n]"
2022-11-24 09:59:07,200 DEBUG [org.apa.htt.wire] (main)  >> "Content-Type: application/json[\r][\n]"
2022-11-24 09:59:07,200 DEBUG [org.apa.htt.wire] (main)  >> "Accept: */*[\r][\n]"
2022-11-24 09:59:07,200 DEBUG [org.apa.htt.wire] (main)  >> "Content-Length: 0[\r][\n]"
2022-11-24 09:59:07,200 DEBUG [org.apa.htt.wire] (main)  >> "Host: localhost:8081[\r][\n]"
2022-11-24 09:59:07,200 DEBUG [org.apa.htt.wire] (main)  >> "Connection: Keep-Alive[\r][\n]"
2022-11-24 09:59:07,200 DEBUG [org.apa.htt.wire] (main)  >> "User-Agent: Apache-HttpClient/4.5.13 (Java/19)[\r][\n]"
2022-11-24 09:59:07,200 DEBUG [org.apa.htt.wire] (main)  >> "Accept-Encoding: gzip,deflate[\r][\n]"
2022-11-24 09:59:07,200 DEBUG [org.apa.htt.wire] (main)  >> "[\r][\n]"
2022-11-24 09:59:07,200 DEBUG [org.apa.htt.headers] (main) >> POST /ingredients/Schweps%7D HTTP/1.1
2022-11-24 09:59:07,200 DEBUG [org.apa.htt.headers] (main) >> Content-Type: application/json
2022-11-24 09:59:07,200 DEBUG [org.apa.htt.headers] (main) >> Accept: */*
2022-11-24 09:59:07,200 DEBUG [org.apa.htt.headers] (main) >> Content-Length: 0
2022-11-24 09:59:07,200 DEBUG [org.apa.htt.headers] (main) >> Host: localhost:8081
2022-11-24 09:59:07,200 DEBUG [org.apa.htt.headers] (main) >> Connection: Keep-Alive
2022-11-24 09:59:07,200 DEBUG [org.apa.htt.headers] (main) >> User-Agent: Apache-HttpClient/4.5.13 (Java/19)
2022-11-24 09:59:07,200 DEBUG [org.apa.htt.headers] (main) >> Accept-Encoding: gzip,deflate
2022-11-24 09:59:07,202 DEBUG [org.jbo.res.res.i18n] (executor-thread-0) RESTEASY002315: PathInfo: /ingredients/Schweps}
2022-11-24 09:59:07,203 DEBUG [org.jbo.res.res.i18n] (executor-thread-0) MessageBodyWriter: org.jboss.resteasy.core.providerfactory.SortedKey
2022-11-24 09:59:07,203 DEBUG [org.jbo.res.res.i18n] (executor-thread-0) MessageBodyWriter: org.jboss.resteasy.plugins.providers.StringTextStar
2022-11-24 09:59:07,203 DEBUG [org.jbo.res.res.i18n] (executor-thread-0) MessageBodyWriter: org.jboss.resteasy.plugins.providers.StringTextStar
2022-11-24 09:59:07,203 DEBUG [org.jbo.res.res.i18n] (executor-thread-0) MessageBodyWriter: org.jboss.resteasy.core.providerfactory.SortedKey
2022-11-24 09:59:07,203 DEBUG [org.jbo.res.res.i18n] (executor-thread-0) Interceptor Context: org.jboss.resteasy.core.interception.jaxrs.ServerWriterInterceptorContext,  Method : proceed
2022-11-24 09:59:07,203 DEBUG [org.jbo.res.res.i18n] (executor-thread-0) MessageBodyWriter: org.jboss.resteasy.core.providerfactory.SortedKey
2022-11-24 09:59:07,203 DEBUG [org.jbo.res.res.i18n] (executor-thread-0) MessageBodyWriter: org.jboss.resteasy.plugins.providers.StringTextStar
2022-11-24 09:59:07,203 DEBUG [org.apa.htt.wire] (main)  << "HTTP/1.1 200 OK[\r][\n]"
2022-11-24 09:59:07,204 DEBUG [org.apa.htt.wire] (main)  << "Content-Type: text/plain;charset=UTF-8[\r][\n]"
2022-11-24 09:59:07,204 DEBUG [org.apa.htt.wire] (main)  << "content-length: 38[\r][\n]"
2022-11-24 09:59:07,204 DEBUG [org.apa.htt.wire] (main)  << "[\r][\n]"
2022-11-24 09:59:07,204 DEBUG [org.apa.htt.imp.con.DefaultClientConnection] (main) Receiving response: HTTP/1.1 200 OK
2022-11-24 09:59:07,204 DEBUG [org.apa.htt.headers] (main) << HTTP/1.1 200 OK
2022-11-24 09:59:07,204 DEBUG [org.apa.htt.headers] (main) << Content-Type: text/plain;charset=UTF-8
2022-11-24 09:59:07,204 DEBUG [org.apa.htt.headers] (main) << content-length: 38
2022-11-24 09:59:07,204 DEBUG [org.apa.htt.imp.cli.DefaultHttpClient] (main) Connection can be kept alive indefinitely
2022-11-24 09:59:07,204 DEBUG [io.res.int.RequestSpecificationImpl$RestAssuredHttpBuilder] (main) Parsing response as: text/plain;charset=UTF-8
2022-11-24 09:59:07,204 DEBUG [io.res.int.RequestSpecificationImpl$RestAssuredHttpBuilder] (main) Parsed data to instance of: class org.apache.http.conn.EofSensorInputStream
2022-11-24 09:59:07,237 DEBUG [org.apa.htt.wire] (main)  << "Ingredient has been added successfully"
2022-11-24 09:59:07,238 DEBUG [org.apa.htt.imp.con.BasicClientConnectionManager] (main) Releasing connection org.apache.http.impl.conn.ManagedClientConnectionImpl@2202e978
2022-11-24 09:59:07,238 DEBUG [org.apa.htt.imp.con.BasicClientConnectionManager] (main) Connection can be kept alive indefinitely
]]></system-out>
  </testcase>
  <testcase name="testDeleteIngredient" classname="de.hsos.swa.mocktail.ECB.boundry.IngredientResourceTest" time="0.067">
    <system-out><![CDATA[2022-11-24 09:59:07,301 DEBUG [org.apa.htt.imp.con.BasicClientConnectionManager] (main) Get connection for route {}->http://localhost:8081
2022-11-24 09:59:07,301 DEBUG [org.apa.htt.imp.con.DefaultClientConnectionOperator] (main) Connecting to localhost:8081
2022-11-24 09:59:07,310 DEBUG [org.apa.htt.cli.pro.RequestAddCookies] (main) CookieSpec selected: ignoreCookies
2022-11-24 09:59:07,310 DEBUG [org.apa.htt.cli.pro.RequestAuthCache] (main) Auth cache not set in the context
2022-11-24 09:59:07,310 DEBUG [org.apa.htt.cli.pro.RequestTargetAuthentication] (main) Target auth state: UNCHALLENGED
2022-11-24 09:59:07,310 DEBUG [org.apa.htt.cli.pro.RequestProxyAuthentication] (main) Proxy auth state: UNCHALLENGED
2022-11-24 09:59:07,310 DEBUG [org.apa.htt.imp.cli.DefaultHttpClient] (main) Attempt 1 to execute request
2022-11-24 09:59:07,310 DEBUG [org.apa.htt.imp.con.DefaultClientConnection] (main) Sending request: DELETE /ingredients/0 HTTP/1.1
2022-11-24 09:59:07,310 DEBUG [org.apa.htt.wire] (main)  >> "DELETE /ingredients/0 HTTP/1.1[\r][\n]"
2022-11-24 09:59:07,310 DEBUG [org.apa.htt.wire] (main)  >> "Content-Type: application/json[\r][\n]"
2022-11-24 09:59:07,310 DEBUG [org.apa.htt.wire] (main)  >> "Accept: */*[\r][\n]"
2022-11-24 09:59:07,310 DEBUG [org.apa.htt.wire] (main)  >> "Host: localhost:8081[\r][\n]"
2022-11-24 09:59:07,310 DEBUG [org.apa.htt.wire] (main)  >> "Connection: Keep-Alive[\r][\n]"
2022-11-24 09:59:07,310 DEBUG [org.apa.htt.wire] (main)  >> "User-Agent: Apache-HttpClient/4.5.13 (Java/19)[\r][\n]"
2022-11-24 09:59:07,310 DEBUG [org.apa.htt.wire] (main)  >> "Accept-Encoding: gzip,deflate[\r][\n]"
2022-11-24 09:59:07,310 DEBUG [org.apa.htt.wire] (main)  >> "[\r][\n]"
2022-11-24 09:59:07,311 DEBUG [org.apa.htt.headers] (main) >> DELETE /ingredients/0 HTTP/1.1
2022-11-24 09:59:07,311 DEBUG [org.apa.htt.headers] (main) >> Content-Type: application/json
2022-11-24 09:59:07,311 DEBUG [org.apa.htt.headers] (main) >> Accept: */*
2022-11-24 09:59:07,311 DEBUG [org.apa.htt.headers] (main) >> Host: localhost:8081
2022-11-24 09:59:07,311 DEBUG [org.apa.htt.headers] (main) >> Connection: Keep-Alive
2022-11-24 09:59:07,311 DEBUG [org.apa.htt.headers] (main) >> User-Agent: Apache-HttpClient/4.5.13 (Java/19)
2022-11-24 09:59:07,311 DEBUG [org.apa.htt.headers] (main) >> Accept-Encoding: gzip,deflate
2022-11-24 09:59:07,313 DEBUG [org.jbo.res.res.i18n] (executor-thread-0) RESTEASY002315: PathInfo: /ingredients/0
2022-11-24 09:59:07,313 DEBUG [org.jbo.res.res.i18n] (executor-thread-0) MessageBodyWriter: org.jboss.resteasy.core.providerfactory.SortedKey
2022-11-24 09:59:07,313 DEBUG [org.jbo.res.res.i18n] (executor-thread-0) MessageBodyWriter: org.jboss.resteasy.plugins.providers.StringTextStar
2022-11-24 09:59:07,313 DEBUG [org.jbo.res.res.i18n] (executor-thread-0) MessageBodyWriter: org.jboss.resteasy.plugins.providers.StringTextStar
2022-11-24 09:59:07,313 DEBUG [org.jbo.res.res.i18n] (executor-thread-0) MessageBodyWriter: org.jboss.resteasy.core.providerfactory.SortedKey
2022-11-24 09:59:07,313 DEBUG [org.jbo.res.res.i18n] (executor-thread-0) Interceptor Context: org.jboss.resteasy.core.interception.jaxrs.ServerWriterInterceptorContext,  Method : proceed
2022-11-24 09:59:07,313 DEBUG [org.jbo.res.res.i18n] (executor-thread-0) MessageBodyWriter: org.jboss.resteasy.core.providerfactory.SortedKey
2022-11-24 09:59:07,313 DEBUG [org.jbo.res.res.i18n] (executor-thread-0) MessageBodyWriter: org.jboss.resteasy.plugins.providers.StringTextStar
2022-11-24 09:59:07,319 DEBUG [org.apa.htt.wire] (main)  << "HTTP/1.1 200 OK[\r][\n]"
2022-11-24 09:59:07,320 DEBUG [org.apa.htt.wire] (main)  << "Content-Type: text/plain;charset=UTF-8[\r][\n]"
2022-11-24 09:59:07,320 DEBUG [org.apa.htt.wire] (main)  << "content-length: 40[\r][\n]"
2022-11-24 09:59:07,320 DEBUG [org.apa.htt.wire] (main)  << "[\r][\n]"
2022-11-24 09:59:07,320 DEBUG [org.apa.htt.imp.con.DefaultClientConnection] (main) Receiving response: HTTP/1.1 200 OK
2022-11-24 09:59:07,320 DEBUG [org.apa.htt.headers] (main) << HTTP/1.1 200 OK
2022-11-24 09:59:07,320 DEBUG [org.apa.htt.headers] (main) << Content-Type: text/plain;charset=UTF-8
2022-11-24 09:59:07,320 DEBUG [org.apa.htt.headers] (main) << content-length: 40
2022-11-24 09:59:07,320 DEBUG [org.apa.htt.imp.cli.DefaultHttpClient] (main) Connection can be kept alive indefinitely
2022-11-24 09:59:07,320 DEBUG [io.res.int.RequestSpecificationImpl$RestAssuredHttpBuilder] (main) Parsing response as: text/plain;charset=UTF-8
2022-11-24 09:59:07,320 DEBUG [io.res.int.RequestSpecificationImpl$RestAssuredHttpBuilder] (main) Parsed data to instance of: class org.apache.http.conn.EofSensorInputStream
2022-11-24 09:59:07,321 DEBUG [org.apa.htt.wire] (main)  << "Ingredient has been deleted successfully"
2022-11-24 09:59:07,321 DEBUG [org.apa.htt.imp.con.BasicClientConnectionManager] (main) Releasing connection org.apache.http.impl.conn.ManagedClientConnectionImpl@4b38d912
2022-11-24 09:59:07,321 DEBUG [org.apa.htt.imp.con.BasicClientConnectionManager] (main) Connection can be kept alive indefinitely
]]></system-out>
  </testcase>
  <testcase name="testUpdateIngredient" classname="de.hsos.swa.mocktail.ECB.boundry.IngredientResourceTest" time="0.08">
    <system-out><![CDATA[2022-11-24 09:59:07,387 DEBUG [org.apa.htt.imp.con.BasicClientConnectionManager] (main) Get connection for route {}->http://localhost:8081
2022-11-24 09:59:07,387 DEBUG [org.apa.htt.imp.con.DefaultClientConnectionOperator] (main) Connecting to localhost:8081
2022-11-24 09:59:07,391 DEBUG [org.apa.htt.cli.pro.RequestAddCookies] (main) CookieSpec selected: ignoreCookies
2022-11-24 09:59:07,391 DEBUG [org.apa.htt.cli.pro.RequestAuthCache] (main) Auth cache not set in the context
2022-11-24 09:59:07,391 DEBUG [org.apa.htt.cli.pro.RequestTargetAuthentication] (main) Target auth state: UNCHALLENGED
2022-11-24 09:59:07,391 DEBUG [org.apa.htt.cli.pro.RequestProxyAuthentication] (main) Proxy auth state: UNCHALLENGED
2022-11-24 09:59:07,391 DEBUG [org.apa.htt.imp.cli.DefaultHttpClient] (main) Attempt 1 to execute request
2022-11-24 09:59:07,391 DEBUG [org.apa.htt.imp.con.DefaultClientConnection] (main) Sending request: PUT /ingredients/1?name=Moooh HTTP/1.1
2022-11-24 09:59:07,391 DEBUG [org.apa.htt.wire] (main)  >> "PUT /ingredients/1?name=Moooh HTTP/1.1[\r][\n]"
2022-11-24 09:59:07,391 DEBUG [org.apa.htt.wire] (main)  >> "Content-Type: application/json[\r][\n]"
2022-11-24 09:59:07,391 DEBUG [org.apa.htt.wire] (main)  >> "Accept: */*[\r][\n]"
2022-11-24 09:59:07,391 DEBUG [org.apa.htt.wire] (main)  >> "Content-Length: 0[\r][\n]"
2022-11-24 09:59:07,391 DEBUG [org.apa.htt.wire] (main)  >> "Host: localhost:8081[\r][\n]"
2022-11-24 09:59:07,391 DEBUG [org.apa.htt.wire] (main)  >> "Connection: Keep-Alive[\r][\n]"
2022-11-24 09:59:07,391 DEBUG [org.apa.htt.wire] (main)  >> "User-Agent: Apache-HttpClient/4.5.13 (Java/19)[\r][\n]"
2022-11-24 09:59:07,391 DEBUG [org.apa.htt.wire] (main)  >> "Accept-Encoding: gzip,deflate[\r][\n]"
2022-11-24 09:59:07,391 DEBUG [org.apa.htt.wire] (main)  >> "[\r][\n]"
2022-11-24 09:59:07,391 DEBUG [org.apa.htt.headers] (main) >> PUT /ingredients/1?name=Moooh HTTP/1.1
2022-11-24 09:59:07,391 DEBUG [org.apa.htt.headers] (main) >> Content-Type: application/json
2022-11-24 09:59:07,391 DEBUG [org.apa.htt.headers] (main) >> Accept: */*
2022-11-24 09:59:07,391 DEBUG [org.apa.htt.headers] (main) >> Content-Length: 0
2022-11-24 09:59:07,391 DEBUG [org.apa.htt.headers] (main) >> Host: localhost:8081
2022-11-24 09:59:07,391 DEBUG [org.apa.htt.headers] (main) >> Connection: Keep-Alive
2022-11-24 09:59:07,391 DEBUG [org.apa.htt.headers] (main) >> User-Agent: Apache-HttpClient/4.5.13 (Java/19)
2022-11-24 09:59:07,391 DEBUG [org.apa.htt.headers] (main) >> Accept-Encoding: gzip,deflate
2022-11-24 09:59:07,392 DEBUG [org.jbo.res.res.i18n] (executor-thread-0) RESTEASY002315: PathInfo: /ingredients/1
2022-11-24 09:59:07,393 DEBUG [org.jbo.res.res.i18n] (executor-thread-0) MessageBodyWriter: org.jboss.resteasy.core.providerfactory.SortedKey
2022-11-24 09:59:07,393 DEBUG [org.jbo.res.res.i18n] (executor-thread-0) MessageBodyWriter: org.jboss.resteasy.plugins.providers.StringTextStar
2022-11-24 09:59:07,393 DEBUG [org.jbo.res.res.i18n] (executor-thread-0) MessageBodyWriter: org.jboss.resteasy.plugins.providers.StringTextStar
2022-11-24 09:59:07,393 DEBUG [org.jbo.res.res.i18n] (executor-thread-0) MessageBodyWriter: org.jboss.resteasy.core.providerfactory.SortedKey
2022-11-24 09:59:07,393 DEBUG [org.jbo.res.res.i18n] (executor-thread-0) Interceptor Context: org.jboss.resteasy.core.interception.jaxrs.ServerWriterInterceptorContext,  Method : proceed
2022-11-24 09:59:07,393 DEBUG [org.jbo.res.res.i18n] (executor-thread-0) MessageBodyWriter: org.jboss.resteasy.core.providerfactory.SortedKey
2022-11-24 09:59:07,393 DEBUG [org.jbo.res.res.i18n] (executor-thread-0) MessageBodyWriter: org.jboss.resteasy.plugins.providers.StringTextStar
2022-11-24 09:59:07,402 DEBUG [org.apa.htt.wire] (main)  << "HTTP/1.1 200 OK[\r][\n]"
2022-11-24 09:59:07,402 DEBUG [org.apa.htt.wire] (main)  << "Content-Type: text/plain;charset=UTF-8[\r][\n]"
2022-11-24 09:59:07,402 DEBUG [org.apa.htt.wire] (main)  << "content-length: 40[\r][\n]"
2022-11-24 09:59:07,403 DEBUG [org.apa.htt.wire] (main)  << "[\r][\n]"
2022-11-24 09:59:07,403 DEBUG [org.apa.htt.imp.con.DefaultClientConnection] (main) Receiving response: HTTP/1.1 200 OK
2022-11-24 09:59:07,403 DEBUG [org.apa.htt.headers] (main) << HTTP/1.1 200 OK
2022-11-24 09:59:07,403 DEBUG [org.apa.htt.headers] (main) << Content-Type: text/plain;charset=UTF-8
2022-11-24 09:59:07,403 DEBUG [org.apa.htt.headers] (main) << content-length: 40
2022-11-24 09:59:07,403 DEBUG [org.apa.htt.imp.cli.DefaultHttpClient] (main) Connection can be kept alive indefinitely
2022-11-24 09:59:07,403 DEBUG [io.res.int.RequestSpecificationImpl$RestAssuredHttpBuilder] (main) Parsing response as: text/plain;charset=UTF-8
2022-11-24 09:59:07,403 DEBUG [io.res.int.RequestSpecificationImpl$RestAssuredHttpBuilder] (main) Parsed data to instance of: class org.apache.http.conn.EofSensorInputStream
2022-11-24 09:59:07,404 DEBUG [org.apa.htt.wire] (main)  << "Ingredient has been updated successfully"
2022-11-24 09:59:07,404 DEBUG [org.apa.htt.imp.con.BasicClientConnectionManager] (main) Releasing connection org.apache.http.impl.conn.ManagedClientConnectionImpl@4b548913
2022-11-24 09:59:07,404 DEBUG [org.apa.htt.imp.con.BasicClientConnectionManager] (main) Connection can be kept alive indefinitely
]]></system-out>
  </testcase>
  <testcase name="testGetIngredientById" classname="de.hsos.swa.mocktail.ECB.boundry.IngredientResourceTest" time="0.562">
    <system-out><![CDATA[2022-11-24 09:59:07,437 DEBUG [org.apa.htt.imp.con.BasicClientConnectionManager] (main) Get connection for route {}->http://localhost:8081
2022-11-24 09:59:07,438 DEBUG [org.apa.htt.imp.con.DefaultClientConnectionOperator] (main) Connecting to localhost:8081
2022-11-24 09:59:07,438 DEBUG [org.apa.htt.cli.pro.RequestAddCookies] (main) CookieSpec selected: ignoreCookies
2022-11-24 09:59:07,438 DEBUG [org.apa.htt.cli.pro.RequestAuthCache] (main) Auth cache not set in the context
2022-11-24 09:59:07,438 DEBUG [org.apa.htt.cli.pro.RequestTargetAuthentication] (main) Target auth state: UNCHALLENGED
2022-11-24 09:59:07,438 DEBUG [org.apa.htt.cli.pro.RequestProxyAuthentication] (main) Proxy auth state: UNCHALLENGED
2022-11-24 09:59:07,438 DEBUG [org.apa.htt.imp.cli.DefaultHttpClient] (main) Attempt 1 to execute request
2022-11-24 09:59:07,438 DEBUG [org.apa.htt.imp.con.DefaultClientConnection] (main) Sending request: GET /ingredients/1 HTTP/1.1
2022-11-24 09:59:07,438 DEBUG [org.apa.htt.wire] (main)  >> "GET /ingredients/1 HTTP/1.1[\r][\n]"
2022-11-24 09:59:07,438 DEBUG [org.apa.htt.wire] (main)  >> "Accept: */*[\r][\n]"
2022-11-24 09:59:07,438 DEBUG [org.apa.htt.wire] (main)  >> "Host: localhost:8081[\r][\n]"
2022-11-24 09:59:07,438 DEBUG [org.apa.htt.wire] (main)  >> "Connection: Keep-Alive[\r][\n]"
2022-11-24 09:59:07,438 DEBUG [org.apa.htt.wire] (main)  >> "User-Agent: Apache-HttpClient/4.5.13 (Java/19)[\r][\n]"
2022-11-24 09:59:07,438 DEBUG [org.apa.htt.wire] (main)  >> "Accept-Encoding: gzip,deflate[\r][\n]"
2022-11-24 09:59:07,438 DEBUG [org.apa.htt.wire] (main)  >> "[\r][\n]"
2022-11-24 09:59:07,438 DEBUG [org.apa.htt.headers] (main) >> GET /ingredients/1 HTTP/1.1
2022-11-24 09:59:07,438 DEBUG [org.apa.htt.headers] (main) >> Accept: */*
2022-11-24 09:59:07,438 DEBUG [org.apa.htt.headers] (main) >> Host: localhost:8081
2022-11-24 09:59:07,438 DEBUG [org.apa.htt.headers] (main) >> Connection: Keep-Alive
2022-11-24 09:59:07,438 DEBUG [org.apa.htt.headers] (main) >> User-Agent: Apache-HttpClient/4.5.13 (Java/19)
2022-11-24 09:59:07,438 DEBUG [org.apa.htt.headers] (main) >> Accept-Encoding: gzip,deflate
2022-11-24 09:59:07,439 DEBUG [org.jbo.res.res.i18n] (executor-thread-0) RESTEASY002315: PathInfo: /ingredients/1
2022-11-24 09:59:07,439 DEBUG [org.jbo.res.res.i18n] (executor-thread-0) MessageBodyWriter: org.jboss.resteasy.core.providerfactory.SortedKey
2022-11-24 09:59:07,439 DEBUG [org.jbo.res.res.i18n] (executor-thread-0) MessageBodyWriter: org.jboss.resteasy.plugins.providers.jsonb.JsonBindingProvider
2022-11-24 09:59:07,440 DEBUG [org.jbo.res.res.i18n] (executor-thread-0) MessageBodyWriter: org.jboss.resteasy.plugins.providers.jsonb.JsonBindingProvider
2022-11-24 09:59:07,440 DEBUG [org.jbo.res.res.i18n] (executor-thread-0) MessageBodyWriter: org.jboss.resteasy.core.providerfactory.SortedKey
2022-11-24 09:59:07,440 DEBUG [org.jbo.res.res.i18n] (executor-thread-0) Interceptor Context: org.jboss.resteasy.core.interception.jaxrs.ServerWriterInterceptorContext,  Method : proceed
2022-11-24 09:59:07,440 DEBUG [org.jbo.res.res.i18n] (executor-thread-0) MessageBodyWriter: org.jboss.resteasy.core.providerfactory.SortedKey
2022-11-24 09:59:07,440 DEBUG [org.jbo.res.res.i18n] (executor-thread-0) MessageBodyWriter: org.jboss.resteasy.plugins.providers.jsonb.JsonBindingProvider
2022-11-24 09:59:07,441 DEBUG [org.apa.htt.wire] (main)  << "HTTP/1.1 200 OK[\r][\n]"
2022-11-24 09:59:07,441 DEBUG [org.apa.htt.wire] (main)  << "Content-Type: application/json[\r][\n]"
2022-11-24 09:59:07,441 DEBUG [org.apa.htt.wire] (main)  << "content-length: 23[\r][\n]"
2022-11-24 09:59:07,441 DEBUG [org.apa.htt.wire] (main)  << "[\r][\n]"
2022-11-24 09:59:07,441 DEBUG [org.apa.htt.imp.con.DefaultClientConnection] (main) Receiving response: HTTP/1.1 200 OK
2022-11-24 09:59:07,441 DEBUG [org.apa.htt.headers] (main) << HTTP/1.1 200 OK
2022-11-24 09:59:07,441 DEBUG [org.apa.htt.headers] (main) << Content-Type: application/json
2022-11-24 09:59:07,441 DEBUG [org.apa.htt.headers] (main) << content-length: 23
2022-11-24 09:59:07,441 DEBUG [org.apa.htt.imp.cli.DefaultHttpClient] (main) Connection can be kept alive indefinitely
2022-11-24 09:59:07,441 DEBUG [io.res.int.RequestSpecificationImpl$RestAssuredHttpBuilder] (main) Parsing response as: application/json
2022-11-24 09:59:07,441 DEBUG [io.res.int.RequestSpecificationImpl$RestAssuredHttpBuilder] (main) Parsed data to instance of: class org.apache.http.conn.EofSensorInputStream
2022-11-24 09:59:07,480 DEBUG [org.apa.htt.wire] (main)  << "{"id":1,"name":"Moooh"}"
2022-11-24 09:59:07,480 DEBUG [org.apa.htt.imp.con.BasicClientConnectionManager] (main) Releasing connection org.apache.http.impl.conn.ManagedClientConnectionImpl@a589070
2022-11-24 09:59:07,480 DEBUG [org.apa.htt.imp.con.BasicClientConnectionManager] (main) Connection can be kept alive indefinitely
]]></system-out>
  </testcase>
</testsuite>